[0.662s] Invoking command in '/home/trungbao/cyberrunner_ws/build/cyberrunner_dreamer': PYTHONPATH=/home/trungbao/cyberrunner_ws/build/cyberrunner_dreamer/prefix_override:/usr/lib/python3/dist-packages/colcon_core/task/python/colcon_distutils_commands:/home/trungbao/cyberrunner_ws/install/cyberrunner_dreamer/lib/python3.10/site-packages:${PYTHONPATH} /usr/bin/python3 -W ignore:setup.py install is deprecated -W ignore:easy_install command is deprecated setup.py develop --uninstall --editable --build-directory /home/trungbao/cyberrunner_ws/build/cyberrunner_dreamer/build
[0.755s] /home/trungbao/.local/lib/python3.10/site-packages/setuptools/_distutils/dist.py:289: UserWarning: Unknown distribution option: 'tests_require'
[0.755s]   warnings.warn(msg)
[0.827s] running develop
[0.928s] Removing /home/trungbao/cyberrunner_ws/install/cyberrunner_dreamer/lib/python3.10/site-packages/cyberrunner-dreamer.egg-link (link to .)
[0.951s] Invoked command in '/home/trungbao/cyberrunner_ws/build/cyberrunner_dreamer' returned '0': PYTHONPATH=/home/trungbao/cyberrunner_ws/build/cyberrunner_dreamer/prefix_override:/usr/lib/python3/dist-packages/colcon_core/task/python/colcon_distutils_commands:/home/trungbao/cyberrunner_ws/install/cyberrunner_dreamer/lib/python3.10/site-packages:${PYTHONPATH} /usr/bin/python3 -W ignore:setup.py install is deprecated -W ignore:easy_install command is deprecated setup.py develop --uninstall --editable --build-directory /home/trungbao/cyberrunner_ws/build/cyberrunner_dreamer/build
[0.953s] Invoking command in '/home/trungbao/cyberrunner_ws/src/cyberrunner/cyberrunner_dreamer': PYTHONPATH=/home/trungbao/cyberrunner_ws/build/cyberrunner_dreamer/prefix_override:/usr/lib/python3/dist-packages/colcon_core/task/python/colcon_distutils_commands:/home/trungbao/cyberrunner_ws/install/cyberrunner_dreamer/lib/python3.10/site-packages:${PYTHONPATH} /usr/bin/python3 -W ignore:setup.py install is deprecated -W ignore:easy_install command is deprecated setup.py egg_info --egg-base ../../../build/cyberrunner_dreamer build --build-base /home/trungbao/cyberrunner_ws/build/cyberrunner_dreamer/build install --record /home/trungbao/cyberrunner_ws/build/cyberrunner_dreamer/install.log --single-version-externally-managed install_data --force
[1.054s] /home/trungbao/.local/lib/python3.10/site-packages/setuptools/_distutils/dist.py:289: UserWarning: Unknown distribution option: 'tests_require'
[1.054s]   warnings.warn(msg)
[1.103s] running egg_info
[1.111s] writing ../../../build/cyberrunner_dreamer/cyberrunner_dreamer.egg-info/PKG-INFO
[1.111s] writing dependency_links to ../../../build/cyberrunner_dreamer/cyberrunner_dreamer.egg-info/dependency_links.txt
[1.111s] writing entry points to ../../../build/cyberrunner_dreamer/cyberrunner_dreamer.egg-info/entry_points.txt
[1.111s] writing requirements to ../../../build/cyberrunner_dreamer/cyberrunner_dreamer.egg-info/requires.txt
[1.111s] writing top-level names to ../../../build/cyberrunner_dreamer/cyberrunner_dreamer.egg-info/top_level.txt
[1.128s] reading manifest file '../../../build/cyberrunner_dreamer/cyberrunner_dreamer.egg-info/SOURCES.txt'
[1.129s] writing manifest file '../../../build/cyberrunner_dreamer/cyberrunner_dreamer.egg-info/SOURCES.txt'
[1.129s] running build
[1.129s] running build_py
[1.129s] creating /home/trungbao/cyberrunner_ws/build/cyberrunner_dreamer/build/lib/cyberrunner_dreamer
[1.129s] copying cyberrunner_dreamer/path.py -> /home/trungbao/cyberrunner_ws/build/cyberrunner_dreamer/build/lib/cyberrunner_dreamer
[1.129s] copying cyberrunner_dreamer/env.py -> /home/trungbao/cyberrunner_ws/build/cyberrunner_dreamer/build/lib/cyberrunner_dreamer
[1.129s] copying cyberrunner_dreamer/test_motors.py -> /home/trungbao/cyberrunner_ws/build/cyberrunner_dreamer/build/lib/cyberrunner_dreamer
[1.129s] copying cyberrunner_dreamer/__init__.py -> /home/trungbao/cyberrunner_ws/build/cyberrunner_dreamer/build/lib/cyberrunner_dreamer
[1.129s] copying cyberrunner_dreamer/train.py -> /home/trungbao/cyberrunner_ws/build/cyberrunner_dreamer/build/lib/cyberrunner_dreamer
[1.129s] copying cyberrunner_dreamer/eval.py -> /home/trungbao/cyberrunner_ws/build/cyberrunner_dreamer/build/lib/cyberrunner_dreamer
[1.130s] copying cyberrunner_dreamer/cyberrunner_layout.py -> /home/trungbao/cyberrunner_ws/build/cyberrunner_dreamer/build/lib/cyberrunner_dreamer
[1.130s] copying cyberrunner_dreamer/train_parallel.py -> /home/trungbao/cyberrunner_ws/build/cyberrunner_dreamer/build/lib/cyberrunner_dreamer
[1.130s] running install
[1.132s] running install_lib
[1.141s] creating /home/trungbao/cyberrunner_ws/install/cyberrunner_dreamer/lib/python3.10/site-packages/cyberrunner_dreamer
[1.141s] copying /home/trungbao/cyberrunner_ws/build/cyberrunner_dreamer/build/lib/cyberrunner_dreamer/path.py -> /home/trungbao/cyberrunner_ws/install/cyberrunner_dreamer/lib/python3.10/site-packages/cyberrunner_dreamer
[1.141s] copying /home/trungbao/cyberrunner_ws/build/cyberrunner_dreamer/build/lib/cyberrunner_dreamer/env.py -> /home/trungbao/cyberrunner_ws/install/cyberrunner_dreamer/lib/python3.10/site-packages/cyberrunner_dreamer
[1.141s] copying /home/trungbao/cyberrunner_ws/build/cyberrunner_dreamer/build/lib/cyberrunner_dreamer/test_motors.py -> /home/trungbao/cyberrunner_ws/install/cyberrunner_dreamer/lib/python3.10/site-packages/cyberrunner_dreamer
[1.141s] copying /home/trungbao/cyberrunner_ws/build/cyberrunner_dreamer/build/lib/cyberrunner_dreamer/__init__.py -> /home/trungbao/cyberrunner_ws/install/cyberrunner_dreamer/lib/python3.10/site-packages/cyberrunner_dreamer
[1.141s] copying /home/trungbao/cyberrunner_ws/build/cyberrunner_dreamer/build/lib/cyberrunner_dreamer/train.py -> /home/trungbao/cyberrunner_ws/install/cyberrunner_dreamer/lib/python3.10/site-packages/cyberrunner_dreamer
[1.141s] copying /home/trungbao/cyberrunner_ws/build/cyberrunner_dreamer/build/lib/cyberrunner_dreamer/eval.py -> /home/trungbao/cyberrunner_ws/install/cyberrunner_dreamer/lib/python3.10/site-packages/cyberrunner_dreamer
[1.141s] copying /home/trungbao/cyberrunner_ws/build/cyberrunner_dreamer/build/lib/cyberrunner_dreamer/cyberrunner_layout.py -> /home/trungbao/cyberrunner_ws/install/cyberrunner_dreamer/lib/python3.10/site-packages/cyberrunner_dreamer
[1.141s] copying /home/trungbao/cyberrunner_ws/build/cyberrunner_dreamer/build/lib/cyberrunner_dreamer/train_parallel.py -> /home/trungbao/cyberrunner_ws/install/cyberrunner_dreamer/lib/python3.10/site-packages/cyberrunner_dreamer
[1.142s] byte-compiling /home/trungbao/cyberrunner_ws/install/cyberrunner_dreamer/lib/python3.10/site-packages/cyberrunner_dreamer/path.py to path.cpython-310.pyc
[1.143s] byte-compiling /home/trungbao/cyberrunner_ws/install/cyberrunner_dreamer/lib/python3.10/site-packages/cyberrunner_dreamer/env.py to env.cpython-310.pyc
[1.144s] byte-compiling /home/trungbao/cyberrunner_ws/install/cyberrunner_dreamer/lib/python3.10/site-packages/cyberrunner_dreamer/test_motors.py to test_motors.cpython-310.pyc
[1.145s] byte-compiling /home/trungbao/cyberrunner_ws/install/cyberrunner_dreamer/lib/python3.10/site-packages/cyberrunner_dreamer/__init__.py to __init__.cpython-310.pyc
[1.145s] byte-compiling /home/trungbao/cyberrunner_ws/install/cyberrunner_dreamer/lib/python3.10/site-packages/cyberrunner_dreamer/train.py to train.cpython-310.pyc
[1.145s] byte-compiling /home/trungbao/cyberrunner_ws/install/cyberrunner_dreamer/lib/python3.10/site-packages/cyberrunner_dreamer/eval.py to eval.cpython-310.pyc
[1.145s] byte-compiling /home/trungbao/cyberrunner_ws/install/cyberrunner_dreamer/lib/python3.10/site-packages/cyberrunner_dreamer/cyberrunner_layout.py to cyberrunner_layout.cpython-310.pyc
[1.146s] byte-compiling /home/trungbao/cyberrunner_ws/install/cyberrunner_dreamer/lib/python3.10/site-packages/cyberrunner_dreamer/train_parallel.py to train_parallel.cpython-310.pyc
[1.146s] running install_data
[1.146s] copying resource/cyberrunner_dreamer -> /home/trungbao/cyberrunner_ws/install/cyberrunner_dreamer/share/ament_index/resource_index/packages
[1.147s] copying package.xml -> /home/trungbao/cyberrunner_ws/install/cyberrunner_dreamer/share/cyberrunner_dreamer
[1.147s] copying data/path_0002_hard.pkl -> /home/trungbao/cyberrunner_ws/install/cyberrunner_dreamer/share/cyberrunner_dreamer
[1.169s] running install_egg_info
[1.178s] Copying ../../../build/cyberrunner_dreamer/cyberrunner_dreamer.egg-info to /home/trungbao/cyberrunner_ws/install/cyberrunner_dreamer/lib/python3.10/site-packages/cyberrunner_dreamer-0.0.0-py3.10.egg-info
[1.179s] running install_scripts
[1.247s] Installing eval script to /home/trungbao/cyberrunner_ws/install/cyberrunner_dreamer/lib/cyberrunner_dreamer
[1.247s] Installing test script to /home/trungbao/cyberrunner_ws/install/cyberrunner_dreamer/lib/cyberrunner_dreamer
[1.247s] Installing train script to /home/trungbao/cyberrunner_ws/install/cyberrunner_dreamer/lib/cyberrunner_dreamer
[1.247s] Installing train_parallel script to /home/trungbao/cyberrunner_ws/install/cyberrunner_dreamer/lib/cyberrunner_dreamer
[1.247s] writing list of installed files to '/home/trungbao/cyberrunner_ws/build/cyberrunner_dreamer/install.log'
[1.262s] Invoked command in '/home/trungbao/cyberrunner_ws/src/cyberrunner/cyberrunner_dreamer' returned '0': PYTHONPATH=/home/trungbao/cyberrunner_ws/build/cyberrunner_dreamer/prefix_override:/usr/lib/python3/dist-packages/colcon_core/task/python/colcon_distutils_commands:/home/trungbao/cyberrunner_ws/install/cyberrunner_dreamer/lib/python3.10/site-packages:${PYTHONPATH} /usr/bin/python3 -W ignore:setup.py install is deprecated -W ignore:easy_install command is deprecated setup.py egg_info --egg-base ../../../build/cyberrunner_dreamer build --build-base /home/trungbao/cyberrunner_ws/build/cyberrunner_dreamer/build install --record /home/trungbao/cyberrunner_ws/build/cyberrunner_dreamer/install.log --single-version-externally-managed install_data --force
