-- Found ament_cmake: 1.3.12 (/opt/ros/humble/share/ament_cmake/cmake)
-- Override CMake install command with custom implementation using symlinks instead of copying resources
-- Found rclcpp: 16.0.17 (/opt/ros/humble/share/rclcpp/cmake)
-- Found rosidl_generator_c: 3.1.8 (/opt/ros/humble/share/rosidl_generator_c/cmake)
-- Found rosidl_adapter: 3.1.8 (/opt/ros/humble/share/rosidl_adapter/cmake)
-- Found rosidl_generator_cpp: 3.1.8 (/opt/ros/humble/share/rosidl_generator_cpp/cmake)
-- Using all available rosidl_typesupport_c: rosidl_typesupport_fastrtps_c;rosidl_typesupport_introspection_c
-- Using all available rosidl_typesupport_cpp: rosidl_typesupport_fastrtps_cpp;rosidl_typesupport_introspection_cpp
-- Found rmw_implementation_cmake: 6.1.2 (/opt/ros/humble/share/rmw_implementation_cmake/cmake)
-- Found rmw_fastrtps_cpp: 6.2.9 (/opt/ros/humble/share/rmw_fastrtps_cpp/cmake)
-- Using RMW implementation 'rmw_fastrtps_cpp' as default
-- Found image_transport: 3.1.12 (/opt/ros/humble/share/image_transport/cmake)
-- Found cv_bridge: 3.2.1 (/opt/ros/humble/share/cv_bridge/cmake)
-- Found rclpy: 3.3.19 (/opt/ros/humble/share/rclpy/cmake)
-- Found ament_lint_auto: 0.12.14 (/opt/ros/humble/share/ament_lint_auto/cmake)
-- Added test 'copyright' to check source files copyright and LICENSE
-- Added test 'flake8' to check Python code syntax and style conventions
-- Added test 'lint_cmake' to check CMake code style
-- Added test 'pep257' to check Python code against some of the docstring style conventions in PEP 257
-- Added test 'xmllint' to check XML markup files
-- Configuring done
-- Generating done
-- Build files have been written to: /home/trungbao/cyberrunner_ws/build/cyberrunner_camera
-- Install configuration: ""
-- Execute custom install script
-- Up-to-date symlink: /home/trungbao/cyberrunner_ws/install/cyberrunner_camera/lib/cyberrunner_camera/video_publisher.py
-- Up-to-date symlink: /home/trungbao/cyberrunner_ws/install/cyberrunner_camera/lib/cyberrunner_camera/cam_publisher.py
-- Up-to-date symlink: /home/trungbao/cyberrunner_ws/install/cyberrunner_camera/share/ament_index/resource_index/package_run_dependencies/cyberrunner_camera
-- Up-to-date symlink: /home/trungbao/cyberrunner_ws/install/cyberrunner_camera/share/ament_index/resource_index/parent_prefix_path/cyberrunner_camera
-- Up-to-date symlink: /home/trungbao/cyberrunner_ws/install/cyberrunner_camera/share/cyberrunner_camera/environment/ament_prefix_path.sh
-- Up-to-date symlink: /home/trungbao/cyberrunner_ws/install/cyberrunner_camera/share/cyberrunner_camera/environment/ament_prefix_path.dsv
-- Up-to-date symlink: /home/trungbao/cyberrunner_ws/install/cyberrunner_camera/share/cyberrunner_camera/environment/path.sh
-- Up-to-date symlink: /home/trungbao/cyberrunner_ws/install/cyberrunner_camera/share/cyberrunner_camera/environment/path.dsv
-- Up-to-date symlink: /home/trungbao/cyberrunner_ws/install/cyberrunner_camera/share/cyberrunner_camera/local_setup.bash
-- Up-to-date symlink: /home/trungbao/cyberrunner_ws/install/cyberrunner_camera/share/cyberrunner_camera/local_setup.sh
-- Up-to-date symlink: /home/trungbao/cyberrunner_ws/install/cyberrunner_camera/share/cyberrunner_camera/local_setup.zsh
-- Up-to-date symlink: /home/trungbao/cyberrunner_ws/install/cyberrunner_camera/share/cyberrunner_camera/local_setup.dsv
-- Symlinking: /home/trungbao/cyberrunner_ws/install/cyberrunner_camera/share/cyberrunner_camera/package.dsv
-- Up-to-date symlink: /home/trungbao/cyberrunner_ws/install/cyberrunner_camera/share/ament_index/resource_index/packages/cyberrunner_camera
-- Up-to-date symlink: /home/trungbao/cyberrunner_ws/install/cyberrunner_camera/share/cyberrunner_camera/cmake/cyberrunner_cameraConfig.cmake
-- Up-to-date symlink: /home/trungbao/cyberrunner_ws/install/cyberrunner_camera/share/cyberrunner_camera/cmake/cyberrunner_cameraConfig-version.cmake
-- Up-to-date symlink: /home/trungbao/cyberrunner_ws/install/cyberrunner_camera/share/cyberrunner_camera/package.xml
