[0.009s] Invoking command in '/home/trungbao/cyberrunner_ws/build/cyberrunner_camera': CMAKE_PREFIX_PATH=${CMAKE_PREFIX_PATH}:/home/trungbao/cyberrunner_ws/install/cyberrunner_vision:/home/trungbao/cyberrunner_ws/install/cyberrunner_state_estimation:/home/trungbao/cyberrunner_ws/install/cyberrunner_pid:/home/trungbao/cyberrunner_ws/install/cyberrunner_dreamer:/home/trungbao/cyberrunner_ws/install/cyberrunner_hiwonder:/opt/ros/humble /usr/bin/cmake /home/trungbao/cyberrunner_ws/src/cyberrunner/cyberrunner_camera -DCMAKE_INSTALL_PREFIX=/home/trungbao/cyberrunner_ws/install/cyberrunner_camera
[0.129s] -- Found ament_cmake: 1.3.12 (/opt/ros/humble/share/ament_cmake/cmake)
[0.129s] -- Override CMake install command with custom implementation using symlinks instead of copying resources
[0.129s] -- Found rclcpp: 16.0.17 (/opt/ros/humble/share/rclcpp/cmake)
[0.260s] -- Found rosidl_generator_c: 3.1.8 (/opt/ros/humble/share/rosidl_generator_c/cmake)
[0.260s] -- Found rosidl_adapter: 3.1.8 (/opt/ros/humble/share/rosidl_adapter/cmake)
[0.260s] -- Found rosidl_generator_cpp: 3.1.8 (/opt/ros/humble/share/rosidl_generator_cpp/cmake)
[0.260s] -- Using all available rosidl_typesupport_c: rosidl_typesupport_fastrtps_c;rosidl_typesupport_introspection_c
[0.260s] -- Using all available rosidl_typesupport_cpp: rosidl_typesupport_fastrtps_cpp;rosidl_typesupport_introspection_cpp
[0.260s] -- Found rmw_implementation_cmake: 6.1.2 (/opt/ros/humble/share/rmw_implementation_cmake/cmake)
[0.260s] -- Found rmw_fastrtps_cpp: 6.2.9 (/opt/ros/humble/share/rmw_fastrtps_cpp/cmake)
[0.270s] -- Using RMW implementation 'rmw_fastrtps_cpp' as default
[0.312s] -- Found image_transport: 3.1.12 (/opt/ros/humble/share/image_transport/cmake)
[0.349s] -- Found cv_bridge: 3.2.1 (/opt/ros/humble/share/cv_bridge/cmake)
[0.360s] -- Found rclpy: 3.3.19 (/opt/ros/humble/share/rclpy/cmake)
[0.361s] -- Found ament_lint_auto: 0.12.14 (/opt/ros/humble/share/ament_lint_auto/cmake)
[0.439s] -- Added test 'copyright' to check source files copyright and LICENSE
[0.440s] -- Added test 'flake8' to check Python code syntax and style conventions
[0.441s] -- Added test 'lint_cmake' to check CMake code style
[0.441s] -- Added test 'pep257' to check Python code against some of the docstring style conventions in PEP 257
[0.441s] -- Added test 'xmllint' to check XML markup files
[0.443s] -- Configuring done
[0.446s] -- Generating done
[0.447s] -- Build files have been written to: /home/trungbao/cyberrunner_ws/build/cyberrunner_camera
[0.453s] Invoked command in '/home/trungbao/cyberrunner_ws/build/cyberrunner_camera' returned '0': CMAKE_PREFIX_PATH=${CMAKE_PREFIX_PATH}:/home/trungbao/cyberrunner_ws/install/cyberrunner_vision:/home/trungbao/cyberrunner_ws/install/cyberrunner_state_estimation:/home/trungbao/cyberrunner_ws/install/cyberrunner_pid:/home/trungbao/cyberrunner_ws/install/cyberrunner_dreamer:/home/trungbao/cyberrunner_ws/install/cyberrunner_hiwonder:/opt/ros/humble /usr/bin/cmake /home/trungbao/cyberrunner_ws/src/cyberrunner/cyberrunner_camera -DCMAKE_INSTALL_PREFIX=/home/trungbao/cyberrunner_ws/install/cyberrunner_camera
[0.454s] Invoking command in '/home/trungbao/cyberrunner_ws/build/cyberrunner_camera': CMAKE_PREFIX_PATH=${CMAKE_PREFIX_PATH}:/home/trungbao/cyberrunner_ws/install/cyberrunner_vision:/home/trungbao/cyberrunner_ws/install/cyberrunner_state_estimation:/home/trungbao/cyberrunner_ws/install/cyberrunner_pid:/home/trungbao/cyberrunner_ws/install/cyberrunner_dreamer:/home/trungbao/cyberrunner_ws/install/cyberrunner_hiwonder:/opt/ros/humble /usr/bin/cmake --build /home/trungbao/cyberrunner_ws/build/cyberrunner_camera -- -j24 -l24
[0.481s] Invoked command in '/home/trungbao/cyberrunner_ws/build/cyberrunner_camera' returned '0': CMAKE_PREFIX_PATH=${CMAKE_PREFIX_PATH}:/home/trungbao/cyberrunner_ws/install/cyberrunner_vision:/home/trungbao/cyberrunner_ws/install/cyberrunner_state_estimation:/home/trungbao/cyberrunner_ws/install/cyberrunner_pid:/home/trungbao/cyberrunner_ws/install/cyberrunner_dreamer:/home/trungbao/cyberrunner_ws/install/cyberrunner_hiwonder:/opt/ros/humble /usr/bin/cmake --build /home/trungbao/cyberrunner_ws/build/cyberrunner_camera -- -j24 -l24
[0.487s] Invoking command in '/home/trungbao/cyberrunner_ws/build/cyberrunner_camera': CMAKE_PREFIX_PATH=${CMAKE_PREFIX_PATH}:/home/trungbao/cyberrunner_ws/install/cyberrunner_vision:/home/trungbao/cyberrunner_ws/install/cyberrunner_state_estimation:/home/trungbao/cyberrunner_ws/install/cyberrunner_pid:/home/trungbao/cyberrunner_ws/install/cyberrunner_dreamer:/home/trungbao/cyberrunner_ws/install/cyberrunner_hiwonder:/opt/ros/humble /usr/bin/cmake --install /home/trungbao/cyberrunner_ws/build/cyberrunner_camera
[0.492s] -- Install configuration: ""
[0.492s] -- Execute custom install script
[0.492s] -- Up-to-date symlink: /home/trungbao/cyberrunner_ws/install/cyberrunner_camera/lib/cyberrunner_camera/video_publisher.py
[0.492s] -- Up-to-date symlink: /home/trungbao/cyberrunner_ws/install/cyberrunner_camera/lib/cyberrunner_camera/cam_publisher.py
[0.493s] -- Up-to-date symlink: /home/trungbao/cyberrunner_ws/install/cyberrunner_camera/share/ament_index/resource_index/package_run_dependencies/cyberrunner_camera
[0.493s] -- Up-to-date symlink: /home/trungbao/cyberrunner_ws/install/cyberrunner_camera/share/ament_index/resource_index/parent_prefix_path/cyberrunner_camera
[0.493s] -- Up-to-date symlink: /home/trungbao/cyberrunner_ws/install/cyberrunner_camera/share/cyberrunner_camera/environment/ament_prefix_path.sh
[0.493s] -- Up-to-date symlink: /home/trungbao/cyberrunner_ws/install/cyberrunner_camera/share/cyberrunner_camera/environment/ament_prefix_path.dsv
[0.493s] -- Up-to-date symlink: /home/trungbao/cyberrunner_ws/install/cyberrunner_camera/share/cyberrunner_camera/environment/path.sh
[0.493s] -- Up-to-date symlink: /home/trungbao/cyberrunner_ws/install/cyberrunner_camera/share/cyberrunner_camera/environment/path.dsv
[0.493s] -- Up-to-date symlink: /home/trungbao/cyberrunner_ws/install/cyberrunner_camera/share/cyberrunner_camera/local_setup.bash
[0.493s] -- Up-to-date symlink: /home/trungbao/cyberrunner_ws/install/cyberrunner_camera/share/cyberrunner_camera/local_setup.sh
[0.493s] -- Up-to-date symlink: /home/trungbao/cyberrunner_ws/install/cyberrunner_camera/share/cyberrunner_camera/local_setup.zsh
[0.493s] -- Up-to-date symlink: /home/trungbao/cyberrunner_ws/install/cyberrunner_camera/share/cyberrunner_camera/local_setup.dsv
[0.493s] -- Symlinking: /home/trungbao/cyberrunner_ws/install/cyberrunner_camera/share/cyberrunner_camera/package.dsv
[0.500s] -- Up-to-date symlink: /home/trungbao/cyberrunner_ws/install/cyberrunner_camera/share/ament_index/resource_index/packages/cyberrunner_camera
[0.500s] -- Up-to-date symlink: /home/trungbao/cyberrunner_ws/install/cyberrunner_camera/share/cyberrunner_camera/cmake/cyberrunner_cameraConfig.cmake
[0.501s] -- Up-to-date symlink: /home/trungbao/cyberrunner_ws/install/cyberrunner_camera/share/cyberrunner_camera/cmake/cyberrunner_cameraConfig-version.cmake
[0.501s] -- Up-to-date symlink: /home/trungbao/cyberrunner_ws/install/cyberrunner_camera/share/cyberrunner_camera/package.xml
[0.502s] Invoked command in '/home/trungbao/cyberrunner_ws/build/cyberrunner_camera' returned '0': CMAKE_PREFIX_PATH=${CMAKE_PREFIX_PATH}:/home/trungbao/cyberrunner_ws/install/cyberrunner_vision:/home/trungbao/cyberrunner_ws/install/cyberrunner_state_estimation:/home/trungbao/cyberrunner_ws/install/cyberrunner_pid:/home/trungbao/cyberrunner_ws/install/cyberrunner_dreamer:/home/trungbao/cyberrunner_ws/install/cyberrunner_hiwonder:/opt/ros/humble /usr/bin/cmake --install /home/trungbao/cyberrunner_ws/build/cyberrunner_camera
