[0.435s] Invoking command in '/home/trungbao/cyberrunner_ws/build/cyberrunner_state_estimation': PYTHONPATH=/home/trungbao/cyberrunner_ws/build/cyberrunner_state_estimation/prefix_override:/usr/lib/python3/dist-packages/colcon_core/task/python/colcon_distutils_commands:/home/trungbao/cyberrunner_ws/install/cyberrunner_state_estimation/lib/python3.10/site-packages:${PYTHONPATH} /usr/bin/python3 -W ignore:setup.py install is deprecated -W ignore:easy_install command is deprecated setup.py develop --editable --build-directory /home/trungbao/cyberrunner_ws/build/cyberrunner_state_estimation/build --no-deps symlink_data
[0.515s] /home/trungbao/.local/lib/python3.10/site-packages/setuptools/_distutils/dist.py:289: UserWarning: Unknown distribution option: 'tests_require'
[0.515s]   warnings.warn(msg)
[0.581s] running develop
[0.664s] running egg_info
[0.670s] writing cyberrunner_state_estimation.egg-info/PKG-INFO
[0.670s] writing dependency_links to cyberrunner_state_estimation.egg-info/dependency_links.txt
[0.670s] writing entry points to cyberrunner_state_estimation.egg-info/entry_points.txt
[0.670s] writing requirements to cyberrunner_state_estimation.egg-info/requires.txt
[0.670s] writing top-level names to cyberrunner_state_estimation.egg-info/top_level.txt
[0.684s] reading manifest file 'cyberrunner_state_estimation.egg-info/SOURCES.txt'
[0.685s] writing manifest file 'cyberrunner_state_estimation.egg-info/SOURCES.txt'
[0.692s] running build_ext
[0.692s] Creating /home/trungbao/cyberrunner_ws/install/cyberrunner_state_estimation/lib/python3.10/site-packages/cyberrunner-state-estimation.egg-link (link to .)
[0.692s] Installing estimator script to /home/trungbao/cyberrunner_ws/install/cyberrunner_state_estimation/lib/cyberrunner_state_estimation
[0.692s] Installing estimator_sub script to /home/trungbao/cyberrunner_ws/install/cyberrunner_state_estimation/lib/cyberrunner_state_estimation
[0.693s] Installing select_markers script to /home/trungbao/cyberrunner_ws/install/cyberrunner_state_estimation/lib/cyberrunner_state_estimation
[0.693s] 
[0.693s] Installed /home/trungbao/cyberrunner_ws/build/cyberrunner_state_estimation
[0.693s] running symlink_data
[0.717s] Invoked command in '/home/trungbao/cyberrunner_ws/build/cyberrunner_state_estimation' returned '0': PYTHONPATH=/home/trungbao/cyberrunner_ws/build/cyberrunner_state_estimation/prefix_override:/usr/lib/python3/dist-packages/colcon_core/task/python/colcon_distutils_commands:/home/trungbao/cyberrunner_ws/install/cyberrunner_state_estimation/lib/python3.10/site-packages:${PYTHONPATH} /usr/bin/python3 -W ignore:setup.py install is deprecated -W ignore:easy_install command is deprecated setup.py develop --editable --build-directory /home/trungbao/cyberrunner_ws/build/cyberrunner_state_estimation/build --no-deps symlink_data
