/home/trungbao/cyberrunner_ws/install/cyberrunner_pid/lib/python3.10/site-packages/cyberrunner_pid/solve.py
/home/trungbao/cyberrunner_ws/install/cyberrunner_pid/lib/python3.10/site-packages/cyberrunner_pid/click_target.py
/home/trungbao/cyberrunner_ws/install/cyberrunner_pid/lib/python3.10/site-packages/cyberrunner_pid/route_wfocus_follow.py
/home/trungbao/cyberrunner_ws/install/cyberrunner_pid/lib/python3.10/site-packages/cyberrunner_pid/pid_controller.py
/home/trungbao/cyberrunner_ws/install/cyberrunner_pid/lib/python3.10/site-packages/cyberrunner_pid/__init__.py
/home/trungbao/cyberrunner_ws/install/cyberrunner_pid/lib/python3.10/site-packages/cyberrunner_pid/orange_live_target_node.py
/home/trungbao/cyberrunner_ws/install/cyberrunner_pid/lib/python3.10/site-packages/cyberrunner_pid/maze_planner.py
/home/trungbao/cyberrunner_ws/install/cyberrunner_pid/lib/python3.10/site-packages/cyberrunner_pid/path_follower_node.py
/home/trungbao/cyberrunner_ws/install/cyberrunner_pid/lib/python3.10/site-packages/cyberrunner_pid/orange_track_mapper_node.py
/home/trungbao/cyberrunner_ws/install/cyberrunner_pid/lib/python3.10/site-packages/cyberrunner_pid/__pycache__/solve.cpython-310.pyc
/home/trungbao/cyberrunner_ws/install/cyberrunner_pid/lib/python3.10/site-packages/cyberrunner_pid/__pycache__/click_target.cpython-310.pyc
/home/trungbao/cyberrunner_ws/install/cyberrunner_pid/lib/python3.10/site-packages/cyberrunner_pid/__pycache__/route_wfocus_follow.cpython-310.pyc
/home/trungbao/cyberrunner_ws/install/cyberrunner_pid/lib/python3.10/site-packages/cyberrunner_pid/__pycache__/pid_controller.cpython-310.pyc
/home/trungbao/cyberrunner_ws/install/cyberrunner_pid/lib/python3.10/site-packages/cyberrunner_pid/__pycache__/__init__.cpython-310.pyc
/home/trungbao/cyberrunner_ws/install/cyberrunner_pid/lib/python3.10/site-packages/cyberrunner_pid/__pycache__/orange_live_target_node.cpython-310.pyc
/home/trungbao/cyberrunner_ws/install/cyberrunner_pid/lib/python3.10/site-packages/cyberrunner_pid/__pycache__/maze_planner.cpython-310.pyc
/home/trungbao/cyberrunner_ws/install/cyberrunner_pid/lib/python3.10/site-packages/cyberrunner_pid/__pycache__/path_follower_node.cpython-310.pyc
/home/trungbao/cyberrunner_ws/install/cyberrunner_pid/lib/python3.10/site-packages/cyberrunner_pid/__pycache__/orange_track_mapper_node.cpython-310.pyc
/home/trungbao/cyberrunner_ws/install/cyberrunner_pid/share/ament_index/resource_index/packages/cyberrunner_pid
/home/trungbao/cyberrunner_ws/install/cyberrunner_pid/share/cyberrunner_pid/package.xml
/home/trungbao/cyberrunner_ws/install/cyberrunner_pid/lib/python3.10/site-packages/cyberrunner_pid-0.0.0-py3.10.egg-info/SOURCES.txt
/home/trungbao/cyberrunner_ws/install/cyberrunner_pid/lib/python3.10/site-packages/cyberrunner_pid-0.0.0-py3.10.egg-info/dependency_links.txt
/home/trungbao/cyberrunner_ws/install/cyberrunner_pid/lib/python3.10/site-packages/cyberrunner_pid-0.0.0-py3.10.egg-info/PKG-INFO
/home/trungbao/cyberrunner_ws/install/cyberrunner_pid/lib/python3.10/site-packages/cyberrunner_pid-0.0.0-py3.10.egg-info/entry_points.txt
/home/trungbao/cyberrunner_ws/install/cyberrunner_pid/lib/python3.10/site-packages/cyberrunner_pid-0.0.0-py3.10.egg-info/top_level.txt
/home/trungbao/cyberrunner_ws/install/cyberrunner_pid/lib/python3.10/site-packages/cyberrunner_pid-0.0.0-py3.10.egg-info/requires.txt
/home/trungbao/cyberrunner_ws/install/cyberrunner_pid/lib/python3.10/site-packages/cyberrunner_pid-0.0.0-py3.10.egg-info/zip-safe
/home/trungbao/cyberrunner_ws/install/cyberrunner_pid/lib/cyberrunner_pid/click_target
/home/trungbao/cyberrunner_ws/install/cyberrunner_pid/lib/cyberrunner_pid/maze_planner
/home/trungbao/cyberrunner_ws/install/cyberrunner_pid/lib/cyberrunner_pid/orange_live_target_node
/home/trungbao/cyberrunner_ws/install/cyberrunner_pid/lib/cyberrunner_pid/orange_track_mapper_node
/home/trungbao/cyberrunner_ws/install/cyberrunner_pid/lib/cyberrunner_pid/path_follower_node
/home/trungbao/cyberrunner_ws/install/cyberrunner_pid/lib/cyberrunner_pid/pid_controller
/home/trungbao/cyberrunner_ws/install/cyberrunner_pid/lib/cyberrunner_pid/route_wfocus_follow
/home/trungbao/cyberrunner_ws/install/cyberrunner_pid/lib/cyberrunner_pid/solve
