[0.082s] DEBUG:colcon:Command line arguments: ['/usr/bin/colcon', 'build', '--packages-select', 'cyberrunner_state_estimation', '--symlink-install']
[0.083s] DEBUG:colcon:Parsed command line arguments: Namespace(log_base=None, log_level=None, verb_name='build', build_base='build', install_base='install', merge_install=False, symlink_install=True, test_result_base=None, continue_on_error=False, executor='parallel', parallel_workers=24, event_handlers=None, ignore_user_meta=False, metas=['./colcon.meta'], base_paths=['.'], packages_ignore=None, packages_ignore_regex=None, paths=None, packages_up_to=None, packages_up_to_regex=None, packages_above=None, packages_above_and_dependencies=None, packages_above_depth=None, packages_select_by_dep=None, packages_skip_by_dep=None, packages_skip_up_to=None, packages_select_build_failed=False, packages_skip_build_finished=False, packages_select_test_failures=False, packages_skip_test_passed=False, packages_select=['cyberrunner_state_estimation'], packages_skip=None, packages_select_regex=None, packages_skip_regex=None, packages_start=None, packages_end=None, allow_overriding=[], cmake_args=None, cmake_target=None, cmake_target_skip_unavailable=False, cmake_clean_cache=False, cmake_clean_first=False, cmake_force_configure=False, ament_cmake_args=None, catkin_cmake_args=None, catkin_skip_building_tests=False, verb_parser=<colcon_defaults.argument_parser.defaults.DefaultArgumentsDecorator object at 0x7e7d17c0b8e0>, verb_extension=<colcon_core.verb.build.BuildVerb object at 0x7e7d17c0b010>, main=<bound method BuildVerb.main of <colcon_core.verb.build.BuildVerb object at 0x7e7d17c0b010>>)
[0.113s] Level 1:colcon.colcon_core.package_discovery:discover_packages(colcon_meta) check parameters
[0.113s] Level 1:colcon.colcon_core.package_discovery:discover_packages(recursive) check parameters
[0.113s] Level 1:colcon.colcon_core.package_discovery:discover_packages(ignore) check parameters
[0.113s] Level 1:colcon.colcon_core.package_discovery:discover_packages(path) check parameters
[0.113s] Level 1:colcon.colcon_core.package_discovery:discover_packages(colcon_meta) discover
[0.113s] Level 1:colcon.colcon_core.package_discovery:discover_packages(recursive) discover
[0.113s] INFO:colcon.colcon_core.package_discovery:Crawling recursively for packages in '/home/trungbao/cyberrunner_ws'
[0.113s] Level 1:colcon.colcon_core.package_identification:_identify(.) by extensions ['ignore', 'ignore_ament_install']
[0.113s] Level 1:colcon.colcon_core.package_identification:_identify(.) by extension 'ignore'
[0.113s] Level 1:colcon.colcon_core.package_identification:_identify(.) by extension 'ignore_ament_install'
[0.113s] Level 1:colcon.colcon_core.package_identification:_identify(.) by extensions ['colcon_pkg']
[0.113s] Level 1:colcon.colcon_core.package_identification:_identify(.) by extension 'colcon_pkg'
[0.113s] Level 1:colcon.colcon_core.package_identification:_identify(.) by extensions ['colcon_meta']
[0.113s] Level 1:colcon.colcon_core.package_identification:_identify(.) by extension 'colcon_meta'
[0.113s] Level 1:colcon.colcon_core.package_identification:_identify(.) by extensions ['ros']
[0.113s] Level 1:colcon.colcon_core.package_identification:_identify(.) by extension 'ros'
[0.140s] Level 1:colcon.colcon_core.package_identification:_identify(.) by extensions ['cmake', 'python']
[0.140s] Level 1:colcon.colcon_core.package_identification:_identify(.) by extension 'cmake'
[0.140s] Level 1:colcon.colcon_core.package_identification:_identify(.) by extension 'python'
[0.141s] Level 1:colcon.colcon_core.package_identification:_identify(.) by extensions ['python_setup_py']
[0.141s] Level 1:colcon.colcon_core.package_identification:_identify(.) by extension 'python_setup_py'
[0.141s] Level 1:colcon.colcon_core.package_identification:_identify(build) by extensions ['ignore', 'ignore_ament_install']
[0.141s] Level 1:colcon.colcon_core.package_identification:_identify(build) by extension 'ignore'
[0.141s] Level 1:colcon.colcon_core.package_identification:_identify(build) ignored
[0.141s] Level 1:colcon.colcon_core.package_identification:_identify(install) by extensions ['ignore', 'ignore_ament_install']
[0.141s] Level 1:colcon.colcon_core.package_identification:_identify(install) by extension 'ignore'
[0.141s] Level 1:colcon.colcon_core.package_identification:_identify(install) ignored
[0.141s] Level 1:colcon.colcon_core.package_identification:_identify(log) by extensions ['ignore', 'ignore_ament_install']
[0.141s] Level 1:colcon.colcon_core.package_identification:_identify(log) by extension 'ignore'
[0.141s] Level 1:colcon.colcon_core.package_identification:_identify(log) ignored
[0.141s] Level 1:colcon.colcon_core.package_identification:_identify(scripts) by extensions ['ignore', 'ignore_ament_install']
[0.141s] Level 1:colcon.colcon_core.package_identification:_identify(scripts) by extension 'ignore'
[0.141s] Level 1:colcon.colcon_core.package_identification:_identify(scripts) by extension 'ignore_ament_install'
[0.141s] Level 1:colcon.colcon_core.package_identification:_identify(scripts) by extensions ['colcon_pkg']
[0.142s] Level 1:colcon.colcon_core.package_identification:_identify(scripts) by extension 'colcon_pkg'
[0.142s] Level 1:colcon.colcon_core.package_identification:_identify(scripts) by extensions ['colcon_meta']
[0.142s] Level 1:colcon.colcon_core.package_identification:_identify(scripts) by extension 'colcon_meta'
[0.142s] Level 1:colcon.colcon_core.package_identification:_identify(scripts) by extensions ['ros']
[0.142s] Level 1:colcon.colcon_core.package_identification:_identify(scripts) by extension 'ros'
[0.142s] Level 1:colcon.colcon_core.package_identification:_identify(scripts) by extensions ['cmake', 'python']
[0.142s] Level 1:colcon.colcon_core.package_identification:_identify(scripts) by extension 'cmake'
[0.142s] Level 1:colcon.colcon_core.package_identification:_identify(scripts) by extension 'python'
[0.142s] Level 1:colcon.colcon_core.package_identification:_identify(scripts) by extensions ['python_setup_py']
[0.142s] Level 1:colcon.colcon_core.package_identification:_identify(scripts) by extension 'python_setup_py'
[0.142s] Level 1:colcon.colcon_core.package_identification:_identify(src) by extensions ['ignore', 'ignore_ament_install']
[0.142s] Level 1:colcon.colcon_core.package_identification:_identify(src) by extension 'ignore'
[0.142s] Level 1:colcon.colcon_core.package_identification:_identify(src) by extension 'ignore_ament_install'
[0.142s] Level 1:colcon.colcon_core.package_identification:_identify(src) by extensions ['colcon_pkg']
[0.142s] Level 1:colcon.colcon_core.package_identification:_identify(src) by extension 'colcon_pkg'
[0.142s] Level 1:colcon.colcon_core.package_identification:_identify(src) by extensions ['colcon_meta']
[0.142s] Level 1:colcon.colcon_core.package_identification:_identify(src) by extension 'colcon_meta'
[0.142s] Level 1:colcon.colcon_core.package_identification:_identify(src) by extensions ['ros']
[0.142s] Level 1:colcon.colcon_core.package_identification:_identify(src) by extension 'ros'
[0.142s] Level 1:colcon.colcon_core.package_identification:_identify(src) by extensions ['cmake', 'python']
[0.142s] Level 1:colcon.colcon_core.package_identification:_identify(src) by extension 'cmake'
[0.142s] Level 1:colcon.colcon_core.package_identification:_identify(src) by extension 'python'
[0.142s] Level 1:colcon.colcon_core.package_identification:_identify(src) by extensions ['python_setup_py']
[0.142s] Level 1:colcon.colcon_core.package_identification:_identify(src) by extension 'python_setup_py'
[0.142s] Level 1:colcon.colcon_core.package_identification:_identify(src/cyberrunner) by extensions ['ignore', 'ignore_ament_install']
[0.142s] Level 1:colcon.colcon_core.package_identification:_identify(src/cyberrunner) by extension 'ignore'
[0.142s] Level 1:colcon.colcon_core.package_identification:_identify(src/cyberrunner) by extension 'ignore_ament_install'
[0.142s] Level 1:colcon.colcon_core.package_identification:_identify(src/cyberrunner) by extensions ['colcon_pkg']
[0.142s] Level 1:colcon.colcon_core.package_identification:_identify(src/cyberrunner) by extension 'colcon_pkg'
[0.142s] Level 1:colcon.colcon_core.package_identification:_identify(src/cyberrunner) by extensions ['colcon_meta']
[0.142s] Level 1:colcon.colcon_core.package_identification:_identify(src/cyberrunner) by extension 'colcon_meta'
[0.142s] Level 1:colcon.colcon_core.package_identification:_identify(src/cyberrunner) by extensions ['ros']
[0.142s] Level 1:colcon.colcon_core.package_identification:_identify(src/cyberrunner) by extension 'ros'
[0.143s] Level 1:colcon.colcon_core.package_identification:_identify(src/cyberrunner) by extensions ['cmake', 'python']
[0.143s] Level 1:colcon.colcon_core.package_identification:_identify(src/cyberrunner) by extension 'cmake'
[0.143s] Level 1:colcon.colcon_core.package_identification:_identify(src/cyberrunner) by extension 'python'
[0.143s] Level 1:colcon.colcon_core.package_identification:_identify(src/cyberrunner) by extensions ['python_setup_py']
[0.143s] Level 1:colcon.colcon_core.package_identification:_identify(src/cyberrunner) by extension 'python_setup_py'
[0.143s] Level 1:colcon.colcon_core.package_identification:_identify(src/cyberrunner/cyberrunner_camera) by extensions ['ignore', 'ignore_ament_install']
[0.143s] Level 1:colcon.colcon_core.package_identification:_identify(src/cyberrunner/cyberrunner_camera) by extension 'ignore'
[0.143s] Level 1:colcon.colcon_core.package_identification:_identify(src/cyberrunner/cyberrunner_camera) by extension 'ignore_ament_install'
[0.143s] Level 1:colcon.colcon_core.package_identification:_identify(src/cyberrunner/cyberrunner_camera) by extensions ['colcon_pkg']
[0.143s] Level 1:colcon.colcon_core.package_identification:_identify(src/cyberrunner/cyberrunner_camera) by extension 'colcon_pkg'
[0.143s] Level 1:colcon.colcon_core.package_identification:_identify(src/cyberrunner/cyberrunner_camera) by extensions ['colcon_meta']
[0.143s] Level 1:colcon.colcon_core.package_identification:_identify(src/cyberrunner/cyberrunner_camera) by extension 'colcon_meta'
[0.143s] Level 1:colcon.colcon_core.package_identification:_identify(src/cyberrunner/cyberrunner_camera) by extensions ['ros']
[0.143s] Level 1:colcon.colcon_core.package_identification:_identify(src/cyberrunner/cyberrunner_camera) by extension 'ros'
[0.146s] DEBUG:colcon.colcon_core.package_identification:Package 'src/cyberrunner/cyberrunner_camera' with type 'ros.ament_cmake' and name 'cyberrunner_camera'
[0.146s] Level 1:colcon.colcon_core.package_identification:_identify(src/cyberrunner/cyberrunner_dreamer) by extensions ['ignore', 'ignore_ament_install']
[0.146s] Level 1:colcon.colcon_core.package_identification:_identify(src/cyberrunner/cyberrunner_dreamer) by extension 'ignore'
[0.146s] Level 1:colcon.colcon_core.package_identification:_identify(src/cyberrunner/cyberrunner_dreamer) by extension 'ignore_ament_install'
[0.146s] Level 1:colcon.colcon_core.package_identification:_identify(src/cyberrunner/cyberrunner_dreamer) by extensions ['colcon_pkg']
[0.146s] Level 1:colcon.colcon_core.package_identification:_identify(src/cyberrunner/cyberrunner_dreamer) by extension 'colcon_pkg'
[0.146s] Level 1:colcon.colcon_core.package_identification:_identify(src/cyberrunner/cyberrunner_dreamer) by extensions ['colcon_meta']
[0.146s] Level 1:colcon.colcon_core.package_identification:_identify(src/cyberrunner/cyberrunner_dreamer) by extension 'colcon_meta'
[0.146s] Level 1:colcon.colcon_core.package_identification:_identify(src/cyberrunner/cyberrunner_dreamer) by extensions ['ros']
[0.146s] Level 1:colcon.colcon_core.package_identification:_identify(src/cyberrunner/cyberrunner_dreamer) by extension 'ros'
[0.146s] DEBUG:colcon.colcon_core.package_identification:Package 'src/cyberrunner/cyberrunner_dreamer' with type 'ros.ament_python' and name 'cyberrunner_dreamer'
[0.146s] Level 1:colcon.colcon_core.package_identification:_identify(src/cyberrunner/cyberrunner_interfaces) by extensions ['ignore', 'ignore_ament_install']
[0.146s] Level 1:colcon.colcon_core.package_identification:_identify(src/cyberrunner/cyberrunner_interfaces) by extension 'ignore'
[0.146s] Level 1:colcon.colcon_core.package_identification:_identify(src/cyberrunner/cyberrunner_interfaces) by extension 'ignore_ament_install'
[0.146s] Level 1:colcon.colcon_core.package_identification:_identify(src/cyberrunner/cyberrunner_interfaces) by extensions ['colcon_pkg']
[0.146s] Level 1:colcon.colcon_core.package_identification:_identify(src/cyberrunner/cyberrunner_interfaces) by extension 'colcon_pkg'
[0.147s] Level 1:colcon.colcon_core.package_identification:_identify(src/cyberrunner/cyberrunner_interfaces) by extensions ['colcon_meta']
[0.147s] Level 1:colcon.colcon_core.package_identification:_identify(src/cyberrunner/cyberrunner_interfaces) by extension 'colcon_meta'
[0.147s] Level 1:colcon.colcon_core.package_identification:_identify(src/cyberrunner/cyberrunner_interfaces) by extensions ['ros']
[0.147s] Level 1:colcon.colcon_core.package_identification:_identify(src/cyberrunner/cyberrunner_interfaces) by extension 'ros'
[0.147s] DEBUG:colcon.colcon_core.package_identification:Package 'src/cyberrunner/cyberrunner_interfaces' with type 'ros.ament_cmake' and name 'cyberrunner_interfaces'
[0.147s] Level 1:colcon.colcon_core.package_identification:_identify(src/cyberrunner/cyberrunner_state_estimation) by extensions ['ignore', 'ignore_ament_install']
[0.147s] Level 1:colcon.colcon_core.package_identification:_identify(src/cyberrunner/cyberrunner_state_estimation) by extension 'ignore'
[0.147s] Level 1:colcon.colcon_core.package_identification:_identify(src/cyberrunner/cyberrunner_state_estimation) by extension 'ignore_ament_install'
[0.147s] Level 1:colcon.colcon_core.package_identification:_identify(src/cyberrunner/cyberrunner_state_estimation) by extensions ['colcon_pkg']
[0.147s] Level 1:colcon.colcon_core.package_identification:_identify(src/cyberrunner/cyberrunner_state_estimation) by extension 'colcon_pkg'
[0.147s] Level 1:colcon.colcon_core.package_identification:_identify(src/cyberrunner/cyberrunner_state_estimation) by extensions ['colcon_meta']
[0.147s] Level 1:colcon.colcon_core.package_identification:_identify(src/cyberrunner/cyberrunner_state_estimation) by extension 'colcon_meta'
[0.147s] Level 1:colcon.colcon_core.package_identification:_identify(src/cyberrunner/cyberrunner_state_estimation) by extensions ['ros']
[0.147s] Level 1:colcon.colcon_core.package_identification:_identify(src/cyberrunner/cyberrunner_state_estimation) by extension 'ros'
[0.148s] DEBUG:colcon.colcon_core.package_identification:Package 'src/cyberrunner/cyberrunner_state_estimation' with type 'ros.ament_python' and name 'cyberrunner_state_estimation'
[0.148s] Level 1:colcon.colcon_core.package_identification:_identify(src/cyberrunner/docs) by extensions ['ignore', 'ignore_ament_install']
[0.148s] Level 1:colcon.colcon_core.package_identification:_identify(src/cyberrunner/docs) by extension 'ignore'
[0.148s] Level 1:colcon.colcon_core.package_identification:_identify(src/cyberrunner/docs) by extension 'ignore_ament_install'
[0.148s] Level 1:colcon.colcon_core.package_identification:_identify(src/cyberrunner/docs) by extensions ['colcon_pkg']
[0.148s] Level 1:colcon.colcon_core.package_identification:_identify(src/cyberrunner/docs) by extension 'colcon_pkg'
[0.148s] Level 1:colcon.colcon_core.package_identification:_identify(src/cyberrunner/docs) by extensions ['colcon_meta']
[0.148s] Level 1:colcon.colcon_core.package_identification:_identify(src/cyberrunner/docs) by extension 'colcon_meta'
[0.148s] Level 1:colcon.colcon_core.package_identification:_identify(src/cyberrunner/docs) by extensions ['ros']
[0.148s] Level 1:colcon.colcon_core.package_identification:_identify(src/cyberrunner/docs) by extension 'ros'
[0.148s] Level 1:colcon.colcon_core.package_identification:_identify(src/cyberrunner/docs) by extensions ['cmake', 'python']
[0.148s] Level 1:colcon.colcon_core.package_identification:_identify(src/cyberrunner/docs) by extension 'cmake'
[0.148s] Level 1:colcon.colcon_core.package_identification:_identify(src/cyberrunner/docs) by extension 'python'
[0.148s] Level 1:colcon.colcon_core.package_identification:_identify(src/cyberrunner/docs) by extensions ['python_setup_py']
[0.148s] Level 1:colcon.colcon_core.package_identification:_identify(src/cyberrunner/docs) by extension 'python_setup_py'
[0.148s] Level 1:colcon.colcon_core.package_identification:_identify(src/cyberrunner/docs/assets) by extensions ['ignore', 'ignore_ament_install']
[0.148s] Level 1:colcon.colcon_core.package_identification:_identify(src/cyberrunner/docs/assets) by extension 'ignore'
[0.148s] Level 1:colcon.colcon_core.package_identification:_identify(src/cyberrunner/docs/assets) by extension 'ignore_ament_install'
[0.148s] Level 1:colcon.colcon_core.package_identification:_identify(src/cyberrunner/docs/assets) by extensions ['colcon_pkg']
[0.148s] Level 1:colcon.colcon_core.package_identification:_identify(src/cyberrunner/docs/assets) by extension 'colcon_pkg'
[0.148s] Level 1:colcon.colcon_core.package_identification:_identify(src/cyberrunner/docs/assets) by extensions ['colcon_meta']
[0.148s] Level 1:colcon.colcon_core.package_identification:_identify(src/cyberrunner/docs/assets) by extension 'colcon_meta'
[0.148s] Level 1:colcon.colcon_core.package_identification:_identify(src/cyberrunner/docs/assets) by extensions ['ros']
[0.148s] Level 1:colcon.colcon_core.package_identification:_identify(src/cyberrunner/docs/assets) by extension 'ros'
[0.148s] Level 1:colcon.colcon_core.package_identification:_identify(src/cyberrunner/docs/assets) by extensions ['cmake', 'python']
[0.148s] Level 1:colcon.colcon_core.package_identification:_identify(src/cyberrunner/docs/assets) by extension 'cmake'
[0.148s] Level 1:colcon.colcon_core.package_identification:_identify(src/cyberrunner/docs/assets) by extension 'python'
[0.148s] Level 1:colcon.colcon_core.package_identification:_identify(src/cyberrunner/docs/assets) by extensions ['python_setup_py']
[0.148s] Level 1:colcon.colcon_core.package_identification:_identify(src/cyberrunner/docs/assets) by extension 'python_setup_py'
[0.148s] Level 1:colcon.colcon_core.package_identification:_identify(src/cyberrunner/docs/assets/camera) by extensions ['ignore', 'ignore_ament_install']
[0.148s] Level 1:colcon.colcon_core.package_identification:_identify(src/cyberrunner/docs/assets/camera) by extension 'ignore'
[0.148s] Level 1:colcon.colcon_core.package_identification:_identify(src/cyberrunner/docs/assets/camera) by extension 'ignore_ament_install'
[0.148s] Level 1:colcon.colcon_core.package_identification:_identify(src/cyberrunner/docs/assets/camera) by extensions ['colcon_pkg']
[0.148s] Level 1:colcon.colcon_core.package_identification:_identify(src/cyberrunner/docs/assets/camera) by extension 'colcon_pkg'
[0.148s] Level 1:colcon.colcon_core.package_identification:_identify(src/cyberrunner/docs/assets/camera) by extensions ['colcon_meta']
[0.148s] Level 1:colcon.colcon_core.package_identification:_identify(src/cyberrunner/docs/assets/camera) by extension 'colcon_meta'
[0.148s] Level 1:colcon.colcon_core.package_identification:_identify(src/cyberrunner/docs/assets/camera) by extensions ['ros']
[0.149s] Level 1:colcon.colcon_core.package_identification:_identify(src/cyberrunner/docs/assets/camera) by extension 'ros'
[0.149s] Level 1:colcon.colcon_core.package_identification:_identify(src/cyberrunner/docs/assets/camera) by extensions ['cmake', 'python']
[0.149s] Level 1:colcon.colcon_core.package_identification:_identify(src/cyberrunner/docs/assets/camera) by extension 'cmake'
[0.149s] Level 1:colcon.colcon_core.package_identification:_identify(src/cyberrunner/docs/assets/camera) by extension 'python'
[0.149s] Level 1:colcon.colcon_core.package_identification:_identify(src/cyberrunner/docs/assets/camera) by extensions ['python_setup_py']
[0.149s] Level 1:colcon.colcon_core.package_identification:_identify(src/cyberrunner/docs/assets/camera) by extension 'python_setup_py'
[0.149s] Level 1:colcon.colcon_core.package_identification:_identify(src/cyberrunner/docs/assets/motors) by extensions ['ignore', 'ignore_ament_install']
[0.149s] Level 1:colcon.colcon_core.package_identification:_identify(src/cyberrunner/docs/assets/motors) by extension 'ignore'
[0.149s] Level 1:colcon.colcon_core.package_identification:_identify(src/cyberrunner/docs/assets/motors) by extension 'ignore_ament_install'
[0.149s] Level 1:colcon.colcon_core.package_identification:_identify(src/cyberrunner/docs/assets/motors) by extensions ['colcon_pkg']
[0.149s] Level 1:colcon.colcon_core.package_identification:_identify(src/cyberrunner/docs/assets/motors) by extension 'colcon_pkg'
[0.149s] Level 1:colcon.colcon_core.package_identification:_identify(src/cyberrunner/docs/assets/motors) by extensions ['colcon_meta']
[0.149s] Level 1:colcon.colcon_core.package_identification:_identify(src/cyberrunner/docs/assets/motors) by extension 'colcon_meta'
[0.149s] Level 1:colcon.colcon_core.package_identification:_identify(src/cyberrunner/docs/assets/motors) by extensions ['ros']
[0.149s] Level 1:colcon.colcon_core.package_identification:_identify(src/cyberrunner/docs/assets/motors) by extension 'ros'
[0.149s] Level 1:colcon.colcon_core.package_identification:_identify(src/cyberrunner/docs/assets/motors) by extensions ['cmake', 'python']
[0.149s] Level 1:colcon.colcon_core.package_identification:_identify(src/cyberrunner/docs/assets/motors) by extension 'cmake'
[0.149s] Level 1:colcon.colcon_core.package_identification:_identify(src/cyberrunner/docs/assets/motors) by extension 'python'
[0.149s] Level 1:colcon.colcon_core.package_identification:_identify(src/cyberrunner/docs/assets/motors) by extensions ['python_setup_py']
[0.149s] Level 1:colcon.colcon_core.package_identification:_identify(src/cyberrunner/docs/assets/motors) by extension 'python_setup_py'
[0.149s] Level 1:colcon.colcon_core.package_identification:_identify(src/cyberrunner/docs/assets/reload) by extensions ['ignore', 'ignore_ament_install']
[0.149s] Level 1:colcon.colcon_core.package_identification:_identify(src/cyberrunner/docs/assets/reload) by extension 'ignore'
[0.149s] Level 1:colcon.colcon_core.package_identification:_identify(src/cyberrunner/docs/assets/reload) by extension 'ignore_ament_install'
[0.149s] Level 1:colcon.colcon_core.package_identification:_identify(src/cyberrunner/docs/assets/reload) by extensions ['colcon_pkg']
[0.149s] Level 1:colcon.colcon_core.package_identification:_identify(src/cyberrunner/docs/assets/reload) by extension 'colcon_pkg'
[0.149s] Level 1:colcon.colcon_core.package_identification:_identify(src/cyberrunner/docs/assets/reload) by extensions ['colcon_meta']
[0.149s] Level 1:colcon.colcon_core.package_identification:_identify(src/cyberrunner/docs/assets/reload) by extension 'colcon_meta'
[0.149s] Level 1:colcon.colcon_core.package_identification:_identify(src/cyberrunner/docs/assets/reload) by extensions ['ros']
[0.149s] Level 1:colcon.colcon_core.package_identification:_identify(src/cyberrunner/docs/assets/reload) by extension 'ros'
[0.150s] Level 1:colcon.colcon_core.package_identification:_identify(src/cyberrunner/docs/assets/reload) by extensions ['cmake', 'python']
[0.150s] Level 1:colcon.colcon_core.package_identification:_identify(src/cyberrunner/docs/assets/reload) by extension 'cmake'
[0.150s] Level 1:colcon.colcon_core.package_identification:_identify(src/cyberrunner/docs/assets/reload) by extension 'python'
[0.150s] Level 1:colcon.colcon_core.package_identification:_identify(src/cyberrunner/docs/assets/reload) by extensions ['python_setup_py']
[0.150s] Level 1:colcon.colcon_core.package_identification:_identify(src/cyberrunner/docs/assets/reload) by extension 'python_setup_py'
[0.150s] Level 1:colcon.colcon_core.package_identification:_identify(src/cyberrunner/docs/assets/reload/arduino) by extensions ['ignore', 'ignore_ament_install']
[0.150s] Level 1:colcon.colcon_core.package_identification:_identify(src/cyberrunner/docs/assets/reload/arduino) by extension 'ignore'
[0.150s] Level 1:colcon.colcon_core.package_identification:_identify(src/cyberrunner/docs/assets/reload/arduino) by extension 'ignore_ament_install'
[0.150s] Level 1:colcon.colcon_core.package_identification:_identify(src/cyberrunner/docs/assets/reload/arduino) by extensions ['colcon_pkg']
[0.150s] Level 1:colcon.colcon_core.package_identification:_identify(src/cyberrunner/docs/assets/reload/arduino) by extension 'colcon_pkg'
[0.150s] Level 1:colcon.colcon_core.package_identification:_identify(src/cyberrunner/docs/assets/reload/arduino) by extensions ['colcon_meta']
[0.150s] Level 1:colcon.colcon_core.package_identification:_identify(src/cyberrunner/docs/assets/reload/arduino) by extension 'colcon_meta'
[0.150s] Level 1:colcon.colcon_core.package_identification:_identify(src/cyberrunner/docs/assets/reload/arduino) by extensions ['ros']
[0.150s] Level 1:colcon.colcon_core.package_identification:_identify(src/cyberrunner/docs/assets/reload/arduino) by extension 'ros'
[0.150s] Level 1:colcon.colcon_core.package_identification:_identify(src/cyberrunner/docs/assets/reload/arduino) by extensions ['cmake', 'python']
[0.150s] Level 1:colcon.colcon_core.package_identification:_identify(src/cyberrunner/docs/assets/reload/arduino) by extension 'cmake'
[0.150s] Level 1:colcon.colcon_core.package_identification:_identify(src/cyberrunner/docs/assets/reload/arduino) by extension 'python'
[0.150s] Level 1:colcon.colcon_core.package_identification:_identify(src/cyberrunner/docs/assets/reload/arduino) by extensions ['python_setup_py']
[0.150s] Level 1:colcon.colcon_core.package_identification:_identify(src/cyberrunner/docs/assets/reload/arduino) by extension 'python_setup_py'
[0.150s] Level 1:colcon.colcon_core.package_identification:_identify(src/cyberrunner/docs/img) by extensions ['ignore', 'ignore_ament_install']
[0.150s] Level 1:colcon.colcon_core.package_identification:_identify(src/cyberrunner/docs/img) by extension 'ignore'
[0.150s] Level 1:colcon.colcon_core.package_identification:_identify(src/cyberrunner/docs/img) by extension 'ignore_ament_install'
[0.150s] Level 1:colcon.colcon_core.package_identification:_identify(src/cyberrunner/docs/img) by extensions ['colcon_pkg']
[0.150s] Level 1:colcon.colcon_core.package_identification:_identify(src/cyberrunner/docs/img) by extension 'colcon_pkg'
[0.150s] Level 1:colcon.colcon_core.package_identification:_identify(src/cyberrunner/docs/img) by extensions ['colcon_meta']
[0.150s] Level 1:colcon.colcon_core.package_identification:_identify(src/cyberrunner/docs/img) by extension 'colcon_meta'
[0.150s] Level 1:colcon.colcon_core.package_identification:_identify(src/cyberrunner/docs/img) by extensions ['ros']
[0.150s] Level 1:colcon.colcon_core.package_identification:_identify(src/cyberrunner/docs/img) by extension 'ros'
[0.150s] Level 1:colcon.colcon_core.package_identification:_identify(src/cyberrunner/docs/img) by extensions ['cmake', 'python']
[0.150s] Level 1:colcon.colcon_core.package_identification:_identify(src/cyberrunner/docs/img) by extension 'cmake'
[0.150s] Level 1:colcon.colcon_core.package_identification:_identify(src/cyberrunner/docs/img) by extension 'python'
[0.150s] Level 1:colcon.colcon_core.package_identification:_identify(src/cyberrunner/docs/img) by extensions ['python_setup_py']
[0.150s] Level 1:colcon.colcon_core.package_identification:_identify(src/cyberrunner/docs/img) by extension 'python_setup_py'
[0.151s] Level 1:colcon.colcon_core.package_identification:_identify(src/cyberrunner/dreamerv3) by extensions ['ignore', 'ignore_ament_install']
[0.151s] Level 1:colcon.colcon_core.package_identification:_identify(src/cyberrunner/dreamerv3) by extension 'ignore'
[0.151s] Level 1:colcon.colcon_core.package_identification:_identify(src/cyberrunner/dreamerv3) ignored
[0.151s] Level 1:colcon.colcon_core.package_identification:_identify(src/cyberrunner_camera) by extensions ['ignore', 'ignore_ament_install']
[0.151s] Level 1:colcon.colcon_core.package_identification:_identify(src/cyberrunner_camera) by extension 'ignore'
[0.151s] Level 1:colcon.colcon_core.package_identification:_identify(src/cyberrunner_camera) by extension 'ignore_ament_install'
[0.151s] Level 1:colcon.colcon_core.package_identification:_identify(src/cyberrunner_camera) by extensions ['colcon_pkg']
[0.151s] Level 1:colcon.colcon_core.package_identification:_identify(src/cyberrunner_camera) by extension 'colcon_pkg'
[0.151s] Level 1:colcon.colcon_core.package_identification:_identify(src/cyberrunner_camera) by extensions ['colcon_meta']
[0.151s] Level 1:colcon.colcon_core.package_identification:_identify(src/cyberrunner_camera) by extension 'colcon_meta'
[0.151s] Level 1:colcon.colcon_core.package_identification:_identify(src/cyberrunner_camera) by extensions ['ros']
[0.151s] Level 1:colcon.colcon_core.package_identification:_identify(src/cyberrunner_camera) by extension 'ros'
[0.151s] Level 1:colcon.colcon_core.package_identification:_identify(src/cyberrunner_camera) by extensions ['cmake', 'python']
[0.151s] Level 1:colcon.colcon_core.package_identification:_identify(src/cyberrunner_camera) by extension 'cmake'
[0.151s] Level 1:colcon.colcon_core.package_identification:_identify(src/cyberrunner_camera) by extension 'python'
[0.151s] Level 1:colcon.colcon_core.package_identification:_identify(src/cyberrunner_camera) by extensions ['python_setup_py']
[0.151s] Level 1:colcon.colcon_core.package_identification:_identify(src/cyberrunner_camera) by extension 'python_setup_py'
[0.151s] Level 1:colcon.colcon_core.package_identification:_identify(src/cyberrunner_camera/launch) by extensions ['ignore', 'ignore_ament_install']
[0.151s] Level 1:colcon.colcon_core.package_identification:_identify(src/cyberrunner_camera/launch) by extension 'ignore'
[0.151s] Level 1:colcon.colcon_core.package_identification:_identify(src/cyberrunner_camera/launch) by extension 'ignore_ament_install'
[0.151s] Level 1:colcon.colcon_core.package_identification:_identify(src/cyberrunner_camera/launch) by extensions ['colcon_pkg']
[0.151s] Level 1:colcon.colcon_core.package_identification:_identify(src/cyberrunner_camera/launch) by extension 'colcon_pkg'
[0.151s] Level 1:colcon.colcon_core.package_identification:_identify(src/cyberrunner_camera/launch) by extensions ['colcon_meta']
[0.151s] Level 1:colcon.colcon_core.package_identification:_identify(src/cyberrunner_camera/launch) by extension 'colcon_meta'
[0.151s] Level 1:colcon.colcon_core.package_identification:_identify(src/cyberrunner_camera/launch) by extensions ['ros']
[0.151s] Level 1:colcon.colcon_core.package_identification:_identify(src/cyberrunner_camera/launch) by extension 'ros'
[0.151s] Level 1:colcon.colcon_core.package_identification:_identify(src/cyberrunner_camera/launch) by extensions ['cmake', 'python']
[0.151s] Level 1:colcon.colcon_core.package_identification:_identify(src/cyberrunner_camera/launch) by extension 'cmake'
[0.151s] Level 1:colcon.colcon_core.package_identification:_identify(src/cyberrunner_camera/launch) by extension 'python'
[0.151s] Level 1:colcon.colcon_core.package_identification:_identify(src/cyberrunner_camera/launch) by extensions ['python_setup_py']
[0.151s] Level 1:colcon.colcon_core.package_identification:_identify(src/cyberrunner_camera/launch) by extension 'python_setup_py'
[0.151s] Level 1:colcon.colcon_core.package_identification:_identify(src/cyberrunner_hiwonder) by extensions ['ignore', 'ignore_ament_install']
[0.151s] Level 1:colcon.colcon_core.package_identification:_identify(src/cyberrunner_hiwonder) by extension 'ignore'
[0.151s] Level 1:colcon.colcon_core.package_identification:_identify(src/cyberrunner_hiwonder) by extension 'ignore_ament_install'
[0.151s] Level 1:colcon.colcon_core.package_identification:_identify(src/cyberrunner_hiwonder) by extensions ['colcon_pkg']
[0.151s] Level 1:colcon.colcon_core.package_identification:_identify(src/cyberrunner_hiwonder) by extension 'colcon_pkg'
[0.151s] Level 1:colcon.colcon_core.package_identification:_identify(src/cyberrunner_hiwonder) by extensions ['colcon_meta']
[0.151s] Level 1:colcon.colcon_core.package_identification:_identify(src/cyberrunner_hiwonder) by extension 'colcon_meta'
[0.152s] Level 1:colcon.colcon_core.package_identification:_identify(src/cyberrunner_hiwonder) by extensions ['ros']
[0.152s] Level 1:colcon.colcon_core.package_identification:_identify(src/cyberrunner_hiwonder) by extension 'ros'
[0.152s] DEBUG:colcon.colcon_core.package_identification:Package 'src/cyberrunner_hiwonder' with type 'ros.ament_python' and name 'cyberrunner_hiwonder'
[0.152s] Level 1:colcon.colcon_core.package_identification:_identify(src/cyberrunner_pid) by extensions ['ignore', 'ignore_ament_install']
[0.153s] Level 1:colcon.colcon_core.package_identification:_identify(src/cyberrunner_pid) by extension 'ignore'
[0.153s] Level 1:colcon.colcon_core.package_identification:_identify(src/cyberrunner_pid) by extension 'ignore_ament_install'
[0.153s] Level 1:colcon.colcon_core.package_identification:_identify(src/cyberrunner_pid) by extensions ['colcon_pkg']
[0.153s] Level 1:colcon.colcon_core.package_identification:_identify(src/cyberrunner_pid) by extension 'colcon_pkg'
[0.153s] Level 1:colcon.colcon_core.package_identification:_identify(src/cyberrunner_pid) by extensions ['colcon_meta']
[0.153s] Level 1:colcon.colcon_core.package_identification:_identify(src/cyberrunner_pid) by extension 'colcon_meta'
[0.153s] Level 1:colcon.colcon_core.package_identification:_identify(src/cyberrunner_pid) by extensions ['ros']
[0.153s] Level 1:colcon.colcon_core.package_identification:_identify(src/cyberrunner_pid) by extension 'ros'
[0.154s] DEBUG:colcon.colcon_core.package_identification:Package 'src/cyberrunner_pid' with type 'ros.ament_python' and name 'cyberrunner_pid'
[0.154s] Level 1:colcon.colcon_core.package_discovery:discover_packages(recursive) using defaults
[0.154s] Level 1:colcon.colcon_core.package_discovery:discover_packages(ignore) discover
[0.154s] Level 1:colcon.colcon_core.package_discovery:discover_packages(ignore) using defaults
[0.154s] Level 1:colcon.colcon_core.package_discovery:discover_packages(path) discover
[0.154s] Level 1:colcon.colcon_core.package_discovery:discover_packages(path) using defaults
[0.168s] INFO:colcon.colcon_core.package_selection:Skipping not selected package 'cyberrunner_camera' in 'src/cyberrunner/cyberrunner_camera'
[0.168s] INFO:colcon.colcon_core.package_selection:Skipping not selected package 'cyberrunner_hiwonder' in 'src/cyberrunner_hiwonder'
[0.168s] INFO:colcon.colcon_core.package_selection:Skipping not selected package 'cyberrunner_interfaces' in 'src/cyberrunner/cyberrunner_interfaces'
[0.168s] INFO:colcon.colcon_core.package_selection:Skipping not selected package 'cyberrunner_dreamer' in 'src/cyberrunner/cyberrunner_dreamer'
[0.168s] INFO:colcon.colcon_core.package_selection:Skipping not selected package 'cyberrunner_pid' in 'src/cyberrunner_pid'
[0.169s] Level 1:colcon.colcon_core.package_discovery:discover_packages(prefix_path) check parameters
[0.169s] Level 1:colcon.colcon_core.package_discovery:discover_packages(prefix_path) discover
[0.172s] DEBUG:colcon.colcon_installed_package_information.package_discovery:Found 6 installed packages in /home/trungbao/cyberrunner_ws/install
[0.173s] DEBUG:colcon.colcon_installed_package_information.package_discovery:Found 272 installed packages in /opt/ros/humble
[0.173s] Level 1:colcon.colcon_core.package_discovery:discover_packages(prefix_path) using defaults
[0.207s] Level 5:colcon.colcon_core.verb:set package 'cyberrunner_state_estimation' build argument 'cmake_args' from command line to 'None'
[0.207s] Level 5:colcon.colcon_core.verb:set package 'cyberrunner_state_estimation' build argument 'cmake_target' from command line to 'None'
[0.207s] Level 5:colcon.colcon_core.verb:set package 'cyberrunner_state_estimation' build argument 'cmake_target_skip_unavailable' from command line to 'False'
[0.207s] Level 5:colcon.colcon_core.verb:set package 'cyberrunner_state_estimation' build argument 'cmake_clean_cache' from command line to 'False'
[0.207s] Level 5:colcon.colcon_core.verb:set package 'cyberrunner_state_estimation' build argument 'cmake_clean_first' from command line to 'False'
[0.207s] Level 5:colcon.colcon_core.verb:set package 'cyberrunner_state_estimation' build argument 'cmake_force_configure' from command line to 'False'
[0.207s] Level 5:colcon.colcon_core.verb:set package 'cyberrunner_state_estimation' build argument 'ament_cmake_args' from command line to 'None'
[0.207s] Level 5:colcon.colcon_core.verb:set package 'cyberrunner_state_estimation' build argument 'catkin_cmake_args' from command line to 'None'
[0.207s] Level 5:colcon.colcon_core.verb:set package 'cyberrunner_state_estimation' build argument 'catkin_skip_building_tests' from command line to 'False'
[0.207s] DEBUG:colcon.colcon_core.verb:Building package 'cyberrunner_state_estimation' with the following arguments: {'ament_cmake_args': None, 'build_base': '/home/trungbao/cyberrunner_ws/build/cyberrunner_state_estimation', 'catkin_cmake_args': None, 'catkin_skip_building_tests': False, 'cmake_args': None, 'cmake_clean_cache': False, 'cmake_clean_first': False, 'cmake_force_configure': False, 'cmake_target': None, 'cmake_target_skip_unavailable': False, 'install_base': '/home/trungbao/cyberrunner_ws/install/cyberrunner_state_estimation', 'merge_install': False, 'path': '/home/trungbao/cyberrunner_ws/src/cyberrunner/cyberrunner_state_estimation', 'symlink_install': True, 'test_result_base': None}
[0.207s] INFO:colcon.colcon_core.executor:Executing jobs using 'parallel' executor
[0.209s] DEBUG:colcon.colcon_parallel_executor.executor.parallel:run_until_complete
[0.209s] INFO:colcon.colcon_ros.task.ament_python.build:Building ROS package in '/home/trungbao/cyberrunner_ws/src/cyberrunner/cyberrunner_state_estimation' with build type 'ament_python'
[0.209s] Level 1:colcon.colcon_core.shell:create_environment_hook('cyberrunner_state_estimation', 'ament_prefix_path')
[0.210s] INFO:colcon.colcon_core.plugin_system:Skipping extension 'colcon_core.shell.bat': Not used on non-Windows systems
[0.210s] INFO:colcon.colcon_core.shell:Creating environment hook '/home/trungbao/cyberrunner_ws/install/cyberrunner_state_estimation/share/cyberrunner_state_estimation/hook/ament_prefix_path.ps1'
[0.211s] INFO:colcon.colcon_core.shell:Creating environment descriptor '/home/trungbao/cyberrunner_ws/install/cyberrunner_state_estimation/share/cyberrunner_state_estimation/hook/ament_prefix_path.dsv'
[0.211s] INFO:colcon.colcon_core.shell:Creating environment hook '/home/trungbao/cyberrunner_ws/install/cyberrunner_state_estimation/share/cyberrunner_state_estimation/hook/ament_prefix_path.sh'
[0.211s] INFO:colcon.colcon_core.shell:Skip shell extension 'powershell' for command environment: Not usable outside of PowerShell
[0.211s] DEBUG:colcon.colcon_core.shell:Skip shell extension 'dsv' for command environment
[0.372s] INFO:colcon.colcon_core.task.python.build:Building Python package in '/home/trungbao/cyberrunner_ws/src/cyberrunner/cyberrunner_state_estimation'
[0.373s] INFO:colcon.colcon_core.shell:Skip shell extension 'powershell' for command environment: Not usable outside of PowerShell
[0.373s] DEBUG:colcon.colcon_core.shell:Skip shell extension 'dsv' for command environment
[0.698s] DEBUG:colcon.colcon_core.event_handler.log_command:Invoking command in '/home/trungbao/cyberrunner_ws/build/cyberrunner_state_estimation': PYTHONPATH=/home/trungbao/cyberrunner_ws/build/cyberrunner_state_estimation/prefix_override:/usr/lib/python3/dist-packages/colcon_core/task/python/colcon_distutils_commands:/home/trungbao/cyberrunner_ws/install/cyberrunner_state_estimation/lib/python3.10/site-packages:${PYTHONPATH} /usr/bin/python3 -W ignore:setup.py install is deprecated -W ignore:easy_install command is deprecated setup.py develop --editable --build-directory /home/trungbao/cyberrunner_ws/build/cyberrunner_state_estimation/build --no-deps symlink_data
[1.094s] Level 1:colcon.colcon_core.shell:create_environment_hook('cyberrunner_state_estimation', 'pythonpath_develop')
[1.094s] INFO:colcon.colcon_core.shell:Creating environment hook '/home/trungbao/cyberrunner_ws/build/cyberrunner_state_estimation/share/cyberrunner_state_estimation/hook/pythonpath_develop.ps1'
[1.095s] DEBUG:colcon.colcon_core.event_handler.log_command:Invoked command in '/home/trungbao/cyberrunner_ws/build/cyberrunner_state_estimation' returned '0': PYTHONPATH=/home/trungbao/cyberrunner_ws/build/cyberrunner_state_estimation/prefix_override:/usr/lib/python3/dist-packages/colcon_core/task/python/colcon_distutils_commands:/home/trungbao/cyberrunner_ws/install/cyberrunner_state_estimation/lib/python3.10/site-packages:${PYTHONPATH} /usr/bin/python3 -W ignore:setup.py install is deprecated -W ignore:easy_install command is deprecated setup.py develop --editable --build-directory /home/trungbao/cyberrunner_ws/build/cyberrunner_state_estimation/build --no-deps symlink_data
[1.097s] INFO:colcon.colcon_core.shell:Creating environment descriptor '/home/trungbao/cyberrunner_ws/build/cyberrunner_state_estimation/share/cyberrunner_state_estimation/hook/pythonpath_develop.dsv'
[1.097s] INFO:colcon.colcon_core.shell:Creating environment hook '/home/trungbao/cyberrunner_ws/build/cyberrunner_state_estimation/share/cyberrunner_state_estimation/hook/pythonpath_develop.sh'
[1.099s] Level 1:colcon.colcon_core.environment:checking '/home/trungbao/cyberrunner_ws/install/cyberrunner_state_estimation' for CMake module files
[1.100s] Level 1:colcon.colcon_core.environment:checking '/home/trungbao/cyberrunner_ws/install/cyberrunner_state_estimation' for CMake config files
[1.100s] Level 1:colcon.colcon_core.environment:checking '/home/trungbao/cyberrunner_ws/install/cyberrunner_state_estimation/lib'
[1.100s] Level 1:colcon.colcon_core.environment:checking '/home/trungbao/cyberrunner_ws/install/cyberrunner_state_estimation/bin'
[1.100s] Level 1:colcon.colcon_core.environment:checking '/home/trungbao/cyberrunner_ws/install/cyberrunner_state_estimation/lib/pkgconfig/cyberrunner_state_estimation.pc'
[1.100s] Level 1:colcon.colcon_core.environment:checking '/home/trungbao/cyberrunner_ws/install/cyberrunner_state_estimation/lib/python3.10/site-packages'
[1.100s] Level 1:colcon.colcon_core.shell:create_environment_hook('cyberrunner_state_estimation', 'pythonpath')
[1.100s] INFO:colcon.colcon_core.shell:Creating environment hook '/home/trungbao/cyberrunner_ws/install/cyberrunner_state_estimation/share/cyberrunner_state_estimation/hook/pythonpath.ps1'
[1.101s] INFO:colcon.colcon_core.shell:Creating environment descriptor '/home/trungbao/cyberrunner_ws/install/cyberrunner_state_estimation/share/cyberrunner_state_estimation/hook/pythonpath.dsv'
[1.101s] INFO:colcon.colcon_core.shell:Creating environment hook '/home/trungbao/cyberrunner_ws/install/cyberrunner_state_estimation/share/cyberrunner_state_estimation/hook/pythonpath.sh'
[1.101s] Level 1:colcon.colcon_core.environment:checking '/home/trungbao/cyberrunner_ws/install/cyberrunner_state_estimation/bin'
[1.101s] Level 1:colcon.colcon_core.environment:create_environment_scripts_only(cyberrunner_state_estimation)
[1.101s] INFO:colcon.colcon_core.shell:Creating package script '/home/trungbao/cyberrunner_ws/install/cyberrunner_state_estimation/share/cyberrunner_state_estimation/package.ps1'
[1.102s] INFO:colcon.colcon_core.shell:Creating package descriptor '/home/trungbao/cyberrunner_ws/install/cyberrunner_state_estimation/share/cyberrunner_state_estimation/package.dsv'
[1.102s] INFO:colcon.colcon_core.shell:Creating package script '/home/trungbao/cyberrunner_ws/install/cyberrunner_state_estimation/share/cyberrunner_state_estimation/package.sh'
[1.102s] INFO:colcon.colcon_core.shell:Creating package script '/home/trungbao/cyberrunner_ws/install/cyberrunner_state_estimation/share/cyberrunner_state_estimation/package.bash'
[1.103s] INFO:colcon.colcon_core.shell:Creating package script '/home/trungbao/cyberrunner_ws/install/cyberrunner_state_estimation/share/cyberrunner_state_estimation/package.zsh'
[1.103s] Level 1:colcon.colcon_core.environment:create_file_with_runtime_dependencies(/home/trungbao/cyberrunner_ws/install/cyberrunner_state_estimation/share/colcon-core/packages/cyberrunner_state_estimation)
[1.103s] DEBUG:colcon.colcon_parallel_executor.executor.parallel:closing loop
[1.103s] DEBUG:colcon.colcon_parallel_executor.executor.parallel:loop closed
[1.103s] DEBUG:colcon.colcon_parallel_executor.executor.parallel:run_until_complete finished with '0'
[1.103s] DEBUG:colcon.colcon_core.event_reactor:joining thread
[1.110s] INFO:colcon.colcon_core.plugin_system:Skipping extension 'colcon_notification.desktop_notification.terminal_notifier': Not used on non-Darwin systems
[1.111s] INFO:colcon.colcon_core.plugin_system:Skipping extension 'colcon_notification.desktop_notification.win32': Not used on non-Windows systems
[1.111s] INFO:colcon.colcon_notification.desktop_notification:Sending desktop notification using 'notify2'
[1.126s] DEBUG:colcon.colcon_core.event_reactor:joined thread
[1.126s] INFO:colcon.colcon_core.shell:Creating prefix script '/home/trungbao/cyberrunner_ws/install/local_setup.ps1'
[1.127s] INFO:colcon.colcon_core.shell:Creating prefix util module '/home/trungbao/cyberrunner_ws/install/_local_setup_util_ps1.py'
[1.129s] INFO:colcon.colcon_core.shell:Creating prefix chain script '/home/trungbao/cyberrunner_ws/install/setup.ps1'
[1.129s] INFO:colcon.colcon_core.shell:Creating prefix script '/home/trungbao/cyberrunner_ws/install/local_setup.sh'
[1.129s] INFO:colcon.colcon_core.shell:Creating prefix util module '/home/trungbao/cyberrunner_ws/install/_local_setup_util_sh.py'
[1.130s] INFO:colcon.colcon_core.shell:Creating prefix chain script '/home/trungbao/cyberrunner_ws/install/setup.sh'
[1.130s] INFO:colcon.colcon_core.shell:Creating prefix script '/home/trungbao/cyberrunner_ws/install/local_setup.bash'
[1.130s] INFO:colcon.colcon_core.shell:Creating prefix chain script '/home/trungbao/cyberrunner_ws/install/setup.bash'
[1.131s] INFO:colcon.colcon_core.shell:Creating prefix script '/home/trungbao/cyberrunner_ws/install/local_setup.zsh'
[1.131s] INFO:colcon.colcon_core.shell:Creating prefix chain script '/home/trungbao/cyberrunner_ws/install/setup.zsh'
