[0.019s] Invoking command in '/home/trungbao/cyberrunner_ws/build/cyberrunner_interfaces': CMAKE_PREFIX_PATH=${CMAKE_PREFIX_PATH}:/home/trungbao/cyberrunner_ws/install/cyberrunner_vision:/home/trungbao/cyberrunner_ws/install/cyberrunner_state_estimation:/home/trungbao/cyberrunner_ws/install/cyberrunner_pid:/home/trungbao/cyberrunner_ws/install/cyberrunner_dreamer:/home/trungbao/cyberrunner_ws/install/cyberrunner_hiwonder:/opt/ros/humble /usr/bin/cmake /home/trungbao/cyberrunner_ws/src/cyberrunner/cyberrunner_interfaces -DAMENT_CMAKE_SYMLINK_INSTALL=1 -DCMAKE_INSTALL_PREFIX=/home/trungbao/cyberrunner_ws/install/cyberrunner_interfaces
[0.136s] -- Found ament_cmake: 1.3.12 (/opt/ros/humble/share/ament_cmake/cmake)
[0.137s] -- Override CMake install command with custom implementation using symlinks instead of copying resources
[0.146s] -- Found rosidl_default_generators: 1.2.0 (/opt/ros/humble/share/rosidl_default_generators/cmake)
[0.148s] -- Using all available rosidl_typesupport_c: rosidl_typesupport_fastrtps_c;rosidl_typesupport_introspection_c
[0.150s] -- Found rosidl_adapter: 3.1.8 (/opt/ros/humble/share/rosidl_adapter/cmake)
[0.174s] -- Using all available rosidl_typesupport_cpp: rosidl_typesupport_fastrtps_cpp;rosidl_typesupport_introspection_cpp
[0.189s] -- Found sensor_msgs: 4.9.0 (/opt/ros/humble/share/sensor_msgs/cmake)
[0.419s] -- Found ament_cmake_ros: 0.10.0 (/opt/ros/humble/share/ament_cmake_ros/cmake)
[0.606s] -- Using all available rosidl_typesupport_c: rosidl_typesupport_fastrtps_c;rosidl_typesupport_introspection_c
[0.840s] -- Using all available rosidl_typesupport_cpp: rosidl_typesupport_fastrtps_cpp;rosidl_typesupport_introspection_cpp
[0.855s] -- Found python_cmake_module: 0.10.0 (/opt/ros/humble/share/python_cmake_module/cmake)
[0.871s] -- Using PYTHON_EXECUTABLE: /usr/bin/python3
[0.871s] -- Using PYTHON_INCLUDE_DIRS: /usr/include/python3.10
[0.871s] -- Using PYTHON_LIBRARIES: /usr/lib/x86_64-linux-gnu/libpython3.10.so
[0.900s] -- Found ament_lint_auto: 0.12.14 (/opt/ros/humble/share/ament_lint_auto/cmake)
[0.911s] -- Added test 'copyright' to check source files copyright and LICENSE
[0.911s] -- Added test 'lint_cmake' to check CMake code style
[0.912s] -- Added test 'xmllint' to check XML markup files
[0.913s] -- Configuring done
[0.945s] -- Generating done
[0.952s] -- Build files have been written to: /home/trungbao/cyberrunner_ws/build/cyberrunner_interfaces
[0.957s] Invoked command in '/home/trungbao/cyberrunner_ws/build/cyberrunner_interfaces' returned '0': CMAKE_PREFIX_PATH=${CMAKE_PREFIX_PATH}:/home/trungbao/cyberrunner_ws/install/cyberrunner_vision:/home/trungbao/cyberrunner_ws/install/cyberrunner_state_estimation:/home/trungbao/cyberrunner_ws/install/cyberrunner_pid:/home/trungbao/cyberrunner_ws/install/cyberrunner_dreamer:/home/trungbao/cyberrunner_ws/install/cyberrunner_hiwonder:/opt/ros/humble /usr/bin/cmake /home/trungbao/cyberrunner_ws/src/cyberrunner/cyberrunner_interfaces -DAMENT_CMAKE_SYMLINK_INSTALL=1 -DCMAKE_INSTALL_PREFIX=/home/trungbao/cyberrunner_ws/install/cyberrunner_interfaces
[0.957s] Invoking command in '/home/trungbao/cyberrunner_ws/build/cyberrunner_interfaces': CMAKE_PREFIX_PATH=${CMAKE_PREFIX_PATH}:/home/trungbao/cyberrunner_ws/install/cyberrunner_vision:/home/trungbao/cyberrunner_ws/install/cyberrunner_state_estimation:/home/trungbao/cyberrunner_ws/install/cyberrunner_pid:/home/trungbao/cyberrunner_ws/install/cyberrunner_dreamer:/home/trungbao/cyberrunner_ws/install/cyberrunner_hiwonder:/opt/ros/humble /usr/bin/cmake --build /home/trungbao/cyberrunner_ws/build/cyberrunner_interfaces -- -j24 -l24
[0.985s] [35m[1mConsolidate compiler generated dependencies of target cyberrunner_interfaces__rosidl_generator_c[0m
[0.991s] [  1%] Built target cyberrunner_interfaces__cpp
[0.998s] [ 12%] Built target cyberrunner_interfaces__rosidl_generator_c
[0.999s] [ 12%] Built target ament_cmake_python_symlink_cyberrunner_interfaces
[1.000s] [35m[1mConsolidate compiler generated dependencies of target cyberrunner_interfaces__rosidl_typesupport_cpp[0m
[1.000s] [35m[1mConsolidate compiler generated dependencies of target cyberrunner_interfaces__rosidl_typesupport_introspection_cpp[0m
[1.001s] [35m[1mConsolidate compiler generated dependencies of target cyberrunner_interfaces__rosidl_typesupport_fastrtps_cpp[0m
[1.005s] [35m[1mConsolidate compiler generated dependencies of target cyberrunner_interfaces__rosidl_typesupport_introspection_c[0m
[1.005s] [35m[1mConsolidate compiler generated dependencies of target cyberrunner_interfaces__rosidl_typesupport_c[0m
[1.006s] [35m[1mConsolidate compiler generated dependencies of target cyberrunner_interfaces__rosidl_typesupport_fastrtps_c[0m
[1.012s] [ 23%] Built target cyberrunner_interfaces__rosidl_typesupport_introspection_c
[1.012s] [ 34%] Built target cyberrunner_interfaces__rosidl_typesupport_c
[1.013s] [ 45%] Built target cyberrunner_interfaces__rosidl_typesupport_cpp
[1.014s] [ 56%] Built target cyberrunner_interfaces__rosidl_typesupport_introspection_cpp
[1.015s] [ 67%] Built target cyberrunner_interfaces__rosidl_typesupport_fastrtps_cpp
[1.015s] [ 78%] Built target cyberrunner_interfaces__rosidl_typesupport_fastrtps_c
[1.028s] [ 78%] Built target cyberrunner_interfaces
[1.045s] [ 80%] Built target cyberrunner_interfaces__py
[1.056s] [35m[1mConsolidate compiler generated dependencies of target cyberrunner_interfaces__rosidl_generator_py[0m
[1.070s] [ 89%] Built target cyberrunner_interfaces__rosidl_generator_py
[1.078s] [35m[1mConsolidate compiler generated dependencies of target cyberrunner_interfaces__rosidl_typesupport_fastrtps_c__pyext[0m
[1.078s] [35m[1mConsolidate compiler generated dependencies of target cyberrunner_interfaces__rosidl_typesupport_c__pyext[0m
[1.079s] [35m[1mConsolidate compiler generated dependencies of target cyberrunner_interfaces__rosidl_typesupport_introspection_c__pyext[0m
[1.087s] [ 92%] Built target cyberrunner_interfaces__rosidl_typesupport_fastrtps_c__pyext
[1.088s] [ 98%] Built target cyberrunner_interfaces__rosidl_typesupport_c__pyext
[1.088s] [100%] Built target cyberrunner_interfaces__rosidl_typesupport_introspection_c__pyext
[1.120s] running egg_info
[1.127s] writing cyberrunner_interfaces.egg-info/PKG-INFO
[1.127s] writing dependency_links to cyberrunner_interfaces.egg-info/dependency_links.txt
[1.127s] writing top-level names to cyberrunner_interfaces.egg-info/top_level.txt
[1.148s] reading manifest file 'cyberrunner_interfaces.egg-info/SOURCES.txt'
[1.151s] writing manifest file 'cyberrunner_interfaces.egg-info/SOURCES.txt'
[1.169s] [100%] Built target ament_cmake_python_build_cyberrunner_interfaces_egg
[1.177s] Invoked command in '/home/trungbao/cyberrunner_ws/build/cyberrunner_interfaces' returned '0': CMAKE_PREFIX_PATH=${CMAKE_PREFIX_PATH}:/home/trungbao/cyberrunner_ws/install/cyberrunner_vision:/home/trungbao/cyberrunner_ws/install/cyberrunner_state_estimation:/home/trungbao/cyberrunner_ws/install/cyberrunner_pid:/home/trungbao/cyberrunner_ws/install/cyberrunner_dreamer:/home/trungbao/cyberrunner_ws/install/cyberrunner_hiwonder:/opt/ros/humble /usr/bin/cmake --build /home/trungbao/cyberrunner_ws/build/cyberrunner_interfaces -- -j24 -l24
[1.180s] Invoking command in '/home/trungbao/cyberrunner_ws/build/cyberrunner_interfaces': CMAKE_PREFIX_PATH=${CMAKE_PREFIX_PATH}:/home/trungbao/cyberrunner_ws/install/cyberrunner_vision:/home/trungbao/cyberrunner_ws/install/cyberrunner_state_estimation:/home/trungbao/cyberrunner_ws/install/cyberrunner_pid:/home/trungbao/cyberrunner_ws/install/cyberrunner_dreamer:/home/trungbao/cyberrunner_ws/install/cyberrunner_hiwonder:/opt/ros/humble /usr/bin/cmake --install /home/trungbao/cyberrunner_ws/build/cyberrunner_interfaces
[1.186s] -- Install configuration: ""
[1.186s] -- Execute custom install script
[1.187s] -- Up-to-date symlink: /home/trungbao/cyberrunner_ws/install/cyberrunner_interfaces/share/ament_index/resource_index/rosidl_interfaces/cyberrunner_interfaces
[1.187s] -- Up-to-date symlink: /home/trungbao/cyberrunner_ws/install/cyberrunner_interfaces/include/cyberrunner_interfaces/cyberrunner_interfaces/msg/detail/dynamixel_vel__functions.h
[1.187s] -- Up-to-date symlink: /home/trungbao/cyberrunner_ws/install/cyberrunner_interfaces/include/cyberrunner_interfaces/cyberrunner_interfaces/msg/detail/dynamixel_vel__struct.h
[1.187s] -- Up-to-date symlink: /home/trungbao/cyberrunner_ws/install/cyberrunner_interfaces/include/cyberrunner_interfaces/cyberrunner_interfaces/msg/detail/dynamixel_vel__type_support.h
[1.187s] -- Up-to-date symlink: /home/trungbao/cyberrunner_ws/install/cyberrunner_interfaces/include/cyberrunner_interfaces/cyberrunner_interfaces/msg/detail/state_estimate__functions.h
[1.188s] -- Up-to-date symlink: /home/trungbao/cyberrunner_ws/install/cyberrunner_interfaces/include/cyberrunner_interfaces/cyberrunner_interfaces/msg/detail/state_estimate__struct.h
[1.188s] -- Up-to-date symlink: /home/trungbao/cyberrunner_ws/install/cyberrunner_interfaces/include/cyberrunner_interfaces/cyberrunner_interfaces/msg/detail/state_estimate__type_support.h
[1.188s] -- Up-to-date symlink: /home/trungbao/cyberrunner_ws/install/cyberrunner_interfaces/include/cyberrunner_interfaces/cyberrunner_interfaces/msg/detail/state_estimate_sub__functions.h
[1.188s] -- Up-to-date symlink: /home/trungbao/cyberrunner_ws/install/cyberrunner_interfaces/include/cyberrunner_interfaces/cyberrunner_interfaces/msg/detail/state_estimate_sub__struct.h
[1.188s] -- Up-to-date symlink: /home/trungbao/cyberrunner_ws/install/cyberrunner_interfaces/include/cyberrunner_interfaces/cyberrunner_interfaces/msg/detail/state_estimate_sub__type_support.h
[1.188s] -- Up-to-date symlink: /home/trungbao/cyberrunner_ws/install/cyberrunner_interfaces/include/cyberrunner_interfaces/cyberrunner_interfaces/msg/dynamixel_vel.h
[1.188s] -- Up-to-date symlink: /home/trungbao/cyberrunner_ws/install/cyberrunner_interfaces/include/cyberrunner_interfaces/cyberrunner_interfaces/msg/rosidl_generator_c__visibility_control.h
[1.188s] -- Up-to-date symlink: /home/trungbao/cyberrunner_ws/install/cyberrunner_interfaces/include/cyberrunner_interfaces/cyberrunner_interfaces/msg/state_estimate.h
[1.188s] -- Up-to-date symlink: /home/trungbao/cyberrunner_ws/install/cyberrunner_interfaces/include/cyberrunner_interfaces/cyberrunner_interfaces/msg/state_estimate_sub.h
[1.188s] -- Up-to-date symlink: /home/trungbao/cyberrunner_ws/install/cyberrunner_interfaces/include/cyberrunner_interfaces/cyberrunner_interfaces/srv/detail/dynamixel_reset__functions.h
[1.188s] -- Up-to-date symlink: /home/trungbao/cyberrunner_ws/install/cyberrunner_interfaces/include/cyberrunner_interfaces/cyberrunner_interfaces/srv/detail/dynamixel_reset__struct.h
[1.188s] -- Up-to-date symlink: /home/trungbao/cyberrunner_ws/install/cyberrunner_interfaces/include/cyberrunner_interfaces/cyberrunner_interfaces/srv/detail/dynamixel_reset__type_support.h
[1.188s] -- Up-to-date symlink: /home/trungbao/cyberrunner_ws/install/cyberrunner_interfaces/include/cyberrunner_interfaces/cyberrunner_interfaces/srv/dynamixel_reset.h
[1.189s] -- Up-to-date symlink: /home/trungbao/cyberrunner_ws/install/cyberrunner_interfaces/share/cyberrunner_interfaces/environment/library_path.sh
[1.189s] -- Up-to-date symlink: /home/trungbao/cyberrunner_ws/install/cyberrunner_interfaces/share/cyberrunner_interfaces/environment/library_path.dsv
[1.189s] -- Up-to-date symlink: /home/trungbao/cyberrunner_ws/install/cyberrunner_interfaces/include/cyberrunner_interfaces/cyberrunner_interfaces/msg/detail/dynamixel_vel__rosidl_typesupport_fastrtps_c.h
[1.189s] -- Up-to-date symlink: /home/trungbao/cyberrunner_ws/install/cyberrunner_interfaces/include/cyberrunner_interfaces/cyberrunner_interfaces/msg/detail/state_estimate__rosidl_typesupport_fastrtps_c.h
[1.189s] -- Up-to-date symlink: /home/trungbao/cyberrunner_ws/install/cyberrunner_interfaces/include/cyberrunner_interfaces/cyberrunner_interfaces/msg/detail/state_estimate_sub__rosidl_typesupport_fastrtps_c.h
[1.189s] -- Up-to-date symlink: /home/trungbao/cyberrunner_ws/install/cyberrunner_interfaces/include/cyberrunner_interfaces/cyberrunner_interfaces/msg/rosidl_typesupport_fastrtps_c__visibility_control.h
[1.189s] -- Up-to-date symlink: /home/trungbao/cyberrunner_ws/install/cyberrunner_interfaces/include/cyberrunner_interfaces/cyberrunner_interfaces/srv/detail/dynamixel_reset__rosidl_typesupport_fastrtps_c.h
[1.190s] -- Up-to-date symlink: /home/trungbao/cyberrunner_ws/install/cyberrunner_interfaces/include/cyberrunner_interfaces/cyberrunner_interfaces/msg/detail/dynamixel_vel__rosidl_typesupport_introspection_c.h
[1.190s] -- Up-to-date symlink: /home/trungbao/cyberrunner_ws/install/cyberrunner_interfaces/include/cyberrunner_interfaces/cyberrunner_interfaces/msg/detail/state_estimate__rosidl_typesupport_introspection_c.h
[1.190s] -- Up-to-date symlink: /home/trungbao/cyberrunner_ws/install/cyberrunner_interfaces/include/cyberrunner_interfaces/cyberrunner_interfaces/msg/detail/state_estimate_sub__rosidl_typesupport_introspection_c.h
[1.190s] -- Up-to-date symlink: /home/trungbao/cyberrunner_ws/install/cyberrunner_interfaces/include/cyberrunner_interfaces/cyberrunner_interfaces/msg/rosidl_typesupport_introspection_c__visibility_control.h
[1.190s] -- Up-to-date symlink: /home/trungbao/cyberrunner_ws/install/cyberrunner_interfaces/include/cyberrunner_interfaces/cyberrunner_interfaces/srv/detail/dynamixel_reset__rosidl_typesupport_introspection_c.h
[1.190s] -- Up-to-date symlink: /home/trungbao/cyberrunner_ws/install/cyberrunner_interfaces/include/cyberrunner_interfaces/cyberrunner_interfaces/msg/detail/dynamixel_vel__builder.hpp
[1.190s] -- Up-to-date symlink: /home/trungbao/cyberrunner_ws/install/cyberrunner_interfaces/include/cyberrunner_interfaces/cyberrunner_interfaces/msg/detail/dynamixel_vel__struct.hpp
[1.191s] -- Up-to-date symlink: /home/trungbao/cyberrunner_ws/install/cyberrunner_interfaces/include/cyberrunner_interfaces/cyberrunner_interfaces/msg/detail/dynamixel_vel__traits.hpp
[1.191s] -- Up-to-date symlink: /home/trungbao/cyberrunner_ws/install/cyberrunner_interfaces/include/cyberrunner_interfaces/cyberrunner_interfaces/msg/detail/dynamixel_vel__type_support.hpp
[1.191s] -- Up-to-date symlink: /home/trungbao/cyberrunner_ws/install/cyberrunner_interfaces/include/cyberrunner_interfaces/cyberrunner_interfaces/msg/detail/state_estimate__builder.hpp
[1.191s] -- Up-to-date symlink: /home/trungbao/cyberrunner_ws/install/cyberrunner_interfaces/include/cyberrunner_interfaces/cyberrunner_interfaces/msg/detail/state_estimate__struct.hpp
[1.191s] -- Up-to-date symlink: /home/trungbao/cyberrunner_ws/install/cyberrunner_interfaces/include/cyberrunner_interfaces/cyberrunner_interfaces/msg/detail/state_estimate__traits.hpp
[1.191s] -- Up-to-date symlink: /home/trungbao/cyberrunner_ws/install/cyberrunner_interfaces/include/cyberrunner_interfaces/cyberrunner_interfaces/msg/detail/state_estimate__type_support.hpp
[1.191s] -- Up-to-date symlink: /home/trungbao/cyberrunner_ws/install/cyberrunner_interfaces/include/cyberrunner_interfaces/cyberrunner_interfaces/msg/detail/state_estimate_sub__builder.hpp
[1.191s] -- Up-to-date symlink: /home/trungbao/cyberrunner_ws/install/cyberrunner_interfaces/include/cyberrunner_interfaces/cyberrunner_interfaces/msg/detail/state_estimate_sub__struct.hpp
[1.191s] -- Up-to-date symlink: /home/trungbao/cyberrunner_ws/install/cyberrunner_interfaces/include/cyberrunner_interfaces/cyberrunner_interfaces/msg/detail/state_estimate_sub__traits.hpp
[1.191s] -- Up-to-date symlink: /home/trungbao/cyberrunner_ws/install/cyberrunner_interfaces/include/cyberrunner_interfaces/cyberrunner_interfaces/msg/detail/state_estimate_sub__type_support.hpp
[1.191s] -- Up-to-date symlink: /home/trungbao/cyberrunner_ws/install/cyberrunner_interfaces/include/cyberrunner_interfaces/cyberrunner_interfaces/msg/dynamixel_vel.hpp
[1.191s] -- Up-to-date symlink: /home/trungbao/cyberrunner_ws/install/cyberrunner_interfaces/include/cyberrunner_interfaces/cyberrunner_interfaces/msg/rosidl_generator_cpp__visibility_control.hpp
[1.191s] -- Up-to-date symlink: /home/trungbao/cyberrunner_ws/install/cyberrunner_interfaces/include/cyberrunner_interfaces/cyberrunner_interfaces/msg/state_estimate.hpp
[1.192s] -- Up-to-date symlink: /home/trungbao/cyberrunner_ws/install/cyberrunner_interfaces/include/cyberrunner_interfaces/cyberrunner_interfaces/msg/state_estimate_sub.hpp
[1.192s] -- Up-to-date symlink: /home/trungbao/cyberrunner_ws/install/cyberrunner_interfaces/include/cyberrunner_interfaces/cyberrunner_interfaces/srv/detail/dynamixel_reset__builder.hpp
[1.192s] -- Up-to-date symlink: /home/trungbao/cyberrunner_ws/install/cyberrunner_interfaces/include/cyberrunner_interfaces/cyberrunner_interfaces/srv/detail/dynamixel_reset__struct.hpp
[1.192s] -- Up-to-date symlink: /home/trungbao/cyberrunner_ws/install/cyberrunner_interfaces/include/cyberrunner_interfaces/cyberrunner_interfaces/srv/detail/dynamixel_reset__traits.hpp
[1.192s] -- Up-to-date symlink: /home/trungbao/cyberrunner_ws/install/cyberrunner_interfaces/include/cyberrunner_interfaces/cyberrunner_interfaces/srv/detail/dynamixel_reset__type_support.hpp
[1.192s] -- Up-to-date symlink: /home/trungbao/cyberrunner_ws/install/cyberrunner_interfaces/include/cyberrunner_interfaces/cyberrunner_interfaces/srv/dynamixel_reset.hpp
[1.192s] -- Up-to-date symlink: /home/trungbao/cyberrunner_ws/install/cyberrunner_interfaces/include/cyberrunner_interfaces/cyberrunner_interfaces/msg/detail/dynamixel_vel__rosidl_typesupport_fastrtps_cpp.hpp
[1.192s] -- Up-to-date symlink: /home/trungbao/cyberrunner_ws/install/cyberrunner_interfaces/include/cyberrunner_interfaces/cyberrunner_interfaces/msg/detail/state_estimate__rosidl_typesupport_fastrtps_cpp.hpp
[1.192s] -- Up-to-date symlink: /home/trungbao/cyberrunner_ws/install/cyberrunner_interfaces/include/cyberrunner_interfaces/cyberrunner_interfaces/msg/detail/state_estimate_sub__rosidl_typesupport_fastrtps_cpp.hpp
[1.192s] -- Up-to-date symlink: /home/trungbao/cyberrunner_ws/install/cyberrunner_interfaces/include/cyberrunner_interfaces/cyberrunner_interfaces/msg/rosidl_typesupport_fastrtps_cpp__visibility_control.h
[1.192s] -- Up-to-date symlink: /home/trungbao/cyberrunner_ws/install/cyberrunner_interfaces/include/cyberrunner_interfaces/cyberrunner_interfaces/srv/detail/dynamixel_reset__rosidl_typesupport_fastrtps_cpp.hpp
[1.193s] -- Up-to-date symlink: /home/trungbao/cyberrunner_ws/install/cyberrunner_interfaces/include/cyberrunner_interfaces/cyberrunner_interfaces/msg/detail/dynamixel_vel__rosidl_typesupport_introspection_cpp.hpp
[1.193s] -- Up-to-date symlink: /home/trungbao/cyberrunner_ws/install/cyberrunner_interfaces/include/cyberrunner_interfaces/cyberrunner_interfaces/msg/detail/state_estimate__rosidl_typesupport_introspection_cpp.hpp
[1.193s] -- Up-to-date symlink: /home/trungbao/cyberrunner_ws/install/cyberrunner_interfaces/include/cyberrunner_interfaces/cyberrunner_interfaces/msg/detail/state_estimate_sub__rosidl_typesupport_introspection_cpp.hpp
[1.193s] -- Up-to-date symlink: /home/trungbao/cyberrunner_ws/install/cyberrunner_interfaces/include/cyberrunner_interfaces/cyberrunner_interfaces/srv/detail/dynamixel_reset__rosidl_typesupport_introspection_cpp.hpp
[1.193s] -- Up-to-date symlink: /home/trungbao/cyberrunner_ws/install/cyberrunner_interfaces/share/cyberrunner_interfaces/environment/pythonpath.sh
[1.193s] -- Up-to-date symlink: /home/trungbao/cyberrunner_ws/install/cyberrunner_interfaces/share/cyberrunner_interfaces/environment/pythonpath.dsv
[1.194s] -- Up-to-date symlink: /home/trungbao/cyberrunner_ws/install/cyberrunner_interfaces/local/lib/python3.10/dist-packages/cyberrunner_interfaces-0.0.0-py3.10.egg-info/PKG-INFO
[1.194s] -- Up-to-date symlink: /home/trungbao/cyberrunner_ws/install/cyberrunner_interfaces/local/lib/python3.10/dist-packages/cyberrunner_interfaces-0.0.0-py3.10.egg-info/SOURCES.txt
[1.194s] -- Up-to-date symlink: /home/trungbao/cyberrunner_ws/install/cyberrunner_interfaces/local/lib/python3.10/dist-packages/cyberrunner_interfaces-0.0.0-py3.10.egg-info/dependency_links.txt
[1.194s] -- Up-to-date symlink: /home/trungbao/cyberrunner_ws/install/cyberrunner_interfaces/local/lib/python3.10/dist-packages/cyberrunner_interfaces-0.0.0-py3.10.egg-info/top_level.txt
[1.194s] -- Up-to-date symlink: /home/trungbao/cyberrunner_ws/install/cyberrunner_interfaces/local/lib/python3.10/dist-packages/cyberrunner_interfaces/__init__.py
[1.194s] -- Up-to-date symlink: /home/trungbao/cyberrunner_ws/install/cyberrunner_interfaces/local/lib/python3.10/dist-packages/cyberrunner_interfaces/_cyberrunner_interfaces_s.ep.rosidl_typesupport_c.c
[1.194s] -- Up-to-date symlink: /home/trungbao/cyberrunner_ws/install/cyberrunner_interfaces/local/lib/python3.10/dist-packages/cyberrunner_interfaces/_cyberrunner_interfaces_s.ep.rosidl_typesupport_fastrtps_c.c
[1.194s] -- Up-to-date symlink: /home/trungbao/cyberrunner_ws/install/cyberrunner_interfaces/local/lib/python3.10/dist-packages/cyberrunner_interfaces/_cyberrunner_interfaces_s.ep.rosidl_typesupport_introspection_c.c
[1.194s] -- Up-to-date symlink: /home/trungbao/cyberrunner_ws/install/cyberrunner_interfaces/local/lib/python3.10/dist-packages/cyberrunner_interfaces/cyberrunner_interfaces_s__rosidl_typesupport_c.cpython-310-x86_64-linux-gnu.so
[1.194s] -- Up-to-date symlink: /home/trungbao/cyberrunner_ws/install/cyberrunner_interfaces/local/lib/python3.10/dist-packages/cyberrunner_interfaces/cyberrunner_interfaces_s__rosidl_typesupport_fastrtps_c.cpython-310-x86_64-linux-gnu.so
[1.194s] -- Up-to-date symlink: /home/trungbao/cyberrunner_ws/install/cyberrunner_interfaces/local/lib/python3.10/dist-packages/cyberrunner_interfaces/cyberrunner_interfaces_s__rosidl_typesupport_introspection_c.cpython-310-x86_64-linux-gnu.so
[1.195s] -- Up-to-date symlink: /home/trungbao/cyberrunner_ws/install/cyberrunner_interfaces/local/lib/python3.10/dist-packages/cyberrunner_interfaces/libcyberrunner_interfaces__rosidl_generator_py.so
[1.195s] -- Up-to-date symlink: /home/trungbao/cyberrunner_ws/install/cyberrunner_interfaces/local/lib/python3.10/dist-packages/cyberrunner_interfaces/msg/__init__.py
[1.195s] -- Up-to-date symlink: /home/trungbao/cyberrunner_ws/install/cyberrunner_interfaces/local/lib/python3.10/dist-packages/cyberrunner_interfaces/msg/_dynamixel_vel.py
[1.195s] -- Up-to-date symlink: /home/trungbao/cyberrunner_ws/install/cyberrunner_interfaces/local/lib/python3.10/dist-packages/cyberrunner_interfaces/msg/_dynamixel_vel_s.c
[1.195s] -- Up-to-date symlink: /home/trungbao/cyberrunner_ws/install/cyberrunner_interfaces/local/lib/python3.10/dist-packages/cyberrunner_interfaces/msg/_state_estimate.py
[1.195s] -- Up-to-date symlink: /home/trungbao/cyberrunner_ws/install/cyberrunner_interfaces/local/lib/python3.10/dist-packages/cyberrunner_interfaces/msg/_state_estimate_s.c
[1.195s] -- Up-to-date symlink: /home/trungbao/cyberrunner_ws/install/cyberrunner_interfaces/local/lib/python3.10/dist-packages/cyberrunner_interfaces/msg/_state_estimate_sub.py
[1.195s] -- Up-to-date symlink: /home/trungbao/cyberrunner_ws/install/cyberrunner_interfaces/local/lib/python3.10/dist-packages/cyberrunner_interfaces/msg/_state_estimate_sub_s.c
[1.195s] -- Up-to-date symlink: /home/trungbao/cyberrunner_ws/install/cyberrunner_interfaces/local/lib/python3.10/dist-packages/cyberrunner_interfaces/srv/__init__.py
[1.195s] -- Up-to-date symlink: /home/trungbao/cyberrunner_ws/install/cyberrunner_interfaces/local/lib/python3.10/dist-packages/cyberrunner_interfaces/srv/_dynamixel_reset.py
[1.195s] -- Up-to-date symlink: /home/trungbao/cyberrunner_ws/install/cyberrunner_interfaces/local/lib/python3.10/dist-packages/cyberrunner_interfaces/srv/_dynamixel_reset_s.c
[1.195s] -- Up-to-date symlink: /home/trungbao/cyberrunner_ws/install/cyberrunner_interfaces/local/lib/python3.10/dist-packages/cyberrunner_interfaces/cyberrunner_interfaces_s__rosidl_typesupport_fastrtps_c.cpython-310-x86_64-linux-gnu.so
[1.195s] -- Up-to-date symlink: /home/trungbao/cyberrunner_ws/install/cyberrunner_interfaces/local/lib/python3.10/dist-packages/cyberrunner_interfaces/cyberrunner_interfaces_s__rosidl_typesupport_introspection_c.cpython-310-x86_64-linux-gnu.so
[1.196s] -- Up-to-date symlink: /home/trungbao/cyberrunner_ws/install/cyberrunner_interfaces/local/lib/python3.10/dist-packages/cyberrunner_interfaces/cyberrunner_interfaces_s__rosidl_typesupport_c.cpython-310-x86_64-linux-gnu.so
[1.196s] -- Up-to-date symlink: /home/trungbao/cyberrunner_ws/install/cyberrunner_interfaces/share/cyberrunner_interfaces/msg/DynamixelVel.idl
[1.196s] -- Up-to-date symlink: /home/trungbao/cyberrunner_ws/install/cyberrunner_interfaces/share/cyberrunner_interfaces/msg/StateEstimate.idl
[1.196s] -- Up-to-date symlink: /home/trungbao/cyberrunner_ws/install/cyberrunner_interfaces/share/cyberrunner_interfaces/msg/StateEstimateSub.idl
[1.196s] -- Up-to-date symlink: /home/trungbao/cyberrunner_ws/install/cyberrunner_interfaces/share/cyberrunner_interfaces/srv/DynamixelReset.idl
[1.196s] -- Up-to-date symlink: /home/trungbao/cyberrunner_ws/install/cyberrunner_interfaces/share/cyberrunner_interfaces/msg/DynamixelVel.msg
[1.196s] -- Up-to-date symlink: /home/trungbao/cyberrunner_ws/install/cyberrunner_interfaces/share/cyberrunner_interfaces/msg/StateEstimate.msg
[1.196s] -- Up-to-date symlink: /home/trungbao/cyberrunner_ws/install/cyberrunner_interfaces/share/cyberrunner_interfaces/msg/StateEstimateSub.msg
[1.196s] -- Up-to-date symlink: /home/trungbao/cyberrunner_ws/install/cyberrunner_interfaces/share/cyberrunner_interfaces/srv/DynamixelReset.srv
[1.196s] -- Up-to-date symlink: /home/trungbao/cyberrunner_ws/install/cyberrunner_interfaces/share/cyberrunner_interfaces/srv/DynamixelReset_Request.msg
[1.196s] -- Up-to-date symlink: /home/trungbao/cyberrunner_ws/install/cyberrunner_interfaces/share/cyberrunner_interfaces/srv/DynamixelReset_Response.msg
[1.196s] -- Up-to-date symlink: /home/trungbao/cyberrunner_ws/install/cyberrunner_interfaces/share/ament_index/resource_index/package_run_dependencies/cyberrunner_interfaces
[1.196s] -- Up-to-date symlink: /home/trungbao/cyberrunner_ws/install/cyberrunner_interfaces/share/ament_index/resource_index/parent_prefix_path/cyberrunner_interfaces
[1.196s] -- Up-to-date symlink: /home/trungbao/cyberrunner_ws/install/cyberrunner_interfaces/share/cyberrunner_interfaces/environment/ament_prefix_path.sh
[1.196s] -- Up-to-date symlink: /home/trungbao/cyberrunner_ws/install/cyberrunner_interfaces/share/cyberrunner_interfaces/environment/ament_prefix_path.dsv
[1.196s] -- Up-to-date symlink: /home/trungbao/cyberrunner_ws/install/cyberrunner_interfaces/share/cyberrunner_interfaces/environment/path.sh
[1.197s] -- Up-to-date symlink: /home/trungbao/cyberrunner_ws/install/cyberrunner_interfaces/share/cyberrunner_interfaces/environment/path.dsv
[1.197s] -- Up-to-date symlink: /home/trungbao/cyberrunner_ws/install/cyberrunner_interfaces/share/cyberrunner_interfaces/local_setup.bash
[1.197s] -- Up-to-date symlink: /home/trungbao/cyberrunner_ws/install/cyberrunner_interfaces/share/cyberrunner_interfaces/local_setup.sh
[1.197s] -- Up-to-date symlink: /home/trungbao/cyberrunner_ws/install/cyberrunner_interfaces/share/cyberrunner_interfaces/local_setup.zsh
[1.197s] -- Up-to-date symlink: /home/trungbao/cyberrunner_ws/install/cyberrunner_interfaces/share/cyberrunner_interfaces/local_setup.dsv
[1.197s] -- Symlinking: /home/trungbao/cyberrunner_ws/install/cyberrunner_interfaces/share/cyberrunner_interfaces/package.dsv
[1.201s] -- Up-to-date symlink: /home/trungbao/cyberrunner_ws/install/cyberrunner_interfaces/share/ament_index/resource_index/packages/cyberrunner_interfaces
[1.202s] -- Up-to-date symlink: /home/trungbao/cyberrunner_ws/install/cyberrunner_interfaces/share/cyberrunner_interfaces/cmake/rosidl_cmake-extras.cmake
[1.202s] -- Up-to-date symlink: /home/trungbao/cyberrunner_ws/install/cyberrunner_interfaces/share/cyberrunner_interfaces/cmake/ament_cmake_export_dependencies-extras.cmake
[1.202s] -- Up-to-date symlink: /home/trungbao/cyberrunner_ws/install/cyberrunner_interfaces/share/cyberrunner_interfaces/cmake/ament_cmake_export_include_directories-extras.cmake
[1.202s] -- Up-to-date symlink: /home/trungbao/cyberrunner_ws/install/cyberrunner_interfaces/share/cyberrunner_interfaces/cmake/ament_cmake_export_libraries-extras.cmake
[1.202s] -- Up-to-date symlink: /home/trungbao/cyberrunner_ws/install/cyberrunner_interfaces/share/cyberrunner_interfaces/cmake/ament_cmake_export_targets-extras.cmake
[1.202s] -- Up-to-date symlink: /home/trungbao/cyberrunner_ws/install/cyberrunner_interfaces/share/cyberrunner_interfaces/cmake/rosidl_cmake_export_typesupport_targets-extras.cmake
[1.202s] -- Up-to-date symlink: /home/trungbao/cyberrunner_ws/install/cyberrunner_interfaces/share/cyberrunner_interfaces/cmake/rosidl_cmake_export_typesupport_libraries-extras.cmake
[1.202s] -- Up-to-date symlink: /home/trungbao/cyberrunner_ws/install/cyberrunner_interfaces/share/cyberrunner_interfaces/cmake/cyberrunner_interfacesConfig.cmake
[1.202s] -- Up-to-date symlink: /home/trungbao/cyberrunner_ws/install/cyberrunner_interfaces/share/cyberrunner_interfaces/cmake/cyberrunner_interfacesConfig-version.cmake
[1.202s] -- Up-to-date symlink: /home/trungbao/cyberrunner_ws/install/cyberrunner_interfaces/share/cyberrunner_interfaces/package.xml
[1.204s] -- Up-to-date: /home/trungbao/cyberrunner_ws/install/cyberrunner_interfaces/lib/libcyberrunner_interfaces__rosidl_generator_c.so
[1.205s] -- Up-to-date: /home/trungbao/cyberrunner_ws/install/cyberrunner_interfaces/lib/libcyberrunner_interfaces__rosidl_typesupport_fastrtps_c.so
[1.205s] -- Up-to-date: /home/trungbao/cyberrunner_ws/install/cyberrunner_interfaces/lib/libcyberrunner_interfaces__rosidl_typesupport_introspection_c.so
[1.206s] -- Up-to-date: /home/trungbao/cyberrunner_ws/install/cyberrunner_interfaces/lib/libcyberrunner_interfaces__rosidl_typesupport_c.so
[1.206s] -- Up-to-date: /home/trungbao/cyberrunner_ws/install/cyberrunner_interfaces/lib/libcyberrunner_interfaces__rosidl_typesupport_fastrtps_cpp.so
[1.207s] -- Up-to-date: /home/trungbao/cyberrunner_ws/install/cyberrunner_interfaces/lib/libcyberrunner_interfaces__rosidl_typesupport_introspection_cpp.so
[1.207s] -- Up-to-date: /home/trungbao/cyberrunner_ws/install/cyberrunner_interfaces/lib/libcyberrunner_interfaces__rosidl_typesupport_cpp.so
[1.230s] Listing '/home/trungbao/cyberrunner_ws/install/cyberrunner_interfaces/local/lib/python3.10/dist-packages/cyberrunner_interfaces'...
[1.230s] Compiling '/home/trungbao/cyberrunner_ws/install/cyberrunner_interfaces/local/lib/python3.10/dist-packages/cyberrunner_interfaces/__init__.py'...
[1.230s] Listing '/home/trungbao/cyberrunner_ws/install/cyberrunner_interfaces/local/lib/python3.10/dist-packages/cyberrunner_interfaces/msg'...
[1.230s] Listing '/home/trungbao/cyberrunner_ws/install/cyberrunner_interfaces/local/lib/python3.10/dist-packages/cyberrunner_interfaces/srv'...
[1.233s] -- Up-to-date: /home/trungbao/cyberrunner_ws/install/cyberrunner_interfaces/lib/libcyberrunner_interfaces__rosidl_generator_py.so
[1.233s] -- Up-to-date: /home/trungbao/cyberrunner_ws/install/cyberrunner_interfaces/share/cyberrunner_interfaces/cmake/export_cyberrunner_interfaces__rosidl_generator_cExport.cmake
[1.233s] -- Up-to-date: /home/trungbao/cyberrunner_ws/install/cyberrunner_interfaces/share/cyberrunner_interfaces/cmake/export_cyberrunner_interfaces__rosidl_generator_cExport-noconfig.cmake
[1.233s] -- Up-to-date: /home/trungbao/cyberrunner_ws/install/cyberrunner_interfaces/share/cyberrunner_interfaces/cmake/export_cyberrunner_interfaces__rosidl_typesupport_fastrtps_cExport.cmake
[1.233s] -- Up-to-date: /home/trungbao/cyberrunner_ws/install/cyberrunner_interfaces/share/cyberrunner_interfaces/cmake/export_cyberrunner_interfaces__rosidl_typesupport_fastrtps_cExport-noconfig.cmake
[1.233s] -- Up-to-date: /home/trungbao/cyberrunner_ws/install/cyberrunner_interfaces/share/cyberrunner_interfaces/cmake/cyberrunner_interfaces__rosidl_typesupport_introspection_cExport.cmake
[1.233s] -- Up-to-date: /home/trungbao/cyberrunner_ws/install/cyberrunner_interfaces/share/cyberrunner_interfaces/cmake/cyberrunner_interfaces__rosidl_typesupport_introspection_cExport-noconfig.cmake
[1.233s] -- Up-to-date: /home/trungbao/cyberrunner_ws/install/cyberrunner_interfaces/share/cyberrunner_interfaces/cmake/cyberrunner_interfaces__rosidl_typesupport_cExport.cmake
[1.233s] -- Up-to-date: /home/trungbao/cyberrunner_ws/install/cyberrunner_interfaces/share/cyberrunner_interfaces/cmake/cyberrunner_interfaces__rosidl_typesupport_cExport-noconfig.cmake
[1.234s] -- Up-to-date: /home/trungbao/cyberrunner_ws/install/cyberrunner_interfaces/share/cyberrunner_interfaces/cmake/export_cyberrunner_interfaces__rosidl_generator_cppExport.cmake
[1.234s] -- Up-to-date: /home/trungbao/cyberrunner_ws/install/cyberrunner_interfaces/share/cyberrunner_interfaces/cmake/export_cyberrunner_interfaces__rosidl_typesupport_fastrtps_cppExport.cmake
[1.234s] -- Up-to-date: /home/trungbao/cyberrunner_ws/install/cyberrunner_interfaces/share/cyberrunner_interfaces/cmake/export_cyberrunner_interfaces__rosidl_typesupport_fastrtps_cppExport-noconfig.cmake
[1.234s] -- Up-to-date: /home/trungbao/cyberrunner_ws/install/cyberrunner_interfaces/share/cyberrunner_interfaces/cmake/cyberrunner_interfaces__rosidl_typesupport_introspection_cppExport.cmake
[1.234s] -- Up-to-date: /home/trungbao/cyberrunner_ws/install/cyberrunner_interfaces/share/cyberrunner_interfaces/cmake/cyberrunner_interfaces__rosidl_typesupport_introspection_cppExport-noconfig.cmake
[1.234s] -- Up-to-date: /home/trungbao/cyberrunner_ws/install/cyberrunner_interfaces/share/cyberrunner_interfaces/cmake/cyberrunner_interfaces__rosidl_typesupport_cppExport.cmake
[1.234s] -- Up-to-date: /home/trungbao/cyberrunner_ws/install/cyberrunner_interfaces/share/cyberrunner_interfaces/cmake/cyberrunner_interfaces__rosidl_typesupport_cppExport-noconfig.cmake
[1.234s] -- Up-to-date: /home/trungbao/cyberrunner_ws/install/cyberrunner_interfaces/share/cyberrunner_interfaces/cmake/export_cyberrunner_interfaces__rosidl_generator_pyExport.cmake
[1.234s] -- Up-to-date: /home/trungbao/cyberrunner_ws/install/cyberrunner_interfaces/share/cyberrunner_interfaces/cmake/export_cyberrunner_interfaces__rosidl_generator_pyExport-noconfig.cmake
[1.236s] Invoked command in '/home/trungbao/cyberrunner_ws/build/cyberrunner_interfaces' returned '0': CMAKE_PREFIX_PATH=${CMAKE_PREFIX_PATH}:/home/trungbao/cyberrunner_ws/install/cyberrunner_vision:/home/trungbao/cyberrunner_ws/install/cyberrunner_state_estimation:/home/trungbao/cyberrunner_ws/install/cyberrunner_pid:/home/trungbao/cyberrunner_ws/install/cyberrunner_dreamer:/home/trungbao/cyberrunner_ws/install/cyberrunner_hiwonder:/opt/ros/humble /usr/bin/cmake --install /home/trungbao/cyberrunner_ws/build/cyberrunner_interfaces
