[0.427s] Invoking command in '/home/trungbao/cyberrunner_ws/build/cyberrunner_dreamer': PS1=(dreamer_ros) \[\e]0;\u@\h: \w\a\]${debian_chroot:+($debian_chroot)}\[\033[01;32m\]\u@\h\[\033[00m\]:\[\033[01;34m\]\w\[\033[00m\]\$ PYTHONPATH=/home/trungbao/cyberrunner_ws/build/cyberrunner_dreamer/prefix_override:/home/trungbao/venvs/dreamer_ros/lib/python3.10/site-packages/colcon_core/task/python/colcon_distutils_commands:/home/trungbao/cyberrunner_ws/install/cyberrunner_dreamer/lib/python3.10/site-packages:${PYTHONPATH} VIRTUAL_ENV_PROMPT=(dreamer_ros) /home/trungbao/venvs/dreamer_ros/bin/python -W ignore:setup.py install is deprecated -W ignore:easy_install command is deprecated setup.py develop --editable --build-directory /home/trungbao/cyberrunner_ws/build/cyberrunner_dreamer/build --no-deps symlink_data
[0.581s] running develop
[0.656s] running egg_info
[0.657s] creating cyberrunner_dreamer.egg-info
[0.661s] writing cyberrunner_dreamer.egg-info/PKG-INFO
[0.661s] writing dependency_links to cyberrunner_dreamer.egg-info/dependency_links.txt
[0.661s] writing entry points to cyberrunner_dreamer.egg-info/entry_points.txt
[0.661s] writing requirements to cyberrunner_dreamer.egg-info/requires.txt
[0.661s] writing top-level names to cyberrunner_dreamer.egg-info/top_level.txt
[0.661s] writing manifest file 'cyberrunner_dreamer.egg-info/SOURCES.txt'
[0.671s] reading manifest file 'cyberrunner_dreamer.egg-info/SOURCES.txt'
[0.671s] writing manifest file 'cyberrunner_dreamer.egg-info/SOURCES.txt'
[0.676s] running build_ext
[0.676s] Creating /home/trungbao/cyberrunner_ws/install/cyberrunner_dreamer/lib/python3.10/site-packages/cyberrunner-dreamer.egg-link (link to .)
[0.677s] Installing eval script to /home/trungbao/cyberrunner_ws/install/cyberrunner_dreamer/lib/cyberrunner_dreamer
[0.677s] Installing test script to /home/trungbao/cyberrunner_ws/install/cyberrunner_dreamer/lib/cyberrunner_dreamer
[0.677s] Installing train script to /home/trungbao/cyberrunner_ws/install/cyberrunner_dreamer/lib/cyberrunner_dreamer
[0.677s] Installing train_parallel script to /home/trungbao/cyberrunner_ws/install/cyberrunner_dreamer/lib/cyberrunner_dreamer
[0.677s] 
[0.677s] Installed /home/trungbao/cyberrunner_ws/build/cyberrunner_dreamer
[0.677s] running symlink_data
[0.677s] creating /home/trungbao/cyberrunner_ws/install/cyberrunner_dreamer/share/ament_index
[0.677s] creating /home/trungbao/cyberrunner_ws/install/cyberrunner_dreamer/share/ament_index/resource_index
[0.677s] creating /home/trungbao/cyberrunner_ws/install/cyberrunner_dreamer/share/ament_index/resource_index/packages
[0.677s] symbolically linking /home/trungbao/cyberrunner_ws/build/cyberrunner_dreamer/resource/cyberrunner_dreamer -> /home/trungbao/cyberrunner_ws/install/cyberrunner_dreamer/share/ament_index/resource_index/packages
[0.677s] symbolically linking /home/trungbao/cyberrunner_ws/build/cyberrunner_dreamer/package.xml -> /home/trungbao/cyberrunner_ws/install/cyberrunner_dreamer/share/cyberrunner_dreamer
[0.677s] symbolically linking /home/trungbao/cyberrunner_ws/build/cyberrunner_dreamer/data/path_0002_hard.pkl -> /home/trungbao/cyberrunner_ws/install/cyberrunner_dreamer/share/cyberrunner_dreamer
[0.696s] Invoked command in '/home/trungbao/cyberrunner_ws/build/cyberrunner_dreamer' returned '0': PS1=(dreamer_ros) \[\e]0;\u@\h: \w\a\]${debian_chroot:+($debian_chroot)}\[\033[01;32m\]\u@\h\[\033[00m\]:\[\033[01;34m\]\w\[\033[00m\]\$ PYTHONPATH=/home/trungbao/cyberrunner_ws/build/cyberrunner_dreamer/prefix_override:/home/trungbao/venvs/dreamer_ros/lib/python3.10/site-packages/colcon_core/task/python/colcon_distutils_commands:/home/trungbao/cyberrunner_ws/install/cyberrunner_dreamer/lib/python3.10/site-packages:${PYTHONPATH} VIRTUAL_ENV_PROMPT=(dreamer_ros) /home/trungbao/venvs/dreamer_ros/bin/python -W ignore:setup.py install is deprecated -W ignore:easy_install command is deprecated setup.py develop --editable --build-directory /home/trungbao/cyberrunner_ws/build/cyberrunner_dreamer/build --no-deps symlink_data
