[0.918s] Invoking command in '/home/trungbao/cyberrunner_ws/build/cyberrunner_vision': PYTHONPATH=/home/trungbao/cyberrunner_ws/build/cyberrunner_vision/prefix_override:/usr/lib/python3/dist-packages/colcon_core/task/python/colcon_distutils_commands:/home/trungbao/cyberrunner_ws/install/cyberrunner_vision/lib/python3.10/site-packages:${PYTHONPATH} /usr/bin/python3 -W ignore:setup.py install is deprecated -W ignore:easy_install command is deprecated setup.py develop --editable --build-directory /home/trungbao/cyberrunner_ws/build/cyberrunner_vision/build --no-deps symlink_data
[1.033s] /home/trungbao/.local/lib/python3.10/site-packages/setuptools/_distutils/dist.py:289: UserWarning: Unknown distribution option: 'tests_require'
[1.035s]   warnings.warn(msg)
[1.132s] running develop
[1.259s] running egg_info
[1.268s] writing cyberrunner_vision.egg-info/PKG-INFO
[1.268s] writing dependency_links to cyberrunner_vision.egg-info/dependency_links.txt
[1.268s] writing entry points to cyberrunner_vision.egg-info/entry_points.txt
[1.268s] writing requirements to cyberrunner_vision.egg-info/requires.txt
[1.268s] writing top-level names to cyberrunner_vision.egg-info/top_level.txt
[1.288s] reading manifest file 'cyberrunner_vision.egg-info/SOURCES.txt'
[1.289s] writing manifest file 'cyberrunner_vision.egg-info/SOURCES.txt'
[1.299s] running build_ext
[1.300s] Creating /home/trungbao/cyberrunner_ws/install/cyberrunner_vision/lib/python3.10/site-packages/cyberrunner-vision.egg-link (link to .)
[1.300s] Installing camera_node script to /home/trungbao/cyberrunner_ws/install/cyberrunner_vision/lib/cyberrunner_vision
[1.301s] Installing controller_node script to /home/trungbao/cyberrunner_ws/install/cyberrunner_vision/lib/cyberrunner_vision
[1.301s] Installing estimator_node script to /home/trungbao/cyberrunner_ws/install/cyberrunner_vision/lib/cyberrunner_vision
[1.301s] Installing marble_node script to /home/trungbao/cyberrunner_ws/install/cyberrunner_vision/lib/cyberrunner_vision
[1.301s] Installing path_node script to /home/trungbao/cyberrunner_ws/install/cyberrunner_vision/lib/cyberrunner_vision
[1.301s] Installing tuner_node script to /home/trungbao/cyberrunner_ws/install/cyberrunner_vision/lib/cyberrunner_vision
[1.301s] 
[1.301s] Installed /home/trungbao/cyberrunner_ws/build/cyberrunner_vision
[1.301s] running symlink_data
[1.329s] Invoked command in '/home/trungbao/cyberrunner_ws/build/cyberrunner_vision' returned '0': PYTHONPATH=/home/trungbao/cyberrunner_ws/build/cyberrunner_vision/prefix_override:/usr/lib/python3/dist-packages/colcon_core/task/python/colcon_distutils_commands:/home/trungbao/cyberrunner_ws/install/cyberrunner_vision/lib/python3.10/site-packages:${PYTHONPATH} /usr/bin/python3 -W ignore:setup.py install is deprecated -W ignore:easy_install command is deprecated setup.py develop --editable --build-directory /home/trungbao/cyberrunner_ws/build/cyberrunner_vision/build --no-deps symlink_data
