[0.889s] Invoking command in '/home/trungbao/cyberrunner_ws/build/cyberrunner_dreamer': PYTHONPATH=/home/trungbao/cyberrunner_ws/build/cyberrunner_dreamer/prefix_override:/usr/lib/python3/dist-packages/colcon_core/task/python/colcon_distutils_commands:/home/trungbao/cyberrunner_ws/install/cyberrunner_dreamer/lib/python3.10/site-packages:${PYTHONPATH} /usr/bin/python3 -W ignore:setup.py install is deprecated -W ignore:easy_install command is deprecated setup.py develop --editable --build-directory /home/trungbao/cyberrunner_ws/build/cyberrunner_dreamer/build --no-deps symlink_data
[1.017s] /home/trungbao/.local/lib/python3.10/site-packages/setuptools/_distutils/dist.py:289: UserWarning: Unknown distribution option: 'tests_require'
[1.018s]   warnings.warn(msg)
[1.109s] running develop
[1.227s] running egg_info
[1.238s] writing cyberrunner_dreamer.egg-info/PKG-INFO
[1.238s] writing dependency_links to cyberrunner_dreamer.egg-info/dependency_links.txt
[1.238s] writing entry points to cyberrunner_dreamer.egg-info/entry_points.txt
[1.238s] writing requirements to cyberrunner_dreamer.egg-info/requires.txt
[1.238s] writing top-level names to cyberrunner_dreamer.egg-info/top_level.txt
[1.257s] reading manifest file 'cyberrunner_dreamer.egg-info/SOURCES.txt'
[1.258s] writing manifest file 'cyberrunner_dreamer.egg-info/SOURCES.txt'
[1.269s] running build_ext
[1.269s] Creating /home/trungbao/cyberrunner_ws/install/cyberrunner_dreamer/lib/python3.10/site-packages/cyberrunner-dreamer.egg-link (link to .)
[1.270s] Installing eval script to /home/trungbao/cyberrunner_ws/install/cyberrunner_dreamer/lib/cyberrunner_dreamer
[1.270s] Installing test script to /home/trungbao/cyberrunner_ws/install/cyberrunner_dreamer/lib/cyberrunner_dreamer
[1.270s] Installing train script to /home/trungbao/cyberrunner_ws/install/cyberrunner_dreamer/lib/cyberrunner_dreamer
[1.270s] Installing train_parallel script to /home/trungbao/cyberrunner_ws/install/cyberrunner_dreamer/lib/cyberrunner_dreamer
[1.270s] 
[1.270s] Installed /home/trungbao/cyberrunner_ws/build/cyberrunner_dreamer
[1.271s] running symlink_data
[1.298s] Invoked command in '/home/trungbao/cyberrunner_ws/build/cyberrunner_dreamer' returned '0': PYTHONPATH=/home/trungbao/cyberrunner_ws/build/cyberrunner_dreamer/prefix_override:/usr/lib/python3/dist-packages/colcon_core/task/python/colcon_distutils_commands:/home/trungbao/cyberrunner_ws/install/cyberrunner_dreamer/lib/python3.10/site-packages:${PYTHONPATH} /usr/bin/python3 -W ignore:setup.py install is deprecated -W ignore:easy_install command is deprecated setup.py develop --editable --build-directory /home/trungbao/cyberrunner_ws/build/cyberrunner_dreamer/build --no-deps symlink_data
