/home/trungbao/cyberrunner_ws/install/cyberrunner_vision/lib/python3.10/site-packages/cyberrunner_vision/ocam_params.py
/home/trungbao/cyberrunner_ws/install/cyberrunner_vision/lib/python3.10/site-packages/cyberrunner_vision/controller_node.py
/home/trungbao/cyberrunner_ws/install/cyberrunner_vision/lib/python3.10/site-packages/cyberrunner_vision/__init__.py
/home/trungbao/cyberrunner_ws/install/cyberrunner_vision/lib/python3.10/site-packages/cyberrunner_vision/path_node.py
/home/trungbao/cyberrunner_ws/install/cyberrunner_vision/lib/python3.10/site-packages/cyberrunner_vision/estimator_node.py
/home/trungbao/cyberrunner_ws/install/cyberrunner_vision/lib/python3.10/site-packages/cyberrunner_vision/camera_node.py
/home/trungbao/cyberrunner_ws/install/cyberrunner_vision/lib/python3.10/site-packages/cyberrunner_vision/tuner_node.py
/home/trungbao/cyberrunner_ws/install/cyberrunner_vision/lib/python3.10/site-packages/cyberrunner_vision/marble_node.py
/home/trungbao/cyberrunner_ws/install/cyberrunner_vision/lib/python3.10/site-packages/cyberrunner_vision/calibration_node.py
/home/trungbao/cyberrunner_ws/install/cyberrunner_vision/lib/python3.10/site-packages/cyberrunner_vision/__pycache__/ocam_params.cpython-310.pyc
/home/trungbao/cyberrunner_ws/install/cyberrunner_vision/lib/python3.10/site-packages/cyberrunner_vision/__pycache__/controller_node.cpython-310.pyc
/home/trungbao/cyberrunner_ws/install/cyberrunner_vision/lib/python3.10/site-packages/cyberrunner_vision/__pycache__/__init__.cpython-310.pyc
/home/trungbao/cyberrunner_ws/install/cyberrunner_vision/lib/python3.10/site-packages/cyberrunner_vision/__pycache__/path_node.cpython-310.pyc
/home/trungbao/cyberrunner_ws/install/cyberrunner_vision/lib/python3.10/site-packages/cyberrunner_vision/__pycache__/estimator_node.cpython-310.pyc
/home/trungbao/cyberrunner_ws/install/cyberrunner_vision/lib/python3.10/site-packages/cyberrunner_vision/__pycache__/camera_node.cpython-310.pyc
/home/trungbao/cyberrunner_ws/install/cyberrunner_vision/lib/python3.10/site-packages/cyberrunner_vision/__pycache__/tuner_node.cpython-310.pyc
/home/trungbao/cyberrunner_ws/install/cyberrunner_vision/lib/python3.10/site-packages/cyberrunner_vision/__pycache__/marble_node.cpython-310.pyc
/home/trungbao/cyberrunner_ws/install/cyberrunner_vision/lib/python3.10/site-packages/cyberrunner_vision/__pycache__/calibration_node.cpython-310.pyc
/home/trungbao/cyberrunner_ws/install/cyberrunner_vision/share/ament_index/resource_index/packages/cyberrunner_vision
/home/trungbao/cyberrunner_ws/install/cyberrunner_vision/share/cyberrunner_vision/package.xml
/home/trungbao/cyberrunner_ws/install/cyberrunner_vision/share/cyberrunner_vision/launch/cyberrunner.launch.py
/home/trungbao/cyberrunner_ws/install/cyberrunner_vision/lib/python3.10/site-packages/cyberrunner_vision-0.1.0-py3.10.egg-info/SOURCES.txt
/home/trungbao/cyberrunner_ws/install/cyberrunner_vision/lib/python3.10/site-packages/cyberrunner_vision-0.1.0-py3.10.egg-info/dependency_links.txt
/home/trungbao/cyberrunner_ws/install/cyberrunner_vision/lib/python3.10/site-packages/cyberrunner_vision-0.1.0-py3.10.egg-info/PKG-INFO
/home/trungbao/cyberrunner_ws/install/cyberrunner_vision/lib/python3.10/site-packages/cyberrunner_vision-0.1.0-py3.10.egg-info/entry_points.txt
/home/trungbao/cyberrunner_ws/install/cyberrunner_vision/lib/python3.10/site-packages/cyberrunner_vision-0.1.0-py3.10.egg-info/top_level.txt
/home/trungbao/cyberrunner_ws/install/cyberrunner_vision/lib/python3.10/site-packages/cyberrunner_vision-0.1.0-py3.10.egg-info/requires.txt
/home/trungbao/cyberrunner_ws/install/cyberrunner_vision/lib/python3.10/site-packages/cyberrunner_vision-0.1.0-py3.10.egg-info/zip-safe
/home/trungbao/cyberrunner_ws/install/cyberrunner_vision/lib/cyberrunner_vision/calibration_node
/home/trungbao/cyberrunner_ws/install/cyberrunner_vision/lib/cyberrunner_vision/camera_node
/home/trungbao/cyberrunner_ws/install/cyberrunner_vision/lib/cyberrunner_vision/controller_node
/home/trungbao/cyberrunner_ws/install/cyberrunner_vision/lib/cyberrunner_vision/estimator_node
/home/trungbao/cyberrunner_ws/install/cyberrunner_vision/lib/cyberrunner_vision/marble_node
/home/trungbao/cyberrunner_ws/install/cyberrunner_vision/lib/cyberrunner_vision/path_node
/home/trungbao/cyberrunner_ws/install/cyberrunner_vision/lib/cyberrunner_vision/tuner_node
