[0.380s] Invoking command in '/home/trungbao/cyberrunner_ws/src/cyberrunner_pid': AMENT_PREFIX_PATH=/home/trungbao/cyberrunner_ws/install/cyberrunner_interfaces:${AMENT_PREFIX_PATH} CMAKE_PREFIX_PATH=/home/trungbao/cyberrunner_ws/install/cyberrunner_interfaces LD_LIBRARY_PATH=/home/trungbao/cyberrunner_ws/install/cyberrunner_interfaces/lib:${LD_LIBRARY_PATH} PYTHONPATH=/home/trungbao/cyberrunner_ws/build/cyberrunner_pid/prefix_override:/usr/lib/python3/dist-packages/colcon_core/task/python/colcon_distutils_commands:/home/trungbao/cyberrunner_ws/install/cyberrunner_pid/lib/python3.10/site-packages:/home/trungbao/cyberrunner_ws/install/cyberrunner_interfaces/local/lib/python3.10/dist-packages:${PYTHONPATH} /usr/bin/python3 -W ignore:setup.py install is deprecated -W ignore:easy_install command is deprecated setup.py egg_info --egg-base ../../build/cyberrunner_pid build --build-base /home/trungbao/cyberrunner_ws/build/cyberrunner_pid/build install --record /home/trungbao/cyberrunner_ws/build/cyberrunner_pid/install.log --single-version-externally-managed install_data
[0.495s] running egg_info
[0.501s] writing ../../build/cyberrunner_pid/cyberrunner_pid.egg-info/PKG-INFO
[0.501s] writing dependency_links to ../../build/cyberrunner_pid/cyberrunner_pid.egg-info/dependency_links.txt
[0.501s] writing entry points to ../../build/cyberrunner_pid/cyberrunner_pid.egg-info/entry_points.txt
[0.501s] writing requirements to ../../build/cyberrunner_pid/cyberrunner_pid.egg-info/requires.txt
[0.501s] writing top-level names to ../../build/cyberrunner_pid/cyberrunner_pid.egg-info/top_level.txt
[0.515s] reading manifest file '../../build/cyberrunner_pid/cyberrunner_pid.egg-info/SOURCES.txt'
[0.517s] writing manifest file '../../build/cyberrunner_pid/cyberrunner_pid.egg-info/SOURCES.txt'
[0.517s] running build
[0.517s] running build_py
[0.517s] copying cyberrunner_pid/click_target.py -> /home/trungbao/cyberrunner_ws/build/cyberrunner_pid/build/lib/cyberrunner_pid
[0.517s] copying cyberrunner_pid/route_wfocus_follow.py -> /home/trungbao/cyberrunner_ws/build/cyberrunner_pid/build/lib/cyberrunner_pid
[0.517s] copying cyberrunner_pid/pid_controller.py -> /home/trungbao/cyberrunner_ws/build/cyberrunner_pid/build/lib/cyberrunner_pid
[0.517s] copying cyberrunner_pid/__init__.py -> /home/trungbao/cyberrunner_ws/build/cyberrunner_pid/build/lib/cyberrunner_pid
[0.517s] copying cyberrunner_pid/maze_planner.py -> /home/trungbao/cyberrunner_ws/build/cyberrunner_pid/build/lib/cyberrunner_pid
[0.517s] copying cyberrunner_pid/path_follower_node.py -> /home/trungbao/cyberrunner_ws/build/cyberrunner_pid/build/lib/cyberrunner_pid
[0.517s] copying cyberrunner_pid/orange_track_mapper_node.py -> /home/trungbao/cyberrunner_ws/build/cyberrunner_pid/build/lib/cyberrunner_pid
[0.518s] running install
[0.520s] running install_lib
[0.526s] copying /home/trungbao/cyberrunner_ws/build/cyberrunner_pid/build/lib/cyberrunner_pid/maze_planner.py -> /home/trungbao/cyberrunner_ws/install/cyberrunner_pid/lib/python3.10/site-packages/cyberrunner_pid
[0.526s] copying /home/trungbao/cyberrunner_ws/build/cyberrunner_pid/build/lib/cyberrunner_pid/path_follower_node.py -> /home/trungbao/cyberrunner_ws/install/cyberrunner_pid/lib/python3.10/site-packages/cyberrunner_pid
[0.526s] copying /home/trungbao/cyberrunner_ws/build/cyberrunner_pid/build/lib/cyberrunner_pid/orange_track_mapper_node.py -> /home/trungbao/cyberrunner_ws/install/cyberrunner_pid/lib/python3.10/site-packages/cyberrunner_pid
[0.527s] byte-compiling /home/trungbao/cyberrunner_ws/install/cyberrunner_pid/lib/python3.10/site-packages/cyberrunner_pid/maze_planner.py to maze_planner.cpython-310.pyc
[0.529s] byte-compiling /home/trungbao/cyberrunner_ws/install/cyberrunner_pid/lib/python3.10/site-packages/cyberrunner_pid/path_follower_node.py to path_follower_node.cpython-310.pyc
[0.529s] byte-compiling /home/trungbao/cyberrunner_ws/install/cyberrunner_pid/lib/python3.10/site-packages/cyberrunner_pid/orange_track_mapper_node.py to orange_track_mapper_node.cpython-310.pyc
[0.530s] running install_data
[0.530s] copying resource/cyberrunner_pid -> /home/trungbao/cyberrunner_ws/install/cyberrunner_pid/share/ament_index/resource_index/packages
[0.531s] copying package.xml -> /home/trungbao/cyberrunner_ws/install/cyberrunner_pid/share/cyberrunner_pid
[0.531s] running install_egg_info
[0.537s] removing '/home/trungbao/cyberrunner_ws/install/cyberrunner_pid/lib/python3.10/site-packages/cyberrunner_pid-0.0.0-py3.10.egg-info' (and everything under it)
[0.537s] Copying ../../build/cyberrunner_pid/cyberrunner_pid.egg-info to /home/trungbao/cyberrunner_ws/install/cyberrunner_pid/lib/python3.10/site-packages/cyberrunner_pid-0.0.0-py3.10.egg-info
[0.538s] running install_scripts
[0.588s] Installing click_target script to /home/trungbao/cyberrunner_ws/install/cyberrunner_pid/lib/cyberrunner_pid
[0.588s] Installing maze_planner script to /home/trungbao/cyberrunner_ws/install/cyberrunner_pid/lib/cyberrunner_pid
[0.588s] Installing pid_controller script to /home/trungbao/cyberrunner_ws/install/cyberrunner_pid/lib/cyberrunner_pid
[0.588s] Installing route_wfocus_follow script to /home/trungbao/cyberrunner_ws/install/cyberrunner_pid/lib/cyberrunner_pid
[0.588s] writing list of installed files to '/home/trungbao/cyberrunner_ws/build/cyberrunner_pid/install.log'
[0.600s] Invoked command in '/home/trungbao/cyberrunner_ws/src/cyberrunner_pid' returned '0': AMENT_PREFIX_PATH=/home/trungbao/cyberrunner_ws/install/cyberrunner_interfaces:${AMENT_PREFIX_PATH} CMAKE_PREFIX_PATH=/home/trungbao/cyberrunner_ws/install/cyberrunner_interfaces LD_LIBRARY_PATH=/home/trungbao/cyberrunner_ws/install/cyberrunner_interfaces/lib:${LD_LIBRARY_PATH} PYTHONPATH=/home/trungbao/cyberrunner_ws/build/cyberrunner_pid/prefix_override:/usr/lib/python3/dist-packages/colcon_core/task/python/colcon_distutils_commands:/home/trungbao/cyberrunner_ws/install/cyberrunner_pid/lib/python3.10/site-packages:/home/trungbao/cyberrunner_ws/install/cyberrunner_interfaces/local/lib/python3.10/dist-packages:${PYTHONPATH} /usr/bin/python3 -W ignore:setup.py install is deprecated -W ignore:easy_install command is deprecated setup.py egg_info --egg-base ../../build/cyberrunner_pid build --build-base /home/trungbao/cyberrunner_ws/build/cyberrunner_pid/build install --record /home/trungbao/cyberrunner_ws/build/cyberrunner_pid/install.log --single-version-externally-managed install_data
