[0.403s] Invoking command in '/home/trungbao/cyberrunner_ws/build/cyberrunner_dreamer': PYTHONPATH=/home/trungbao/cyberrunner_ws/build/cyberrunner_dreamer/prefix_override:/usr/lib/python3/dist-packages/colcon_core/task/python/colcon_distutils_commands:/home/trungbao/cyberrunner_ws/install/cyberrunner_dreamer/lib/python3.10/site-packages:/home/trungbao/cyberrunner_ws/install/cyberrunner_interfaces/local/lib/python3.10/dist-packages:${PYTHONPATH} /usr/bin/python3 -W ignore:setup.py install is deprecated -W ignore:easy_install command is deprecated setup.py develop --editable --build-directory /home/trungbao/cyberrunner_ws/build/cyberrunner_dreamer/build --no-deps symlink_data
[0.476s] /home/trungbao/.local/lib/python3.10/site-packages/setuptools/_distutils/dist.py:289: UserWarning: Unknown distribution option: 'tests_require'
[0.477s]   warnings.warn(msg)
[0.538s] running develop
[0.614s] running egg_info
[0.620s] creating cyberrunner_dreamer.egg-info
[0.620s] writing cyberrunner_dreamer.egg-info/PKG-INFO
[0.620s] writing dependency_links to cyberrunner_dreamer.egg-info/dependency_links.txt
[0.620s] writing entry points to cyberrunner_dreamer.egg-info/entry_points.txt
[0.620s] writing requirements to cyberrunner_dreamer.egg-info/requires.txt
[0.620s] writing top-level names to cyberrunner_dreamer.egg-info/top_level.txt
[0.620s] writing manifest file 'cyberrunner_dreamer.egg-info/SOURCES.txt'
[0.633s] reading manifest file 'cyberrunner_dreamer.egg-info/SOURCES.txt'
[0.634s] writing manifest file 'cyberrunner_dreamer.egg-info/SOURCES.txt'
[0.640s] running build_ext
[0.640s] Creating /home/trungbao/cyberrunner_ws/install/cyberrunner_dreamer/lib/python3.10/site-packages/cyberrunner-dreamer.egg-link (link to .)
[0.640s] Installing eval script to /home/trungbao/cyberrunner_ws/install/cyberrunner_dreamer/lib/cyberrunner_dreamer
[0.640s] Installing test script to /home/trungbao/cyberrunner_ws/install/cyberrunner_dreamer/lib/cyberrunner_dreamer
[0.640s] Installing train script to /home/trungbao/cyberrunner_ws/install/cyberrunner_dreamer/lib/cyberrunner_dreamer
[0.640s] Installing train_parallel script to /home/trungbao/cyberrunner_ws/install/cyberrunner_dreamer/lib/cyberrunner_dreamer
[0.640s] 
[0.641s] Installed /home/trungbao/cyberrunner_ws/build/cyberrunner_dreamer
[0.641s] running symlink_data
[0.641s] creating /home/trungbao/cyberrunner_ws/install/cyberrunner_dreamer/share/ament_index/resource_index/packages
[0.641s] symbolically linking /home/trungbao/cyberrunner_ws/build/cyberrunner_dreamer/resource/cyberrunner_dreamer -> /home/trungbao/cyberrunner_ws/install/cyberrunner_dreamer/share/ament_index/resource_index/packages
[0.641s] symbolically linking /home/trungbao/cyberrunner_ws/build/cyberrunner_dreamer/package.xml -> /home/trungbao/cyberrunner_ws/install/cyberrunner_dreamer/share/cyberrunner_dreamer
[0.641s] symbolically linking /home/trungbao/cyberrunner_ws/build/cyberrunner_dreamer/data/path_0002_hard.pkl -> /home/trungbao/cyberrunner_ws/install/cyberrunner_dreamer/share/cyberrunner_dreamer
[0.655s] Invoked command in '/home/trungbao/cyberrunner_ws/build/cyberrunner_dreamer' returned '0': PYTHONPATH=/home/trungbao/cyberrunner_ws/build/cyberrunner_dreamer/prefix_override:/usr/lib/python3/dist-packages/colcon_core/task/python/colcon_distutils_commands:/home/trungbao/cyberrunner_ws/install/cyberrunner_dreamer/lib/python3.10/site-packages:/home/trungbao/cyberrunner_ws/install/cyberrunner_interfaces/local/lib/python3.10/dist-packages:${PYTHONPATH} /usr/bin/python3 -W ignore:setup.py install is deprecated -W ignore:easy_install command is deprecated setup.py develop --editable --build-directory /home/trungbao/cyberrunner_ws/build/cyberrunner_dreamer/build --no-deps symlink_data
