[0.579s] Invoking command in '/home/trungbao/cyberrunner_ws/build/cyberrunner_pid': PYTHONPATH=/home/trungbao/cyberrunner_ws/build/cyberrunner_pid/prefix_override:/usr/lib/python3/dist-packages/colcon_core/task/python/colcon_distutils_commands:/home/trungbao/cyberrunner_ws/install/cyberrunner_pid/lib/python3.10/site-packages:${PYTHONPATH} /usr/bin/python3 -W ignore:setup.py install is deprecated -W ignore:easy_install command is deprecated setup.py develop --editable --build-directory /home/trungbao/cyberrunner_ws/build/cyberrunner_pid/build --no-deps symlink_data --force
[0.732s] running develop
[0.818s] running egg_info
[0.824s] writing cyberrunner_pid.egg-info/PKG-INFO
[0.825s] writing dependency_links to cyberrunner_pid.egg-info/dependency_links.txt
[0.825s] writing entry points to cyberrunner_pid.egg-info/entry_points.txt
[0.825s] writing requirements to cyberrunner_pid.egg-info/requires.txt
[0.825s] writing top-level names to cyberrunner_pid.egg-info/top_level.txt
[0.839s] reading manifest file 'cyberrunner_pid.egg-info/SOURCES.txt'
[0.841s] writing manifest file 'cyberrunner_pid.egg-info/SOURCES.txt'
[0.849s] running build_ext
[0.849s] Creating /home/trungbao/cyberrunner_ws/install/cyberrunner_pid/lib/python3.10/site-packages/cyberrunner-pid.egg-link (link to .)
[0.849s] Installing click_target script to /home/trungbao/cyberrunner_ws/install/cyberrunner_pid/lib/cyberrunner_pid
[0.849s] Installing maze_planner script to /home/trungbao/cyberrunner_ws/install/cyberrunner_pid/lib/cyberrunner_pid
[0.849s] Installing orange_live_target_node script to /home/trungbao/cyberrunner_ws/install/cyberrunner_pid/lib/cyberrunner_pid
[0.849s] Installing orange_track_mapper_node script to /home/trungbao/cyberrunner_ws/install/cyberrunner_pid/lib/cyberrunner_pid
[0.849s] Installing path_follower_node script to /home/trungbao/cyberrunner_ws/install/cyberrunner_pid/lib/cyberrunner_pid
[0.849s] Installing pid_controller script to /home/trungbao/cyberrunner_ws/install/cyberrunner_pid/lib/cyberrunner_pid
[0.850s] Installing route_wfocus_follow script to /home/trungbao/cyberrunner_ws/install/cyberrunner_pid/lib/cyberrunner_pid
[0.850s] Installing solve script to /home/trungbao/cyberrunner_ws/install/cyberrunner_pid/lib/cyberrunner_pid
[0.850s] 
[0.850s] Installed /home/trungbao/cyberrunner_ws/build/cyberrunner_pid
[0.850s] running symlink_data
[0.850s] symbolically linking /home/trungbao/cyberrunner_ws/build/cyberrunner_pid/resource/cyberrunner_pid -> /home/trungbao/cyberrunner_ws/install/cyberrunner_pid/share/ament_index/resource_index/packages
[0.850s] symbolically linking /home/trungbao/cyberrunner_ws/build/cyberrunner_pid/package.xml -> /home/trungbao/cyberrunner_ws/install/cyberrunner_pid/share/cyberrunner_pid
[0.876s] Invoked command in '/home/trungbao/cyberrunner_ws/build/cyberrunner_pid' returned '0': PYTHONPATH=/home/trungbao/cyberrunner_ws/build/cyberrunner_pid/prefix_override:/usr/lib/python3/dist-packages/colcon_core/task/python/colcon_distutils_commands:/home/trungbao/cyberrunner_ws/install/cyberrunner_pid/lib/python3.10/site-packages:${PYTHONPATH} /usr/bin/python3 -W ignore:setup.py install is deprecated -W ignore:easy_install command is deprecated setup.py develop --editable --build-directory /home/trungbao/cyberrunner_ws/build/cyberrunner_pid/build --no-deps symlink_data --force
