running develop
running egg_info
creating cyberrunner_state_estimation.egg-info
writing cyberrunner_state_estimation.egg-info/PKG-INFO
writing dependency_links to cyberrunner_state_estimation.egg-info/dependency_links.txt
writing entry points to cyberrunner_state_estimation.egg-info/entry_points.txt
writing requirements to cyberrunner_state_estimation.egg-info/requires.txt
writing top-level names to cyberrunner_state_estimation.egg-info/top_level.txt
writing manifest file 'cyberrunner_state_estimation.egg-info/SOURCES.txt'
reading manifest file 'cyberrunner_state_estimation.egg-info/SOURCES.txt'
writing manifest file 'cyberrunner_state_estimation.egg-info/SOURCES.txt'
running build_ext
Creating /home/trungbao/cyberrunner_ws/install/cyberrunner_state_estimation/lib/python3.10/site-packages/cyberrunner-state-estimation.egg-link (link to .)
Installing estimator script to /home/trungbao/cyberrunner_ws/install/cyberrunner_state_estimation/lib/cyberrunner_state_estimation
Installing estimator_sub script to /home/trungbao/cyberrunner_ws/install/cyberrunner_state_estimation/lib/cyberrunner_state_estimation
Installing select_markers script to /home/trungbao/cyberrunner_ws/install/cyberrunner_state_estimation/lib/cyberrunner_state_estimation

Installed /home/trungbao/cyberrunner_ws/build/cyberrunner_state_estimation
running symlink_data
creating /home/trungbao/cyberrunner_ws/install/cyberrunner_state_estimation/share/ament_index/resource_index/packages
symbolically linking /home/trungbao/cyberrunner_ws/build/cyberrunner_state_estimation/resource/cyberrunner_state_estimation -> /home/trungbao/cyberrunner_ws/install/cyberrunner_state_estimation/share/ament_index/resource_index/packages
symbolically linking /home/trungbao/cyberrunner_ws/build/cyberrunner_state_estimation/package.xml -> /home/trungbao/cyberrunner_ws/install/cyberrunner_state_estimation/share/cyberrunner_state_estimation
symbolically linking /home/trungbao/cyberrunner_ws/build/cyberrunner_state_estimation/calib/calib_results_cyberrunner.txt -> /home/trungbao/cyberrunner_ws/install/cyberrunner_state_estimation/share/cyberrunner_state_estimation
