[0.405s] Invoking command in '/home/trungbao/cyberrunner_ws/build/cyberrunner_state_estimation': PYTHONPATH=/home/trungbao/cyberrunner_ws/build/cyberrunner_state_estimation/prefix_override:/usr/lib/python3/dist-packages/colcon_core/task/python/colcon_distutils_commands:/home/trungbao/cyberrunner_ws/install/cyberrunner_state_estimation/lib/python3.10/site-packages:/home/trungbao/cyberrunner_ws/install/cyberrunner_interfaces/local/lib/python3.10/dist-packages:${PYTHONPATH} /usr/bin/python3 -W ignore:setup.py install is deprecated -W ignore:easy_install command is deprecated setup.py develop --editable --build-directory /home/trungbao/cyberrunner_ws/build/cyberrunner_state_estimation/build --no-deps symlink_data
[0.480s] /home/trungbao/.local/lib/python3.10/site-packages/setuptools/_distutils/dist.py:289: UserWarning: Unknown distribution option: 'tests_require'
[0.480s]   warnings.warn(msg)
[0.541s] running develop
[0.617s] running egg_info
[0.623s] creating cyberrunner_state_estimation.egg-info
[0.623s] writing cyberrunner_state_estimation.egg-info/PKG-INFO
[0.623s] writing dependency_links to cyberrunner_state_estimation.egg-info/dependency_links.txt
[0.623s] writing entry points to cyberrunner_state_estimation.egg-info/entry_points.txt
[0.623s] writing requirements to cyberrunner_state_estimation.egg-info/requires.txt
[0.623s] writing top-level names to cyberrunner_state_estimation.egg-info/top_level.txt
[0.623s] writing manifest file 'cyberrunner_state_estimation.egg-info/SOURCES.txt'
[0.636s] reading manifest file 'cyberrunner_state_estimation.egg-info/SOURCES.txt'
[0.637s] writing manifest file 'cyberrunner_state_estimation.egg-info/SOURCES.txt'
[0.643s] running build_ext
[0.643s] Creating /home/trungbao/cyberrunner_ws/install/cyberrunner_state_estimation/lib/python3.10/site-packages/cyberrunner-state-estimation.egg-link (link to .)
[0.644s] Installing estimator script to /home/trungbao/cyberrunner_ws/install/cyberrunner_state_estimation/lib/cyberrunner_state_estimation
[0.644s] Installing estimator_sub script to /home/trungbao/cyberrunner_ws/install/cyberrunner_state_estimation/lib/cyberrunner_state_estimation
[0.644s] Installing select_markers script to /home/trungbao/cyberrunner_ws/install/cyberrunner_state_estimation/lib/cyberrunner_state_estimation
[0.644s] 
[0.644s] Installed /home/trungbao/cyberrunner_ws/build/cyberrunner_state_estimation
[0.644s] running symlink_data
[0.644s] creating /home/trungbao/cyberrunner_ws/install/cyberrunner_state_estimation/share/ament_index/resource_index/packages
[0.644s] symbolically linking /home/trungbao/cyberrunner_ws/build/cyberrunner_state_estimation/resource/cyberrunner_state_estimation -> /home/trungbao/cyberrunner_ws/install/cyberrunner_state_estimation/share/ament_index/resource_index/packages
[0.644s] symbolically linking /home/trungbao/cyberrunner_ws/build/cyberrunner_state_estimation/package.xml -> /home/trungbao/cyberrunner_ws/install/cyberrunner_state_estimation/share/cyberrunner_state_estimation
[0.644s] symbolically linking /home/trungbao/cyberrunner_ws/build/cyberrunner_state_estimation/calib/calib_results_cyberrunner.txt -> /home/trungbao/cyberrunner_ws/install/cyberrunner_state_estimation/share/cyberrunner_state_estimation
[0.660s] Invoked command in '/home/trungbao/cyberrunner_ws/build/cyberrunner_state_estimation' returned '0': PYTHONPATH=/home/trungbao/cyberrunner_ws/build/cyberrunner_state_estimation/prefix_override:/usr/lib/python3/dist-packages/colcon_core/task/python/colcon_distutils_commands:/home/trungbao/cyberrunner_ws/install/cyberrunner_state_estimation/lib/python3.10/site-packages:/home/trungbao/cyberrunner_ws/install/cyberrunner_interfaces/local/lib/python3.10/dist-packages:${PYTHONPATH} /usr/bin/python3 -W ignore:setup.py install is deprecated -W ignore:easy_install command is deprecated setup.py develop --editable --build-directory /home/trungbao/cyberrunner_ws/build/cyberrunner_state_estimation/build --no-deps symlink_data
