[0.898s] Invoking command in '/home/trungbao/cyberrunner_ws/build/cyberrunner_state_estimation': PYTHONPATH=/home/trungbao/cyberrunner_ws/build/cyberrunner_state_estimation/prefix_override:/usr/lib/python3/dist-packages/colcon_core/task/python/colcon_distutils_commands:/home/trungbao/cyberrunner_ws/install/cyberrunner_state_estimation/lib/python3.10/site-packages:${PYTHONPATH} /usr/bin/python3 -W ignore:setup.py install is deprecated -W ignore:easy_install command is deprecated setup.py develop --editable --build-directory /home/trungbao/cyberrunner_ws/build/cyberrunner_state_estimation/build --no-deps symlink_data
[1.024s] /home/trungbao/.local/lib/python3.10/site-packages/setuptools/_distutils/dist.py:289: UserWarning: Unknown distribution option: 'tests_require'
[1.024s]   warnings.warn(msg)
[1.127s] running develop
[1.239s] running egg_info
[1.248s] writing cyberrunner_state_estimation.egg-info/PKG-INFO
[1.249s] writing dependency_links to cyberrunner_state_estimation.egg-info/dependency_links.txt
[1.249s] writing entry points to cyberrunner_state_estimation.egg-info/entry_points.txt
[1.250s] writing requirements to cyberrunner_state_estimation.egg-info/requires.txt
[1.250s] writing top-level names to cyberrunner_state_estimation.egg-info/top_level.txt
[1.269s] reading manifest file 'cyberrunner_state_estimation.egg-info/SOURCES.txt'
[1.270s] writing manifest file 'cyberrunner_state_estimation.egg-info/SOURCES.txt'
[1.280s] running build_ext
[1.280s] Creating /home/trungbao/cyberrunner_ws/install/cyberrunner_state_estimation/lib/python3.10/site-packages/cyberrunner-state-estimation.egg-link (link to .)
[1.281s] Installing estimator script to /home/trungbao/cyberrunner_ws/install/cyberrunner_state_estimation/lib/cyberrunner_state_estimation
[1.281s] Installing estimator_sub script to /home/trungbao/cyberrunner_ws/install/cyberrunner_state_estimation/lib/cyberrunner_state_estimation
[1.281s] Installing select_markers script to /home/trungbao/cyberrunner_ws/install/cyberrunner_state_estimation/lib/cyberrunner_state_estimation
[1.281s] Installing state_estimation_node script to /home/trungbao/cyberrunner_ws/install/cyberrunner_state_estimation/lib/cyberrunner_state_estimation
[1.282s] 
[1.282s] Installed /home/trungbao/cyberrunner_ws/build/cyberrunner_state_estimation
[1.282s] running symlink_data
[1.310s] Invoked command in '/home/trungbao/cyberrunner_ws/build/cyberrunner_state_estimation' returned '0': PYTHONPATH=/home/trungbao/cyberrunner_ws/build/cyberrunner_state_estimation/prefix_override:/usr/lib/python3/dist-packages/colcon_core/task/python/colcon_distutils_commands:/home/trungbao/cyberrunner_ws/install/cyberrunner_state_estimation/lib/python3.10/site-packages:${PYTHONPATH} /usr/bin/python3 -W ignore:setup.py install is deprecated -W ignore:easy_install command is deprecated setup.py develop --editable --build-directory /home/trungbao/cyberrunner_ws/build/cyberrunner_state_estimation/build --no-deps symlink_data
