[0.302s] Invoking command in '/home/trungbao/cyberrunner_ws/build/cyberrunner_dreamer': PS1=(dreamer_ros) \[\e]0;\u@\h: \w\a\]${debian_chroot:+($debian_chroot)}\[\033[01;32m\]\u@\h\[\033[00m\]:\[\033[01;34m\]\w\[\033[00m\]\$ PYTHONPATH=/home/trungbao/cyberrunner_ws/build/cyberrunner_dreamer/prefix_override:/usr/lib/python3/dist-packages/colcon_core/task/python/colcon_distutils_commands:/home/trungbao/cyberrunner_ws/install/cyberrunner_dreamer/lib/python3.10/site-packages:${PYTHONPATH} VIRTUAL_ENV_PROMPT=(dreamer_ros) /usr/bin/python3 -W ignore:setup.py install is deprecated -W ignore:easy_install command is deprecated setup.py develop --editable --build-directory /home/trungbao/cyberrunner_ws/build/cyberrunner_dreamer/build --no-deps symlink_data
[0.422s] running develop
[0.487s] running egg_info
[0.487s] writing cyberrunner_dreamer.egg-info/PKG-INFO
[0.487s] writing dependency_links to cyberrunner_dreamer.egg-info/dependency_links.txt
[0.487s] writing entry points to cyberrunner_dreamer.egg-info/entry_points.txt
[0.487s] writing requirements to cyberrunner_dreamer.egg-info/requires.txt
[0.487s] writing top-level names to cyberrunner_dreamer.egg-info/top_level.txt
[0.488s] reading manifest file 'cyberrunner_dreamer.egg-info/SOURCES.txt'
[0.489s] writing manifest file 'cyberrunner_dreamer.egg-info/SOURCES.txt'
[0.489s] running build_ext
[0.489s] Creating /home/trungbao/cyberrunner_ws/install/cyberrunner_dreamer/lib/python3.10/site-packages/cyberrunner-dreamer.egg-link (link to .)
[0.490s] Installing eval script to /home/trungbao/cyberrunner_ws/install/cyberrunner_dreamer/lib/cyberrunner_dreamer
[0.490s] Installing test script to /home/trungbao/cyberrunner_ws/install/cyberrunner_dreamer/lib/cyberrunner_dreamer
[0.490s] Installing train script to /home/trungbao/cyberrunner_ws/install/cyberrunner_dreamer/lib/cyberrunner_dreamer
[0.490s] Installing train_parallel script to /home/trungbao/cyberrunner_ws/install/cyberrunner_dreamer/lib/cyberrunner_dreamer
[0.490s] 
[0.490s] Installed /home/trungbao/cyberrunner_ws/build/cyberrunner_dreamer
[0.490s] running symlink_data
[0.502s] Invoked command in '/home/trungbao/cyberrunner_ws/build/cyberrunner_dreamer' returned '0': PS1=(dreamer_ros) \[\e]0;\u@\h: \w\a\]${debian_chroot:+($debian_chroot)}\[\033[01;32m\]\u@\h\[\033[00m\]:\[\033[01;34m\]\w\[\033[00m\]\$ PYTHONPATH=/home/trungbao/cyberrunner_ws/build/cyberrunner_dreamer/prefix_override:/usr/lib/python3/dist-packages/colcon_core/task/python/colcon_distutils_commands:/home/trungbao/cyberrunner_ws/install/cyberrunner_dreamer/lib/python3.10/site-packages:${PYTHONPATH} VIRTUAL_ENV_PROMPT=(dreamer_ros) /usr/bin/python3 -W ignore:setup.py install is deprecated -W ignore:easy_install command is deprecated setup.py develop --editable --build-directory /home/trungbao/cyberrunner_ws/build/cyberrunner_dreamer/build --no-deps symlink_data
