/home/trungbao/.local/lib/python3.10/site-packages/setuptools/_distutils/dist.py:289: UserWarning: Unknown distribution option: 'tests_require'
  warnings.warn(msg)
running develop
running egg_info
creating cyberrunner_vision.egg-info
writing cyberrunner_vision.egg-info/PKG-INFO
writing dependency_links to cyberrunner_vision.egg-info/dependency_links.txt
writing entry points to cyberrunner_vision.egg-info/entry_points.txt
writing requirements to cyberrunner_vision.egg-info/requires.txt
writing top-level names to cyberrunner_vision.egg-info/top_level.txt
writing manifest file 'cyberrunner_vision.egg-info/SOURCES.txt'
reading manifest file 'cyberrunner_vision.egg-info/SOURCES.txt'
writing manifest file 'cyberrunner_vision.egg-info/SOURCES.txt'
running build_ext
Creating /home/trungbao/cyberrunner_ws/install/cyberrunner_vision/lib/python3.10/site-packages/cyberrunner-vision.egg-link (link to .)
Installing camera_node script to /home/trungbao/cyberrunner_ws/install/cyberrunner_vision/lib/cyberrunner_vision
Installing controller_node script to /home/trungbao/cyberrunner_ws/install/cyberrunner_vision/lib/cyberrunner_vision
Installing estimator_node script to /home/trungbao/cyberrunner_ws/install/cyberrunner_vision/lib/cyberrunner_vision
Installing marble_node script to /home/trungbao/cyberrunner_ws/install/cyberrunner_vision/lib/cyberrunner_vision
Installing path_node script to /home/trungbao/cyberrunner_ws/install/cyberrunner_vision/lib/cyberrunner_vision

Installed /home/trungbao/cyberrunner_ws/build/cyberrunner_vision
running symlink_data
creating /home/trungbao/cyberrunner_ws/install/cyberrunner_vision/share/ament_index/resource_index/packages
symbolically linking /home/trungbao/cyberrunner_ws/build/cyberrunner_vision/resource/cyberrunner_vision -> /home/trungbao/cyberrunner_ws/install/cyberrunner_vision/share/ament_index/resource_index/packages
symbolically linking /home/trungbao/cyberrunner_ws/build/cyberrunner_vision/package.xml -> /home/trungbao/cyberrunner_ws/install/cyberrunner_vision/share/cyberrunner_vision
