[0.907s] Invoking command in '/home/trungbao/cyberrunner_ws/build/cyberrunner_dreamer': PYTHONPATH=/home/trungbao/cyberrunner_ws/build/cyberrunner_dreamer/prefix_override:/usr/lib/python3/dist-packages/colcon_core/task/python/colcon_distutils_commands:/home/trungbao/cyberrunner_ws/install/cyberrunner_dreamer/lib/python3.10/site-packages:${PYTHONPATH} /usr/bin/python3 -W ignore:setup.py install is deprecated -W ignore:easy_install command is deprecated setup.py develop --editable --build-directory /home/trungbao/cyberrunner_ws/build/cyberrunner_dreamer/build --no-deps symlink_data
[1.045s] /home/trungbao/.local/lib/python3.10/site-packages/setuptools/_distutils/dist.py:289: UserWarning: Unknown distribution option: 'tests_require'
[1.045s]   warnings.warn(msg)
[1.152s] running develop
[1.301s] running egg_info
[1.308s] writing cyberrunner_dreamer.egg-info/PKG-INFO
[1.308s] writing dependency_links to cyberrunner_dreamer.egg-info/dependency_links.txt
[1.308s] writing entry points to cyberrunner_dreamer.egg-info/entry_points.txt
[1.308s] writing requirements to cyberrunner_dreamer.egg-info/requires.txt
[1.309s] writing top-level names to cyberrunner_dreamer.egg-info/top_level.txt
[1.329s] reading manifest file 'cyberrunner_dreamer.egg-info/SOURCES.txt'
[1.330s] writing manifest file 'cyberrunner_dreamer.egg-info/SOURCES.txt'
[1.341s] running build_ext
[1.341s] Creating /home/trungbao/cyberrunner_ws/install/cyberrunner_dreamer/lib/python3.10/site-packages/cyberrunner-dreamer.egg-link (link to .)
[1.341s] Installing eval script to /home/trungbao/cyberrunner_ws/install/cyberrunner_dreamer/lib/cyberrunner_dreamer
[1.342s] Installing test script to /home/trungbao/cyberrunner_ws/install/cyberrunner_dreamer/lib/cyberrunner_dreamer
[1.342s] Installing train script to /home/trungbao/cyberrunner_ws/install/cyberrunner_dreamer/lib/cyberrunner_dreamer
[1.342s] Installing train_parallel script to /home/trungbao/cyberrunner_ws/install/cyberrunner_dreamer/lib/cyberrunner_dreamer
[1.342s] 
[1.342s] Installed /home/trungbao/cyberrunner_ws/build/cyberrunner_dreamer
[1.342s] running symlink_data
[1.377s] Invoked command in '/home/trungbao/cyberrunner_ws/build/cyberrunner_dreamer' returned '0': PYTHONPATH=/home/trungbao/cyberrunner_ws/build/cyberrunner_dreamer/prefix_override:/usr/lib/python3/dist-packages/colcon_core/task/python/colcon_distutils_commands:/home/trungbao/cyberrunner_ws/install/cyberrunner_dreamer/lib/python3.10/site-packages:${PYTHONPATH} /usr/bin/python3 -W ignore:setup.py install is deprecated -W ignore:easy_install command is deprecated setup.py develop --editable --build-directory /home/trungbao/cyberrunner_ws/build/cyberrunner_dreamer/build --no-deps symlink_data
