[0.455s] Invoking command in '/home/trungbao/cyberrunner_ws/build/cyberrunner_state_estimation': PYTHONPATH=/home/trungbao/cyberrunner_ws/build/cyberrunner_state_estimation/prefix_override:/usr/lib/python3/dist-packages/colcon_core/task/python/colcon_distutils_commands:/home/trungbao/cyberrunner_ws/install/cyberrunner_state_estimation/lib/python3.10/site-packages:${PYTHONPATH} /usr/bin/python3 -W ignore:setup.py install is deprecated -W ignore:easy_install command is deprecated setup.py develop --editable --build-directory /home/trungbao/cyberrunner_ws/build/cyberrunner_state_estimation/build --no-deps symlink_data
[0.538s] /home/trungbao/.local/lib/python3.10/site-packages/setuptools/_distutils/dist.py:289: UserWarning: Unknown distribution option: 'tests_require'
[0.538s]   warnings.warn(msg)
[0.611s] running develop
[0.698s] running egg_info
[0.705s] creating cyberrunner_state_estimation.egg-info
[0.705s] writing cyberrunner_state_estimation.egg-info/PKG-INFO
[0.705s] writing dependency_links to cyberrunner_state_estimation.egg-info/dependency_links.txt
[0.705s] writing entry points to cyberrunner_state_estimation.egg-info/entry_points.txt
[0.705s] writing requirements to cyberrunner_state_estimation.egg-info/requires.txt
[0.705s] writing top-level names to cyberrunner_state_estimation.egg-info/top_level.txt
[0.705s] writing manifest file 'cyberrunner_state_estimation.egg-info/SOURCES.txt'
[0.719s] reading manifest file 'cyberrunner_state_estimation.egg-info/SOURCES.txt'
[0.720s] writing manifest file 'cyberrunner_state_estimation.egg-info/SOURCES.txt'
[0.726s] running build_ext
[0.726s] Creating /home/trungbao/cyberrunner_ws/install/cyberrunner_state_estimation/lib/python3.10/site-packages/cyberrunner-state-estimation.egg-link (link to .)
[0.727s] Installing estimator script to /home/trungbao/cyberrunner_ws/install/cyberrunner_state_estimation/lib/cyberrunner_state_estimation
[0.727s] Installing estimator_sub script to /home/trungbao/cyberrunner_ws/install/cyberrunner_state_estimation/lib/cyberrunner_state_estimation
[0.727s] Installing select_markers script to /home/trungbao/cyberrunner_ws/install/cyberrunner_state_estimation/lib/cyberrunner_state_estimation
[0.727s] 
[0.727s] Installed /home/trungbao/cyberrunner_ws/build/cyberrunner_state_estimation
[0.727s] running symlink_data
[0.727s] creating /home/trungbao/cyberrunner_ws/install/cyberrunner_state_estimation/share/ament_index/resource_index/packages
[0.727s] symbolically linking /home/trungbao/cyberrunner_ws/build/cyberrunner_state_estimation/resource/cyberrunner_state_estimation -> /home/trungbao/cyberrunner_ws/install/cyberrunner_state_estimation/share/ament_index/resource_index/packages
[0.727s] symbolically linking /home/trungbao/cyberrunner_ws/build/cyberrunner_state_estimation/package.xml -> /home/trungbao/cyberrunner_ws/install/cyberrunner_state_estimation/share/cyberrunner_state_estimation
[0.727s] symbolically linking /home/trungbao/cyberrunner_ws/build/cyberrunner_state_estimation/calib/calib_results_cyberrunner.txt -> /home/trungbao/cyberrunner_ws/install/cyberrunner_state_estimation/share/cyberrunner_state_estimation
[0.744s] Invoked command in '/home/trungbao/cyberrunner_ws/build/cyberrunner_state_estimation' returned '0': PYTHONPATH=/home/trungbao/cyberrunner_ws/build/cyberrunner_state_estimation/prefix_override:/usr/lib/python3/dist-packages/colcon_core/task/python/colcon_distutils_commands:/home/trungbao/cyberrunner_ws/install/cyberrunner_state_estimation/lib/python3.10/site-packages:${PYTHONPATH} /usr/bin/python3 -W ignore:setup.py install is deprecated -W ignore:easy_install command is deprecated setup.py develop --editable --build-directory /home/trungbao/cyberrunner_ws/build/cyberrunner_state_estimation/build --no-deps symlink_data
