[30.266s] Invoking command in '/home/trungbao/cyberrunner_ws/build/cyberrunner_vision': PYTHONPATH=/home/trungbao/cyberrunner_ws/build/cyberrunner_vision/prefix_override:/usr/lib/python3/dist-packages/colcon_core/task/python/colcon_distutils_commands:/home/trungbao/cyberrunner_ws/install/cyberrunner_vision/lib/python3.10/site-packages:${PYTHONPATH} /usr/bin/python3 -W ignore:setup.py install is deprecated -W ignore:easy_install command is deprecated setup.py develop --uninstall --editable --build-directory /home/trungbao/cyberrunner_ws/build/cyberrunner_vision/build
[30.355s] /home/trungbao/.local/lib/python3.10/site-packages/setuptools/_distutils/dist.py:289: UserWarning: Unknown distribution option: 'tests_require'
[30.355s]   warnings.warn(msg)
[30.417s] running develop
[30.506s] Removing /home/trungbao/cyberrunner_ws/install/cyberrunner_vision/lib/python3.10/site-packages/cyberrunner-vision.egg-link (link to .)
[30.520s] Invoked command in '/home/trungbao/cyberrunner_ws/build/cyberrunner_vision' returned '0': PYTHONPATH=/home/trungbao/cyberrunner_ws/build/cyberrunner_vision/prefix_override:/usr/lib/python3/dist-packages/colcon_core/task/python/colcon_distutils_commands:/home/trungbao/cyberrunner_ws/install/cyberrunner_vision/lib/python3.10/site-packages:${PYTHONPATH} /usr/bin/python3 -W ignore:setup.py install is deprecated -W ignore:easy_install command is deprecated setup.py develop --uninstall --editable --build-directory /home/trungbao/cyberrunner_ws/build/cyberrunner_vision/build
[30.521s] Invoking command in '/home/trungbao/cyberrunner_ws/src/cyberrunner_vision': PYTHONPATH=/home/trungbao/cyberrunner_ws/build/cyberrunner_vision/prefix_override:/usr/lib/python3/dist-packages/colcon_core/task/python/colcon_distutils_commands:/home/trungbao/cyberrunner_ws/install/cyberrunner_vision/lib/python3.10/site-packages:${PYTHONPATH} /usr/bin/python3 -W ignore:setup.py install is deprecated -W ignore:easy_install command is deprecated setup.py egg_info --egg-base ../../build/cyberrunner_vision build --build-base /home/trungbao/cyberrunner_ws/build/cyberrunner_vision/build install --record /home/trungbao/cyberrunner_ws/build/cyberrunner_vision/install.log --single-version-externally-managed install_data --force
[30.616s] /home/trungbao/.local/lib/python3.10/site-packages/setuptools/_distutils/dist.py:289: UserWarning: Unknown distribution option: 'tests_require'
[30.616s]   warnings.warn(msg)
[30.656s] running egg_info
[30.663s] writing ../../build/cyberrunner_vision/cyberrunner_vision.egg-info/PKG-INFO
[30.663s] writing dependency_links to ../../build/cyberrunner_vision/cyberrunner_vision.egg-info/dependency_links.txt
[30.663s] writing entry points to ../../build/cyberrunner_vision/cyberrunner_vision.egg-info/entry_points.txt
[30.663s] writing requirements to ../../build/cyberrunner_vision/cyberrunner_vision.egg-info/requires.txt
[30.663s] writing top-level names to ../../build/cyberrunner_vision/cyberrunner_vision.egg-info/top_level.txt
[30.677s] reading manifest file '../../build/cyberrunner_vision/cyberrunner_vision.egg-info/SOURCES.txt'
[30.678s] writing manifest file '../../build/cyberrunner_vision/cyberrunner_vision.egg-info/SOURCES.txt'
[30.678s] running build
[30.678s] running build_py
[30.678s] copying cyberrunner_vision/ocam_params.py -> /home/trungbao/cyberrunner_ws/build/cyberrunner_vision/build/lib/cyberrunner_vision
[30.678s] copying cyberrunner_vision/controller_node.py -> /home/trungbao/cyberrunner_ws/build/cyberrunner_vision/build/lib/cyberrunner_vision
[30.678s] copying cyberrunner_vision/__init__.py -> /home/trungbao/cyberrunner_ws/build/cyberrunner_vision/build/lib/cyberrunner_vision
[30.678s] copying cyberrunner_vision/path_node.py -> /home/trungbao/cyberrunner_ws/build/cyberrunner_vision/build/lib/cyberrunner_vision
[30.678s] copying cyberrunner_vision/estimator_node.py -> /home/trungbao/cyberrunner_ws/build/cyberrunner_vision/build/lib/cyberrunner_vision
[30.678s] copying cyberrunner_vision/camera_node.py -> /home/trungbao/cyberrunner_ws/build/cyberrunner_vision/build/lib/cyberrunner_vision
[30.679s] copying cyberrunner_vision/tuner_node.py -> /home/trungbao/cyberrunner_ws/build/cyberrunner_vision/build/lib/cyberrunner_vision
[30.679s] copying cyberrunner_vision/marble_node.py -> /home/trungbao/cyberrunner_ws/build/cyberrunner_vision/build/lib/cyberrunner_vision
[30.679s] copying cyberrunner_vision/calibration_node.py -> /home/trungbao/cyberrunner_ws/build/cyberrunner_vision/build/lib/cyberrunner_vision
[30.679s] running install
[30.681s] running install_lib
[30.688s] creating /home/trungbao/cyberrunner_ws/install/cyberrunner_vision/lib/python3.10/site-packages/cyberrunner_vision
[30.688s] copying /home/trungbao/cyberrunner_ws/build/cyberrunner_vision/build/lib/cyberrunner_vision/ocam_params.py -> /home/trungbao/cyberrunner_ws/install/cyberrunner_vision/lib/python3.10/site-packages/cyberrunner_vision
[30.688s] copying /home/trungbao/cyberrunner_ws/build/cyberrunner_vision/build/lib/cyberrunner_vision/controller_node.py -> /home/trungbao/cyberrunner_ws/install/cyberrunner_vision/lib/python3.10/site-packages/cyberrunner_vision
[30.688s] copying /home/trungbao/cyberrunner_ws/build/cyberrunner_vision/build/lib/cyberrunner_vision/__init__.py -> /home/trungbao/cyberrunner_ws/install/cyberrunner_vision/lib/python3.10/site-packages/cyberrunner_vision
[30.688s] copying /home/trungbao/cyberrunner_ws/build/cyberrunner_vision/build/lib/cyberrunner_vision/path_node.py -> /home/trungbao/cyberrunner_ws/install/cyberrunner_vision/lib/python3.10/site-packages/cyberrunner_vision
[30.688s] copying /home/trungbao/cyberrunner_ws/build/cyberrunner_vision/build/lib/cyberrunner_vision/estimator_node.py -> /home/trungbao/cyberrunner_ws/install/cyberrunner_vision/lib/python3.10/site-packages/cyberrunner_vision
[30.688s] copying /home/trungbao/cyberrunner_ws/build/cyberrunner_vision/build/lib/cyberrunner_vision/camera_node.py -> /home/trungbao/cyberrunner_ws/install/cyberrunner_vision/lib/python3.10/site-packages/cyberrunner_vision
[30.688s] copying /home/trungbao/cyberrunner_ws/build/cyberrunner_vision/build/lib/cyberrunner_vision/tuner_node.py -> /home/trungbao/cyberrunner_ws/install/cyberrunner_vision/lib/python3.10/site-packages/cyberrunner_vision
[30.688s] copying /home/trungbao/cyberrunner_ws/build/cyberrunner_vision/build/lib/cyberrunner_vision/marble_node.py -> /home/trungbao/cyberrunner_ws/install/cyberrunner_vision/lib/python3.10/site-packages/cyberrunner_vision
[30.688s] copying /home/trungbao/cyberrunner_ws/build/cyberrunner_vision/build/lib/cyberrunner_vision/calibration_node.py -> /home/trungbao/cyberrunner_ws/install/cyberrunner_vision/lib/python3.10/site-packages/cyberrunner_vision
[30.688s] byte-compiling /home/trungbao/cyberrunner_ws/install/cyberrunner_vision/lib/python3.10/site-packages/cyberrunner_vision/ocam_params.py to ocam_params.cpython-310.pyc
[30.688s] byte-compiling /home/trungbao/cyberrunner_ws/install/cyberrunner_vision/lib/python3.10/site-packages/cyberrunner_vision/controller_node.py to controller_node.cpython-310.pyc
[30.693s] byte-compiling /home/trungbao/cyberrunner_ws/install/cyberrunner_vision/lib/python3.10/site-packages/cyberrunner_vision/__init__.py to __init__.cpython-310.pyc
[30.693s] byte-compiling /home/trungbao/cyberrunner_ws/install/cyberrunner_vision/lib/python3.10/site-packages/cyberrunner_vision/path_node.py to path_node.cpython-310.pyc
[30.694s] byte-compiling /home/trungbao/cyberrunner_ws/install/cyberrunner_vision/lib/python3.10/site-packages/cyberrunner_vision/estimator_node.py to estimator_node.cpython-310.pyc
[30.696s] byte-compiling /home/trungbao/cyberrunner_ws/install/cyberrunner_vision/lib/python3.10/site-packages/cyberrunner_vision/camera_node.py to camera_node.cpython-310.pyc
[30.696s] byte-compiling /home/trungbao/cyberrunner_ws/install/cyberrunner_vision/lib/python3.10/site-packages/cyberrunner_vision/tuner_node.py to tuner_node.cpython-310.pyc
[30.698s] byte-compiling /home/trungbao/cyberrunner_ws/install/cyberrunner_vision/lib/python3.10/site-packages/cyberrunner_vision/marble_node.py to marble_node.cpython-310.pyc
[30.699s] byte-compiling /home/trungbao/cyberrunner_ws/install/cyberrunner_vision/lib/python3.10/site-packages/cyberrunner_vision/calibration_node.py to calibration_node.cpython-310.pyc
[30.699s] running install_data
[30.700s] copying resource/cyberrunner_vision -> /home/trungbao/cyberrunner_ws/install/cyberrunner_vision/share/ament_index/resource_index/packages
[30.700s] copying package.xml -> /home/trungbao/cyberrunner_ws/install/cyberrunner_vision/share/cyberrunner_vision
[30.700s] copying launch/cyberrunner.launch.py -> /home/trungbao/cyberrunner_ws/install/cyberrunner_vision/share/cyberrunner_vision/launch
[30.700s] running install_egg_info
[30.707s] Copying ../../build/cyberrunner_vision/cyberrunner_vision.egg-info to /home/trungbao/cyberrunner_ws/install/cyberrunner_vision/lib/python3.10/site-packages/cyberrunner_vision-0.1.0-py3.10.egg-info
[30.708s] running install_scripts
[30.764s] Installing calibration_node script to /home/trungbao/cyberrunner_ws/install/cyberrunner_vision/lib/cyberrunner_vision
[30.764s] Installing camera_node script to /home/trungbao/cyberrunner_ws/install/cyberrunner_vision/lib/cyberrunner_vision
[30.764s] Installing controller_node script to /home/trungbao/cyberrunner_ws/install/cyberrunner_vision/lib/cyberrunner_vision
[30.764s] Installing estimator_node script to /home/trungbao/cyberrunner_ws/install/cyberrunner_vision/lib/cyberrunner_vision
[30.765s] Installing marble_node script to /home/trungbao/cyberrunner_ws/install/cyberrunner_vision/lib/cyberrunner_vision
[30.765s] Installing path_node script to /home/trungbao/cyberrunner_ws/install/cyberrunner_vision/lib/cyberrunner_vision
[30.765s] Installing tuner_node script to /home/trungbao/cyberrunner_ws/install/cyberrunner_vision/lib/cyberrunner_vision
[30.765s] writing list of installed files to '/home/trungbao/cyberrunner_ws/build/cyberrunner_vision/install.log'
[30.780s] Invoked command in '/home/trungbao/cyberrunner_ws/src/cyberrunner_vision' returned '0': PYTHONPATH=/home/trungbao/cyberrunner_ws/build/cyberrunner_vision/prefix_override:/usr/lib/python3/dist-packages/colcon_core/task/python/colcon_distutils_commands:/home/trungbao/cyberrunner_ws/install/cyberrunner_vision/lib/python3.10/site-packages:${PYTHONPATH} /usr/bin/python3 -W ignore:setup.py install is deprecated -W ignore:easy_install command is deprecated setup.py egg_info --egg-base ../../build/cyberrunner_vision build --build-base /home/trungbao/cyberrunner_ws/build/cyberrunner_vision/build install --record /home/trungbao/cyberrunner_ws/build/cyberrunner_vision/install.log --single-version-externally-managed install_data --force
