[0.406s] Invoking command in '/home/trungbao/cyberrunner_ws/build/cyberrunner_pid': AMENT_PREFIX_PATH=/home/trungbao/cyberrunner_ws/install/cyberrunner_interfaces:${AMENT_PREFIX_PATH} CMAKE_PREFIX_PATH=/home/trungbao/cyberrunner_ws/install/cyberrunner_interfaces LD_LIBRARY_PATH=/home/trungbao/cyberrunner_ws/install/cyberrunner_interfaces/lib:${LD_LIBRARY_PATH} PYTHONPATH=/home/trungbao/cyberrunner_ws/build/cyberrunner_pid/prefix_override:/usr/lib/python3/dist-packages/colcon_core/task/python/colcon_distutils_commands:/home/trungbao/cyberrunner_ws/install/cyberrunner_pid/lib/python3.10/site-packages:/home/trungbao/cyberrunner_ws/install/cyberrunner_interfaces/local/lib/python3.10/dist-packages:${PYTHONPATH} /usr/bin/python3 -W ignore:setup.py install is deprecated -W ignore:easy_install command is deprecated setup.py develop --editable --build-directory /home/trungbao/cyberrunner_ws/build/cyberrunner_pid/build --no-deps symlink_data
[0.553s] running develop
[0.639s] running egg_info
[0.645s] writing cyberrunner_pid.egg-info/PKG-INFO
[0.646s] writing dependency_links to cyberrunner_pid.egg-info/dependency_links.txt
[0.646s] writing entry points to cyberrunner_pid.egg-info/entry_points.txt
[0.646s] writing requirements to cyberrunner_pid.egg-info/requires.txt
[0.646s] writing top-level names to cyberrunner_pid.egg-info/top_level.txt
[0.660s] reading manifest file 'cyberrunner_pid.egg-info/SOURCES.txt'
[0.661s] writing manifest file 'cyberrunner_pid.egg-info/SOURCES.txt'
[0.668s] running build_ext
[0.668s] Creating /home/trungbao/cyberrunner_ws/install/cyberrunner_pid/lib/python3.10/site-packages/cyberrunner-pid.egg-link (link to .)
[0.669s] Installing click_target script to /home/trungbao/cyberrunner_ws/install/cyberrunner_pid/lib/cyberrunner_pid
[0.669s] Installing maze_planner script to /home/trungbao/cyberrunner_ws/install/cyberrunner_pid/lib/cyberrunner_pid
[0.669s] Installing orange_live_target_node script to /home/trungbao/cyberrunner_ws/install/cyberrunner_pid/lib/cyberrunner_pid
[0.669s] Installing orange_track_mapper_node script to /home/trungbao/cyberrunner_ws/install/cyberrunner_pid/lib/cyberrunner_pid
[0.669s] Installing path_follower_node script to /home/trungbao/cyberrunner_ws/install/cyberrunner_pid/lib/cyberrunner_pid
[0.669s] Installing pid_controller script to /home/trungbao/cyberrunner_ws/install/cyberrunner_pid/lib/cyberrunner_pid
[0.669s] Installing route_wfocus_follow script to /home/trungbao/cyberrunner_ws/install/cyberrunner_pid/lib/cyberrunner_pid
[0.669s] 
[0.669s] Installed /home/trungbao/cyberrunner_ws/build/cyberrunner_pid
[0.669s] running symlink_data
[0.684s] Invoked command in '/home/trungbao/cyberrunner_ws/build/cyberrunner_pid' returned '0': AMENT_PREFIX_PATH=/home/trungbao/cyberrunner_ws/install/cyberrunner_interfaces:${AMENT_PREFIX_PATH} CMAKE_PREFIX_PATH=/home/trungbao/cyberrunner_ws/install/cyberrunner_interfaces LD_LIBRARY_PATH=/home/trungbao/cyberrunner_ws/install/cyberrunner_interfaces/lib:${LD_LIBRARY_PATH} PYTHONPATH=/home/trungbao/cyberrunner_ws/build/cyberrunner_pid/prefix_override:/usr/lib/python3/dist-packages/colcon_core/task/python/colcon_distutils_commands:/home/trungbao/cyberrunner_ws/install/cyberrunner_pid/lib/python3.10/site-packages:/home/trungbao/cyberrunner_ws/install/cyberrunner_interfaces/local/lib/python3.10/dist-packages:${PYTHONPATH} /usr/bin/python3 -W ignore:setup.py install is deprecated -W ignore:easy_install command is deprecated setup.py develop --editable --build-directory /home/trungbao/cyberrunner_ws/build/cyberrunner_pid/build --no-deps symlink_data
