[0.064s] DEBUG:colcon:Command line arguments: ['/home/trungbao/venvs/dreamer_ros/bin/colcon', 'build', '--symlink-install']
[0.064s] DEBUG:colcon:Parsed command line arguments: Namespace(log_base=None, log_level=None, verb_name='build', build_base='build', install_base='install', merge_install=False, symlink_install=True, test_result_base=None, continue_on_error=False, executor='parallel', parallel_workers=24, event_handlers=None, ignore_user_meta=False, metas=['./colcon.meta'], base_paths=['.'], packages_ignore=None, packages_ignore_regex=None, paths=None, packages_up_to=None, packages_up_to_regex=None, packages_above=None, packages_above_and_dependencies=None, packages_above_depth=None, packages_select_by_dep=None, packages_skip_by_dep=None, packages_skip_up_to=None, packages_select_build_failed=False, packages_skip_build_finished=False, packages_select_test_failures=False, packages_skip_test_passed=False, packages_select=None, packages_skip=None, packages_select_regex=None, packages_skip_regex=None, packages_start=None, packages_end=None, cmake_args=None, cmake_target=None, cmake_target_skip_unavailable=False, cmake_clean_cache=False, cmake_clean_first=False, cmake_force_configure=False, ament_cmake_args=None, catkin_cmake_args=None, catkin_skip_building_tests=False, verb_parser=<colcon_defaults.argument_parser.defaults.DefaultArgumentsDecorator object at 0x7c72cbf72950>, verb_extension=<colcon_core.verb.build.BuildVerb object at 0x7c72cbf72440>, main=<bound method BuildVerb.main of <colcon_core.verb.build.BuildVerb object at 0x7c72cbf72440>>)
[0.141s] Level 1:colcon.colcon_core.package_discovery:discover_packages(colcon_meta) check parameters
[0.141s] Level 1:colcon.colcon_core.package_discovery:discover_packages(recursive) check parameters
[0.141s] Level 1:colcon.colcon_core.package_discovery:discover_packages(ignore) check parameters
[0.141s] Level 1:colcon.colcon_core.package_discovery:discover_packages(path) check parameters
[0.141s] Level 1:colcon.colcon_core.package_discovery:discover_packages(colcon_meta) discover
[0.141s] Level 1:colcon.colcon_core.package_discovery:discover_packages(recursive) discover
[0.141s] INFO:colcon.colcon_core.package_discovery:Crawling recursively for packages in '/home/trungbao/cyberrunner_ws'
[0.141s] Level 1:colcon.colcon_core.package_identification:_identify(.) by extensions ['ignore', 'ignore_ament_install']
[0.141s] Level 1:colcon.colcon_core.package_identification:_identify(.) by extension 'ignore'
[0.141s] Level 1:colcon.colcon_core.package_identification:_identify(.) by extension 'ignore_ament_install'
[0.141s] Level 1:colcon.colcon_core.package_identification:_identify(.) by extensions ['colcon_pkg']
[0.141s] Level 1:colcon.colcon_core.package_identification:_identify(.) by extension 'colcon_pkg'
[0.141s] Level 1:colcon.colcon_core.package_identification:_identify(.) by extensions ['colcon_meta']
[0.141s] Level 1:colcon.colcon_core.package_identification:_identify(.) by extension 'colcon_meta'
[0.141s] Level 1:colcon.colcon_core.package_identification:_identify(.) by extensions ['ros']
[0.141s] Level 1:colcon.colcon_core.package_identification:_identify(.) by extension 'ros'
[0.154s] Level 1:colcon.colcon_core.package_identification:_identify(.) by extensions ['cmake', 'python']
[0.154s] Level 1:colcon.colcon_core.package_identification:_identify(.) by extension 'cmake'
[0.154s] Level 1:colcon.colcon_core.package_identification:_identify(.) by extension 'python'
[0.154s] Level 1:colcon.colcon_core.package_identification:_identify(.) by extensions ['python_setup_py']
[0.154s] Level 1:colcon.colcon_core.package_identification:_identify(.) by extension 'python_setup_py'
[0.154s] Level 1:colcon.colcon_core.package_identification:_identify(build) by extensions ['ignore', 'ignore_ament_install']
[0.154s] Level 1:colcon.colcon_core.package_identification:_identify(build) by extension 'ignore'
[0.154s] Level 1:colcon.colcon_core.package_identification:_identify(build) ignored
[0.154s] Level 1:colcon.colcon_core.package_identification:_identify(install) by extensions ['ignore', 'ignore_ament_install']
[0.154s] Level 1:colcon.colcon_core.package_identification:_identify(install) by extension 'ignore'
[0.155s] Level 1:colcon.colcon_core.package_identification:_identify(install) ignored
[0.155s] Level 1:colcon.colcon_core.package_identification:_identify(log) by extensions ['ignore', 'ignore_ament_install']
[0.155s] Level 1:colcon.colcon_core.package_identification:_identify(log) by extension 'ignore'
[0.155s] Level 1:colcon.colcon_core.package_identification:_identify(log) ignored
[0.155s] Level 1:colcon.colcon_core.package_identification:_identify(src) by extensions ['ignore', 'ignore_ament_install']
[0.155s] Level 1:colcon.colcon_core.package_identification:_identify(src) by extension 'ignore'
[0.155s] Level 1:colcon.colcon_core.package_identification:_identify(src) by extension 'ignore_ament_install'
[0.155s] Level 1:colcon.colcon_core.package_identification:_identify(src) by extensions ['colcon_pkg']
[0.155s] Level 1:colcon.colcon_core.package_identification:_identify(src) by extension 'colcon_pkg'
[0.155s] Level 1:colcon.colcon_core.package_identification:_identify(src) by extensions ['colcon_meta']
[0.155s] Level 1:colcon.colcon_core.package_identification:_identify(src) by extension 'colcon_meta'
[0.155s] Level 1:colcon.colcon_core.package_identification:_identify(src) by extensions ['ros']
[0.155s] Level 1:colcon.colcon_core.package_identification:_identify(src) by extension 'ros'
[0.155s] Level 1:colcon.colcon_core.package_identification:_identify(src) by extensions ['cmake', 'python']
[0.155s] Level 1:colcon.colcon_core.package_identification:_identify(src) by extension 'cmake'
[0.155s] Level 1:colcon.colcon_core.package_identification:_identify(src) by extension 'python'
[0.155s] Level 1:colcon.colcon_core.package_identification:_identify(src) by extensions ['python_setup_py']
[0.155s] Level 1:colcon.colcon_core.package_identification:_identify(src) by extension 'python_setup_py'
[0.155s] Level 1:colcon.colcon_core.package_identification:_identify(src/cyberrunner) by extensions ['ignore', 'ignore_ament_install']
[0.155s] Level 1:colcon.colcon_core.package_identification:_identify(src/cyberrunner) by extension 'ignore'
[0.155s] Level 1:colcon.colcon_core.package_identification:_identify(src/cyberrunner) by extension 'ignore_ament_install'
[0.155s] Level 1:colcon.colcon_core.package_identification:_identify(src/cyberrunner) by extensions ['colcon_pkg']
[0.155s] Level 1:colcon.colcon_core.package_identification:_identify(src/cyberrunner) by extension 'colcon_pkg'
[0.155s] Level 1:colcon.colcon_core.package_identification:_identify(src/cyberrunner) by extensions ['colcon_meta']
[0.155s] Level 1:colcon.colcon_core.package_identification:_identify(src/cyberrunner) by extension 'colcon_meta'
[0.155s] Level 1:colcon.colcon_core.package_identification:_identify(src/cyberrunner) by extensions ['ros']
[0.155s] Level 1:colcon.colcon_core.package_identification:_identify(src/cyberrunner) by extension 'ros'
[0.155s] Level 1:colcon.colcon_core.package_identification:_identify(src/cyberrunner) by extensions ['cmake', 'python']
[0.155s] Level 1:colcon.colcon_core.package_identification:_identify(src/cyberrunner) by extension 'cmake'
[0.155s] Level 1:colcon.colcon_core.package_identification:_identify(src/cyberrunner) by extension 'python'
[0.155s] Level 1:colcon.colcon_core.package_identification:_identify(src/cyberrunner) by extensions ['python_setup_py']
[0.155s] Level 1:colcon.colcon_core.package_identification:_identify(src/cyberrunner) by extension 'python_setup_py'
[0.155s] Level 1:colcon.colcon_core.package_identification:_identify(src/cyberrunner/cyberrunner_camera) by extensions ['ignore', 'ignore_ament_install']
[0.155s] Level 1:colcon.colcon_core.package_identification:_identify(src/cyberrunner/cyberrunner_camera) by extension 'ignore'
[0.155s] Level 1:colcon.colcon_core.package_identification:_identify(src/cyberrunner/cyberrunner_camera) by extension 'ignore_ament_install'
[0.155s] Level 1:colcon.colcon_core.package_identification:_identify(src/cyberrunner/cyberrunner_camera) by extensions ['colcon_pkg']
[0.155s] Level 1:colcon.colcon_core.package_identification:_identify(src/cyberrunner/cyberrunner_camera) by extension 'colcon_pkg'
[0.155s] Level 1:colcon.colcon_core.package_identification:_identify(src/cyberrunner/cyberrunner_camera) by extensions ['colcon_meta']
[0.155s] Level 1:colcon.colcon_core.package_identification:_identify(src/cyberrunner/cyberrunner_camera) by extension 'colcon_meta'
[0.155s] Level 1:colcon.colcon_core.package_identification:_identify(src/cyberrunner/cyberrunner_camera) by extensions ['ros']
[0.156s] Level 1:colcon.colcon_core.package_identification:_identify(src/cyberrunner/cyberrunner_camera) by extension 'ros'
[0.157s] DEBUG:colcon.colcon_core.package_identification:Package 'src/cyberrunner/cyberrunner_camera' with type 'ros.ament_cmake' and name 'cyberrunner_camera'
[0.157s] Level 1:colcon.colcon_core.package_identification:_identify(src/cyberrunner/cyberrunner_dreamer) by extensions ['ignore', 'ignore_ament_install']
[0.157s] Level 1:colcon.colcon_core.package_identification:_identify(src/cyberrunner/cyberrunner_dreamer) by extension 'ignore'
[0.157s] Level 1:colcon.colcon_core.package_identification:_identify(src/cyberrunner/cyberrunner_dreamer) by extension 'ignore_ament_install'
[0.157s] Level 1:colcon.colcon_core.package_identification:_identify(src/cyberrunner/cyberrunner_dreamer) by extensions ['colcon_pkg']
[0.157s] Level 1:colcon.colcon_core.package_identification:_identify(src/cyberrunner/cyberrunner_dreamer) by extension 'colcon_pkg'
[0.157s] Level 1:colcon.colcon_core.package_identification:_identify(src/cyberrunner/cyberrunner_dreamer) by extensions ['colcon_meta']
[0.157s] Level 1:colcon.colcon_core.package_identification:_identify(src/cyberrunner/cyberrunner_dreamer) by extension 'colcon_meta'
[0.157s] Level 1:colcon.colcon_core.package_identification:_identify(src/cyberrunner/cyberrunner_dreamer) by extensions ['ros']
[0.157s] Level 1:colcon.colcon_core.package_identification:_identify(src/cyberrunner/cyberrunner_dreamer) by extension 'ros'
[0.158s] DEBUG:colcon.colcon_core.package_identification:Package 'src/cyberrunner/cyberrunner_dreamer' with type 'ros.ament_python' and name 'cyberrunner_dreamer'
[0.158s] Level 1:colcon.colcon_core.package_identification:_identify(src/cyberrunner/cyberrunner_interfaces) by extensions ['ignore', 'ignore_ament_install']
[0.158s] Level 1:colcon.colcon_core.package_identification:_identify(src/cyberrunner/cyberrunner_interfaces) by extension 'ignore'
[0.158s] Level 1:colcon.colcon_core.package_identification:_identify(src/cyberrunner/cyberrunner_interfaces) by extension 'ignore_ament_install'
[0.158s] Level 1:colcon.colcon_core.package_identification:_identify(src/cyberrunner/cyberrunner_interfaces) by extensions ['colcon_pkg']
[0.158s] Level 1:colcon.colcon_core.package_identification:_identify(src/cyberrunner/cyberrunner_interfaces) by extension 'colcon_pkg'
[0.158s] Level 1:colcon.colcon_core.package_identification:_identify(src/cyberrunner/cyberrunner_interfaces) by extensions ['colcon_meta']
[0.158s] Level 1:colcon.colcon_core.package_identification:_identify(src/cyberrunner/cyberrunner_interfaces) by extension 'colcon_meta'
[0.158s] Level 1:colcon.colcon_core.package_identification:_identify(src/cyberrunner/cyberrunner_interfaces) by extensions ['ros']
[0.158s] Level 1:colcon.colcon_core.package_identification:_identify(src/cyberrunner/cyberrunner_interfaces) by extension 'ros'
[0.158s] DEBUG:colcon.colcon_core.package_identification:Package 'src/cyberrunner/cyberrunner_interfaces' with type 'ros.ament_cmake' and name 'cyberrunner_interfaces'
[0.158s] Level 1:colcon.colcon_core.package_identification:_identify(src/cyberrunner/cyberrunner_state_estimation) by extensions ['ignore', 'ignore_ament_install']
[0.158s] Level 1:colcon.colcon_core.package_identification:_identify(src/cyberrunner/cyberrunner_state_estimation) by extension 'ignore'
[0.158s] Level 1:colcon.colcon_core.package_identification:_identify(src/cyberrunner/cyberrunner_state_estimation) by extension 'ignore_ament_install'
[0.158s] Level 1:colcon.colcon_core.package_identification:_identify(src/cyberrunner/cyberrunner_state_estimation) by extensions ['colcon_pkg']
[0.158s] Level 1:colcon.colcon_core.package_identification:_identify(src/cyberrunner/cyberrunner_state_estimation) by extension 'colcon_pkg'
[0.158s] Level 1:colcon.colcon_core.package_identification:_identify(src/cyberrunner/cyberrunner_state_estimation) by extensions ['colcon_meta']
[0.158s] Level 1:colcon.colcon_core.package_identification:_identify(src/cyberrunner/cyberrunner_state_estimation) by extension 'colcon_meta'
[0.158s] Level 1:colcon.colcon_core.package_identification:_identify(src/cyberrunner/cyberrunner_state_estimation) by extensions ['ros']
[0.158s] Level 1:colcon.colcon_core.package_identification:_identify(src/cyberrunner/cyberrunner_state_estimation) by extension 'ros'
[0.159s] DEBUG:colcon.colcon_core.package_identification:Package 'src/cyberrunner/cyberrunner_state_estimation' with type 'ros.ament_python' and name 'cyberrunner_state_estimation'
[0.159s] Level 1:colcon.colcon_core.package_identification:_identify(src/cyberrunner/docs) by extensions ['ignore', 'ignore_ament_install']
[0.159s] Level 1:colcon.colcon_core.package_identification:_identify(src/cyberrunner/docs) by extension 'ignore'
[0.159s] Level 1:colcon.colcon_core.package_identification:_identify(src/cyberrunner/docs) by extension 'ignore_ament_install'
[0.159s] Level 1:colcon.colcon_core.package_identification:_identify(src/cyberrunner/docs) by extensions ['colcon_pkg']
[0.159s] Level 1:colcon.colcon_core.package_identification:_identify(src/cyberrunner/docs) by extension 'colcon_pkg'
[0.159s] Level 1:colcon.colcon_core.package_identification:_identify(src/cyberrunner/docs) by extensions ['colcon_meta']
[0.159s] Level 1:colcon.colcon_core.package_identification:_identify(src/cyberrunner/docs) by extension 'colcon_meta'
[0.159s] Level 1:colcon.colcon_core.package_identification:_identify(src/cyberrunner/docs) by extensions ['ros']
[0.159s] Level 1:colcon.colcon_core.package_identification:_identify(src/cyberrunner/docs) by extension 'ros'
[0.159s] Level 1:colcon.colcon_core.package_identification:_identify(src/cyberrunner/docs) by extensions ['cmake', 'python']
[0.159s] Level 1:colcon.colcon_core.package_identification:_identify(src/cyberrunner/docs) by extension 'cmake'
[0.159s] Level 1:colcon.colcon_core.package_identification:_identify(src/cyberrunner/docs) by extension 'python'
[0.159s] Level 1:colcon.colcon_core.package_identification:_identify(src/cyberrunner/docs) by extensions ['python_setup_py']
[0.159s] Level 1:colcon.colcon_core.package_identification:_identify(src/cyberrunner/docs) by extension 'python_setup_py'
[0.159s] Level 1:colcon.colcon_core.package_identification:_identify(src/cyberrunner/docs/assets) by extensions ['ignore', 'ignore_ament_install']
[0.159s] Level 1:colcon.colcon_core.package_identification:_identify(src/cyberrunner/docs/assets) by extension 'ignore'
[0.159s] Level 1:colcon.colcon_core.package_identification:_identify(src/cyberrunner/docs/assets) by extension 'ignore_ament_install'
[0.159s] Level 1:colcon.colcon_core.package_identification:_identify(src/cyberrunner/docs/assets) by extensions ['colcon_pkg']
[0.159s] Level 1:colcon.colcon_core.package_identification:_identify(src/cyberrunner/docs/assets) by extension 'colcon_pkg'
[0.159s] Level 1:colcon.colcon_core.package_identification:_identify(src/cyberrunner/docs/assets) by extensions ['colcon_meta']
[0.159s] Level 1:colcon.colcon_core.package_identification:_identify(src/cyberrunner/docs/assets) by extension 'colcon_meta'
[0.159s] Level 1:colcon.colcon_core.package_identification:_identify(src/cyberrunner/docs/assets) by extensions ['ros']
[0.159s] Level 1:colcon.colcon_core.package_identification:_identify(src/cyberrunner/docs/assets) by extension 'ros'
[0.159s] Level 1:colcon.colcon_core.package_identification:_identify(src/cyberrunner/docs/assets) by extensions ['cmake', 'python']
[0.159s] Level 1:colcon.colcon_core.package_identification:_identify(src/cyberrunner/docs/assets) by extension 'cmake'
[0.159s] Level 1:colcon.colcon_core.package_identification:_identify(src/cyberrunner/docs/assets) by extension 'python'
[0.159s] Level 1:colcon.colcon_core.package_identification:_identify(src/cyberrunner/docs/assets) by extensions ['python_setup_py']
[0.159s] Level 1:colcon.colcon_core.package_identification:_identify(src/cyberrunner/docs/assets) by extension 'python_setup_py'
[0.159s] Level 1:colcon.colcon_core.package_identification:_identify(src/cyberrunner/docs/assets/camera) by extensions ['ignore', 'ignore_ament_install']
[0.159s] Level 1:colcon.colcon_core.package_identification:_identify(src/cyberrunner/docs/assets/camera) by extension 'ignore'
[0.159s] Level 1:colcon.colcon_core.package_identification:_identify(src/cyberrunner/docs/assets/camera) by extension 'ignore_ament_install'
[0.159s] Level 1:colcon.colcon_core.package_identification:_identify(src/cyberrunner/docs/assets/camera) by extensions ['colcon_pkg']
[0.159s] Level 1:colcon.colcon_core.package_identification:_identify(src/cyberrunner/docs/assets/camera) by extension 'colcon_pkg'
[0.159s] Level 1:colcon.colcon_core.package_identification:_identify(src/cyberrunner/docs/assets/camera) by extensions ['colcon_meta']
[0.159s] Level 1:colcon.colcon_core.package_identification:_identify(src/cyberrunner/docs/assets/camera) by extension 'colcon_meta'
[0.159s] Level 1:colcon.colcon_core.package_identification:_identify(src/cyberrunner/docs/assets/camera) by extensions ['ros']
[0.159s] Level 1:colcon.colcon_core.package_identification:_identify(src/cyberrunner/docs/assets/camera) by extension 'ros'
[0.159s] Level 1:colcon.colcon_core.package_identification:_identify(src/cyberrunner/docs/assets/camera) by extensions ['cmake', 'python']
[0.159s] Level 1:colcon.colcon_core.package_identification:_identify(src/cyberrunner/docs/assets/camera) by extension 'cmake'
[0.159s] Level 1:colcon.colcon_core.package_identification:_identify(src/cyberrunner/docs/assets/camera) by extension 'python'
[0.159s] Level 1:colcon.colcon_core.package_identification:_identify(src/cyberrunner/docs/assets/camera) by extensions ['python_setup_py']
[0.159s] Level 1:colcon.colcon_core.package_identification:_identify(src/cyberrunner/docs/assets/camera) by extension 'python_setup_py'
[0.160s] Level 1:colcon.colcon_core.package_identification:_identify(src/cyberrunner/docs/assets/motors) by extensions ['ignore', 'ignore_ament_install']
[0.160s] Level 1:colcon.colcon_core.package_identification:_identify(src/cyberrunner/docs/assets/motors) by extension 'ignore'
[0.160s] Level 1:colcon.colcon_core.package_identification:_identify(src/cyberrunner/docs/assets/motors) by extension 'ignore_ament_install'
[0.160s] Level 1:colcon.colcon_core.package_identification:_identify(src/cyberrunner/docs/assets/motors) by extensions ['colcon_pkg']
[0.160s] Level 1:colcon.colcon_core.package_identification:_identify(src/cyberrunner/docs/assets/motors) by extension 'colcon_pkg'
[0.160s] Level 1:colcon.colcon_core.package_identification:_identify(src/cyberrunner/docs/assets/motors) by extensions ['colcon_meta']
[0.160s] Level 1:colcon.colcon_core.package_identification:_identify(src/cyberrunner/docs/assets/motors) by extension 'colcon_meta'
[0.160s] Level 1:colcon.colcon_core.package_identification:_identify(src/cyberrunner/docs/assets/motors) by extensions ['ros']
[0.160s] Level 1:colcon.colcon_core.package_identification:_identify(src/cyberrunner/docs/assets/motors) by extension 'ros'
[0.160s] Level 1:colcon.colcon_core.package_identification:_identify(src/cyberrunner/docs/assets/motors) by extensions ['cmake', 'python']
[0.160s] Level 1:colcon.colcon_core.package_identification:_identify(src/cyberrunner/docs/assets/motors) by extension 'cmake'
[0.160s] Level 1:colcon.colcon_core.package_identification:_identify(src/cyberrunner/docs/assets/motors) by extension 'python'
[0.160s] Level 1:colcon.colcon_core.package_identification:_identify(src/cyberrunner/docs/assets/motors) by extensions ['python_setup_py']
[0.160s] Level 1:colcon.colcon_core.package_identification:_identify(src/cyberrunner/docs/assets/motors) by extension 'python_setup_py'
[0.160s] Level 1:colcon.colcon_core.package_identification:_identify(src/cyberrunner/docs/assets/reload) by extensions ['ignore', 'ignore_ament_install']
[0.160s] Level 1:colcon.colcon_core.package_identification:_identify(src/cyberrunner/docs/assets/reload) by extension 'ignore'
[0.160s] Level 1:colcon.colcon_core.package_identification:_identify(src/cyberrunner/docs/assets/reload) by extension 'ignore_ament_install'
[0.160s] Level 1:colcon.colcon_core.package_identification:_identify(src/cyberrunner/docs/assets/reload) by extensions ['colcon_pkg']
[0.160s] Level 1:colcon.colcon_core.package_identification:_identify(src/cyberrunner/docs/assets/reload) by extension 'colcon_pkg'
[0.160s] Level 1:colcon.colcon_core.package_identification:_identify(src/cyberrunner/docs/assets/reload) by extensions ['colcon_meta']
[0.160s] Level 1:colcon.colcon_core.package_identification:_identify(src/cyberrunner/docs/assets/reload) by extension 'colcon_meta'
[0.160s] Level 1:colcon.colcon_core.package_identification:_identify(src/cyberrunner/docs/assets/reload) by extensions ['ros']
[0.160s] Level 1:colcon.colcon_core.package_identification:_identify(src/cyberrunner/docs/assets/reload) by extension 'ros'
[0.160s] Level 1:colcon.colcon_core.package_identification:_identify(src/cyberrunner/docs/assets/reload) by extensions ['cmake', 'python']
[0.160s] Level 1:colcon.colcon_core.package_identification:_identify(src/cyberrunner/docs/assets/reload) by extension 'cmake'
[0.160s] Level 1:colcon.colcon_core.package_identification:_identify(src/cyberrunner/docs/assets/reload) by extension 'python'
[0.160s] Level 1:colcon.colcon_core.package_identification:_identify(src/cyberrunner/docs/assets/reload) by extensions ['python_setup_py']
[0.160s] Level 1:colcon.colcon_core.package_identification:_identify(src/cyberrunner/docs/assets/reload) by extension 'python_setup_py'
[0.160s] Level 1:colcon.colcon_core.package_identification:_identify(src/cyberrunner/docs/assets/reload/arduino) by extensions ['ignore', 'ignore_ament_install']
[0.160s] Level 1:colcon.colcon_core.package_identification:_identify(src/cyberrunner/docs/assets/reload/arduino) by extension 'ignore'
[0.160s] Level 1:colcon.colcon_core.package_identification:_identify(src/cyberrunner/docs/assets/reload/arduino) by extension 'ignore_ament_install'
[0.160s] Level 1:colcon.colcon_core.package_identification:_identify(src/cyberrunner/docs/assets/reload/arduino) by extensions ['colcon_pkg']
[0.160s] Level 1:colcon.colcon_core.package_identification:_identify(src/cyberrunner/docs/assets/reload/arduino) by extension 'colcon_pkg'
[0.160s] Level 1:colcon.colcon_core.package_identification:_identify(src/cyberrunner/docs/assets/reload/arduino) by extensions ['colcon_meta']
[0.160s] Level 1:colcon.colcon_core.package_identification:_identify(src/cyberrunner/docs/assets/reload/arduino) by extension 'colcon_meta'
[0.160s] Level 1:colcon.colcon_core.package_identification:_identify(src/cyberrunner/docs/assets/reload/arduino) by extensions ['ros']
[0.160s] Level 1:colcon.colcon_core.package_identification:_identify(src/cyberrunner/docs/assets/reload/arduino) by extension 'ros'
[0.160s] Level 1:colcon.colcon_core.package_identification:_identify(src/cyberrunner/docs/assets/reload/arduino) by extensions ['cmake', 'python']
[0.160s] Level 1:colcon.colcon_core.package_identification:_identify(src/cyberrunner/docs/assets/reload/arduino) by extension 'cmake'
[0.160s] Level 1:colcon.colcon_core.package_identification:_identify(src/cyberrunner/docs/assets/reload/arduino) by extension 'python'
[0.160s] Level 1:colcon.colcon_core.package_identification:_identify(src/cyberrunner/docs/assets/reload/arduino) by extensions ['python_setup_py']
[0.160s] Level 1:colcon.colcon_core.package_identification:_identify(src/cyberrunner/docs/assets/reload/arduino) by extension 'python_setup_py'
[0.160s] Level 1:colcon.colcon_core.package_identification:_identify(src/cyberrunner/docs/img) by extensions ['ignore', 'ignore_ament_install']
[0.160s] Level 1:colcon.colcon_core.package_identification:_identify(src/cyberrunner/docs/img) by extension 'ignore'
[0.160s] Level 1:colcon.colcon_core.package_identification:_identify(src/cyberrunner/docs/img) by extension 'ignore_ament_install'
[0.160s] Level 1:colcon.colcon_core.package_identification:_identify(src/cyberrunner/docs/img) by extensions ['colcon_pkg']
[0.160s] Level 1:colcon.colcon_core.package_identification:_identify(src/cyberrunner/docs/img) by extension 'colcon_pkg'
[0.160s] Level 1:colcon.colcon_core.package_identification:_identify(src/cyberrunner/docs/img) by extensions ['colcon_meta']
[0.160s] Level 1:colcon.colcon_core.package_identification:_identify(src/cyberrunner/docs/img) by extension 'colcon_meta'
[0.160s] Level 1:colcon.colcon_core.package_identification:_identify(src/cyberrunner/docs/img) by extensions ['ros']
[0.160s] Level 1:colcon.colcon_core.package_identification:_identify(src/cyberrunner/docs/img) by extension 'ros'
[0.160s] Level 1:colcon.colcon_core.package_identification:_identify(src/cyberrunner/docs/img) by extensions ['cmake', 'python']
[0.160s] Level 1:colcon.colcon_core.package_identification:_identify(src/cyberrunner/docs/img) by extension 'cmake'
[0.160s] Level 1:colcon.colcon_core.package_identification:_identify(src/cyberrunner/docs/img) by extension 'python'
[0.160s] Level 1:colcon.colcon_core.package_identification:_identify(src/cyberrunner/docs/img) by extensions ['python_setup_py']
[0.160s] Level 1:colcon.colcon_core.package_identification:_identify(src/cyberrunner/docs/img) by extension 'python_setup_py'
[0.161s] Level 1:colcon.colcon_core.package_identification:_identify(src/cyberrunner/dreamerv3) by extensions ['ignore', 'ignore_ament_install']
[0.161s] Level 1:colcon.colcon_core.package_identification:_identify(src/cyberrunner/dreamerv3) by extension 'ignore'
[0.161s] Level 1:colcon.colcon_core.package_identification:_identify(src/cyberrunner/dreamerv3) ignored
[0.161s] Level 1:colcon.colcon_core.package_identification:_identify(src/cyberrunner_camera) by extensions ['ignore', 'ignore_ament_install']
[0.161s] Level 1:colcon.colcon_core.package_identification:_identify(src/cyberrunner_camera) by extension 'ignore'
[0.161s] Level 1:colcon.colcon_core.package_identification:_identify(src/cyberrunner_camera) by extension 'ignore_ament_install'
[0.161s] Level 1:colcon.colcon_core.package_identification:_identify(src/cyberrunner_camera) by extensions ['colcon_pkg']
[0.161s] Level 1:colcon.colcon_core.package_identification:_identify(src/cyberrunner_camera) by extension 'colcon_pkg'
[0.161s] Level 1:colcon.colcon_core.package_identification:_identify(src/cyberrunner_camera) by extensions ['colcon_meta']
[0.161s] Level 1:colcon.colcon_core.package_identification:_identify(src/cyberrunner_camera) by extension 'colcon_meta'
[0.161s] Level 1:colcon.colcon_core.package_identification:_identify(src/cyberrunner_camera) by extensions ['ros']
[0.161s] Level 1:colcon.colcon_core.package_identification:_identify(src/cyberrunner_camera) by extension 'ros'
[0.161s] Level 1:colcon.colcon_core.package_identification:_identify(src/cyberrunner_camera) by extensions ['cmake', 'python']
[0.161s] Level 1:colcon.colcon_core.package_identification:_identify(src/cyberrunner_camera) by extension 'cmake'
[0.161s] Level 1:colcon.colcon_core.package_identification:_identify(src/cyberrunner_camera) by extension 'python'
[0.161s] Level 1:colcon.colcon_core.package_identification:_identify(src/cyberrunner_camera) by extensions ['python_setup_py']
[0.161s] Level 1:colcon.colcon_core.package_identification:_identify(src/cyberrunner_camera) by extension 'python_setup_py'
[0.161s] Level 1:colcon.colcon_core.package_identification:_identify(src/cyberrunner_camera/launch) by extensions ['ignore', 'ignore_ament_install']
[0.161s] Level 1:colcon.colcon_core.package_identification:_identify(src/cyberrunner_camera/launch) by extension 'ignore'
[0.161s] Level 1:colcon.colcon_core.package_identification:_identify(src/cyberrunner_camera/launch) by extension 'ignore_ament_install'
[0.161s] Level 1:colcon.colcon_core.package_identification:_identify(src/cyberrunner_camera/launch) by extensions ['colcon_pkg']
[0.161s] Level 1:colcon.colcon_core.package_identification:_identify(src/cyberrunner_camera/launch) by extension 'colcon_pkg'
[0.161s] Level 1:colcon.colcon_core.package_identification:_identify(src/cyberrunner_camera/launch) by extensions ['colcon_meta']
[0.161s] Level 1:colcon.colcon_core.package_identification:_identify(src/cyberrunner_camera/launch) by extension 'colcon_meta'
[0.161s] Level 1:colcon.colcon_core.package_identification:_identify(src/cyberrunner_camera/launch) by extensions ['ros']
[0.161s] Level 1:colcon.colcon_core.package_identification:_identify(src/cyberrunner_camera/launch) by extension 'ros'
[0.161s] Level 1:colcon.colcon_core.package_identification:_identify(src/cyberrunner_camera/launch) by extensions ['cmake', 'python']
[0.161s] Level 1:colcon.colcon_core.package_identification:_identify(src/cyberrunner_camera/launch) by extension 'cmake'
[0.161s] Level 1:colcon.colcon_core.package_identification:_identify(src/cyberrunner_camera/launch) by extension 'python'
[0.161s] Level 1:colcon.colcon_core.package_identification:_identify(src/cyberrunner_camera/launch) by extensions ['python_setup_py']
[0.161s] Level 1:colcon.colcon_core.package_identification:_identify(src/cyberrunner_camera/launch) by extension 'python_setup_py'
[0.161s] Level 1:colcon.colcon_core.package_identification:_identify(src/cyberrunner_hiwonder) by extensions ['ignore', 'ignore_ament_install']
[0.161s] Level 1:colcon.colcon_core.package_identification:_identify(src/cyberrunner_hiwonder) by extension 'ignore'
[0.161s] Level 1:colcon.colcon_core.package_identification:_identify(src/cyberrunner_hiwonder) by extension 'ignore_ament_install'
[0.161s] Level 1:colcon.colcon_core.package_identification:_identify(src/cyberrunner_hiwonder) by extensions ['colcon_pkg']
[0.161s] Level 1:colcon.colcon_core.package_identification:_identify(src/cyberrunner_hiwonder) by extension 'colcon_pkg'
[0.161s] Level 1:colcon.colcon_core.package_identification:_identify(src/cyberrunner_hiwonder) by extensions ['colcon_meta']
[0.161s] Level 1:colcon.colcon_core.package_identification:_identify(src/cyberrunner_hiwonder) by extension 'colcon_meta'
[0.161s] Level 1:colcon.colcon_core.package_identification:_identify(src/cyberrunner_hiwonder) by extensions ['ros']
[0.161s] Level 1:colcon.colcon_core.package_identification:_identify(src/cyberrunner_hiwonder) by extension 'ros'
[0.162s] DEBUG:colcon.colcon_core.package_identification:Package 'src/cyberrunner_hiwonder' with type 'ros.ament_python' and name 'cyberrunner_hiwonder'
[0.162s] Level 1:colcon.colcon_core.package_discovery:discover_packages(recursive) using defaults
[0.162s] Level 1:colcon.colcon_core.package_discovery:discover_packages(ignore) discover
[0.162s] Level 1:colcon.colcon_core.package_discovery:discover_packages(ignore) using defaults
[0.162s] Level 1:colcon.colcon_core.package_discovery:discover_packages(path) discover
[0.162s] Level 1:colcon.colcon_core.package_discovery:discover_packages(path) using defaults
[0.172s] Level 5:colcon.colcon_core.verb:set package 'cyberrunner_camera' build argument 'cmake_args' from command line to 'None'
[0.172s] Level 5:colcon.colcon_core.verb:set package 'cyberrunner_camera' build argument 'cmake_target' from command line to 'None'
[0.172s] Level 5:colcon.colcon_core.verb:set package 'cyberrunner_camera' build argument 'cmake_target_skip_unavailable' from command line to 'False'
[0.172s] Level 5:colcon.colcon_core.verb:set package 'cyberrunner_camera' build argument 'cmake_clean_cache' from command line to 'False'
[0.172s] Level 5:colcon.colcon_core.verb:set package 'cyberrunner_camera' build argument 'cmake_clean_first' from command line to 'False'
[0.172s] Level 5:colcon.colcon_core.verb:set package 'cyberrunner_camera' build argument 'cmake_force_configure' from command line to 'False'
[0.172s] Level 5:colcon.colcon_core.verb:set package 'cyberrunner_camera' build argument 'ament_cmake_args' from command line to 'None'
[0.172s] Level 5:colcon.colcon_core.verb:set package 'cyberrunner_camera' build argument 'catkin_cmake_args' from command line to 'None'
[0.172s] Level 5:colcon.colcon_core.verb:set package 'cyberrunner_camera' build argument 'catkin_skip_building_tests' from command line to 'False'
[0.172s] DEBUG:colcon.colcon_core.verb:Building package 'cyberrunner_camera' with the following arguments: {'ament_cmake_args': None, 'build_base': '/home/trungbao/cyberrunner_ws/build/cyberrunner_camera', 'catkin_cmake_args': None, 'catkin_skip_building_tests': False, 'cmake_args': None, 'cmake_clean_cache': False, 'cmake_clean_first': False, 'cmake_force_configure': False, 'cmake_target': None, 'cmake_target_skip_unavailable': False, 'install_base': '/home/trungbao/cyberrunner_ws/install/cyberrunner_camera', 'merge_install': False, 'path': '/home/trungbao/cyberrunner_ws/src/cyberrunner/cyberrunner_camera', 'symlink_install': True, 'test_result_base': None}
[0.172s] Level 5:colcon.colcon_core.verb:set package 'cyberrunner_hiwonder' build argument 'cmake_args' from command line to 'None'
[0.172s] Level 5:colcon.colcon_core.verb:set package 'cyberrunner_hiwonder' build argument 'cmake_target' from command line to 'None'
[0.172s] Level 5:colcon.colcon_core.verb:set package 'cyberrunner_hiwonder' build argument 'cmake_target_skip_unavailable' from command line to 'False'
[0.172s] Level 5:colcon.colcon_core.verb:set package 'cyberrunner_hiwonder' build argument 'cmake_clean_cache' from command line to 'False'
[0.172s] Level 5:colcon.colcon_core.verb:set package 'cyberrunner_hiwonder' build argument 'cmake_clean_first' from command line to 'False'
[0.172s] Level 5:colcon.colcon_core.verb:set package 'cyberrunner_hiwonder' build argument 'cmake_force_configure' from command line to 'False'
[0.172s] Level 5:colcon.colcon_core.verb:set package 'cyberrunner_hiwonder' build argument 'ament_cmake_args' from command line to 'None'
[0.172s] Level 5:colcon.colcon_core.verb:set package 'cyberrunner_hiwonder' build argument 'catkin_cmake_args' from command line to 'None'
[0.172s] Level 5:colcon.colcon_core.verb:set package 'cyberrunner_hiwonder' build argument 'catkin_skip_building_tests' from command line to 'False'
[0.172s] DEBUG:colcon.colcon_core.verb:Building package 'cyberrunner_hiwonder' with the following arguments: {'ament_cmake_args': None, 'build_base': '/home/trungbao/cyberrunner_ws/build/cyberrunner_hiwonder', 'catkin_cmake_args': None, 'catkin_skip_building_tests': False, 'cmake_args': None, 'cmake_clean_cache': False, 'cmake_clean_first': False, 'cmake_force_configure': False, 'cmake_target': None, 'cmake_target_skip_unavailable': False, 'install_base': '/home/trungbao/cyberrunner_ws/install/cyberrunner_hiwonder', 'merge_install': False, 'path': '/home/trungbao/cyberrunner_ws/src/cyberrunner_hiwonder', 'symlink_install': True, 'test_result_base': None}
[0.172s] Level 5:colcon.colcon_core.verb:set package 'cyberrunner_interfaces' build argument 'cmake_args' from command line to 'None'
[0.172s] Level 5:colcon.colcon_core.verb:set package 'cyberrunner_interfaces' build argument 'cmake_target' from command line to 'None'
[0.172s] Level 5:colcon.colcon_core.verb:set package 'cyberrunner_interfaces' build argument 'cmake_target_skip_unavailable' from command line to 'False'
[0.172s] Level 5:colcon.colcon_core.verb:set package 'cyberrunner_interfaces' build argument 'cmake_clean_cache' from command line to 'False'
[0.172s] Level 5:colcon.colcon_core.verb:set package 'cyberrunner_interfaces' build argument 'cmake_clean_first' from command line to 'False'
[0.173s] Level 5:colcon.colcon_core.verb:set package 'cyberrunner_interfaces' build argument 'cmake_force_configure' from command line to 'False'
[0.173s] Level 5:colcon.colcon_core.verb:set package 'cyberrunner_interfaces' build argument 'ament_cmake_args' from command line to 'None'
[0.173s] Level 5:colcon.colcon_core.verb:set package 'cyberrunner_interfaces' build argument 'catkin_cmake_args' from command line to 'None'
[0.173s] Level 5:colcon.colcon_core.verb:set package 'cyberrunner_interfaces' build argument 'catkin_skip_building_tests' from command line to 'False'
[0.173s] DEBUG:colcon.colcon_core.verb:Building package 'cyberrunner_interfaces' with the following arguments: {'ament_cmake_args': None, 'build_base': '/home/trungbao/cyberrunner_ws/build/cyberrunner_interfaces', 'catkin_cmake_args': None, 'catkin_skip_building_tests': False, 'cmake_args': None, 'cmake_clean_cache': False, 'cmake_clean_first': False, 'cmake_force_configure': False, 'cmake_target': None, 'cmake_target_skip_unavailable': False, 'install_base': '/home/trungbao/cyberrunner_ws/install/cyberrunner_interfaces', 'merge_install': False, 'path': '/home/trungbao/cyberrunner_ws/src/cyberrunner/cyberrunner_interfaces', 'symlink_install': True, 'test_result_base': None}
[0.173s] Level 5:colcon.colcon_core.verb:set package 'cyberrunner_dreamer' build argument 'cmake_args' from command line to 'None'
[0.173s] Level 5:colcon.colcon_core.verb:set package 'cyberrunner_dreamer' build argument 'cmake_target' from command line to 'None'
[0.173s] Level 5:colcon.colcon_core.verb:set package 'cyberrunner_dreamer' build argument 'cmake_target_skip_unavailable' from command line to 'False'
[0.173s] Level 5:colcon.colcon_core.verb:set package 'cyberrunner_dreamer' build argument 'cmake_clean_cache' from command line to 'False'
[0.173s] Level 5:colcon.colcon_core.verb:set package 'cyberrunner_dreamer' build argument 'cmake_clean_first' from command line to 'False'
[0.173s] Level 5:colcon.colcon_core.verb:set package 'cyberrunner_dreamer' build argument 'cmake_force_configure' from command line to 'False'
[0.173s] Level 5:colcon.colcon_core.verb:set package 'cyberrunner_dreamer' build argument 'ament_cmake_args' from command line to 'None'
[0.173s] Level 5:colcon.colcon_core.verb:set package 'cyberrunner_dreamer' build argument 'catkin_cmake_args' from command line to 'None'
[0.173s] Level 5:colcon.colcon_core.verb:set package 'cyberrunner_dreamer' build argument 'catkin_skip_building_tests' from command line to 'False'
[0.173s] DEBUG:colcon.colcon_core.verb:Building package 'cyberrunner_dreamer' with the following arguments: {'ament_cmake_args': None, 'build_base': '/home/trungbao/cyberrunner_ws/build/cyberrunner_dreamer', 'catkin_cmake_args': None, 'catkin_skip_building_tests': False, 'cmake_args': None, 'cmake_clean_cache': False, 'cmake_clean_first': False, 'cmake_force_configure': False, 'cmake_target': None, 'cmake_target_skip_unavailable': False, 'install_base': '/home/trungbao/cyberrunner_ws/install/cyberrunner_dreamer', 'merge_install': False, 'path': '/home/trungbao/cyberrunner_ws/src/cyberrunner/cyberrunner_dreamer', 'symlink_install': True, 'test_result_base': None}
[0.173s] Level 5:colcon.colcon_core.verb:set package 'cyberrunner_state_estimation' build argument 'cmake_args' from command line to 'None'
[0.173s] Level 5:colcon.colcon_core.verb:set package 'cyberrunner_state_estimation' build argument 'cmake_target' from command line to 'None'
[0.173s] Level 5:colcon.colcon_core.verb:set package 'cyberrunner_state_estimation' build argument 'cmake_target_skip_unavailable' from command line to 'False'
[0.173s] Level 5:colcon.colcon_core.verb:set package 'cyberrunner_state_estimation' build argument 'cmake_clean_cache' from command line to 'False'
[0.173s] Level 5:colcon.colcon_core.verb:set package 'cyberrunner_state_estimation' build argument 'cmake_clean_first' from command line to 'False'
[0.173s] Level 5:colcon.colcon_core.verb:set package 'cyberrunner_state_estimation' build argument 'cmake_force_configure' from command line to 'False'
[0.173s] Level 5:colcon.colcon_core.verb:set package 'cyberrunner_state_estimation' build argument 'ament_cmake_args' from command line to 'None'
[0.173s] Level 5:colcon.colcon_core.verb:set package 'cyberrunner_state_estimation' build argument 'catkin_cmake_args' from command line to 'None'
[0.173s] Level 5:colcon.colcon_core.verb:set package 'cyberrunner_state_estimation' build argument 'catkin_skip_building_tests' from command line to 'False'
[0.173s] DEBUG:colcon.colcon_core.verb:Building package 'cyberrunner_state_estimation' with the following arguments: {'ament_cmake_args': None, 'build_base': '/home/trungbao/cyberrunner_ws/build/cyberrunner_state_estimation', 'catkin_cmake_args': None, 'catkin_skip_building_tests': False, 'cmake_args': None, 'cmake_clean_cache': False, 'cmake_clean_first': False, 'cmake_force_configure': False, 'cmake_target': None, 'cmake_target_skip_unavailable': False, 'install_base': '/home/trungbao/cyberrunner_ws/install/cyberrunner_state_estimation', 'merge_install': False, 'path': '/home/trungbao/cyberrunner_ws/src/cyberrunner/cyberrunner_state_estimation', 'symlink_install': True, 'test_result_base': None}
[0.173s] INFO:colcon.colcon_core.executor:Executing jobs using 'parallel' executor
[0.174s] DEBUG:colcon.colcon_parallel_executor.executor.parallel:run_until_complete
[0.174s] INFO:colcon.colcon_ros.task.ament_cmake.build:Building ROS package in '/home/trungbao/cyberrunner_ws/src/cyberrunner/cyberrunner_interfaces' with build type 'ament_cmake'
[0.174s] INFO:colcon.colcon_cmake.task.cmake.build:Building CMake package in '/home/trungbao/cyberrunner_ws/src/cyberrunner/cyberrunner_interfaces'
[0.175s] INFO:colcon.colcon_core.plugin_system:Skipping extension 'colcon_core.shell.bat': Not used on non-Windows systems
[0.175s] INFO:colcon.colcon_core.shell:Skip shell extension 'powershell' for command environment: Not usable outside of PowerShell
[0.175s] DEBUG:colcon.colcon_core.shell:Skip shell extension 'dsv' for command environment
[0.178s] INFO:colcon.colcon_ros.task.ament_cmake.build:Building ROS package in '/home/trungbao/cyberrunner_ws/src/cyberrunner/cyberrunner_camera' with build type 'ament_cmake'
[0.178s] INFO:colcon.colcon_cmake.task.cmake.build:Building CMake package in '/home/trungbao/cyberrunner_ws/src/cyberrunner/cyberrunner_camera'
[0.178s] INFO:colcon.colcon_core.shell:Skip shell extension 'powershell' for command environment: Not usable outside of PowerShell
[0.178s] DEBUG:colcon.colcon_core.shell:Skip shell extension 'dsv' for command environment
[0.179s] INFO:colcon.colcon_ros.task.ament_python.build:Building ROS package in '/home/trungbao/cyberrunner_ws/src/cyberrunner_hiwonder' with build type 'ament_python'
[0.180s] Level 1:colcon.colcon_core.shell:create_environment_hook('cyberrunner_hiwonder', 'ament_prefix_path')
[0.180s] INFO:colcon.colcon_core.shell:Creating environment hook '/home/trungbao/cyberrunner_ws/install/cyberrunner_hiwonder/share/cyberrunner_hiwonder/hook/ament_prefix_path.ps1'
[0.180s] INFO:colcon.colcon_core.shell:Creating environment descriptor '/home/trungbao/cyberrunner_ws/install/cyberrunner_hiwonder/share/cyberrunner_hiwonder/hook/ament_prefix_path.dsv'
[0.180s] INFO:colcon.colcon_core.shell:Creating environment hook '/home/trungbao/cyberrunner_ws/install/cyberrunner_hiwonder/share/cyberrunner_hiwonder/hook/ament_prefix_path.sh'
[0.181s] INFO:colcon.colcon_core.shell:Skip shell extension 'powershell' for command environment: Not usable outside of PowerShell
[0.181s] DEBUG:colcon.colcon_core.shell:Skip shell extension 'dsv' for command environment
[0.185s] DEBUG:colcon.colcon_core.event_handler.log_command:Invoking command in '/home/trungbao/cyberrunner_ws/build/cyberrunner_interfaces': CMAKE_PREFIX_PATH=${CMAKE_PREFIX_PATH}:/home/trungbao/cyberrunner_ws/install/cyberrunner_state_estimation:/home/trungbao/cyberrunner_ws/install/cyberrunner_dreamer:/home/trungbao/cyberrunner_ws/install/cyberrunner_hiwonder:/opt/ros/humble PS1=(dreamer_ros) \[\e]0;\u@\h: \w\a\]${debian_chroot:+($debian_chroot)}\[\033[01;32m\]\u@\h\[\033[00m\]:\[\033[01;34m\]\w\[\033[00m\]\$ VIRTUAL_ENV_PROMPT=(dreamer_ros) /usr/bin/cmake --build /home/trungbao/cyberrunner_ws/build/cyberrunner_interfaces -- -j24 -l24
[0.186s] DEBUG:colcon.colcon_core.event_handler.log_command:Invoking command in '/home/trungbao/cyberrunner_ws/build/cyberrunner_camera': CMAKE_PREFIX_PATH=${CMAKE_PREFIX_PATH}:/home/trungbao/cyberrunner_ws/install/cyberrunner_state_estimation:/home/trungbao/cyberrunner_ws/install/cyberrunner_dreamer:/home/trungbao/cyberrunner_ws/install/cyberrunner_hiwonder:/opt/ros/humble PS1=(dreamer_ros) \[\e]0;\u@\h: \w\a\]${debian_chroot:+($debian_chroot)}\[\033[01;32m\]\u@\h\[\033[00m\]:\[\033[01;34m\]\w\[\033[00m\]\$ VIRTUAL_ENV_PROMPT=(dreamer_ros) /usr/bin/cmake --build /home/trungbao/cyberrunner_ws/build/cyberrunner_camera -- -j24 -l24
[0.345s] INFO:colcon.colcon_core.task.python.build:Building Python package in '/home/trungbao/cyberrunner_ws/src/cyberrunner_hiwonder'
[0.346s] INFO:colcon.colcon_core.shell:Skip shell extension 'powershell' for command environment: Not usable outside of PowerShell
[0.346s] DEBUG:colcon.colcon_core.shell:Skip shell extension 'dsv' for command environment
[0.349s] DEBUG:colcon.colcon_core.event_handler.log_command:Invoked command in '/home/trungbao/cyberrunner_ws/build/cyberrunner_camera' returned '0': CMAKE_PREFIX_PATH=${CMAKE_PREFIX_PATH}:/home/trungbao/cyberrunner_ws/install/cyberrunner_state_estimation:/home/trungbao/cyberrunner_ws/install/cyberrunner_dreamer:/home/trungbao/cyberrunner_ws/install/cyberrunner_hiwonder:/opt/ros/humble PS1=(dreamer_ros) \[\e]0;\u@\h: \w\a\]${debian_chroot:+($debian_chroot)}\[\033[01;32m\]\u@\h\[\033[00m\]:\[\033[01;34m\]\w\[\033[00m\]\$ VIRTUAL_ENV_PROMPT=(dreamer_ros) /usr/bin/cmake --build /home/trungbao/cyberrunner_ws/build/cyberrunner_camera -- -j24 -l24
[0.356s] DEBUG:colcon.colcon_core.event_handler.log_command:Invoking command in '/home/trungbao/cyberrunner_ws/build/cyberrunner_camera': CMAKE_PREFIX_PATH=${CMAKE_PREFIX_PATH}:/home/trungbao/cyberrunner_ws/install/cyberrunner_state_estimation:/home/trungbao/cyberrunner_ws/install/cyberrunner_dreamer:/home/trungbao/cyberrunner_ws/install/cyberrunner_hiwonder:/opt/ros/humble PS1=(dreamer_ros) \[\e]0;\u@\h: \w\a\]${debian_chroot:+($debian_chroot)}\[\033[01;32m\]\u@\h\[\033[00m\]:\[\033[01;34m\]\w\[\033[00m\]\$ VIRTUAL_ENV_PROMPT=(dreamer_ros) /usr/bin/cmake --install /home/trungbao/cyberrunner_ws/build/cyberrunner_camera
[0.360s] DEBUG:colcon.colcon_core.event_handler.log_command:Invoked command in '/home/trungbao/cyberrunner_ws/build/cyberrunner_interfaces' returned '0': CMAKE_PREFIX_PATH=${CMAKE_PREFIX_PATH}:/home/trungbao/cyberrunner_ws/install/cyberrunner_state_estimation:/home/trungbao/cyberrunner_ws/install/cyberrunner_dreamer:/home/trungbao/cyberrunner_ws/install/cyberrunner_hiwonder:/opt/ros/humble PS1=(dreamer_ros) \[\e]0;\u@\h: \w\a\]${debian_chroot:+($debian_chroot)}\[\033[01;32m\]\u@\h\[\033[00m\]:\[\033[01;34m\]\w\[\033[00m\]\$ VIRTUAL_ENV_PROMPT=(dreamer_ros) /usr/bin/cmake --build /home/trungbao/cyberrunner_ws/build/cyberrunner_interfaces -- -j24 -l24
[0.362s] DEBUG:colcon.colcon_core.event_handler.log_command:Invoking command in '/home/trungbao/cyberrunner_ws/build/cyberrunner_interfaces': CMAKE_PREFIX_PATH=${CMAKE_PREFIX_PATH}:/home/trungbao/cyberrunner_ws/install/cyberrunner_state_estimation:/home/trungbao/cyberrunner_ws/install/cyberrunner_dreamer:/home/trungbao/cyberrunner_ws/install/cyberrunner_hiwonder:/opt/ros/humble PS1=(dreamer_ros) \[\e]0;\u@\h: \w\a\]${debian_chroot:+($debian_chroot)}\[\033[01;32m\]\u@\h\[\033[00m\]:\[\033[01;34m\]\w\[\033[00m\]\$ VIRTUAL_ENV_PROMPT=(dreamer_ros) /usr/bin/cmake --install /home/trungbao/cyberrunner_ws/build/cyberrunner_interfaces
[0.367s] Level 1:colcon.colcon_core.environment:create_environment_scripts_only(cyberrunner_camera)
[0.367s] DEBUG:colcon.colcon_core.event_handler.log_command:Invoked command in '/home/trungbao/cyberrunner_ws/build/cyberrunner_camera' returned '0': CMAKE_PREFIX_PATH=${CMAKE_PREFIX_PATH}:/home/trungbao/cyberrunner_ws/install/cyberrunner_state_estimation:/home/trungbao/cyberrunner_ws/install/cyberrunner_dreamer:/home/trungbao/cyberrunner_ws/install/cyberrunner_hiwonder:/opt/ros/humble PS1=(dreamer_ros) \[\e]0;\u@\h: \w\a\]${debian_chroot:+($debian_chroot)}\[\033[01;32m\]\u@\h\[\033[00m\]:\[\033[01;34m\]\w\[\033[00m\]\$ VIRTUAL_ENV_PROMPT=(dreamer_ros) /usr/bin/cmake --install /home/trungbao/cyberrunner_ws/build/cyberrunner_camera
[0.370s] Level 1:colcon.colcon_core.environment:checking '/home/trungbao/cyberrunner_ws/install/cyberrunner_camera' for CMake module files
[0.371s] Level 1:colcon.colcon_core.environment:checking '/home/trungbao/cyberrunner_ws/install/cyberrunner_camera' for CMake config files
[0.371s] Level 1:colcon.colcon_core.shell:create_environment_hook('cyberrunner_camera', 'cmake_prefix_path')
[0.372s] INFO:colcon.colcon_core.shell:Creating environment hook '/home/trungbao/cyberrunner_ws/install/cyberrunner_camera/share/cyberrunner_camera/hook/cmake_prefix_path.ps1'
[0.373s] INFO:colcon.colcon_core.shell:Creating environment descriptor '/home/trungbao/cyberrunner_ws/install/cyberrunner_camera/share/cyberrunner_camera/hook/cmake_prefix_path.dsv'
[0.374s] INFO:colcon.colcon_core.shell:Creating environment hook '/home/trungbao/cyberrunner_ws/install/cyberrunner_camera/share/cyberrunner_camera/hook/cmake_prefix_path.sh'
[0.374s] Level 1:colcon.colcon_core.environment:checking '/home/trungbao/cyberrunner_ws/install/cyberrunner_camera/lib'
[0.375s] Level 1:colcon.colcon_core.environment:checking '/home/trungbao/cyberrunner_ws/install/cyberrunner_camera/bin'
[0.375s] Level 1:colcon.colcon_core.environment:checking '/home/trungbao/cyberrunner_ws/install/cyberrunner_camera/lib/pkgconfig/cyberrunner_camera.pc'
[0.375s] Level 1:colcon.colcon_core.environment:checking '/home/trungbao/cyberrunner_ws/install/cyberrunner_camera/lib/python3.10/site-packages'
[0.375s] Level 1:colcon.colcon_core.environment:checking '/home/trungbao/cyberrunner_ws/install/cyberrunner_camera/bin'
[0.375s] INFO:colcon.colcon_core.shell:Creating package script '/home/trungbao/cyberrunner_ws/install/cyberrunner_camera/share/cyberrunner_camera/package.ps1'
[0.376s] INFO:colcon.colcon_core.shell:Creating package descriptor '/home/trungbao/cyberrunner_ws/install/cyberrunner_camera/share/cyberrunner_camera/package.dsv'
[0.377s] INFO:colcon.colcon_core.shell:Creating package script '/home/trungbao/cyberrunner_ws/install/cyberrunner_camera/share/cyberrunner_camera/package.sh'
[0.377s] INFO:colcon.colcon_core.shell:Creating package script '/home/trungbao/cyberrunner_ws/install/cyberrunner_camera/share/cyberrunner_camera/package.bash'
[0.378s] INFO:colcon.colcon_core.shell:Creating package script '/home/trungbao/cyberrunner_ws/install/cyberrunner_camera/share/cyberrunner_camera/package.zsh'
[0.378s] Level 1:colcon.colcon_core.environment:create_file_with_runtime_dependencies(/home/trungbao/cyberrunner_ws/install/cyberrunner_camera/share/colcon-core/packages/cyberrunner_camera)
[0.378s] Level 1:colcon.colcon_core.environment:create_environment_scripts_only(cyberrunner_camera)
[0.378s] Level 1:colcon.colcon_core.environment:checking '/home/trungbao/cyberrunner_ws/install/cyberrunner_camera' for CMake module files
[0.379s] Level 1:colcon.colcon_core.environment:checking '/home/trungbao/cyberrunner_ws/install/cyberrunner_camera' for CMake config files
[0.379s] Level 1:colcon.colcon_core.shell:create_environment_hook('cyberrunner_camera', 'cmake_prefix_path')
[0.379s] INFO:colcon.colcon_core.shell:Creating environment hook '/home/trungbao/cyberrunner_ws/install/cyberrunner_camera/share/cyberrunner_camera/hook/cmake_prefix_path.ps1'
[0.380s] INFO:colcon.colcon_core.shell:Creating environment descriptor '/home/trungbao/cyberrunner_ws/install/cyberrunner_camera/share/cyberrunner_camera/hook/cmake_prefix_path.dsv'
[0.380s] INFO:colcon.colcon_core.shell:Creating environment hook '/home/trungbao/cyberrunner_ws/install/cyberrunner_camera/share/cyberrunner_camera/hook/cmake_prefix_path.sh'
[0.380s] Level 1:colcon.colcon_core.environment:checking '/home/trungbao/cyberrunner_ws/install/cyberrunner_camera/lib'
[0.380s] Level 1:colcon.colcon_core.environment:checking '/home/trungbao/cyberrunner_ws/install/cyberrunner_camera/bin'
[0.381s] Level 1:colcon.colcon_core.environment:checking '/home/trungbao/cyberrunner_ws/install/cyberrunner_camera/lib/pkgconfig/cyberrunner_camera.pc'
[0.381s] Level 1:colcon.colcon_core.environment:checking '/home/trungbao/cyberrunner_ws/install/cyberrunner_camera/lib/python3.10/site-packages'
[0.381s] Level 1:colcon.colcon_core.environment:checking '/home/trungbao/cyberrunner_ws/install/cyberrunner_camera/bin'
[0.381s] INFO:colcon.colcon_core.shell:Creating package script '/home/trungbao/cyberrunner_ws/install/cyberrunner_camera/share/cyberrunner_camera/package.ps1'
[0.381s] INFO:colcon.colcon_core.shell:Creating package descriptor '/home/trungbao/cyberrunner_ws/install/cyberrunner_camera/share/cyberrunner_camera/package.dsv'
[0.382s] INFO:colcon.colcon_core.shell:Creating package script '/home/trungbao/cyberrunner_ws/install/cyberrunner_camera/share/cyberrunner_camera/package.sh'
[0.382s] INFO:colcon.colcon_core.shell:Creating package script '/home/trungbao/cyberrunner_ws/install/cyberrunner_camera/share/cyberrunner_camera/package.bash'
[0.382s] INFO:colcon.colcon_core.shell:Creating package script '/home/trungbao/cyberrunner_ws/install/cyberrunner_camera/share/cyberrunner_camera/package.zsh'
[0.382s] Level 1:colcon.colcon_core.environment:create_file_with_runtime_dependencies(/home/trungbao/cyberrunner_ws/install/cyberrunner_camera/share/colcon-core/packages/cyberrunner_camera)
[0.402s] Level 1:colcon.colcon_core.environment:create_environment_scripts_only(cyberrunner_interfaces)
[0.402s] DEBUG:colcon.colcon_core.event_handler.log_command:Invoked command in '/home/trungbao/cyberrunner_ws/build/cyberrunner_interfaces' returned '0': CMAKE_PREFIX_PATH=${CMAKE_PREFIX_PATH}:/home/trungbao/cyberrunner_ws/install/cyberrunner_state_estimation:/home/trungbao/cyberrunner_ws/install/cyberrunner_dreamer:/home/trungbao/cyberrunner_ws/install/cyberrunner_hiwonder:/opt/ros/humble PS1=(dreamer_ros) \[\e]0;\u@\h: \w\a\]${debian_chroot:+($debian_chroot)}\[\033[01;32m\]\u@\h\[\033[00m\]:\[\033[01;34m\]\w\[\033[00m\]\$ VIRTUAL_ENV_PROMPT=(dreamer_ros) /usr/bin/cmake --install /home/trungbao/cyberrunner_ws/build/cyberrunner_interfaces
[0.402s] Level 1:colcon.colcon_core.environment:checking '/home/trungbao/cyberrunner_ws/install/cyberrunner_interfaces' for CMake module files
[0.403s] Level 1:colcon.colcon_core.environment:checking '/home/trungbao/cyberrunner_ws/install/cyberrunner_interfaces' for CMake config files
[0.404s] Level 1:colcon.colcon_core.shell:create_environment_hook('cyberrunner_interfaces', 'cmake_prefix_path')
[0.404s] INFO:colcon.colcon_core.shell:Creating environment hook '/home/trungbao/cyberrunner_ws/install/cyberrunner_interfaces/share/cyberrunner_interfaces/hook/cmake_prefix_path.ps1'
[0.405s] INFO:colcon.colcon_core.shell:Creating environment descriptor '/home/trungbao/cyberrunner_ws/install/cyberrunner_interfaces/share/cyberrunner_interfaces/hook/cmake_prefix_path.dsv'
[0.405s] INFO:colcon.colcon_core.shell:Creating environment hook '/home/trungbao/cyberrunner_ws/install/cyberrunner_interfaces/share/cyberrunner_interfaces/hook/cmake_prefix_path.sh'
[0.406s] Level 1:colcon.colcon_core.environment:checking '/home/trungbao/cyberrunner_ws/install/cyberrunner_interfaces/lib'
[0.406s] Level 1:colcon.colcon_core.shell:create_environment_hook('cyberrunner_interfaces', 'ld_library_path_lib')
[0.406s] INFO:colcon.colcon_core.shell:Creating environment hook '/home/trungbao/cyberrunner_ws/install/cyberrunner_interfaces/share/cyberrunner_interfaces/hook/ld_library_path_lib.ps1'
[0.406s] INFO:colcon.colcon_core.shell:Creating environment descriptor '/home/trungbao/cyberrunner_ws/install/cyberrunner_interfaces/share/cyberrunner_interfaces/hook/ld_library_path_lib.dsv'
[0.406s] INFO:colcon.colcon_core.shell:Creating environment hook '/home/trungbao/cyberrunner_ws/install/cyberrunner_interfaces/share/cyberrunner_interfaces/hook/ld_library_path_lib.sh'
[0.407s] Level 1:colcon.colcon_core.environment:checking '/home/trungbao/cyberrunner_ws/install/cyberrunner_interfaces/bin'
[0.407s] Level 1:colcon.colcon_core.environment:checking '/home/trungbao/cyberrunner_ws/install/cyberrunner_interfaces/lib/pkgconfig/cyberrunner_interfaces.pc'
[0.407s] Level 1:colcon.colcon_core.environment:checking '/home/trungbao/cyberrunner_ws/install/cyberrunner_interfaces/lib/python3.10/site-packages'
[0.407s] Level 1:colcon.colcon_core.environment:checking '/home/trungbao/cyberrunner_ws/install/cyberrunner_interfaces/bin'
[0.407s] INFO:colcon.colcon_core.shell:Creating package script '/home/trungbao/cyberrunner_ws/install/cyberrunner_interfaces/share/cyberrunner_interfaces/package.ps1'
[0.408s] INFO:colcon.colcon_core.shell:Creating package descriptor '/home/trungbao/cyberrunner_ws/install/cyberrunner_interfaces/share/cyberrunner_interfaces/package.dsv'
[0.408s] INFO:colcon.colcon_core.shell:Creating package script '/home/trungbao/cyberrunner_ws/install/cyberrunner_interfaces/share/cyberrunner_interfaces/package.sh'
[0.408s] INFO:colcon.colcon_core.shell:Creating package script '/home/trungbao/cyberrunner_ws/install/cyberrunner_interfaces/share/cyberrunner_interfaces/package.bash'
[0.408s] INFO:colcon.colcon_core.shell:Creating package script '/home/trungbao/cyberrunner_ws/install/cyberrunner_interfaces/share/cyberrunner_interfaces/package.zsh'
[0.409s] Level 1:colcon.colcon_core.environment:create_file_with_runtime_dependencies(/home/trungbao/cyberrunner_ws/install/cyberrunner_interfaces/share/colcon-core/packages/cyberrunner_interfaces)
[0.409s] Level 1:colcon.colcon_core.environment:create_environment_scripts_only(cyberrunner_interfaces)
[0.409s] Level 1:colcon.colcon_core.environment:checking '/home/trungbao/cyberrunner_ws/install/cyberrunner_interfaces' for CMake module files
[0.409s] Level 1:colcon.colcon_core.environment:checking '/home/trungbao/cyberrunner_ws/install/cyberrunner_interfaces' for CMake config files
[0.410s] Level 1:colcon.colcon_core.shell:create_environment_hook('cyberrunner_interfaces', 'cmake_prefix_path')
[0.410s] INFO:colcon.colcon_core.shell:Creating environment hook '/home/trungbao/cyberrunner_ws/install/cyberrunner_interfaces/share/cyberrunner_interfaces/hook/cmake_prefix_path.ps1'
[0.410s] INFO:colcon.colcon_core.shell:Creating environment descriptor '/home/trungbao/cyberrunner_ws/install/cyberrunner_interfaces/share/cyberrunner_interfaces/hook/cmake_prefix_path.dsv'
[0.410s] INFO:colcon.colcon_core.shell:Creating environment hook '/home/trungbao/cyberrunner_ws/install/cyberrunner_interfaces/share/cyberrunner_interfaces/hook/cmake_prefix_path.sh'
[0.411s] Level 1:colcon.colcon_core.environment:checking '/home/trungbao/cyberrunner_ws/install/cyberrunner_interfaces/lib'
[0.411s] Level 1:colcon.colcon_core.shell:create_environment_hook('cyberrunner_interfaces', 'ld_library_path_lib')
[0.411s] INFO:colcon.colcon_core.shell:Creating environment hook '/home/trungbao/cyberrunner_ws/install/cyberrunner_interfaces/share/cyberrunner_interfaces/hook/ld_library_path_lib.ps1'
[0.411s] INFO:colcon.colcon_core.shell:Creating environment descriptor '/home/trungbao/cyberrunner_ws/install/cyberrunner_interfaces/share/cyberrunner_interfaces/hook/ld_library_path_lib.dsv'
[0.411s] INFO:colcon.colcon_core.shell:Creating environment hook '/home/trungbao/cyberrunner_ws/install/cyberrunner_interfaces/share/cyberrunner_interfaces/hook/ld_library_path_lib.sh'
[0.411s] Level 1:colcon.colcon_core.environment:checking '/home/trungbao/cyberrunner_ws/install/cyberrunner_interfaces/bin'
[0.411s] Level 1:colcon.colcon_core.environment:checking '/home/trungbao/cyberrunner_ws/install/cyberrunner_interfaces/lib/pkgconfig/cyberrunner_interfaces.pc'
[0.412s] Level 1:colcon.colcon_core.environment:checking '/home/trungbao/cyberrunner_ws/install/cyberrunner_interfaces/lib/python3.10/site-packages'
[0.412s] Level 1:colcon.colcon_core.environment:checking '/home/trungbao/cyberrunner_ws/install/cyberrunner_interfaces/bin'
[0.412s] INFO:colcon.colcon_core.shell:Creating package script '/home/trungbao/cyberrunner_ws/install/cyberrunner_interfaces/share/cyberrunner_interfaces/package.ps1'
[0.412s] INFO:colcon.colcon_core.shell:Creating package descriptor '/home/trungbao/cyberrunner_ws/install/cyberrunner_interfaces/share/cyberrunner_interfaces/package.dsv'
[0.413s] INFO:colcon.colcon_core.shell:Creating package script '/home/trungbao/cyberrunner_ws/install/cyberrunner_interfaces/share/cyberrunner_interfaces/package.sh'
[0.413s] INFO:colcon.colcon_core.shell:Creating package script '/home/trungbao/cyberrunner_ws/install/cyberrunner_interfaces/share/cyberrunner_interfaces/package.bash'
[0.413s] INFO:colcon.colcon_core.shell:Creating package script '/home/trungbao/cyberrunner_ws/install/cyberrunner_interfaces/share/cyberrunner_interfaces/package.zsh'
[0.413s] Level 1:colcon.colcon_core.environment:create_file_with_runtime_dependencies(/home/trungbao/cyberrunner_ws/install/cyberrunner_interfaces/share/colcon-core/packages/cyberrunner_interfaces)
[0.414s] INFO:colcon.colcon_ros.task.ament_python.build:Building ROS package in '/home/trungbao/cyberrunner_ws/src/cyberrunner/cyberrunner_dreamer' with build type 'ament_python'
[0.414s] Level 1:colcon.colcon_core.shell:create_environment_hook('cyberrunner_dreamer', 'ament_prefix_path')
[0.414s] INFO:colcon.colcon_core.shell:Creating environment hook '/home/trungbao/cyberrunner_ws/install/cyberrunner_dreamer/share/cyberrunner_dreamer/hook/ament_prefix_path.ps1'
[0.414s] INFO:colcon.colcon_core.shell:Creating environment descriptor '/home/trungbao/cyberrunner_ws/install/cyberrunner_dreamer/share/cyberrunner_dreamer/hook/ament_prefix_path.dsv'
[0.414s] INFO:colcon.colcon_core.shell:Creating environment hook '/home/trungbao/cyberrunner_ws/install/cyberrunner_dreamer/share/cyberrunner_dreamer/hook/ament_prefix_path.sh'
[0.415s] INFO:colcon.colcon_core.shell:Skip shell extension 'powershell' for command environment: Not usable outside of PowerShell
[0.415s] DEBUG:colcon.colcon_core.shell:Skip shell extension 'dsv' for command environment
[0.417s] INFO:colcon.colcon_ros.task.ament_python.build:Building ROS package in '/home/trungbao/cyberrunner_ws/src/cyberrunner/cyberrunner_state_estimation' with build type 'ament_python'
[0.417s] Level 1:colcon.colcon_core.shell:create_environment_hook('cyberrunner_state_estimation', 'ament_prefix_path')
[0.417s] INFO:colcon.colcon_core.shell:Creating environment hook '/home/trungbao/cyberrunner_ws/install/cyberrunner_state_estimation/share/cyberrunner_state_estimation/hook/ament_prefix_path.ps1'
[0.417s] INFO:colcon.colcon_core.shell:Creating environment descriptor '/home/trungbao/cyberrunner_ws/install/cyberrunner_state_estimation/share/cyberrunner_state_estimation/hook/ament_prefix_path.dsv'
[0.417s] INFO:colcon.colcon_core.shell:Creating environment hook '/home/trungbao/cyberrunner_ws/install/cyberrunner_state_estimation/share/cyberrunner_state_estimation/hook/ament_prefix_path.sh'
[0.418s] INFO:colcon.colcon_core.shell:Skip shell extension 'powershell' for command environment: Not usable outside of PowerShell
[0.418s] DEBUG:colcon.colcon_core.shell:Skip shell extension 'dsv' for command environment
[0.573s] INFO:colcon.colcon_core.task.python.build:Building Python package in '/home/trungbao/cyberrunner_ws/src/cyberrunner/cyberrunner_dreamer'
[0.573s] INFO:colcon.colcon_core.shell:Skip shell extension 'powershell' for command environment: Not usable outside of PowerShell
[0.573s] DEBUG:colcon.colcon_core.shell:Skip shell extension 'dsv' for command environment
[0.727s] INFO:colcon.colcon_core.task.python.build:Building Python package in '/home/trungbao/cyberrunner_ws/src/cyberrunner/cyberrunner_state_estimation'
[0.727s] INFO:colcon.colcon_core.shell:Skip shell extension 'powershell' for command environment: Not usable outside of PowerShell
[0.727s] DEBUG:colcon.colcon_core.shell:Skip shell extension 'dsv' for command environment
[0.731s] DEBUG:colcon.colcon_core.task.python.build:While undoing a previous installation files outside the Python library path are being ignored: /home/trungbao/cyberrunner_ws/install/cyberrunner_hiwonder/share/ament_index/resource_index/packages/cyberrunner_hiwonder
[0.731s] DEBUG:colcon.colcon_core.task.python.build:While undoing a previous installation files outside the Python library path are being ignored: /home/trungbao/cyberrunner_ws/install/cyberrunner_hiwonder/share/cyberrunner_hiwonder/package.xml
[0.731s] DEBUG:colcon.colcon_core.task.python.build:While undoing a previous installation files outside the Python library path are being ignored: /home/trungbao/cyberrunner_ws/install/cyberrunner_hiwonder/lib/cyberrunner_hiwonder/hiwonder_node
[0.733s] DEBUG:colcon.colcon_core.event_handler.log_command:Invoking command in '/home/trungbao/cyberrunner_ws/build/cyberrunner_hiwonder': PS1=(dreamer_ros) \[\e]0;\u@\h: \w\a\]${debian_chroot:+($debian_chroot)}\[\033[01;32m\]\u@\h\[\033[00m\]:\[\033[01;34m\]\w\[\033[00m\]\$ PYTHONPATH=/home/trungbao/cyberrunner_ws/build/cyberrunner_hiwonder/prefix_override:/home/trungbao/venvs/dreamer_ros/lib/python3.10/site-packages/colcon_core/task/python/colcon_distutils_commands:/home/trungbao/cyberrunner_ws/install/cyberrunner_hiwonder/lib/python3.10/site-packages:${PYTHONPATH} VIRTUAL_ENV_PROMPT=(dreamer_ros) /home/trungbao/venvs/dreamer_ros/bin/python -W ignore:setup.py install is deprecated -W ignore:easy_install command is deprecated setup.py develop --editable --build-directory /home/trungbao/cyberrunner_ws/build/cyberrunner_hiwonder/build --no-deps symlink_data --force
[0.980s] DEBUG:colcon.colcon_core.event_handler.log_command:Invoking command in '/home/trungbao/cyberrunner_ws/build/cyberrunner_dreamer': PS1=(dreamer_ros) \[\e]0;\u@\h: \w\a\]${debian_chroot:+($debian_chroot)}\[\033[01;32m\]\u@\h\[\033[00m\]:\[\033[01;34m\]\w\[\033[00m\]\$ PYTHONPATH=/home/trungbao/cyberrunner_ws/build/cyberrunner_dreamer/prefix_override:/home/trungbao/venvs/dreamer_ros/lib/python3.10/site-packages/colcon_core/task/python/colcon_distutils_commands:/home/trungbao/cyberrunner_ws/install/cyberrunner_dreamer/lib/python3.10/site-packages:${PYTHONPATH} VIRTUAL_ENV_PROMPT=(dreamer_ros) /home/trungbao/venvs/dreamer_ros/bin/python -W ignore:setup.py install is deprecated -W ignore:easy_install command is deprecated setup.py develop --editable --build-directory /home/trungbao/cyberrunner_ws/build/cyberrunner_dreamer/build --no-deps symlink_data
[0.981s] DEBUG:colcon.colcon_core.event_handler.log_command:Invoking command in '/home/trungbao/cyberrunner_ws/build/cyberrunner_state_estimation': PS1=(dreamer_ros) \[\e]0;\u@\h: \w\a\]${debian_chroot:+($debian_chroot)}\[\033[01;32m\]\u@\h\[\033[00m\]:\[\033[01;34m\]\w\[\033[00m\]\$ PYTHONPATH=/home/trungbao/cyberrunner_ws/build/cyberrunner_state_estimation/prefix_override:/home/trungbao/venvs/dreamer_ros/lib/python3.10/site-packages/colcon_core/task/python/colcon_distutils_commands:/home/trungbao/cyberrunner_ws/install/cyberrunner_state_estimation/lib/python3.10/site-packages:${PYTHONPATH} VIRTUAL_ENV_PROMPT=(dreamer_ros) /home/trungbao/venvs/dreamer_ros/bin/python -W ignore:setup.py install is deprecated -W ignore:easy_install command is deprecated setup.py develop --editable --build-directory /home/trungbao/cyberrunner_ws/build/cyberrunner_state_estimation/build --no-deps symlink_data
[1.001s] Level 1:colcon.colcon_core.shell:create_environment_hook('cyberrunner_hiwonder', 'pythonpath_develop')
[1.002s] INFO:colcon.colcon_core.shell:Creating environment hook '/home/trungbao/cyberrunner_ws/build/cyberrunner_hiwonder/share/cyberrunner_hiwonder/hook/pythonpath_develop.ps1'
[1.002s] DEBUG:colcon.colcon_core.event_handler.log_command:Invoked command in '/home/trungbao/cyberrunner_ws/build/cyberrunner_hiwonder' returned '0': PS1=(dreamer_ros) \[\e]0;\u@\h: \w\a\]${debian_chroot:+($debian_chroot)}\[\033[01;32m\]\u@\h\[\033[00m\]:\[\033[01;34m\]\w\[\033[00m\]\$ PYTHONPATH=/home/trungbao/cyberrunner_ws/build/cyberrunner_hiwonder/prefix_override:/home/trungbao/venvs/dreamer_ros/lib/python3.10/site-packages/colcon_core/task/python/colcon_distutils_commands:/home/trungbao/cyberrunner_ws/install/cyberrunner_hiwonder/lib/python3.10/site-packages:${PYTHONPATH} VIRTUAL_ENV_PROMPT=(dreamer_ros) /home/trungbao/venvs/dreamer_ros/bin/python -W ignore:setup.py install is deprecated -W ignore:easy_install command is deprecated setup.py develop --editable --build-directory /home/trungbao/cyberrunner_ws/build/cyberrunner_hiwonder/build --no-deps symlink_data --force
[1.003s] INFO:colcon.colcon_core.shell:Creating environment descriptor '/home/trungbao/cyberrunner_ws/build/cyberrunner_hiwonder/share/cyberrunner_hiwonder/hook/pythonpath_develop.dsv'
[1.003s] INFO:colcon.colcon_core.shell:Creating environment hook '/home/trungbao/cyberrunner_ws/build/cyberrunner_hiwonder/share/cyberrunner_hiwonder/hook/pythonpath_develop.sh'
[1.004s] Level 1:colcon.colcon_core.environment:checking '/home/trungbao/cyberrunner_ws/install/cyberrunner_hiwonder' for CMake module files
[1.004s] Level 1:colcon.colcon_core.environment:checking '/home/trungbao/cyberrunner_ws/install/cyberrunner_hiwonder' for CMake config files
[1.004s] Level 1:colcon.colcon_core.environment:checking '/home/trungbao/cyberrunner_ws/install/cyberrunner_hiwonder/lib'
[1.004s] Level 1:colcon.colcon_core.environment:checking '/home/trungbao/cyberrunner_ws/install/cyberrunner_hiwonder/bin'
[1.004s] Level 1:colcon.colcon_core.environment:checking '/home/trungbao/cyberrunner_ws/install/cyberrunner_hiwonder/lib/pkgconfig/cyberrunner_hiwonder.pc'
[1.004s] Level 1:colcon.colcon_core.environment:checking '/home/trungbao/cyberrunner_ws/install/cyberrunner_hiwonder/lib/python3.10/site-packages'
[1.004s] Level 1:colcon.colcon_core.shell:create_environment_hook('cyberrunner_hiwonder', 'pythonpath')
[1.004s] INFO:colcon.colcon_core.shell:Creating environment hook '/home/trungbao/cyberrunner_ws/install/cyberrunner_hiwonder/share/cyberrunner_hiwonder/hook/pythonpath.ps1'
[1.005s] INFO:colcon.colcon_core.shell:Creating environment descriptor '/home/trungbao/cyberrunner_ws/install/cyberrunner_hiwonder/share/cyberrunner_hiwonder/hook/pythonpath.dsv'
[1.005s] INFO:colcon.colcon_core.shell:Creating environment hook '/home/trungbao/cyberrunner_ws/install/cyberrunner_hiwonder/share/cyberrunner_hiwonder/hook/pythonpath.sh'
[1.006s] Level 1:colcon.colcon_core.environment:checking '/home/trungbao/cyberrunner_ws/install/cyberrunner_hiwonder/bin'
[1.006s] Level 1:colcon.colcon_core.environment:create_environment_scripts_only(cyberrunner_hiwonder)
[1.006s] INFO:colcon.colcon_core.shell:Creating package script '/home/trungbao/cyberrunner_ws/install/cyberrunner_hiwonder/share/cyberrunner_hiwonder/package.ps1'
[1.006s] INFO:colcon.colcon_core.shell:Creating package descriptor '/home/trungbao/cyberrunner_ws/install/cyberrunner_hiwonder/share/cyberrunner_hiwonder/package.dsv'
[1.007s] INFO:colcon.colcon_core.shell:Creating package script '/home/trungbao/cyberrunner_ws/install/cyberrunner_hiwonder/share/cyberrunner_hiwonder/package.sh'
[1.007s] INFO:colcon.colcon_core.shell:Creating package script '/home/trungbao/cyberrunner_ws/install/cyberrunner_hiwonder/share/cyberrunner_hiwonder/package.bash'
[1.007s] INFO:colcon.colcon_core.shell:Creating package script '/home/trungbao/cyberrunner_ws/install/cyberrunner_hiwonder/share/cyberrunner_hiwonder/package.zsh'
[1.007s] Level 1:colcon.colcon_core.environment:create_file_with_runtime_dependencies(/home/trungbao/cyberrunner_ws/install/cyberrunner_hiwonder/share/colcon-core/packages/cyberrunner_hiwonder)
[1.255s] Level 1:colcon.colcon_core.shell:create_environment_hook('cyberrunner_dreamer', 'pythonpath_develop')
[1.255s] INFO:colcon.colcon_core.shell:Creating environment hook '/home/trungbao/cyberrunner_ws/build/cyberrunner_dreamer/share/cyberrunner_dreamer/hook/pythonpath_develop.ps1'
[1.256s] DEBUG:colcon.colcon_core.event_handler.log_command:Invoked command in '/home/trungbao/cyberrunner_ws/build/cyberrunner_dreamer' returned '0': PS1=(dreamer_ros) \[\e]0;\u@\h: \w\a\]${debian_chroot:+($debian_chroot)}\[\033[01;32m\]\u@\h\[\033[00m\]:\[\033[01;34m\]\w\[\033[00m\]\$ PYTHONPATH=/home/trungbao/cyberrunner_ws/build/cyberrunner_dreamer/prefix_override:/home/trungbao/venvs/dreamer_ros/lib/python3.10/site-packages/colcon_core/task/python/colcon_distutils_commands:/home/trungbao/cyberrunner_ws/install/cyberrunner_dreamer/lib/python3.10/site-packages:${PYTHONPATH} VIRTUAL_ENV_PROMPT=(dreamer_ros) /home/trungbao/venvs/dreamer_ros/bin/python -W ignore:setup.py install is deprecated -W ignore:easy_install command is deprecated setup.py develop --editable --build-directory /home/trungbao/cyberrunner_ws/build/cyberrunner_dreamer/build --no-deps symlink_data
[1.256s] INFO:colcon.colcon_core.shell:Creating environment descriptor '/home/trungbao/cyberrunner_ws/build/cyberrunner_dreamer/share/cyberrunner_dreamer/hook/pythonpath_develop.dsv'
[1.257s] INFO:colcon.colcon_core.shell:Creating environment hook '/home/trungbao/cyberrunner_ws/build/cyberrunner_dreamer/share/cyberrunner_dreamer/hook/pythonpath_develop.sh'
[1.257s] Level 1:colcon.colcon_core.environment:checking '/home/trungbao/cyberrunner_ws/install/cyberrunner_dreamer' for CMake module files
[1.258s] Level 1:colcon.colcon_core.environment:checking '/home/trungbao/cyberrunner_ws/install/cyberrunner_dreamer' for CMake config files
[1.258s] Level 1:colcon.colcon_core.environment:checking '/home/trungbao/cyberrunner_ws/install/cyberrunner_dreamer/lib'
[1.258s] Level 1:colcon.colcon_core.environment:checking '/home/trungbao/cyberrunner_ws/install/cyberrunner_dreamer/bin'
[1.258s] Level 1:colcon.colcon_core.environment:checking '/home/trungbao/cyberrunner_ws/install/cyberrunner_dreamer/lib/pkgconfig/cyberrunner_dreamer.pc'
[1.258s] Level 1:colcon.colcon_core.environment:checking '/home/trungbao/cyberrunner_ws/install/cyberrunner_dreamer/lib/python3.10/site-packages'
[1.258s] Level 1:colcon.colcon_core.shell:create_environment_hook('cyberrunner_dreamer', 'pythonpath')
[1.258s] INFO:colcon.colcon_core.shell:Creating environment hook '/home/trungbao/cyberrunner_ws/install/cyberrunner_dreamer/share/cyberrunner_dreamer/hook/pythonpath.ps1'
[1.258s] INFO:colcon.colcon_core.shell:Creating environment descriptor '/home/trungbao/cyberrunner_ws/install/cyberrunner_dreamer/share/cyberrunner_dreamer/hook/pythonpath.dsv'
[1.259s] INFO:colcon.colcon_core.shell:Creating environment hook '/home/trungbao/cyberrunner_ws/install/cyberrunner_dreamer/share/cyberrunner_dreamer/hook/pythonpath.sh'
[1.259s] Level 1:colcon.colcon_core.environment:checking '/home/trungbao/cyberrunner_ws/install/cyberrunner_dreamer/bin'
[1.259s] Level 1:colcon.colcon_core.environment:create_environment_scripts_only(cyberrunner_dreamer)
[1.259s] INFO:colcon.colcon_core.shell:Creating package script '/home/trungbao/cyberrunner_ws/install/cyberrunner_dreamer/share/cyberrunner_dreamer/package.ps1'
[1.260s] INFO:colcon.colcon_core.shell:Creating package descriptor '/home/trungbao/cyberrunner_ws/install/cyberrunner_dreamer/share/cyberrunner_dreamer/package.dsv'
[1.260s] INFO:colcon.colcon_core.shell:Creating package script '/home/trungbao/cyberrunner_ws/install/cyberrunner_dreamer/share/cyberrunner_dreamer/package.sh'
[1.260s] INFO:colcon.colcon_core.shell:Creating package script '/home/trungbao/cyberrunner_ws/install/cyberrunner_dreamer/share/cyberrunner_dreamer/package.bash'
[1.260s] INFO:colcon.colcon_core.shell:Creating package script '/home/trungbao/cyberrunner_ws/install/cyberrunner_dreamer/share/cyberrunner_dreamer/package.zsh'
[1.261s] Level 1:colcon.colcon_core.environment:create_file_with_runtime_dependencies(/home/trungbao/cyberrunner_ws/install/cyberrunner_dreamer/share/colcon-core/packages/cyberrunner_dreamer)
[1.261s] Level 1:colcon.colcon_core.shell:create_environment_hook('cyberrunner_state_estimation', 'pythonpath_develop')
[1.261s] INFO:colcon.colcon_core.shell:Creating environment hook '/home/trungbao/cyberrunner_ws/build/cyberrunner_state_estimation/share/cyberrunner_state_estimation/hook/pythonpath_develop.ps1'
[1.262s] DEBUG:colcon.colcon_core.event_handler.log_command:Invoked command in '/home/trungbao/cyberrunner_ws/build/cyberrunner_state_estimation' returned '0': PS1=(dreamer_ros) \[\e]0;\u@\h: \w\a\]${debian_chroot:+($debian_chroot)}\[\033[01;32m\]\u@\h\[\033[00m\]:\[\033[01;34m\]\w\[\033[00m\]\$ PYTHONPATH=/home/trungbao/cyberrunner_ws/build/cyberrunner_state_estimation/prefix_override:/home/trungbao/venvs/dreamer_ros/lib/python3.10/site-packages/colcon_core/task/python/colcon_distutils_commands:/home/trungbao/cyberrunner_ws/install/cyberrunner_state_estimation/lib/python3.10/site-packages:${PYTHONPATH} VIRTUAL_ENV_PROMPT=(dreamer_ros) /home/trungbao/venvs/dreamer_ros/bin/python -W ignore:setup.py install is deprecated -W ignore:easy_install command is deprecated setup.py develop --editable --build-directory /home/trungbao/cyberrunner_ws/build/cyberrunner_state_estimation/build --no-deps symlink_data
[1.262s] INFO:colcon.colcon_core.shell:Creating environment descriptor '/home/trungbao/cyberrunner_ws/build/cyberrunner_state_estimation/share/cyberrunner_state_estimation/hook/pythonpath_develop.dsv'
[1.262s] INFO:colcon.colcon_core.shell:Creating environment hook '/home/trungbao/cyberrunner_ws/build/cyberrunner_state_estimation/share/cyberrunner_state_estimation/hook/pythonpath_develop.sh'
[1.262s] Level 1:colcon.colcon_core.environment:checking '/home/trungbao/cyberrunner_ws/install/cyberrunner_state_estimation' for CMake module files
[1.263s] Level 1:colcon.colcon_core.environment:checking '/home/trungbao/cyberrunner_ws/install/cyberrunner_state_estimation' for CMake config files
[1.263s] Level 1:colcon.colcon_core.environment:checking '/home/trungbao/cyberrunner_ws/install/cyberrunner_state_estimation/lib'
[1.263s] Level 1:colcon.colcon_core.environment:checking '/home/trungbao/cyberrunner_ws/install/cyberrunner_state_estimation/bin'
[1.263s] Level 1:colcon.colcon_core.environment:checking '/home/trungbao/cyberrunner_ws/install/cyberrunner_state_estimation/lib/pkgconfig/cyberrunner_state_estimation.pc'
[1.263s] Level 1:colcon.colcon_core.environment:checking '/home/trungbao/cyberrunner_ws/install/cyberrunner_state_estimation/lib/python3.10/site-packages'
[1.263s] Level 1:colcon.colcon_core.shell:create_environment_hook('cyberrunner_state_estimation', 'pythonpath')
[1.263s] INFO:colcon.colcon_core.shell:Creating environment hook '/home/trungbao/cyberrunner_ws/install/cyberrunner_state_estimation/share/cyberrunner_state_estimation/hook/pythonpath.ps1'
[1.264s] INFO:colcon.colcon_core.shell:Creating environment descriptor '/home/trungbao/cyberrunner_ws/install/cyberrunner_state_estimation/share/cyberrunner_state_estimation/hook/pythonpath.dsv'
[1.264s] INFO:colcon.colcon_core.shell:Creating environment hook '/home/trungbao/cyberrunner_ws/install/cyberrunner_state_estimation/share/cyberrunner_state_estimation/hook/pythonpath.sh'
[1.264s] Level 1:colcon.colcon_core.environment:checking '/home/trungbao/cyberrunner_ws/install/cyberrunner_state_estimation/bin'
[1.264s] Level 1:colcon.colcon_core.environment:create_environment_scripts_only(cyberrunner_state_estimation)
[1.264s] INFO:colcon.colcon_core.shell:Creating package script '/home/trungbao/cyberrunner_ws/install/cyberrunner_state_estimation/share/cyberrunner_state_estimation/package.ps1'
[1.265s] INFO:colcon.colcon_core.shell:Creating package descriptor '/home/trungbao/cyberrunner_ws/install/cyberrunner_state_estimation/share/cyberrunner_state_estimation/package.dsv'
[1.265s] INFO:colcon.colcon_core.shell:Creating package script '/home/trungbao/cyberrunner_ws/install/cyberrunner_state_estimation/share/cyberrunner_state_estimation/package.sh'
[1.265s] INFO:colcon.colcon_core.shell:Creating package script '/home/trungbao/cyberrunner_ws/install/cyberrunner_state_estimation/share/cyberrunner_state_estimation/package.bash'
[1.265s] INFO:colcon.colcon_core.shell:Creating package script '/home/trungbao/cyberrunner_ws/install/cyberrunner_state_estimation/share/cyberrunner_state_estimation/package.zsh'
[1.266s] Level 1:colcon.colcon_core.environment:create_file_with_runtime_dependencies(/home/trungbao/cyberrunner_ws/install/cyberrunner_state_estimation/share/colcon-core/packages/cyberrunner_state_estimation)
[1.266s] DEBUG:colcon.colcon_parallel_executor.executor.parallel:closing loop
[1.266s] DEBUG:colcon.colcon_parallel_executor.executor.parallel:loop closed
[1.266s] DEBUG:colcon.colcon_parallel_executor.executor.parallel:run_until_complete finished with '0'
[1.266s] DEBUG:colcon.colcon_core.event_reactor:joining thread
[1.267s] INFO:colcon.colcon_core.plugin_system:Skipping extension 'colcon_notification.desktop_notification.notify2': 'notify2' not found
[1.267s] INFO:colcon.colcon_core.plugin_system:Skipping extension 'colcon_notification.desktop_notification.terminal_notifier': Not used on non-Darwin systems
[1.267s] INFO:colcon.colcon_core.plugin_system:Skipping extension 'colcon_notification.desktop_notification.win32': Not used on non-Windows systems
[1.267s] INFO:colcon.colcon_notification.desktop_notification:Sending desktop notification using 'notify_send'
[1.277s] DEBUG:colcon.colcon_core.event_reactor:joined thread
[1.277s] INFO:colcon.colcon_core.shell:Creating prefix script '/home/trungbao/cyberrunner_ws/install/local_setup.ps1'
[1.278s] INFO:colcon.colcon_core.shell:Creating prefix util module '/home/trungbao/cyberrunner_ws/install/_local_setup_util_ps1.py'
[1.279s] INFO:colcon.colcon_core.shell:Creating prefix chain script '/home/trungbao/cyberrunner_ws/install/setup.ps1'
[1.280s] INFO:colcon.colcon_core.shell:Creating prefix script '/home/trungbao/cyberrunner_ws/install/local_setup.sh'
[1.281s] INFO:colcon.colcon_core.shell:Creating prefix util module '/home/trungbao/cyberrunner_ws/install/_local_setup_util_sh.py'
[1.281s] INFO:colcon.colcon_core.shell:Creating prefix chain script '/home/trungbao/cyberrunner_ws/install/setup.sh'
[1.282s] INFO:colcon.colcon_core.shell:Creating prefix script '/home/trungbao/cyberrunner_ws/install/local_setup.bash'
[1.282s] INFO:colcon.colcon_core.shell:Creating prefix chain script '/home/trungbao/cyberrunner_ws/install/setup.bash'
[1.283s] INFO:colcon.colcon_core.shell:Creating prefix script '/home/trungbao/cyberrunner_ws/install/local_setup.zsh'
[1.283s] INFO:colcon.colcon_core.shell:Creating prefix chain script '/home/trungbao/cyberrunner_ws/install/setup.zsh'
