[0.658s] Invoking command in '/home/trungbao/cyberrunner_ws/build/cyberrunner_pid': PYTHONPATH=/home/trungbao/cyberrunner_ws/build/cyberrunner_pid/prefix_override:/usr/lib/python3/dist-packages/colcon_core/task/python/colcon_distutils_commands:/home/trungbao/cyberrunner_ws/install/cyberrunner_pid/lib/python3.10/site-packages:${PYTHONPATH} /usr/bin/python3 -W ignore:setup.py install is deprecated -W ignore:easy_install command is deprecated setup.py develop --uninstall --editable --build-directory /home/trungbao/cyberrunner_ws/build/cyberrunner_pid/build
[0.823s] running develop
[0.924s] Removing /home/trungbao/cyberrunner_ws/install/cyberrunner_pid/lib/python3.10/site-packages/cyberrunner-pid.egg-link (link to .)
[0.941s] Invoked command in '/home/trungbao/cyberrunner_ws/build/cyberrunner_pid' returned '0': PYTHONPATH=/home/trungbao/cyberrunner_ws/build/cyberrunner_pid/prefix_override:/usr/lib/python3/dist-packages/colcon_core/task/python/colcon_distutils_commands:/home/trungbao/cyberrunner_ws/install/cyberrunner_pid/lib/python3.10/site-packages:${PYTHONPATH} /usr/bin/python3 -W ignore:setup.py install is deprecated -W ignore:easy_install command is deprecated setup.py develop --uninstall --editable --build-directory /home/trungbao/cyberrunner_ws/build/cyberrunner_pid/build
[0.942s] Invoking command in '/home/trungbao/cyberrunner_ws/src/cyberrunner_pid': PYTHONPATH=/home/trungbao/cyberrunner_ws/build/cyberrunner_pid/prefix_override:/usr/lib/python3/dist-packages/colcon_core/task/python/colcon_distutils_commands:/home/trungbao/cyberrunner_ws/install/cyberrunner_pid/lib/python3.10/site-packages:${PYTHONPATH} /usr/bin/python3 -W ignore:setup.py install is deprecated -W ignore:easy_install command is deprecated setup.py egg_info --egg-base ../../build/cyberrunner_pid build --build-base /home/trungbao/cyberrunner_ws/build/cyberrunner_pid/build install --record /home/trungbao/cyberrunner_ws/build/cyberrunner_pid/install.log --single-version-externally-managed install_data --force
[1.088s] running egg_info
[1.096s] writing ../../build/cyberrunner_pid/cyberrunner_pid.egg-info/PKG-INFO
[1.096s] writing dependency_links to ../../build/cyberrunner_pid/cyberrunner_pid.egg-info/dependency_links.txt
[1.096s] writing entry points to ../../build/cyberrunner_pid/cyberrunner_pid.egg-info/entry_points.txt
[1.096s] writing requirements to ../../build/cyberrunner_pid/cyberrunner_pid.egg-info/requires.txt
[1.096s] writing top-level names to ../../build/cyberrunner_pid/cyberrunner_pid.egg-info/top_level.txt
[1.114s] reading manifest file '../../build/cyberrunner_pid/cyberrunner_pid.egg-info/SOURCES.txt'
[1.114s] writing manifest file '../../build/cyberrunner_pid/cyberrunner_pid.egg-info/SOURCES.txt'
[1.114s] running build
[1.115s] running build_py
[1.115s] creating /home/trungbao/cyberrunner_ws/build/cyberrunner_pid/build/lib/cyberrunner_pid
[1.115s] copying cyberrunner_pid/solve.py -> /home/trungbao/cyberrunner_ws/build/cyberrunner_pid/build/lib/cyberrunner_pid
[1.115s] copying cyberrunner_pid/click_target.py -> /home/trungbao/cyberrunner_ws/build/cyberrunner_pid/build/lib/cyberrunner_pid
[1.115s] copying cyberrunner_pid/route_wfocus_follow.py -> /home/trungbao/cyberrunner_ws/build/cyberrunner_pid/build/lib/cyberrunner_pid
[1.115s] copying cyberrunner_pid/pid_controller.py -> /home/trungbao/cyberrunner_ws/build/cyberrunner_pid/build/lib/cyberrunner_pid
[1.115s] copying cyberrunner_pid/__init__.py -> /home/trungbao/cyberrunner_ws/build/cyberrunner_pid/build/lib/cyberrunner_pid
[1.115s] copying cyberrunner_pid/orange_live_target_node.py -> /home/trungbao/cyberrunner_ws/build/cyberrunner_pid/build/lib/cyberrunner_pid
[1.115s] copying cyberrunner_pid/maze_planner.py -> /home/trungbao/cyberrunner_ws/build/cyberrunner_pid/build/lib/cyberrunner_pid
[1.116s] copying cyberrunner_pid/path_follower_node.py -> /home/trungbao/cyberrunner_ws/build/cyberrunner_pid/build/lib/cyberrunner_pid
[1.116s] copying cyberrunner_pid/orange_track_mapper_node.py -> /home/trungbao/cyberrunner_ws/build/cyberrunner_pid/build/lib/cyberrunner_pid
[1.116s] running install
[1.118s] running install_lib
[1.126s] creating /home/trungbao/cyberrunner_ws/install/cyberrunner_pid/lib/python3.10/site-packages/cyberrunner_pid
[1.126s] copying /home/trungbao/cyberrunner_ws/build/cyberrunner_pid/build/lib/cyberrunner_pid/solve.py -> /home/trungbao/cyberrunner_ws/install/cyberrunner_pid/lib/python3.10/site-packages/cyberrunner_pid
[1.126s] copying /home/trungbao/cyberrunner_ws/build/cyberrunner_pid/build/lib/cyberrunner_pid/click_target.py -> /home/trungbao/cyberrunner_ws/install/cyberrunner_pid/lib/python3.10/site-packages/cyberrunner_pid
[1.126s] copying /home/trungbao/cyberrunner_ws/build/cyberrunner_pid/build/lib/cyberrunner_pid/route_wfocus_follow.py -> /home/trungbao/cyberrunner_ws/install/cyberrunner_pid/lib/python3.10/site-packages/cyberrunner_pid
[1.126s] copying /home/trungbao/cyberrunner_ws/build/cyberrunner_pid/build/lib/cyberrunner_pid/pid_controller.py -> /home/trungbao/cyberrunner_ws/install/cyberrunner_pid/lib/python3.10/site-packages/cyberrunner_pid
[1.126s] copying /home/trungbao/cyberrunner_ws/build/cyberrunner_pid/build/lib/cyberrunner_pid/__init__.py -> /home/trungbao/cyberrunner_ws/install/cyberrunner_pid/lib/python3.10/site-packages/cyberrunner_pid
[1.127s] copying /home/trungbao/cyberrunner_ws/build/cyberrunner_pid/build/lib/cyberrunner_pid/orange_live_target_node.py -> /home/trungbao/cyberrunner_ws/install/cyberrunner_pid/lib/python3.10/site-packages/cyberrunner_pid
[1.127s] copying /home/trungbao/cyberrunner_ws/build/cyberrunner_pid/build/lib/cyberrunner_pid/maze_planner.py -> /home/trungbao/cyberrunner_ws/install/cyberrunner_pid/lib/python3.10/site-packages/cyberrunner_pid
[1.127s] copying /home/trungbao/cyberrunner_ws/build/cyberrunner_pid/build/lib/cyberrunner_pid/path_follower_node.py -> /home/trungbao/cyberrunner_ws/install/cyberrunner_pid/lib/python3.10/site-packages/cyberrunner_pid
[1.127s] copying /home/trungbao/cyberrunner_ws/build/cyberrunner_pid/build/lib/cyberrunner_pid/orange_track_mapper_node.py -> /home/trungbao/cyberrunner_ws/install/cyberrunner_pid/lib/python3.10/site-packages/cyberrunner_pid
[1.127s] byte-compiling /home/trungbao/cyberrunner_ws/install/cyberrunner_pid/lib/python3.10/site-packages/cyberrunner_pid/solve.py to solve.cpython-310.pyc
[1.130s] byte-compiling /home/trungbao/cyberrunner_ws/install/cyberrunner_pid/lib/python3.10/site-packages/cyberrunner_pid/click_target.py to click_target.cpython-310.pyc
[1.132s] byte-compiling /home/trungbao/cyberrunner_ws/install/cyberrunner_pid/lib/python3.10/site-packages/cyberrunner_pid/route_wfocus_follow.py to route_wfocus_follow.cpython-310.pyc
[1.133s] byte-compiling /home/trungbao/cyberrunner_ws/install/cyberrunner_pid/lib/python3.10/site-packages/cyberrunner_pid/pid_controller.py to pid_controller.cpython-310.pyc
[1.134s] byte-compiling /home/trungbao/cyberrunner_ws/install/cyberrunner_pid/lib/python3.10/site-packages/cyberrunner_pid/__init__.py to __init__.cpython-310.pyc
[1.134s] byte-compiling /home/trungbao/cyberrunner_ws/install/cyberrunner_pid/lib/python3.10/site-packages/cyberrunner_pid/orange_live_target_node.py to orange_live_target_node.cpython-310.pyc
[1.136s] byte-compiling /home/trungbao/cyberrunner_ws/install/cyberrunner_pid/lib/python3.10/site-packages/cyberrunner_pid/maze_planner.py to maze_planner.cpython-310.pyc
[1.138s] byte-compiling /home/trungbao/cyberrunner_ws/install/cyberrunner_pid/lib/python3.10/site-packages/cyberrunner_pid/path_follower_node.py to path_follower_node.cpython-310.pyc
[1.139s] byte-compiling /home/trungbao/cyberrunner_ws/install/cyberrunner_pid/lib/python3.10/site-packages/cyberrunner_pid/orange_track_mapper_node.py to orange_track_mapper_node.cpython-310.pyc
[1.141s] running install_data
[1.141s] copying resource/cyberrunner_pid -> /home/trungbao/cyberrunner_ws/install/cyberrunner_pid/share/ament_index/resource_index/packages
[1.141s] copying package.xml -> /home/trungbao/cyberrunner_ws/install/cyberrunner_pid/share/cyberrunner_pid
[1.141s] running install_egg_info
[1.151s] Copying ../../build/cyberrunner_pid/cyberrunner_pid.egg-info to /home/trungbao/cyberrunner_ws/install/cyberrunner_pid/lib/python3.10/site-packages/cyberrunner_pid-0.0.0-py3.10.egg-info
[1.152s] running install_scripts
[1.218s] Installing click_target script to /home/trungbao/cyberrunner_ws/install/cyberrunner_pid/lib/cyberrunner_pid
[1.218s] Installing maze_planner script to /home/trungbao/cyberrunner_ws/install/cyberrunner_pid/lib/cyberrunner_pid
[1.218s] Installing orange_live_target_node script to /home/trungbao/cyberrunner_ws/install/cyberrunner_pid/lib/cyberrunner_pid
[1.218s] Installing orange_track_mapper_node script to /home/trungbao/cyberrunner_ws/install/cyberrunner_pid/lib/cyberrunner_pid
[1.218s] Installing path_follower_node script to /home/trungbao/cyberrunner_ws/install/cyberrunner_pid/lib/cyberrunner_pid
[1.218s] Installing pid_controller script to /home/trungbao/cyberrunner_ws/install/cyberrunner_pid/lib/cyberrunner_pid
[1.218s] Installing route_wfocus_follow script to /home/trungbao/cyberrunner_ws/install/cyberrunner_pid/lib/cyberrunner_pid
[1.218s] Installing solve script to /home/trungbao/cyberrunner_ws/install/cyberrunner_pid/lib/cyberrunner_pid
[1.218s] writing list of installed files to '/home/trungbao/cyberrunner_ws/build/cyberrunner_pid/install.log'
[1.239s] Invoked command in '/home/trungbao/cyberrunner_ws/src/cyberrunner_pid' returned '0': PYTHONPATH=/home/trungbao/cyberrunner_ws/build/cyberrunner_pid/prefix_override:/usr/lib/python3/dist-packages/colcon_core/task/python/colcon_distutils_commands:/home/trungbao/cyberrunner_ws/install/cyberrunner_pid/lib/python3.10/site-packages:${PYTHONPATH} /usr/bin/python3 -W ignore:setup.py install is deprecated -W ignore:easy_install command is deprecated setup.py egg_info --egg-base ../../build/cyberrunner_pid build --build-base /home/trungbao/cyberrunner_ws/build/cyberrunner_pid/build install --record /home/trungbao/cyberrunner_ws/build/cyberrunner_pid/install.log --single-version-externally-managed install_data --force
