[0.435s] Invoking command in '/home/trungbao/cyberrunner_ws/src/cyberrunner_vision': PYTHONPATH=/home/trungbao/cyberrunner_ws/build/cyberrunner_vision/prefix_override:/usr/lib/python3/dist-packages/colcon_core/task/python/colcon_distutils_commands:/home/trungbao/cyberrunner_ws/install/cyberrunner_vision/lib/python3.10/site-packages:${PYTHONPATH} /usr/bin/python3 -W ignore:setup.py install is deprecated -W ignore:easy_install command is deprecated setup.py egg_info --egg-base ../../build/cyberrunner_vision build --build-base /home/trungbao/cyberrunner_ws/build/cyberrunner_vision/build install --record /home/trungbao/cyberrunner_ws/build/cyberrunner_vision/install.log --single-version-externally-managed install_data
[0.533s] /home/trungbao/.local/lib/python3.10/site-packages/setuptools/_distutils/dist.py:289: UserWarning: Unknown distribution option: 'tests_require'
[0.533s]   warnings.warn(msg)
[0.589s] running egg_info
[0.597s] writing ../../build/cyberrunner_vision/cyberrunner_vision.egg-info/PKG-INFO
[0.597s] writing dependency_links to ../../build/cyberrunner_vision/cyberrunner_vision.egg-info/dependency_links.txt
[0.597s] writing entry points to ../../build/cyberrunner_vision/cyberrunner_vision.egg-info/entry_points.txt
[0.597s] writing requirements to ../../build/cyberrunner_vision/cyberrunner_vision.egg-info/requires.txt
[0.597s] writing top-level names to ../../build/cyberrunner_vision/cyberrunner_vision.egg-info/top_level.txt
[0.615s] reading manifest file '../../build/cyberrunner_vision/cyberrunner_vision.egg-info/SOURCES.txt'
[0.616s] writing manifest file '../../build/cyberrunner_vision/cyberrunner_vision.egg-info/SOURCES.txt'
[0.616s] running build
[0.616s] running build_py
[0.616s] copying cyberrunner_vision/ocam_params.py -> /home/trungbao/cyberrunner_ws/build/cyberrunner_vision/build/lib/cyberrunner_vision
[0.616s] copying cyberrunner_vision/controller_node.py -> /home/trungbao/cyberrunner_ws/build/cyberrunner_vision/build/lib/cyberrunner_vision
[0.616s] copying cyberrunner_vision/__init__.py -> /home/trungbao/cyberrunner_ws/build/cyberrunner_vision/build/lib/cyberrunner_vision
[0.616s] copying cyberrunner_vision/path_node.py -> /home/trungbao/cyberrunner_ws/build/cyberrunner_vision/build/lib/cyberrunner_vision
[0.617s] copying cyberrunner_vision/estimator_node.py -> /home/trungbao/cyberrunner_ws/build/cyberrunner_vision/build/lib/cyberrunner_vision
[0.617s] copying cyberrunner_vision/camera_node.py -> /home/trungbao/cyberrunner_ws/build/cyberrunner_vision/build/lib/cyberrunner_vision
[0.617s] copying cyberrunner_vision/tuner_node.py -> /home/trungbao/cyberrunner_ws/build/cyberrunner_vision/build/lib/cyberrunner_vision
[0.617s] copying cyberrunner_vision/marble_node.py -> /home/trungbao/cyberrunner_ws/build/cyberrunner_vision/build/lib/cyberrunner_vision
[0.617s] copying cyberrunner_vision/calibration_node.py -> /home/trungbao/cyberrunner_ws/build/cyberrunner_vision/build/lib/cyberrunner_vision
[0.618s] running install
[0.621s] running install_lib
[0.629s] copying /home/trungbao/cyberrunner_ws/build/cyberrunner_vision/build/lib/cyberrunner_vision/estimator_node.py -> /home/trungbao/cyberrunner_ws/install/cyberrunner_vision/lib/python3.10/site-packages/cyberrunner_vision
[0.630s] byte-compiling /home/trungbao/cyberrunner_ws/install/cyberrunner_vision/lib/python3.10/site-packages/cyberrunner_vision/estimator_node.py to estimator_node.cpython-310.pyc
[0.632s] running install_data
[0.632s] copying resource/cyberrunner_vision -> /home/trungbao/cyberrunner_ws/install/cyberrunner_vision/share/ament_index/resource_index/packages
[0.632s] copying package.xml -> /home/trungbao/cyberrunner_ws/install/cyberrunner_vision/share/cyberrunner_vision
[0.632s] copying launch/cyberrunner.launch.py -> /home/trungbao/cyberrunner_ws/install/cyberrunner_vision/share/cyberrunner_vision/launch
[0.632s] running install_egg_info
[0.641s] removing '/home/trungbao/cyberrunner_ws/install/cyberrunner_vision/lib/python3.10/site-packages/cyberrunner_vision-0.1.0-py3.10.egg-info' (and everything under it)
[0.641s] Copying ../../build/cyberrunner_vision/cyberrunner_vision.egg-info to /home/trungbao/cyberrunner_ws/install/cyberrunner_vision/lib/python3.10/site-packages/cyberrunner_vision-0.1.0-py3.10.egg-info
[0.641s] running install_scripts
[0.707s] Installing calibration_node script to /home/trungbao/cyberrunner_ws/install/cyberrunner_vision/lib/cyberrunner_vision
[0.708s] Installing camera_node script to /home/trungbao/cyberrunner_ws/install/cyberrunner_vision/lib/cyberrunner_vision
[0.708s] Installing controller_node script to /home/trungbao/cyberrunner_ws/install/cyberrunner_vision/lib/cyberrunner_vision
[0.708s] Installing estimator_node script to /home/trungbao/cyberrunner_ws/install/cyberrunner_vision/lib/cyberrunner_vision
[0.708s] Installing marble_node script to /home/trungbao/cyberrunner_ws/install/cyberrunner_vision/lib/cyberrunner_vision
[0.708s] Installing path_node script to /home/trungbao/cyberrunner_ws/install/cyberrunner_vision/lib/cyberrunner_vision
[0.708s] Installing tuner_node script to /home/trungbao/cyberrunner_ws/install/cyberrunner_vision/lib/cyberrunner_vision
[0.708s] writing list of installed files to '/home/trungbao/cyberrunner_ws/build/cyberrunner_vision/install.log'
[0.728s] Invoked command in '/home/trungbao/cyberrunner_ws/src/cyberrunner_vision' returned '0': PYTHONPATH=/home/trungbao/cyberrunner_ws/build/cyberrunner_vision/prefix_override:/usr/lib/python3/dist-packages/colcon_core/task/python/colcon_distutils_commands:/home/trungbao/cyberrunner_ws/install/cyberrunner_vision/lib/python3.10/site-packages:${PYTHONPATH} /usr/bin/python3 -W ignore:setup.py install is deprecated -W ignore:easy_install command is deprecated setup.py egg_info --egg-base ../../build/cyberrunner_vision build --build-base /home/trungbao/cyberrunner_ws/build/cyberrunner_vision/build install --record /home/trungbao/cyberrunner_ws/build/cyberrunner_vision/install.log --single-version-externally-managed install_data
