[0.016s] Invoking command in '/home/trungbao/cyberrunner_ws/build/cyberrunner_camera': CMAKE_PREFIX_PATH=${CMAKE_PREFIX_PATH}:/home/trungbao/cyberrunner_ws/install/cyberrunner_vision:/home/trungbao/cyberrunner_ws/install/cyberrunner_state_estimation:/home/trungbao/cyberrunner_ws/install/cyberrunner_pid:/home/trungbao/cyberrunner_ws/install/cyberrunner_dreamer:/home/trungbao/cyberrunner_ws/install/cyberrunner_hiwonder:/opt/ros/humble /usr/bin/cmake --build /home/trungbao/cyberrunner_ws/build/cyberrunner_camera -- -j24 -l24
[0.356s] Invoked command in '/home/trungbao/cyberrunner_ws/build/cyberrunner_camera' returned '0': CMAKE_PREFIX_PATH=${CMAKE_PREFIX_PATH}:/home/trungbao/cyberrunner_ws/install/cyberrunner_vision:/home/trungbao/cyberrunner_ws/install/cyberrunner_state_estimation:/home/trungbao/cyberrunner_ws/install/cyberrunner_pid:/home/trungbao/cyberrunner_ws/install/cyberrunner_dreamer:/home/trungbao/cyberrunner_ws/install/cyberrunner_hiwonder:/opt/ros/humble /usr/bin/cmake --build /home/trungbao/cyberrunner_ws/build/cyberrunner_camera -- -j24 -l24
[0.363s] Invoking command in '/home/trungbao/cyberrunner_ws/build/cyberrunner_camera': CMAKE_PREFIX_PATH=${CMAKE_PREFIX_PATH}:/home/trungbao/cyberrunner_ws/install/cyberrunner_vision:/home/trungbao/cyberrunner_ws/install/cyberrunner_state_estimation:/home/trungbao/cyberrunner_ws/install/cyberrunner_pid:/home/trungbao/cyberrunner_ws/install/cyberrunner_dreamer:/home/trungbao/cyberrunner_ws/install/cyberrunner_hiwonder:/opt/ros/humble /usr/bin/cmake --install /home/trungbao/cyberrunner_ws/build/cyberrunner_camera
[0.368s] -- Install configuration: ""
[0.368s] -- Execute custom install script
[0.369s] -- Up-to-date symlink: /home/trungbao/cyberrunner_ws/install/cyberrunner_camera/lib/cyberrunner_camera/video_publisher.py
[0.369s] -- Up-to-date symlink: /home/trungbao/cyberrunner_ws/install/cyberrunner_camera/lib/cyberrunner_camera/cam_publisher.py
[0.369s] -- Up-to-date symlink: /home/trungbao/cyberrunner_ws/install/cyberrunner_camera/share/ament_index/resource_index/package_run_dependencies/cyberrunner_camera
[0.369s] -- Up-to-date symlink: /home/trungbao/cyberrunner_ws/install/cyberrunner_camera/share/ament_index/resource_index/parent_prefix_path/cyberrunner_camera
[0.369s] -- Up-to-date symlink: /home/trungbao/cyberrunner_ws/install/cyberrunner_camera/share/cyberrunner_camera/environment/ament_prefix_path.sh
[0.369s] -- Up-to-date symlink: /home/trungbao/cyberrunner_ws/install/cyberrunner_camera/share/cyberrunner_camera/environment/ament_prefix_path.dsv
[0.369s] -- Up-to-date symlink: /home/trungbao/cyberrunner_ws/install/cyberrunner_camera/share/cyberrunner_camera/environment/path.sh
[0.370s] -- Up-to-date symlink: /home/trungbao/cyberrunner_ws/install/cyberrunner_camera/share/cyberrunner_camera/environment/path.dsv
[0.370s] -- Up-to-date symlink: /home/trungbao/cyberrunner_ws/install/cyberrunner_camera/share/cyberrunner_camera/local_setup.bash
[0.370s] -- Up-to-date symlink: /home/trungbao/cyberrunner_ws/install/cyberrunner_camera/share/cyberrunner_camera/local_setup.sh
[0.370s] -- Up-to-date symlink: /home/trungbao/cyberrunner_ws/install/cyberrunner_camera/share/cyberrunner_camera/local_setup.zsh
[0.370s] -- Up-to-date symlink: /home/trungbao/cyberrunner_ws/install/cyberrunner_camera/share/cyberrunner_camera/local_setup.dsv
[0.370s] -- Symlinking: /home/trungbao/cyberrunner_ws/install/cyberrunner_camera/share/cyberrunner_camera/package.dsv
[0.377s] -- Up-to-date symlink: /home/trungbao/cyberrunner_ws/install/cyberrunner_camera/share/ament_index/resource_index/packages/cyberrunner_camera
[0.377s] -- Up-to-date symlink: /home/trungbao/cyberrunner_ws/install/cyberrunner_camera/share/cyberrunner_camera/cmake/cyberrunner_cameraConfig.cmake
[0.377s] -- Up-to-date symlink: /home/trungbao/cyberrunner_ws/install/cyberrunner_camera/share/cyberrunner_camera/cmake/cyberrunner_cameraConfig-version.cmake
[0.377s] -- Up-to-date symlink: /home/trungbao/cyberrunner_ws/install/cyberrunner_camera/share/cyberrunner_camera/package.xml
[0.381s] Invoked command in '/home/trungbao/cyberrunner_ws/build/cyberrunner_camera' returned '0': CMAKE_PREFIX_PATH=${CMAKE_PREFIX_PATH}:/home/trungbao/cyberrunner_ws/install/cyberrunner_vision:/home/trungbao/cyberrunner_ws/install/cyberrunner_state_estimation:/home/trungbao/cyberrunner_ws/install/cyberrunner_pid:/home/trungbao/cyberrunner_ws/install/cyberrunner_dreamer:/home/trungbao/cyberrunner_ws/install/cyberrunner_hiwonder:/opt/ros/humble /usr/bin/cmake --install /home/trungbao/cyberrunner_ws/build/cyberrunner_camera
