[0.008s] Invoking command in '/home/trungbao/cyberrunner_ws/build/cyberrunner_camera': CMAKE_PREFIX_PATH=${CMAKE_PREFIX_PATH}:/home/trungbao/cyberrunner_ws/install/cyberrunner_state_estimation:/home/trungbao/cyberrunner_ws/install/cyberrunner_dreamer:/home/trungbao/cyberrunner_ws/install/cyberrunner_hiwonder:/opt/ros/humble PS1=(dreamer_ros) \[\e]0;\u@\h: \w\a\]${debian_chroot:+($debian_chroot)}\[\033[01;32m\]\u@\h\[\033[00m\]:\[\033[01;34m\]\w\[\033[00m\]\$ VIRTUAL_ENV_PROMPT=(dreamer_ros) /usr/bin/cmake --build /home/trungbao/cyberrunner_ws/build/cyberrunner_camera -- -j24 -l24
[0.170s] Invoked command in '/home/trungbao/cyberrunner_ws/build/cyberrunner_camera' returned '0': CMAKE_PREFIX_PATH=${CMAKE_PREFIX_PATH}:/home/trungbao/cyberrunner_ws/install/cyberrunner_state_estimation:/home/trungbao/cyberrunner_ws/install/cyberrunner_dreamer:/home/trungbao/cyberrunner_ws/install/cyberrunner_hiwonder:/opt/ros/humble PS1=(dreamer_ros) \[\e]0;\u@\h: \w\a\]${debian_chroot:+($debian_chroot)}\[\033[01;32m\]\u@\h\[\033[00m\]:\[\033[01;34m\]\w\[\033[00m\]\$ VIRTUAL_ENV_PROMPT=(dreamer_ros) /usr/bin/cmake --build /home/trungbao/cyberrunner_ws/build/cyberrunner_camera -- -j24 -l24
[0.178s] Invoking command in '/home/trungbao/cyberrunner_ws/build/cyberrunner_camera': CMAKE_PREFIX_PATH=${CMAKE_PREFIX_PATH}:/home/trungbao/cyberrunner_ws/install/cyberrunner_state_estimation:/home/trungbao/cyberrunner_ws/install/cyberrunner_dreamer:/home/trungbao/cyberrunner_ws/install/cyberrunner_hiwonder:/opt/ros/humble PS1=(dreamer_ros) \[\e]0;\u@\h: \w\a\]${debian_chroot:+($debian_chroot)}\[\033[01;32m\]\u@\h\[\033[00m\]:\[\033[01;34m\]\w\[\033[00m\]\$ VIRTUAL_ENV_PROMPT=(dreamer_ros) /usr/bin/cmake --install /home/trungbao/cyberrunner_ws/build/cyberrunner_camera
[0.181s] -- Install configuration: ""
[0.181s] -- Execute custom install script
[0.181s] -- Up-to-date symlink: /home/trungbao/cyberrunner_ws/install/cyberrunner_camera/lib/cyberrunner_camera/video_publisher.py
[0.181s] -- Up-to-date symlink: /home/trungbao/cyberrunner_ws/install/cyberrunner_camera/lib/cyberrunner_camera/cam_publisher.py
[0.181s] -- Up-to-date symlink: /home/trungbao/cyberrunner_ws/install/cyberrunner_camera/share/ament_index/resource_index/package_run_dependencies/cyberrunner_camera
[0.181s] -- Up-to-date symlink: /home/trungbao/cyberrunner_ws/install/cyberrunner_camera/share/ament_index/resource_index/parent_prefix_path/cyberrunner_camera
[0.181s] -- Up-to-date symlink: /home/trungbao/cyberrunner_ws/install/cyberrunner_camera/share/cyberrunner_camera/environment/ament_prefix_path.sh
[0.181s] -- Up-to-date symlink: /home/trungbao/cyberrunner_ws/install/cyberrunner_camera/share/cyberrunner_camera/environment/ament_prefix_path.dsv
[0.181s] -- Up-to-date symlink: /home/trungbao/cyberrunner_ws/install/cyberrunner_camera/share/cyberrunner_camera/environment/path.sh
[0.181s] -- Up-to-date symlink: /home/trungbao/cyberrunner_ws/install/cyberrunner_camera/share/cyberrunner_camera/environment/path.dsv
[0.181s] -- Up-to-date symlink: /home/trungbao/cyberrunner_ws/install/cyberrunner_camera/share/cyberrunner_camera/local_setup.bash
[0.181s] -- Up-to-date symlink: /home/trungbao/cyberrunner_ws/install/cyberrunner_camera/share/cyberrunner_camera/local_setup.sh
[0.182s] -- Up-to-date symlink: /home/trungbao/cyberrunner_ws/install/cyberrunner_camera/share/cyberrunner_camera/local_setup.zsh
[0.182s] -- Up-to-date symlink: /home/trungbao/cyberrunner_ws/install/cyberrunner_camera/share/cyberrunner_camera/local_setup.dsv
[0.182s] -- Symlinking: /home/trungbao/cyberrunner_ws/install/cyberrunner_camera/share/cyberrunner_camera/package.dsv
[0.187s] -- Up-to-date symlink: /home/trungbao/cyberrunner_ws/install/cyberrunner_camera/share/ament_index/resource_index/packages/cyberrunner_camera
[0.187s] -- Up-to-date symlink: /home/trungbao/cyberrunner_ws/install/cyberrunner_camera/share/cyberrunner_camera/cmake/cyberrunner_cameraConfig.cmake
[0.187s] -- Up-to-date symlink: /home/trungbao/cyberrunner_ws/install/cyberrunner_camera/share/cyberrunner_camera/cmake/cyberrunner_cameraConfig-version.cmake
[0.187s] -- Up-to-date symlink: /home/trungbao/cyberrunner_ws/install/cyberrunner_camera/share/cyberrunner_camera/package.xml
[0.189s] Invoked command in '/home/trungbao/cyberrunner_ws/build/cyberrunner_camera' returned '0': CMAKE_PREFIX_PATH=${CMAKE_PREFIX_PATH}:/home/trungbao/cyberrunner_ws/install/cyberrunner_state_estimation:/home/trungbao/cyberrunner_ws/install/cyberrunner_dreamer:/home/trungbao/cyberrunner_ws/install/cyberrunner_hiwonder:/opt/ros/humble PS1=(dreamer_ros) \[\e]0;\u@\h: \w\a\]${debian_chroot:+($debian_chroot)}\[\033[01;32m\]\u@\h\[\033[00m\]:\[\033[01;34m\]\w\[\033[00m\]\$ VIRTUAL_ENV_PROMPT=(dreamer_ros) /usr/bin/cmake --install /home/trungbao/cyberrunner_ws/build/cyberrunner_camera
