/home/trungbao/cyberrunner_ws/install/cyberrunner_state_estimation/lib/python3.10/site-packages/cyberrunner_state_estimation/__init__.py
/home/trungbao/cyberrunner_ws/install/cyberrunner_state_estimation/lib/python3.10/site-packages/cyberrunner_state_estimation/cyberrunner_state_estimation_node.py
/home/trungbao/cyberrunner_ws/install/cyberrunner_state_estimation/lib/python3.10/site-packages/cyberrunner_state_estimation/select_markers.py
/home/trungbao/cyberrunner_ws/install/cyberrunner_state_estimation/lib/python3.10/site-packages/cyberrunner_state_estimation/cyberrunner_state_estimation_subimg.py
/home/trungbao/cyberrunner_ws/install/cyberrunner_state_estimation/lib/python3.10/site-packages/cyberrunner_state_estimation/core/masking.py
/home/trungbao/cyberrunner_ws/install/cyberrunner_state_estimation/lib/python3.10/site-packages/cyberrunner_state_estimation/core/__init__.py
/home/trungbao/cyberrunner_ws/install/cyberrunner_state_estimation/lib/python3.10/site-packages/cyberrunner_state_estimation/core/plate_pose.py
/home/trungbao/cyberrunner_ws/install/cyberrunner_state_estimation/lib/python3.10/site-packages/cyberrunner_state_estimation/core/detection.py
/home/trungbao/cyberrunner_ws/install/cyberrunner_state_estimation/lib/python3.10/site-packages/cyberrunner_state_estimation/core/measurements.py
/home/trungbao/cyberrunner_ws/install/cyberrunner_state_estimation/lib/python3.10/site-packages/cyberrunner_state_estimation/core/estimation_pipeline.py
/home/trungbao/cyberrunner_ws/install/cyberrunner_state_estimation/lib/python3.10/site-packages/cyberrunner_state_estimation/core/estimator.py
/home/trungbao/cyberrunner_ws/install/cyberrunner_state_estimation/lib/python3.10/site-packages/cyberrunner_state_estimation/core/gaussian_robust.py
/home/trungbao/cyberrunner_ws/install/cyberrunner_state_estimation/lib/python3.10/site-packages/cyberrunner_state_estimation/utils/__init__.py
/home/trungbao/cyberrunner_ws/install/cyberrunner_state_estimation/lib/python3.10/site-packages/cyberrunner_state_estimation/utils/divers.py
/home/trungbao/cyberrunner_ws/install/cyberrunner_state_estimation/lib/python3.10/site-packages/cyberrunner_state_estimation/utils/ocam_model.py
/home/trungbao/cyberrunner_ws/install/cyberrunner_state_estimation/lib/python3.10/site-packages/cyberrunner_state_estimation/utils/camera_pose_visualizer.py
/home/trungbao/cyberrunner_ws/install/cyberrunner_state_estimation/lib/python3.10/site-packages/cyberrunner_state_estimation/utils/profiler_file.py
/home/trungbao/cyberrunner_ws/install/cyberrunner_state_estimation/lib/python3.10/site-packages/cyberrunner_state_estimation/utils/anim_3d.py
/home/trungbao/cyberrunner_ws/install/cyberrunner_state_estimation/lib/python3.10/site-packages/cyberrunner_state_estimation/__pycache__/__init__.cpython-310.pyc
/home/trungbao/cyberrunner_ws/install/cyberrunner_state_estimation/lib/python3.10/site-packages/cyberrunner_state_estimation/__pycache__/cyberrunner_state_estimation_node.cpython-310.pyc
/home/trungbao/cyberrunner_ws/install/cyberrunner_state_estimation/lib/python3.10/site-packages/cyberrunner_state_estimation/__pycache__/select_markers.cpython-310.pyc
/home/trungbao/cyberrunner_ws/install/cyberrunner_state_estimation/lib/python3.10/site-packages/cyberrunner_state_estimation/__pycache__/cyberrunner_state_estimation_subimg.cpython-310.pyc
/home/trungbao/cyberrunner_ws/install/cyberrunner_state_estimation/lib/python3.10/site-packages/cyberrunner_state_estimation/core/__pycache__/masking.cpython-310.pyc
/home/trungbao/cyberrunner_ws/install/cyberrunner_state_estimation/lib/python3.10/site-packages/cyberrunner_state_estimation/core/__pycache__/__init__.cpython-310.pyc
/home/trungbao/cyberrunner_ws/install/cyberrunner_state_estimation/lib/python3.10/site-packages/cyberrunner_state_estimation/core/__pycache__/plate_pose.cpython-310.pyc
/home/trungbao/cyberrunner_ws/install/cyberrunner_state_estimation/lib/python3.10/site-packages/cyberrunner_state_estimation/core/__pycache__/detection.cpython-310.pyc
/home/trungbao/cyberrunner_ws/install/cyberrunner_state_estimation/lib/python3.10/site-packages/cyberrunner_state_estimation/core/__pycache__/measurements.cpython-310.pyc
/home/trungbao/cyberrunner_ws/install/cyberrunner_state_estimation/lib/python3.10/site-packages/cyberrunner_state_estimation/core/__pycache__/estimation_pipeline.cpython-310.pyc
/home/trungbao/cyberrunner_ws/install/cyberrunner_state_estimation/lib/python3.10/site-packages/cyberrunner_state_estimation/core/__pycache__/estimator.cpython-310.pyc
/home/trungbao/cyberrunner_ws/install/cyberrunner_state_estimation/lib/python3.10/site-packages/cyberrunner_state_estimation/core/__pycache__/gaussian_robust.cpython-310.pyc
/home/trungbao/cyberrunner_ws/install/cyberrunner_state_estimation/lib/python3.10/site-packages/cyberrunner_state_estimation/utils/__pycache__/__init__.cpython-310.pyc
/home/trungbao/cyberrunner_ws/install/cyberrunner_state_estimation/lib/python3.10/site-packages/cyberrunner_state_estimation/utils/__pycache__/divers.cpython-310.pyc
/home/trungbao/cyberrunner_ws/install/cyberrunner_state_estimation/lib/python3.10/site-packages/cyberrunner_state_estimation/utils/__pycache__/ocam_model.cpython-310.pyc
/home/trungbao/cyberrunner_ws/install/cyberrunner_state_estimation/lib/python3.10/site-packages/cyberrunner_state_estimation/utils/__pycache__/camera_pose_visualizer.cpython-310.pyc
/home/trungbao/cyberrunner_ws/install/cyberrunner_state_estimation/lib/python3.10/site-packages/cyberrunner_state_estimation/utils/__pycache__/profiler_file.cpython-310.pyc
/home/trungbao/cyberrunner_ws/install/cyberrunner_state_estimation/lib/python3.10/site-packages/cyberrunner_state_estimation/utils/__pycache__/anim_3d.cpython-310.pyc
/home/trungbao/cyberrunner_ws/install/cyberrunner_state_estimation/share/ament_index/resource_index/packages/cyberrunner_state_estimation
/home/trungbao/cyberrunner_ws/install/cyberrunner_state_estimation/share/cyberrunner_state_estimation/package.xml
/home/trungbao/cyberrunner_ws/install/cyberrunner_state_estimation/share/cyberrunner_state_estimation/calib_results_cyberrunner.txt
/home/trungbao/cyberrunner_ws/install/cyberrunner_state_estimation/lib/python3.10/site-packages/cyberrunner_state_estimation-0.0.0-py3.10.egg-info/SOURCES.txt
/home/trungbao/cyberrunner_ws/install/cyberrunner_state_estimation/lib/python3.10/site-packages/cyberrunner_state_estimation-0.0.0-py3.10.egg-info/dependency_links.txt
/home/trungbao/cyberrunner_ws/install/cyberrunner_state_estimation/lib/python3.10/site-packages/cyberrunner_state_estimation-0.0.0-py3.10.egg-info/PKG-INFO
/home/trungbao/cyberrunner_ws/install/cyberrunner_state_estimation/lib/python3.10/site-packages/cyberrunner_state_estimation-0.0.0-py3.10.egg-info/entry_points.txt
/home/trungbao/cyberrunner_ws/install/cyberrunner_state_estimation/lib/python3.10/site-packages/cyberrunner_state_estimation-0.0.0-py3.10.egg-info/top_level.txt
/home/trungbao/cyberrunner_ws/install/cyberrunner_state_estimation/lib/python3.10/site-packages/cyberrunner_state_estimation-0.0.0-py3.10.egg-info/requires.txt
/home/trungbao/cyberrunner_ws/install/cyberrunner_state_estimation/lib/python3.10/site-packages/cyberrunner_state_estimation-0.0.0-py3.10.egg-info/zip-safe
/home/trungbao/cyberrunner_ws/install/cyberrunner_state_estimation/lib/cyberrunner_state_estimation/estimator
/home/trungbao/cyberrunner_ws/install/cyberrunner_state_estimation/lib/cyberrunner_state_estimation/estimator_sub
/home/trungbao/cyberrunner_ws/install/cyberrunner_state_estimation/lib/cyberrunner_state_estimation/select_markers
/home/trungbao/cyberrunner_ws/install/cyberrunner_state_estimation/lib/cyberrunner_state_estimation/state_estimation_node
