[0.047s] DEBUG:colcon:Command line arguments: ['/usr/bin/colcon', 'build', '--symlink-install']
[0.047s] DEBUG:colcon:Parsed command line arguments: Namespace(log_base=None, log_level=None, verb_name='build', build_base='build', install_base='install', merge_install=False, symlink_install=True, test_result_base=None, continue_on_error=False, executor='parallel', parallel_workers=24, event_handlers=None, ignore_user_meta=False, metas=['./colcon.meta'], base_paths=['.'], packages_ignore=None, packages_ignore_regex=None, paths=None, packages_up_to=None, packages_up_to_regex=None, packages_above=None, packages_above_and_dependencies=None, packages_above_depth=None, packages_select_by_dep=None, packages_skip_by_dep=None, packages_skip_up_to=None, packages_select_build_failed=False, packages_skip_build_finished=False, packages_select_test_failures=False, packages_skip_test_passed=False, packages_select=None, packages_skip=None, packages_select_regex=None, packages_skip_regex=None, packages_start=None, packages_end=None, allow_overriding=[], cmake_args=None, cmake_target=None, cmake_target_skip_unavailable=False, cmake_clean_cache=False, cmake_clean_first=False, cmake_force_configure=False, ament_cmake_args=None, catkin_cmake_args=None, catkin_skip_building_tests=False, verb_parser=<colcon_defaults.argument_parser.defaults.DefaultArgumentsDecorator object at 0x70676bb8dfc0>, verb_extension=<colcon_core.verb.build.BuildVerb object at 0x70676bb8d6f0>, main=<bound method BuildVerb.main of <colcon_core.verb.build.BuildVerb object at 0x70676bb8d6f0>>)
[0.066s] Level 1:colcon.colcon_core.package_discovery:discover_packages(colcon_meta) check parameters
[0.066s] Level 1:colcon.colcon_core.package_discovery:discover_packages(recursive) check parameters
[0.066s] Level 1:colcon.colcon_core.package_discovery:discover_packages(ignore) check parameters
[0.066s] Level 1:colcon.colcon_core.package_discovery:discover_packages(path) check parameters
[0.066s] Level 1:colcon.colcon_core.package_discovery:discover_packages(colcon_meta) discover
[0.066s] Level 1:colcon.colcon_core.package_discovery:discover_packages(recursive) discover
[0.066s] INFO:colcon.colcon_core.package_discovery:Crawling recursively for packages in '/home/trungbao/cyberrunner_ws'
[0.066s] Level 1:colcon.colcon_core.package_identification:_identify(.) by extensions ['ignore', 'ignore_ament_install']
[0.067s] Level 1:colcon.colcon_core.package_identification:_identify(.) by extension 'ignore'
[0.067s] Level 1:colcon.colcon_core.package_identification:_identify(.) by extension 'ignore_ament_install'
[0.067s] Level 1:colcon.colcon_core.package_identification:_identify(.) by extensions ['colcon_pkg']
[0.067s] Level 1:colcon.colcon_core.package_identification:_identify(.) by extension 'colcon_pkg'
[0.067s] Level 1:colcon.colcon_core.package_identification:_identify(.) by extensions ['colcon_meta']
[0.067s] Level 1:colcon.colcon_core.package_identification:_identify(.) by extension 'colcon_meta'
[0.067s] Level 1:colcon.colcon_core.package_identification:_identify(.) by extensions ['ros']
[0.067s] Level 1:colcon.colcon_core.package_identification:_identify(.) by extension 'ros'
[0.081s] Level 1:colcon.colcon_core.package_identification:_identify(.) by extensions ['cmake', 'python']
[0.081s] Level 1:colcon.colcon_core.package_identification:_identify(.) by extension 'cmake'
[0.081s] Level 1:colcon.colcon_core.package_identification:_identify(.) by extension 'python'
[0.081s] Level 1:colcon.colcon_core.package_identification:_identify(.) by extensions ['python_setup_py']
[0.081s] Level 1:colcon.colcon_core.package_identification:_identify(.) by extension 'python_setup_py'
[0.081s] Level 1:colcon.colcon_core.package_identification:_identify(build) by extensions ['ignore', 'ignore_ament_install']
[0.081s] Level 1:colcon.colcon_core.package_identification:_identify(build) by extension 'ignore'
[0.081s] Level 1:colcon.colcon_core.package_identification:_identify(build) ignored
[0.081s] Level 1:colcon.colcon_core.package_identification:_identify(install) by extensions ['ignore', 'ignore_ament_install']
[0.081s] Level 1:colcon.colcon_core.package_identification:_identify(install) by extension 'ignore'
[0.081s] Level 1:colcon.colcon_core.package_identification:_identify(install) ignored
[0.081s] Level 1:colcon.colcon_core.package_identification:_identify(log) by extensions ['ignore', 'ignore_ament_install']
[0.081s] Level 1:colcon.colcon_core.package_identification:_identify(log) by extension 'ignore'
[0.081s] Level 1:colcon.colcon_core.package_identification:_identify(log) ignored
[0.081s] Level 1:colcon.colcon_core.package_identification:_identify(scripts) by extensions ['ignore', 'ignore_ament_install']
[0.082s] Level 1:colcon.colcon_core.package_identification:_identify(scripts) by extension 'ignore'
[0.082s] Level 1:colcon.colcon_core.package_identification:_identify(scripts) by extension 'ignore_ament_install'
[0.082s] Level 1:colcon.colcon_core.package_identification:_identify(scripts) by extensions ['colcon_pkg']
[0.082s] Level 1:colcon.colcon_core.package_identification:_identify(scripts) by extension 'colcon_pkg'
[0.082s] Level 1:colcon.colcon_core.package_identification:_identify(scripts) by extensions ['colcon_meta']
[0.082s] Level 1:colcon.colcon_core.package_identification:_identify(scripts) by extension 'colcon_meta'
[0.082s] Level 1:colcon.colcon_core.package_identification:_identify(scripts) by extensions ['ros']
[0.082s] Level 1:colcon.colcon_core.package_identification:_identify(scripts) by extension 'ros'
[0.082s] Level 1:colcon.colcon_core.package_identification:_identify(scripts) by extensions ['cmake', 'python']
[0.082s] Level 1:colcon.colcon_core.package_identification:_identify(scripts) by extension 'cmake'
[0.082s] Level 1:colcon.colcon_core.package_identification:_identify(scripts) by extension 'python'
[0.082s] Level 1:colcon.colcon_core.package_identification:_identify(scripts) by extensions ['python_setup_py']
[0.082s] Level 1:colcon.colcon_core.package_identification:_identify(scripts) by extension 'python_setup_py'
[0.082s] Level 1:colcon.colcon_core.package_identification:_identify(src) by extensions ['ignore', 'ignore_ament_install']
[0.082s] Level 1:colcon.colcon_core.package_identification:_identify(src) by extension 'ignore'
[0.082s] Level 1:colcon.colcon_core.package_identification:_identify(src) by extension 'ignore_ament_install'
[0.082s] Level 1:colcon.colcon_core.package_identification:_identify(src) by extensions ['colcon_pkg']
[0.082s] Level 1:colcon.colcon_core.package_identification:_identify(src) by extension 'colcon_pkg'
[0.082s] Level 1:colcon.colcon_core.package_identification:_identify(src) by extensions ['colcon_meta']
[0.082s] Level 1:colcon.colcon_core.package_identification:_identify(src) by extension 'colcon_meta'
[0.082s] Level 1:colcon.colcon_core.package_identification:_identify(src) by extensions ['ros']
[0.082s] Level 1:colcon.colcon_core.package_identification:_identify(src) by extension 'ros'
[0.082s] Level 1:colcon.colcon_core.package_identification:_identify(src) by extensions ['cmake', 'python']
[0.082s] Level 1:colcon.colcon_core.package_identification:_identify(src) by extension 'cmake'
[0.082s] Level 1:colcon.colcon_core.package_identification:_identify(src) by extension 'python'
[0.082s] Level 1:colcon.colcon_core.package_identification:_identify(src) by extensions ['python_setup_py']
[0.082s] Level 1:colcon.colcon_core.package_identification:_identify(src) by extension 'python_setup_py'
[0.082s] Level 1:colcon.colcon_core.package_identification:_identify(src/cyberrunner) by extensions ['ignore', 'ignore_ament_install']
[0.082s] Level 1:colcon.colcon_core.package_identification:_identify(src/cyberrunner) by extension 'ignore'
[0.082s] Level 1:colcon.colcon_core.package_identification:_identify(src/cyberrunner) by extension 'ignore_ament_install'
[0.082s] Level 1:colcon.colcon_core.package_identification:_identify(src/cyberrunner) by extensions ['colcon_pkg']
[0.082s] Level 1:colcon.colcon_core.package_identification:_identify(src/cyberrunner) by extension 'colcon_pkg'
[0.082s] Level 1:colcon.colcon_core.package_identification:_identify(src/cyberrunner) by extensions ['colcon_meta']
[0.082s] Level 1:colcon.colcon_core.package_identification:_identify(src/cyberrunner) by extension 'colcon_meta'
[0.082s] Level 1:colcon.colcon_core.package_identification:_identify(src/cyberrunner) by extensions ['ros']
[0.082s] Level 1:colcon.colcon_core.package_identification:_identify(src/cyberrunner) by extension 'ros'
[0.082s] Level 1:colcon.colcon_core.package_identification:_identify(src/cyberrunner) by extensions ['cmake', 'python']
[0.082s] Level 1:colcon.colcon_core.package_identification:_identify(src/cyberrunner) by extension 'cmake'
[0.082s] Level 1:colcon.colcon_core.package_identification:_identify(src/cyberrunner) by extension 'python'
[0.082s] Level 1:colcon.colcon_core.package_identification:_identify(src/cyberrunner) by extensions ['python_setup_py']
[0.082s] Level 1:colcon.colcon_core.package_identification:_identify(src/cyberrunner) by extension 'python_setup_py'
[0.082s] Level 1:colcon.colcon_core.package_identification:_identify(src/cyberrunner/cyberrunner_camera) by extensions ['ignore', 'ignore_ament_install']
[0.082s] Level 1:colcon.colcon_core.package_identification:_identify(src/cyberrunner/cyberrunner_camera) by extension 'ignore'
[0.082s] Level 1:colcon.colcon_core.package_identification:_identify(src/cyberrunner/cyberrunner_camera) by extension 'ignore_ament_install'
[0.082s] Level 1:colcon.colcon_core.package_identification:_identify(src/cyberrunner/cyberrunner_camera) by extensions ['colcon_pkg']
[0.082s] Level 1:colcon.colcon_core.package_identification:_identify(src/cyberrunner/cyberrunner_camera) by extension 'colcon_pkg'
[0.082s] Level 1:colcon.colcon_core.package_identification:_identify(src/cyberrunner/cyberrunner_camera) by extensions ['colcon_meta']
[0.082s] Level 1:colcon.colcon_core.package_identification:_identify(src/cyberrunner/cyberrunner_camera) by extension 'colcon_meta'
[0.082s] Level 1:colcon.colcon_core.package_identification:_identify(src/cyberrunner/cyberrunner_camera) by extensions ['ros']
[0.082s] Level 1:colcon.colcon_core.package_identification:_identify(src/cyberrunner/cyberrunner_camera) by extension 'ros'
[0.084s] DEBUG:colcon.colcon_core.package_identification:Package 'src/cyberrunner/cyberrunner_camera' with type 'ros.ament_cmake' and name 'cyberrunner_camera'
[0.084s] Level 1:colcon.colcon_core.package_identification:_identify(src/cyberrunner/cyberrunner_dreamer) by extensions ['ignore', 'ignore_ament_install']
[0.084s] Level 1:colcon.colcon_core.package_identification:_identify(src/cyberrunner/cyberrunner_dreamer) by extension 'ignore'
[0.084s] Level 1:colcon.colcon_core.package_identification:_identify(src/cyberrunner/cyberrunner_dreamer) by extension 'ignore_ament_install'
[0.084s] Level 1:colcon.colcon_core.package_identification:_identify(src/cyberrunner/cyberrunner_dreamer) by extensions ['colcon_pkg']
[0.084s] Level 1:colcon.colcon_core.package_identification:_identify(src/cyberrunner/cyberrunner_dreamer) by extension 'colcon_pkg'
[0.084s] Level 1:colcon.colcon_core.package_identification:_identify(src/cyberrunner/cyberrunner_dreamer) by extensions ['colcon_meta']
[0.084s] Level 1:colcon.colcon_core.package_identification:_identify(src/cyberrunner/cyberrunner_dreamer) by extension 'colcon_meta'
[0.084s] Level 1:colcon.colcon_core.package_identification:_identify(src/cyberrunner/cyberrunner_dreamer) by extensions ['ros']
[0.084s] Level 1:colcon.colcon_core.package_identification:_identify(src/cyberrunner/cyberrunner_dreamer) by extension 'ros'
[0.084s] DEBUG:colcon.colcon_core.package_identification:Package 'src/cyberrunner/cyberrunner_dreamer' with type 'ros.ament_python' and name 'cyberrunner_dreamer'
[0.084s] Level 1:colcon.colcon_core.package_identification:_identify(src/cyberrunner/cyberrunner_interfaces) by extensions ['ignore', 'ignore_ament_install']
[0.084s] Level 1:colcon.colcon_core.package_identification:_identify(src/cyberrunner/cyberrunner_interfaces) by extension 'ignore'
[0.084s] Level 1:colcon.colcon_core.package_identification:_identify(src/cyberrunner/cyberrunner_interfaces) by extension 'ignore_ament_install'
[0.085s] Level 1:colcon.colcon_core.package_identification:_identify(src/cyberrunner/cyberrunner_interfaces) by extensions ['colcon_pkg']
[0.085s] Level 1:colcon.colcon_core.package_identification:_identify(src/cyberrunner/cyberrunner_interfaces) by extension 'colcon_pkg'
[0.085s] Level 1:colcon.colcon_core.package_identification:_identify(src/cyberrunner/cyberrunner_interfaces) by extensions ['colcon_meta']
[0.085s] Level 1:colcon.colcon_core.package_identification:_identify(src/cyberrunner/cyberrunner_interfaces) by extension 'colcon_meta'
[0.085s] Level 1:colcon.colcon_core.package_identification:_identify(src/cyberrunner/cyberrunner_interfaces) by extensions ['ros']
[0.085s] Level 1:colcon.colcon_core.package_identification:_identify(src/cyberrunner/cyberrunner_interfaces) by extension 'ros'
[0.085s] DEBUG:colcon.colcon_core.package_identification:Package 'src/cyberrunner/cyberrunner_interfaces' with type 'ros.ament_cmake' and name 'cyberrunner_interfaces'
[0.085s] Level 1:colcon.colcon_core.package_identification:_identify(src/cyberrunner/cyberrunner_state_estimation) by extensions ['ignore', 'ignore_ament_install']
[0.085s] Level 1:colcon.colcon_core.package_identification:_identify(src/cyberrunner/cyberrunner_state_estimation) by extension 'ignore'
[0.085s] Level 1:colcon.colcon_core.package_identification:_identify(src/cyberrunner/cyberrunner_state_estimation) by extension 'ignore_ament_install'
[0.085s] Level 1:colcon.colcon_core.package_identification:_identify(src/cyberrunner/cyberrunner_state_estimation) by extensions ['colcon_pkg']
[0.085s] Level 1:colcon.colcon_core.package_identification:_identify(src/cyberrunner/cyberrunner_state_estimation) by extension 'colcon_pkg'
[0.085s] Level 1:colcon.colcon_core.package_identification:_identify(src/cyberrunner/cyberrunner_state_estimation) by extensions ['colcon_meta']
[0.085s] Level 1:colcon.colcon_core.package_identification:_identify(src/cyberrunner/cyberrunner_state_estimation) by extension 'colcon_meta'
[0.085s] Level 1:colcon.colcon_core.package_identification:_identify(src/cyberrunner/cyberrunner_state_estimation) by extensions ['ros']
[0.085s] Level 1:colcon.colcon_core.package_identification:_identify(src/cyberrunner/cyberrunner_state_estimation) by extension 'ros'
[0.085s] DEBUG:colcon.colcon_core.package_identification:Package 'src/cyberrunner/cyberrunner_state_estimation' with type 'ros.ament_python' and name 'cyberrunner_state_estimation'
[0.086s] Level 1:colcon.colcon_core.package_identification:_identify(src/cyberrunner/docs) by extensions ['ignore', 'ignore_ament_install']
[0.086s] Level 1:colcon.colcon_core.package_identification:_identify(src/cyberrunner/docs) by extension 'ignore'
[0.086s] Level 1:colcon.colcon_core.package_identification:_identify(src/cyberrunner/docs) by extension 'ignore_ament_install'
[0.086s] Level 1:colcon.colcon_core.package_identification:_identify(src/cyberrunner/docs) by extensions ['colcon_pkg']
[0.086s] Level 1:colcon.colcon_core.package_identification:_identify(src/cyberrunner/docs) by extension 'colcon_pkg'
[0.086s] Level 1:colcon.colcon_core.package_identification:_identify(src/cyberrunner/docs) by extensions ['colcon_meta']
[0.086s] Level 1:colcon.colcon_core.package_identification:_identify(src/cyberrunner/docs) by extension 'colcon_meta'
[0.086s] Level 1:colcon.colcon_core.package_identification:_identify(src/cyberrunner/docs) by extensions ['ros']
[0.086s] Level 1:colcon.colcon_core.package_identification:_identify(src/cyberrunner/docs) by extension 'ros'
[0.086s] Level 1:colcon.colcon_core.package_identification:_identify(src/cyberrunner/docs) by extensions ['cmake', 'python']
[0.086s] Level 1:colcon.colcon_core.package_identification:_identify(src/cyberrunner/docs) by extension 'cmake'
[0.086s] Level 1:colcon.colcon_core.package_identification:_identify(src/cyberrunner/docs) by extension 'python'
[0.086s] Level 1:colcon.colcon_core.package_identification:_identify(src/cyberrunner/docs) by extensions ['python_setup_py']
[0.086s] Level 1:colcon.colcon_core.package_identification:_identify(src/cyberrunner/docs) by extension 'python_setup_py'
[0.086s] Level 1:colcon.colcon_core.package_identification:_identify(src/cyberrunner/docs/assets) by extensions ['ignore', 'ignore_ament_install']
[0.086s] Level 1:colcon.colcon_core.package_identification:_identify(src/cyberrunner/docs/assets) by extension 'ignore'
[0.086s] Level 1:colcon.colcon_core.package_identification:_identify(src/cyberrunner/docs/assets) by extension 'ignore_ament_install'
[0.086s] Level 1:colcon.colcon_core.package_identification:_identify(src/cyberrunner/docs/assets) by extensions ['colcon_pkg']
[0.086s] Level 1:colcon.colcon_core.package_identification:_identify(src/cyberrunner/docs/assets) by extension 'colcon_pkg'
[0.086s] Level 1:colcon.colcon_core.package_identification:_identify(src/cyberrunner/docs/assets) by extensions ['colcon_meta']
[0.086s] Level 1:colcon.colcon_core.package_identification:_identify(src/cyberrunner/docs/assets) by extension 'colcon_meta'
[0.086s] Level 1:colcon.colcon_core.package_identification:_identify(src/cyberrunner/docs/assets) by extensions ['ros']
[0.086s] Level 1:colcon.colcon_core.package_identification:_identify(src/cyberrunner/docs/assets) by extension 'ros'
[0.086s] Level 1:colcon.colcon_core.package_identification:_identify(src/cyberrunner/docs/assets) by extensions ['cmake', 'python']
[0.086s] Level 1:colcon.colcon_core.package_identification:_identify(src/cyberrunner/docs/assets) by extension 'cmake'
[0.086s] Level 1:colcon.colcon_core.package_identification:_identify(src/cyberrunner/docs/assets) by extension 'python'
[0.086s] Level 1:colcon.colcon_core.package_identification:_identify(src/cyberrunner/docs/assets) by extensions ['python_setup_py']
[0.086s] Level 1:colcon.colcon_core.package_identification:_identify(src/cyberrunner/docs/assets) by extension 'python_setup_py'
[0.086s] Level 1:colcon.colcon_core.package_identification:_identify(src/cyberrunner/docs/assets/camera) by extensions ['ignore', 'ignore_ament_install']
[0.086s] Level 1:colcon.colcon_core.package_identification:_identify(src/cyberrunner/docs/assets/camera) by extension 'ignore'
[0.086s] Level 1:colcon.colcon_core.package_identification:_identify(src/cyberrunner/docs/assets/camera) by extension 'ignore_ament_install'
[0.086s] Level 1:colcon.colcon_core.package_identification:_identify(src/cyberrunner/docs/assets/camera) by extensions ['colcon_pkg']
[0.086s] Level 1:colcon.colcon_core.package_identification:_identify(src/cyberrunner/docs/assets/camera) by extension 'colcon_pkg'
[0.086s] Level 1:colcon.colcon_core.package_identification:_identify(src/cyberrunner/docs/assets/camera) by extensions ['colcon_meta']
[0.086s] Level 1:colcon.colcon_core.package_identification:_identify(src/cyberrunner/docs/assets/camera) by extension 'colcon_meta'
[0.086s] Level 1:colcon.colcon_core.package_identification:_identify(src/cyberrunner/docs/assets/camera) by extensions ['ros']
[0.086s] Level 1:colcon.colcon_core.package_identification:_identify(src/cyberrunner/docs/assets/camera) by extension 'ros'
[0.086s] Level 1:colcon.colcon_core.package_identification:_identify(src/cyberrunner/docs/assets/camera) by extensions ['cmake', 'python']
[0.086s] Level 1:colcon.colcon_core.package_identification:_identify(src/cyberrunner/docs/assets/camera) by extension 'cmake'
[0.086s] Level 1:colcon.colcon_core.package_identification:_identify(src/cyberrunner/docs/assets/camera) by extension 'python'
[0.086s] Level 1:colcon.colcon_core.package_identification:_identify(src/cyberrunner/docs/assets/camera) by extensions ['python_setup_py']
[0.086s] Level 1:colcon.colcon_core.package_identification:_identify(src/cyberrunner/docs/assets/camera) by extension 'python_setup_py'
[0.086s] Level 1:colcon.colcon_core.package_identification:_identify(src/cyberrunner/docs/assets/motors) by extensions ['ignore', 'ignore_ament_install']
[0.086s] Level 1:colcon.colcon_core.package_identification:_identify(src/cyberrunner/docs/assets/motors) by extension 'ignore'
[0.086s] Level 1:colcon.colcon_core.package_identification:_identify(src/cyberrunner/docs/assets/motors) by extension 'ignore_ament_install'
[0.086s] Level 1:colcon.colcon_core.package_identification:_identify(src/cyberrunner/docs/assets/motors) by extensions ['colcon_pkg']
[0.086s] Level 1:colcon.colcon_core.package_identification:_identify(src/cyberrunner/docs/assets/motors) by extension 'colcon_pkg'
[0.086s] Level 1:colcon.colcon_core.package_identification:_identify(src/cyberrunner/docs/assets/motors) by extensions ['colcon_meta']
[0.086s] Level 1:colcon.colcon_core.package_identification:_identify(src/cyberrunner/docs/assets/motors) by extension 'colcon_meta'
[0.086s] Level 1:colcon.colcon_core.package_identification:_identify(src/cyberrunner/docs/assets/motors) by extensions ['ros']
[0.086s] Level 1:colcon.colcon_core.package_identification:_identify(src/cyberrunner/docs/assets/motors) by extension 'ros'
[0.086s] Level 1:colcon.colcon_core.package_identification:_identify(src/cyberrunner/docs/assets/motors) by extensions ['cmake', 'python']
[0.086s] Level 1:colcon.colcon_core.package_identification:_identify(src/cyberrunner/docs/assets/motors) by extension 'cmake'
[0.086s] Level 1:colcon.colcon_core.package_identification:_identify(src/cyberrunner/docs/assets/motors) by extension 'python'
[0.086s] Level 1:colcon.colcon_core.package_identification:_identify(src/cyberrunner/docs/assets/motors) by extensions ['python_setup_py']
[0.087s] Level 1:colcon.colcon_core.package_identification:_identify(src/cyberrunner/docs/assets/motors) by extension 'python_setup_py'
[0.087s] Level 1:colcon.colcon_core.package_identification:_identify(src/cyberrunner/docs/assets/reload) by extensions ['ignore', 'ignore_ament_install']
[0.087s] Level 1:colcon.colcon_core.package_identification:_identify(src/cyberrunner/docs/assets/reload) by extension 'ignore'
[0.087s] Level 1:colcon.colcon_core.package_identification:_identify(src/cyberrunner/docs/assets/reload) by extension 'ignore_ament_install'
[0.087s] Level 1:colcon.colcon_core.package_identification:_identify(src/cyberrunner/docs/assets/reload) by extensions ['colcon_pkg']
[0.087s] Level 1:colcon.colcon_core.package_identification:_identify(src/cyberrunner/docs/assets/reload) by extension 'colcon_pkg'
[0.087s] Level 1:colcon.colcon_core.package_identification:_identify(src/cyberrunner/docs/assets/reload) by extensions ['colcon_meta']
[0.087s] Level 1:colcon.colcon_core.package_identification:_identify(src/cyberrunner/docs/assets/reload) by extension 'colcon_meta'
[0.087s] Level 1:colcon.colcon_core.package_identification:_identify(src/cyberrunner/docs/assets/reload) by extensions ['ros']
[0.087s] Level 1:colcon.colcon_core.package_identification:_identify(src/cyberrunner/docs/assets/reload) by extension 'ros'
[0.087s] Level 1:colcon.colcon_core.package_identification:_identify(src/cyberrunner/docs/assets/reload) by extensions ['cmake', 'python']
[0.087s] Level 1:colcon.colcon_core.package_identification:_identify(src/cyberrunner/docs/assets/reload) by extension 'cmake'
[0.087s] Level 1:colcon.colcon_core.package_identification:_identify(src/cyberrunner/docs/assets/reload) by extension 'python'
[0.087s] Level 1:colcon.colcon_core.package_identification:_identify(src/cyberrunner/docs/assets/reload) by extensions ['python_setup_py']
[0.087s] Level 1:colcon.colcon_core.package_identification:_identify(src/cyberrunner/docs/assets/reload) by extension 'python_setup_py'
[0.087s] Level 1:colcon.colcon_core.package_identification:_identify(src/cyberrunner/docs/assets/reload/arduino) by extensions ['ignore', 'ignore_ament_install']
[0.087s] Level 1:colcon.colcon_core.package_identification:_identify(src/cyberrunner/docs/assets/reload/arduino) by extension 'ignore'
[0.087s] Level 1:colcon.colcon_core.package_identification:_identify(src/cyberrunner/docs/assets/reload/arduino) by extension 'ignore_ament_install'
[0.087s] Level 1:colcon.colcon_core.package_identification:_identify(src/cyberrunner/docs/assets/reload/arduino) by extensions ['colcon_pkg']
[0.087s] Level 1:colcon.colcon_core.package_identification:_identify(src/cyberrunner/docs/assets/reload/arduino) by extension 'colcon_pkg'
[0.087s] Level 1:colcon.colcon_core.package_identification:_identify(src/cyberrunner/docs/assets/reload/arduino) by extensions ['colcon_meta']
[0.087s] Level 1:colcon.colcon_core.package_identification:_identify(src/cyberrunner/docs/assets/reload/arduino) by extension 'colcon_meta'
[0.087s] Level 1:colcon.colcon_core.package_identification:_identify(src/cyberrunner/docs/assets/reload/arduino) by extensions ['ros']
[0.087s] Level 1:colcon.colcon_core.package_identification:_identify(src/cyberrunner/docs/assets/reload/arduino) by extension 'ros'
[0.087s] Level 1:colcon.colcon_core.package_identification:_identify(src/cyberrunner/docs/assets/reload/arduino) by extensions ['cmake', 'python']
[0.087s] Level 1:colcon.colcon_core.package_identification:_identify(src/cyberrunner/docs/assets/reload/arduino) by extension 'cmake'
[0.087s] Level 1:colcon.colcon_core.package_identification:_identify(src/cyberrunner/docs/assets/reload/arduino) by extension 'python'
[0.087s] Level 1:colcon.colcon_core.package_identification:_identify(src/cyberrunner/docs/assets/reload/arduino) by extensions ['python_setup_py']
[0.087s] Level 1:colcon.colcon_core.package_identification:_identify(src/cyberrunner/docs/assets/reload/arduino) by extension 'python_setup_py'
[0.087s] Level 1:colcon.colcon_core.package_identification:_identify(src/cyberrunner/docs/img) by extensions ['ignore', 'ignore_ament_install']
[0.087s] Level 1:colcon.colcon_core.package_identification:_identify(src/cyberrunner/docs/img) by extension 'ignore'
[0.087s] Level 1:colcon.colcon_core.package_identification:_identify(src/cyberrunner/docs/img) by extension 'ignore_ament_install'
[0.087s] Level 1:colcon.colcon_core.package_identification:_identify(src/cyberrunner/docs/img) by extensions ['colcon_pkg']
[0.087s] Level 1:colcon.colcon_core.package_identification:_identify(src/cyberrunner/docs/img) by extension 'colcon_pkg'
[0.087s] Level 1:colcon.colcon_core.package_identification:_identify(src/cyberrunner/docs/img) by extensions ['colcon_meta']
[0.087s] Level 1:colcon.colcon_core.package_identification:_identify(src/cyberrunner/docs/img) by extension 'colcon_meta'
[0.087s] Level 1:colcon.colcon_core.package_identification:_identify(src/cyberrunner/docs/img) by extensions ['ros']
[0.087s] Level 1:colcon.colcon_core.package_identification:_identify(src/cyberrunner/docs/img) by extension 'ros'
[0.087s] Level 1:colcon.colcon_core.package_identification:_identify(src/cyberrunner/docs/img) by extensions ['cmake', 'python']
[0.087s] Level 1:colcon.colcon_core.package_identification:_identify(src/cyberrunner/docs/img) by extension 'cmake'
[0.087s] Level 1:colcon.colcon_core.package_identification:_identify(src/cyberrunner/docs/img) by extension 'python'
[0.087s] Level 1:colcon.colcon_core.package_identification:_identify(src/cyberrunner/docs/img) by extensions ['python_setup_py']
[0.087s] Level 1:colcon.colcon_core.package_identification:_identify(src/cyberrunner/docs/img) by extension 'python_setup_py'
[0.087s] Level 1:colcon.colcon_core.package_identification:_identify(src/cyberrunner/dreamerv3) by extensions ['ignore', 'ignore_ament_install']
[0.087s] Level 1:colcon.colcon_core.package_identification:_identify(src/cyberrunner/dreamerv3) by extension 'ignore'
[0.087s] Level 1:colcon.colcon_core.package_identification:_identify(src/cyberrunner/dreamerv3) ignored
[0.087s] Level 1:colcon.colcon_core.package_identification:_identify(src/cyberrunner_camera) by extensions ['ignore', 'ignore_ament_install']
[0.087s] Level 1:colcon.colcon_core.package_identification:_identify(src/cyberrunner_camera) by extension 'ignore'
[0.087s] Level 1:colcon.colcon_core.package_identification:_identify(src/cyberrunner_camera) by extension 'ignore_ament_install'
[0.087s] Level 1:colcon.colcon_core.package_identification:_identify(src/cyberrunner_camera) by extensions ['colcon_pkg']
[0.087s] Level 1:colcon.colcon_core.package_identification:_identify(src/cyberrunner_camera) by extension 'colcon_pkg'
[0.087s] Level 1:colcon.colcon_core.package_identification:_identify(src/cyberrunner_camera) by extensions ['colcon_meta']
[0.087s] Level 1:colcon.colcon_core.package_identification:_identify(src/cyberrunner_camera) by extension 'colcon_meta'
[0.087s] Level 1:colcon.colcon_core.package_identification:_identify(src/cyberrunner_camera) by extensions ['ros']
[0.088s] Level 1:colcon.colcon_core.package_identification:_identify(src/cyberrunner_camera) by extension 'ros'
[0.088s] Level 1:colcon.colcon_core.package_identification:_identify(src/cyberrunner_camera) by extensions ['cmake', 'python']
[0.088s] Level 1:colcon.colcon_core.package_identification:_identify(src/cyberrunner_camera) by extension 'cmake'
[0.088s] Level 1:colcon.colcon_core.package_identification:_identify(src/cyberrunner_camera) by extension 'python'
[0.088s] Level 1:colcon.colcon_core.package_identification:_identify(src/cyberrunner_camera) by extensions ['python_setup_py']
[0.088s] Level 1:colcon.colcon_core.package_identification:_identify(src/cyberrunner_camera) by extension 'python_setup_py'
[0.088s] Level 1:colcon.colcon_core.package_identification:_identify(src/cyberrunner_camera/launch) by extensions ['ignore', 'ignore_ament_install']
[0.088s] Level 1:colcon.colcon_core.package_identification:_identify(src/cyberrunner_camera/launch) by extension 'ignore'
[0.088s] Level 1:colcon.colcon_core.package_identification:_identify(src/cyberrunner_camera/launch) by extension 'ignore_ament_install'
[0.088s] Level 1:colcon.colcon_core.package_identification:_identify(src/cyberrunner_camera/launch) by extensions ['colcon_pkg']
[0.088s] Level 1:colcon.colcon_core.package_identification:_identify(src/cyberrunner_camera/launch) by extension 'colcon_pkg'
[0.088s] Level 1:colcon.colcon_core.package_identification:_identify(src/cyberrunner_camera/launch) by extensions ['colcon_meta']
[0.088s] Level 1:colcon.colcon_core.package_identification:_identify(src/cyberrunner_camera/launch) by extension 'colcon_meta'
[0.088s] Level 1:colcon.colcon_core.package_identification:_identify(src/cyberrunner_camera/launch) by extensions ['ros']
[0.088s] Level 1:colcon.colcon_core.package_identification:_identify(src/cyberrunner_camera/launch) by extension 'ros'
[0.088s] Level 1:colcon.colcon_core.package_identification:_identify(src/cyberrunner_camera/launch) by extensions ['cmake', 'python']
[0.088s] Level 1:colcon.colcon_core.package_identification:_identify(src/cyberrunner_camera/launch) by extension 'cmake'
[0.088s] Level 1:colcon.colcon_core.package_identification:_identify(src/cyberrunner_camera/launch) by extension 'python'
[0.088s] Level 1:colcon.colcon_core.package_identification:_identify(src/cyberrunner_camera/launch) by extensions ['python_setup_py']
[0.088s] Level 1:colcon.colcon_core.package_identification:_identify(src/cyberrunner_camera/launch) by extension 'python_setup_py'
[0.088s] Level 1:colcon.colcon_core.package_identification:_identify(src/cyberrunner_hiwonder) by extensions ['ignore', 'ignore_ament_install']
[0.088s] Level 1:colcon.colcon_core.package_identification:_identify(src/cyberrunner_hiwonder) by extension 'ignore'
[0.088s] Level 1:colcon.colcon_core.package_identification:_identify(src/cyberrunner_hiwonder) by extension 'ignore_ament_install'
[0.088s] Level 1:colcon.colcon_core.package_identification:_identify(src/cyberrunner_hiwonder) by extensions ['colcon_pkg']
[0.088s] Level 1:colcon.colcon_core.package_identification:_identify(src/cyberrunner_hiwonder) by extension 'colcon_pkg'
[0.088s] Level 1:colcon.colcon_core.package_identification:_identify(src/cyberrunner_hiwonder) by extensions ['colcon_meta']
[0.088s] Level 1:colcon.colcon_core.package_identification:_identify(src/cyberrunner_hiwonder) by extension 'colcon_meta'
[0.088s] Level 1:colcon.colcon_core.package_identification:_identify(src/cyberrunner_hiwonder) by extensions ['ros']
[0.088s] Level 1:colcon.colcon_core.package_identification:_identify(src/cyberrunner_hiwonder) by extension 'ros'
[0.088s] DEBUG:colcon.colcon_core.package_identification:Package 'src/cyberrunner_hiwonder' with type 'ros.ament_python' and name 'cyberrunner_hiwonder'
[0.088s] Level 1:colcon.colcon_core.package_identification:_identify(src/cyberrunner_pid) by extensions ['ignore', 'ignore_ament_install']
[0.088s] Level 1:colcon.colcon_core.package_identification:_identify(src/cyberrunner_pid) by extension 'ignore'
[0.088s] Level 1:colcon.colcon_core.package_identification:_identify(src/cyberrunner_pid) by extension 'ignore_ament_install'
[0.088s] Level 1:colcon.colcon_core.package_identification:_identify(src/cyberrunner_pid) by extensions ['colcon_pkg']
[0.088s] Level 1:colcon.colcon_core.package_identification:_identify(src/cyberrunner_pid) by extension 'colcon_pkg'
[0.089s] Level 1:colcon.colcon_core.package_identification:_identify(src/cyberrunner_pid) by extensions ['colcon_meta']
[0.089s] Level 1:colcon.colcon_core.package_identification:_identify(src/cyberrunner_pid) by extension 'colcon_meta'
[0.089s] Level 1:colcon.colcon_core.package_identification:_identify(src/cyberrunner_pid) by extensions ['ros']
[0.089s] Level 1:colcon.colcon_core.package_identification:_identify(src/cyberrunner_pid) by extension 'ros'
[0.089s] DEBUG:colcon.colcon_core.package_identification:Package 'src/cyberrunner_pid' with type 'ros.ament_python' and name 'cyberrunner_pid'
[0.089s] Level 1:colcon.colcon_core.package_discovery:discover_packages(recursive) using defaults
[0.089s] Level 1:colcon.colcon_core.package_discovery:discover_packages(ignore) discover
[0.089s] Level 1:colcon.colcon_core.package_discovery:discover_packages(ignore) using defaults
[0.089s] Level 1:colcon.colcon_core.package_discovery:discover_packages(path) discover
[0.089s] Level 1:colcon.colcon_core.package_discovery:discover_packages(path) using defaults
[0.099s] Level 1:colcon.colcon_core.package_discovery:discover_packages(prefix_path) check parameters
[0.099s] Level 1:colcon.colcon_core.package_discovery:discover_packages(prefix_path) discover
[0.100s] DEBUG:colcon.colcon_installed_package_information.package_discovery:Found 272 installed packages in /opt/ros/humble
[0.100s] Level 1:colcon.colcon_core.package_discovery:discover_packages(prefix_path) using defaults
[0.120s] Level 5:colcon.colcon_core.verb:set package 'cyberrunner_camera' build argument 'cmake_args' from command line to 'None'
[0.120s] Level 5:colcon.colcon_core.verb:set package 'cyberrunner_camera' build argument 'cmake_target' from command line to 'None'
[0.120s] Level 5:colcon.colcon_core.verb:set package 'cyberrunner_camera' build argument 'cmake_target_skip_unavailable' from command line to 'False'
[0.120s] Level 5:colcon.colcon_core.verb:set package 'cyberrunner_camera' build argument 'cmake_clean_cache' from command line to 'False'
[0.120s] Level 5:colcon.colcon_core.verb:set package 'cyberrunner_camera' build argument 'cmake_clean_first' from command line to 'False'
[0.120s] Level 5:colcon.colcon_core.verb:set package 'cyberrunner_camera' build argument 'cmake_force_configure' from command line to 'False'
[0.120s] Level 5:colcon.colcon_core.verb:set package 'cyberrunner_camera' build argument 'ament_cmake_args' from command line to 'None'
[0.120s] Level 5:colcon.colcon_core.verb:set package 'cyberrunner_camera' build argument 'catkin_cmake_args' from command line to 'None'
[0.120s] Level 5:colcon.colcon_core.verb:set package 'cyberrunner_camera' build argument 'catkin_skip_building_tests' from command line to 'False'
[0.120s] DEBUG:colcon.colcon_core.verb:Building package 'cyberrunner_camera' with the following arguments: {'ament_cmake_args': None, 'build_base': '/home/trungbao/cyberrunner_ws/build/cyberrunner_camera', 'catkin_cmake_args': None, 'catkin_skip_building_tests': False, 'cmake_args': None, 'cmake_clean_cache': False, 'cmake_clean_first': False, 'cmake_force_configure': False, 'cmake_target': None, 'cmake_target_skip_unavailable': False, 'install_base': '/home/trungbao/cyberrunner_ws/install/cyberrunner_camera', 'merge_install': False, 'path': '/home/trungbao/cyberrunner_ws/src/cyberrunner/cyberrunner_camera', 'symlink_install': True, 'test_result_base': None}
[0.120s] Level 5:colcon.colcon_core.verb:set package 'cyberrunner_hiwonder' build argument 'cmake_args' from command line to 'None'
[0.120s] Level 5:colcon.colcon_core.verb:set package 'cyberrunner_hiwonder' build argument 'cmake_target' from command line to 'None'
[0.120s] Level 5:colcon.colcon_core.verb:set package 'cyberrunner_hiwonder' build argument 'cmake_target_skip_unavailable' from command line to 'False'
[0.120s] Level 5:colcon.colcon_core.verb:set package 'cyberrunner_hiwonder' build argument 'cmake_clean_cache' from command line to 'False'
[0.120s] Level 5:colcon.colcon_core.verb:set package 'cyberrunner_hiwonder' build argument 'cmake_clean_first' from command line to 'False'
[0.120s] Level 5:colcon.colcon_core.verb:set package 'cyberrunner_hiwonder' build argument 'cmake_force_configure' from command line to 'False'
[0.120s] Level 5:colcon.colcon_core.verb:set package 'cyberrunner_hiwonder' build argument 'ament_cmake_args' from command line to 'None'
[0.120s] Level 5:colcon.colcon_core.verb:set package 'cyberrunner_hiwonder' build argument 'catkin_cmake_args' from command line to 'None'
[0.120s] Level 5:colcon.colcon_core.verb:set package 'cyberrunner_hiwonder' build argument 'catkin_skip_building_tests' from command line to 'False'
[0.120s] DEBUG:colcon.colcon_core.verb:Building package 'cyberrunner_hiwonder' with the following arguments: {'ament_cmake_args': None, 'build_base': '/home/trungbao/cyberrunner_ws/build/cyberrunner_hiwonder', 'catkin_cmake_args': None, 'catkin_skip_building_tests': False, 'cmake_args': None, 'cmake_clean_cache': False, 'cmake_clean_first': False, 'cmake_force_configure': False, 'cmake_target': None, 'cmake_target_skip_unavailable': False, 'install_base': '/home/trungbao/cyberrunner_ws/install/cyberrunner_hiwonder', 'merge_install': False, 'path': '/home/trungbao/cyberrunner_ws/src/cyberrunner_hiwonder', 'symlink_install': True, 'test_result_base': None}
[0.120s] Level 5:colcon.colcon_core.verb:set package 'cyberrunner_interfaces' build argument 'cmake_args' from command line to 'None'
[0.120s] Level 5:colcon.colcon_core.verb:set package 'cyberrunner_interfaces' build argument 'cmake_target' from command line to 'None'
[0.120s] Level 5:colcon.colcon_core.verb:set package 'cyberrunner_interfaces' build argument 'cmake_target_skip_unavailable' from command line to 'False'
[0.120s] Level 5:colcon.colcon_core.verb:set package 'cyberrunner_interfaces' build argument 'cmake_clean_cache' from command line to 'False'
[0.120s] Level 5:colcon.colcon_core.verb:set package 'cyberrunner_interfaces' build argument 'cmake_clean_first' from command line to 'False'
[0.120s] Level 5:colcon.colcon_core.verb:set package 'cyberrunner_interfaces' build argument 'cmake_force_configure' from command line to 'False'
[0.120s] Level 5:colcon.colcon_core.verb:set package 'cyberrunner_interfaces' build argument 'ament_cmake_args' from command line to 'None'
[0.120s] Level 5:colcon.colcon_core.verb:set package 'cyberrunner_interfaces' build argument 'catkin_cmake_args' from command line to 'None'
[0.120s] Level 5:colcon.colcon_core.verb:set package 'cyberrunner_interfaces' build argument 'catkin_skip_building_tests' from command line to 'False'
[0.120s] DEBUG:colcon.colcon_core.verb:Building package 'cyberrunner_interfaces' with the following arguments: {'ament_cmake_args': None, 'build_base': '/home/trungbao/cyberrunner_ws/build/cyberrunner_interfaces', 'catkin_cmake_args': None, 'catkin_skip_building_tests': False, 'cmake_args': None, 'cmake_clean_cache': False, 'cmake_clean_first': False, 'cmake_force_configure': False, 'cmake_target': None, 'cmake_target_skip_unavailable': False, 'install_base': '/home/trungbao/cyberrunner_ws/install/cyberrunner_interfaces', 'merge_install': False, 'path': '/home/trungbao/cyberrunner_ws/src/cyberrunner/cyberrunner_interfaces', 'symlink_install': True, 'test_result_base': None}
[0.120s] Level 5:colcon.colcon_core.verb:set package 'cyberrunner_dreamer' build argument 'cmake_args' from command line to 'None'
[0.120s] Level 5:colcon.colcon_core.verb:set package 'cyberrunner_dreamer' build argument 'cmake_target' from command line to 'None'
[0.120s] Level 5:colcon.colcon_core.verb:set package 'cyberrunner_dreamer' build argument 'cmake_target_skip_unavailable' from command line to 'False'
[0.120s] Level 5:colcon.colcon_core.verb:set package 'cyberrunner_dreamer' build argument 'cmake_clean_cache' from command line to 'False'
[0.120s] Level 5:colcon.colcon_core.verb:set package 'cyberrunner_dreamer' build argument 'cmake_clean_first' from command line to 'False'
[0.120s] Level 5:colcon.colcon_core.verb:set package 'cyberrunner_dreamer' build argument 'cmake_force_configure' from command line to 'False'
[0.120s] Level 5:colcon.colcon_core.verb:set package 'cyberrunner_dreamer' build argument 'ament_cmake_args' from command line to 'None'
[0.120s] Level 5:colcon.colcon_core.verb:set package 'cyberrunner_dreamer' build argument 'catkin_cmake_args' from command line to 'None'
[0.120s] Level 5:colcon.colcon_core.verb:set package 'cyberrunner_dreamer' build argument 'catkin_skip_building_tests' from command line to 'False'
[0.120s] DEBUG:colcon.colcon_core.verb:Building package 'cyberrunner_dreamer' with the following arguments: {'ament_cmake_args': None, 'build_base': '/home/trungbao/cyberrunner_ws/build/cyberrunner_dreamer', 'catkin_cmake_args': None, 'catkin_skip_building_tests': False, 'cmake_args': None, 'cmake_clean_cache': False, 'cmake_clean_first': False, 'cmake_force_configure': False, 'cmake_target': None, 'cmake_target_skip_unavailable': False, 'install_base': '/home/trungbao/cyberrunner_ws/install/cyberrunner_dreamer', 'merge_install': False, 'path': '/home/trungbao/cyberrunner_ws/src/cyberrunner/cyberrunner_dreamer', 'symlink_install': True, 'test_result_base': None}
[0.121s] Level 5:colcon.colcon_core.verb:set package 'cyberrunner_pid' build argument 'cmake_args' from command line to 'None'
[0.121s] Level 5:colcon.colcon_core.verb:set package 'cyberrunner_pid' build argument 'cmake_target' from command line to 'None'
[0.121s] Level 5:colcon.colcon_core.verb:set package 'cyberrunner_pid' build argument 'cmake_target_skip_unavailable' from command line to 'False'
[0.121s] Level 5:colcon.colcon_core.verb:set package 'cyberrunner_pid' build argument 'cmake_clean_cache' from command line to 'False'
[0.121s] Level 5:colcon.colcon_core.verb:set package 'cyberrunner_pid' build argument 'cmake_clean_first' from command line to 'False'
[0.121s] Level 5:colcon.colcon_core.verb:set package 'cyberrunner_pid' build argument 'cmake_force_configure' from command line to 'False'
[0.121s] Level 5:colcon.colcon_core.verb:set package 'cyberrunner_pid' build argument 'ament_cmake_args' from command line to 'None'
[0.121s] Level 5:colcon.colcon_core.verb:set package 'cyberrunner_pid' build argument 'catkin_cmake_args' from command line to 'None'
[0.121s] Level 5:colcon.colcon_core.verb:set package 'cyberrunner_pid' build argument 'catkin_skip_building_tests' from command line to 'False'
[0.121s] DEBUG:colcon.colcon_core.verb:Building package 'cyberrunner_pid' with the following arguments: {'ament_cmake_args': None, 'build_base': '/home/trungbao/cyberrunner_ws/build/cyberrunner_pid', 'catkin_cmake_args': None, 'catkin_skip_building_tests': False, 'cmake_args': None, 'cmake_clean_cache': False, 'cmake_clean_first': False, 'cmake_force_configure': False, 'cmake_target': None, 'cmake_target_skip_unavailable': False, 'install_base': '/home/trungbao/cyberrunner_ws/install/cyberrunner_pid', 'merge_install': False, 'path': '/home/trungbao/cyberrunner_ws/src/cyberrunner_pid', 'symlink_install': True, 'test_result_base': None}
[0.121s] Level 5:colcon.colcon_core.verb:set package 'cyberrunner_state_estimation' build argument 'cmake_args' from command line to 'None'
[0.121s] Level 5:colcon.colcon_core.verb:set package 'cyberrunner_state_estimation' build argument 'cmake_target' from command line to 'None'
[0.121s] Level 5:colcon.colcon_core.verb:set package 'cyberrunner_state_estimation' build argument 'cmake_target_skip_unavailable' from command line to 'False'
[0.121s] Level 5:colcon.colcon_core.verb:set package 'cyberrunner_state_estimation' build argument 'cmake_clean_cache' from command line to 'False'
[0.121s] Level 5:colcon.colcon_core.verb:set package 'cyberrunner_state_estimation' build argument 'cmake_clean_first' from command line to 'False'
[0.121s] Level 5:colcon.colcon_core.verb:set package 'cyberrunner_state_estimation' build argument 'cmake_force_configure' from command line to 'False'
[0.121s] Level 5:colcon.colcon_core.verb:set package 'cyberrunner_state_estimation' build argument 'ament_cmake_args' from command line to 'None'
[0.121s] Level 5:colcon.colcon_core.verb:set package 'cyberrunner_state_estimation' build argument 'catkin_cmake_args' from command line to 'None'
[0.121s] Level 5:colcon.colcon_core.verb:set package 'cyberrunner_state_estimation' build argument 'catkin_skip_building_tests' from command line to 'False'
[0.121s] DEBUG:colcon.colcon_core.verb:Building package 'cyberrunner_state_estimation' with the following arguments: {'ament_cmake_args': None, 'build_base': '/home/trungbao/cyberrunner_ws/build/cyberrunner_state_estimation', 'catkin_cmake_args': None, 'catkin_skip_building_tests': False, 'cmake_args': None, 'cmake_clean_cache': False, 'cmake_clean_first': False, 'cmake_force_configure': False, 'cmake_target': None, 'cmake_target_skip_unavailable': False, 'install_base': '/home/trungbao/cyberrunner_ws/install/cyberrunner_state_estimation', 'merge_install': False, 'path': '/home/trungbao/cyberrunner_ws/src/cyberrunner/cyberrunner_state_estimation', 'symlink_install': True, 'test_result_base': None}
[0.121s] INFO:colcon.colcon_core.executor:Executing jobs using 'parallel' executor
[0.121s] DEBUG:colcon.colcon_parallel_executor.executor.parallel:run_until_complete
[0.122s] INFO:colcon.colcon_ros.task.ament_cmake.build:Building ROS package in '/home/trungbao/cyberrunner_ws/src/cyberrunner/cyberrunner_interfaces' with build type 'ament_cmake'
[0.122s] INFO:colcon.colcon_cmake.task.cmake.build:Building CMake package in '/home/trungbao/cyberrunner_ws/src/cyberrunner/cyberrunner_interfaces'
[0.123s] INFO:colcon.colcon_core.plugin_system:Skipping extension 'colcon_core.shell.bat': Not used on non-Windows systems
[0.123s] INFO:colcon.colcon_core.shell:Skip shell extension 'powershell' for command environment: Not usable outside of PowerShell
[0.123s] DEBUG:colcon.colcon_core.shell:Skip shell extension 'dsv' for command environment
[0.124s] INFO:colcon.colcon_ros.task.ament_cmake.build:Building ROS package in '/home/trungbao/cyberrunner_ws/src/cyberrunner/cyberrunner_camera' with build type 'ament_cmake'
[0.124s] INFO:colcon.colcon_cmake.task.cmake.build:Building CMake package in '/home/trungbao/cyberrunner_ws/src/cyberrunner/cyberrunner_camera'
[0.124s] INFO:colcon.colcon_core.shell:Skip shell extension 'powershell' for command environment: Not usable outside of PowerShell
[0.124s] DEBUG:colcon.colcon_core.shell:Skip shell extension 'dsv' for command environment
[0.125s] INFO:colcon.colcon_ros.task.ament_python.build:Building ROS package in '/home/trungbao/cyberrunner_ws/src/cyberrunner_hiwonder' with build type 'ament_python'
[0.125s] Level 1:colcon.colcon_core.shell:create_environment_hook('cyberrunner_hiwonder', 'ament_prefix_path')
[0.126s] INFO:colcon.colcon_core.shell:Creating environment hook '/home/trungbao/cyberrunner_ws/install/cyberrunner_hiwonder/share/cyberrunner_hiwonder/hook/ament_prefix_path.ps1'
[0.126s] INFO:colcon.colcon_core.shell:Creating environment descriptor '/home/trungbao/cyberrunner_ws/install/cyberrunner_hiwonder/share/cyberrunner_hiwonder/hook/ament_prefix_path.dsv'
[0.126s] INFO:colcon.colcon_core.shell:Creating environment hook '/home/trungbao/cyberrunner_ws/install/cyberrunner_hiwonder/share/cyberrunner_hiwonder/hook/ament_prefix_path.sh'
[0.126s] INFO:colcon.colcon_core.shell:Skip shell extension 'powershell' for command environment: Not usable outside of PowerShell
[0.126s] DEBUG:colcon.colcon_core.shell:Skip shell extension 'dsv' for command environment
[0.131s] DEBUG:colcon.colcon_core.event_handler.log_command:Invoking command in '/home/trungbao/cyberrunner_ws/build/cyberrunner_interfaces': CMAKE_PREFIX_PATH=/opt/ros/humble /usr/bin/cmake --build /home/trungbao/cyberrunner_ws/build/cyberrunner_interfaces -- -j24 -l24
[0.132s] DEBUG:colcon.colcon_core.event_handler.log_command:Invoking command in '/home/trungbao/cyberrunner_ws/build/cyberrunner_camera': CMAKE_PREFIX_PATH=/opt/ros/humble /usr/bin/cmake --build /home/trungbao/cyberrunner_ws/build/cyberrunner_camera -- -j24 -l24
[0.247s] INFO:colcon.colcon_core.task.python.build:Building Python package in '/home/trungbao/cyberrunner_ws/src/cyberrunner_hiwonder'
[0.248s] INFO:colcon.colcon_core.shell:Skip shell extension 'powershell' for command environment: Not usable outside of PowerShell
[0.248s] DEBUG:colcon.colcon_core.shell:Skip shell extension 'dsv' for command environment
[0.250s] DEBUG:colcon.colcon_core.event_handler.log_command:Invoked command in '/home/trungbao/cyberrunner_ws/build/cyberrunner_camera' returned '0': CMAKE_PREFIX_PATH=/opt/ros/humble /usr/bin/cmake --build /home/trungbao/cyberrunner_ws/build/cyberrunner_camera -- -j24 -l24
[0.259s] DEBUG:colcon.colcon_core.event_handler.log_command:Invoking command in '/home/trungbao/cyberrunner_ws/build/cyberrunner_camera': CMAKE_PREFIX_PATH=/opt/ros/humble /usr/bin/cmake --install /home/trungbao/cyberrunner_ws/build/cyberrunner_camera
[0.273s] Level 1:colcon.colcon_core.environment:create_environment_scripts_only(cyberrunner_camera)
[0.273s] DEBUG:colcon.colcon_core.event_handler.log_command:Invoked command in '/home/trungbao/cyberrunner_ws/build/cyberrunner_camera' returned '0': CMAKE_PREFIX_PATH=/opt/ros/humble /usr/bin/cmake --install /home/trungbao/cyberrunner_ws/build/cyberrunner_camera
[0.275s] Level 1:colcon.colcon_core.environment:checking '/home/trungbao/cyberrunner_ws/install/cyberrunner_camera' for CMake module files
[0.275s] Level 1:colcon.colcon_core.environment:checking '/home/trungbao/cyberrunner_ws/install/cyberrunner_camera' for CMake config files
[0.276s] Level 1:colcon.colcon_core.shell:create_environment_hook('cyberrunner_camera', 'cmake_prefix_path')
[0.276s] INFO:colcon.colcon_core.shell:Creating environment hook '/home/trungbao/cyberrunner_ws/install/cyberrunner_camera/share/cyberrunner_camera/hook/cmake_prefix_path.ps1'
[0.276s] INFO:colcon.colcon_core.shell:Creating environment descriptor '/home/trungbao/cyberrunner_ws/install/cyberrunner_camera/share/cyberrunner_camera/hook/cmake_prefix_path.dsv'
[0.276s] INFO:colcon.colcon_core.shell:Creating environment hook '/home/trungbao/cyberrunner_ws/install/cyberrunner_camera/share/cyberrunner_camera/hook/cmake_prefix_path.sh'
[0.276s] Level 1:colcon.colcon_core.environment:checking '/home/trungbao/cyberrunner_ws/install/cyberrunner_camera/lib'
[0.276s] Level 1:colcon.colcon_core.environment:checking '/home/trungbao/cyberrunner_ws/install/cyberrunner_camera/bin'
[0.276s] Level 1:colcon.colcon_core.environment:checking '/home/trungbao/cyberrunner_ws/install/cyberrunner_camera/lib/pkgconfig/cyberrunner_camera.pc'
[0.277s] Level 1:colcon.colcon_core.environment:checking '/home/trungbao/cyberrunner_ws/install/cyberrunner_camera/lib/python3.10/site-packages'
[0.277s] Level 1:colcon.colcon_core.environment:checking '/home/trungbao/cyberrunner_ws/install/cyberrunner_camera/bin'
[0.277s] INFO:colcon.colcon_core.shell:Creating package script '/home/trungbao/cyberrunner_ws/install/cyberrunner_camera/share/cyberrunner_camera/package.ps1'
[0.277s] INFO:colcon.colcon_core.shell:Creating package descriptor '/home/trungbao/cyberrunner_ws/install/cyberrunner_camera/share/cyberrunner_camera/package.dsv'
[0.277s] INFO:colcon.colcon_core.shell:Creating package script '/home/trungbao/cyberrunner_ws/install/cyberrunner_camera/share/cyberrunner_camera/package.sh'
[0.278s] INFO:colcon.colcon_core.shell:Creating package script '/home/trungbao/cyberrunner_ws/install/cyberrunner_camera/share/cyberrunner_camera/package.bash'
[0.278s] INFO:colcon.colcon_core.shell:Creating package script '/home/trungbao/cyberrunner_ws/install/cyberrunner_camera/share/cyberrunner_camera/package.zsh'
[0.278s] Level 1:colcon.colcon_core.environment:create_file_with_runtime_dependencies(/home/trungbao/cyberrunner_ws/install/cyberrunner_camera/share/colcon-core/packages/cyberrunner_camera)
[0.279s] Level 1:colcon.colcon_core.environment:create_environment_scripts_only(cyberrunner_camera)
[0.279s] Level 1:colcon.colcon_core.environment:checking '/home/trungbao/cyberrunner_ws/install/cyberrunner_camera' for CMake module files
[0.279s] Level 1:colcon.colcon_core.environment:checking '/home/trungbao/cyberrunner_ws/install/cyberrunner_camera' for CMake config files
[0.279s] Level 1:colcon.colcon_core.shell:create_environment_hook('cyberrunner_camera', 'cmake_prefix_path')
[0.279s] INFO:colcon.colcon_core.shell:Creating environment hook '/home/trungbao/cyberrunner_ws/install/cyberrunner_camera/share/cyberrunner_camera/hook/cmake_prefix_path.ps1'
[0.279s] INFO:colcon.colcon_core.shell:Creating environment descriptor '/home/trungbao/cyberrunner_ws/install/cyberrunner_camera/share/cyberrunner_camera/hook/cmake_prefix_path.dsv'
[0.279s] INFO:colcon.colcon_core.shell:Creating environment hook '/home/trungbao/cyberrunner_ws/install/cyberrunner_camera/share/cyberrunner_camera/hook/cmake_prefix_path.sh'
[0.280s] Level 1:colcon.colcon_core.environment:checking '/home/trungbao/cyberrunner_ws/install/cyberrunner_camera/lib'
[0.280s] Level 1:colcon.colcon_core.environment:checking '/home/trungbao/cyberrunner_ws/install/cyberrunner_camera/bin'
[0.280s] Level 1:colcon.colcon_core.environment:checking '/home/trungbao/cyberrunner_ws/install/cyberrunner_camera/lib/pkgconfig/cyberrunner_camera.pc'
[0.280s] Level 1:colcon.colcon_core.environment:checking '/home/trungbao/cyberrunner_ws/install/cyberrunner_camera/lib/python3.10/site-packages'
[0.280s] Level 1:colcon.colcon_core.environment:checking '/home/trungbao/cyberrunner_ws/install/cyberrunner_camera/bin'
[0.280s] INFO:colcon.colcon_core.shell:Creating package script '/home/trungbao/cyberrunner_ws/install/cyberrunner_camera/share/cyberrunner_camera/package.ps1'
[0.280s] INFO:colcon.colcon_core.shell:Creating package descriptor '/home/trungbao/cyberrunner_ws/install/cyberrunner_camera/share/cyberrunner_camera/package.dsv'
[0.280s] INFO:colcon.colcon_core.shell:Creating package script '/home/trungbao/cyberrunner_ws/install/cyberrunner_camera/share/cyberrunner_camera/package.sh'
[0.281s] INFO:colcon.colcon_core.shell:Creating package script '/home/trungbao/cyberrunner_ws/install/cyberrunner_camera/share/cyberrunner_camera/package.bash'
[0.281s] INFO:colcon.colcon_core.shell:Creating package script '/home/trungbao/cyberrunner_ws/install/cyberrunner_camera/share/cyberrunner_camera/package.zsh'
[0.281s] Level 1:colcon.colcon_core.environment:create_file_with_runtime_dependencies(/home/trungbao/cyberrunner_ws/install/cyberrunner_camera/share/colcon-core/packages/cyberrunner_camera)
[0.342s] DEBUG:colcon.colcon_core.event_handler.log_command:Invoked command in '/home/trungbao/cyberrunner_ws/build/cyberrunner_interfaces' returned '0': CMAKE_PREFIX_PATH=/opt/ros/humble /usr/bin/cmake --build /home/trungbao/cyberrunner_ws/build/cyberrunner_interfaces -- -j24 -l24
[0.343s] DEBUG:colcon.colcon_core.event_handler.log_command:Invoking command in '/home/trungbao/cyberrunner_ws/build/cyberrunner_interfaces': CMAKE_PREFIX_PATH=/opt/ros/humble /usr/bin/cmake --install /home/trungbao/cyberrunner_ws/build/cyberrunner_interfaces
[0.386s] Level 1:colcon.colcon_core.environment:create_environment_scripts_only(cyberrunner_interfaces)
[0.386s] Level 1:colcon.colcon_core.environment:checking '/home/trungbao/cyberrunner_ws/install/cyberrunner_interfaces' for CMake module files
[0.386s] DEBUG:colcon.colcon_core.event_handler.log_command:Invoked command in '/home/trungbao/cyberrunner_ws/build/cyberrunner_interfaces' returned '0': CMAKE_PREFIX_PATH=/opt/ros/humble /usr/bin/cmake --install /home/trungbao/cyberrunner_ws/build/cyberrunner_interfaces
[0.387s] Level 1:colcon.colcon_core.environment:checking '/home/trungbao/cyberrunner_ws/install/cyberrunner_interfaces' for CMake config files
[0.387s] Level 1:colcon.colcon_core.shell:create_environment_hook('cyberrunner_interfaces', 'cmake_prefix_path')
[0.387s] INFO:colcon.colcon_core.shell:Creating environment hook '/home/trungbao/cyberrunner_ws/install/cyberrunner_interfaces/share/cyberrunner_interfaces/hook/cmake_prefix_path.ps1'
[0.388s] INFO:colcon.colcon_core.shell:Creating environment descriptor '/home/trungbao/cyberrunner_ws/install/cyberrunner_interfaces/share/cyberrunner_interfaces/hook/cmake_prefix_path.dsv'
[0.388s] INFO:colcon.colcon_core.shell:Creating environment hook '/home/trungbao/cyberrunner_ws/install/cyberrunner_interfaces/share/cyberrunner_interfaces/hook/cmake_prefix_path.sh'
[0.388s] Level 1:colcon.colcon_core.environment:checking '/home/trungbao/cyberrunner_ws/install/cyberrunner_interfaces/lib'
[0.388s] Level 1:colcon.colcon_core.shell:create_environment_hook('cyberrunner_interfaces', 'ld_library_path_lib')
[0.388s] INFO:colcon.colcon_core.shell:Creating environment hook '/home/trungbao/cyberrunner_ws/install/cyberrunner_interfaces/share/cyberrunner_interfaces/hook/ld_library_path_lib.ps1'
[0.388s] INFO:colcon.colcon_core.shell:Creating environment descriptor '/home/trungbao/cyberrunner_ws/install/cyberrunner_interfaces/share/cyberrunner_interfaces/hook/ld_library_path_lib.dsv'
[0.389s] INFO:colcon.colcon_core.shell:Creating environment hook '/home/trungbao/cyberrunner_ws/install/cyberrunner_interfaces/share/cyberrunner_interfaces/hook/ld_library_path_lib.sh'
[0.389s] Level 1:colcon.colcon_core.environment:checking '/home/trungbao/cyberrunner_ws/install/cyberrunner_interfaces/bin'
[0.389s] Level 1:colcon.colcon_core.environment:checking '/home/trungbao/cyberrunner_ws/install/cyberrunner_interfaces/lib/pkgconfig/cyberrunner_interfaces.pc'
[0.389s] Level 1:colcon.colcon_core.environment:checking '/home/trungbao/cyberrunner_ws/install/cyberrunner_interfaces/lib/python3.10/site-packages'
[0.389s] Level 1:colcon.colcon_core.environment:checking '/home/trungbao/cyberrunner_ws/install/cyberrunner_interfaces/bin'
[0.389s] INFO:colcon.colcon_core.shell:Creating package script '/home/trungbao/cyberrunner_ws/install/cyberrunner_interfaces/share/cyberrunner_interfaces/package.ps1'
[0.389s] INFO:colcon.colcon_core.shell:Creating package descriptor '/home/trungbao/cyberrunner_ws/install/cyberrunner_interfaces/share/cyberrunner_interfaces/package.dsv'
[0.390s] INFO:colcon.colcon_core.shell:Creating package script '/home/trungbao/cyberrunner_ws/install/cyberrunner_interfaces/share/cyberrunner_interfaces/package.sh'
[0.390s] INFO:colcon.colcon_core.shell:Creating package script '/home/trungbao/cyberrunner_ws/install/cyberrunner_interfaces/share/cyberrunner_interfaces/package.bash'
[0.390s] INFO:colcon.colcon_core.shell:Creating package script '/home/trungbao/cyberrunner_ws/install/cyberrunner_interfaces/share/cyberrunner_interfaces/package.zsh'
[0.390s] Level 1:colcon.colcon_core.environment:create_file_with_runtime_dependencies(/home/trungbao/cyberrunner_ws/install/cyberrunner_interfaces/share/colcon-core/packages/cyberrunner_interfaces)
[0.390s] Level 1:colcon.colcon_core.environment:create_environment_scripts_only(cyberrunner_interfaces)
[0.390s] Level 1:colcon.colcon_core.environment:checking '/home/trungbao/cyberrunner_ws/install/cyberrunner_interfaces' for CMake module files
[0.391s] Level 1:colcon.colcon_core.environment:checking '/home/trungbao/cyberrunner_ws/install/cyberrunner_interfaces' for CMake config files
[0.391s] Level 1:colcon.colcon_core.shell:create_environment_hook('cyberrunner_interfaces', 'cmake_prefix_path')
[0.391s] INFO:colcon.colcon_core.shell:Creating environment hook '/home/trungbao/cyberrunner_ws/install/cyberrunner_interfaces/share/cyberrunner_interfaces/hook/cmake_prefix_path.ps1'
[0.391s] INFO:colcon.colcon_core.shell:Creating environment descriptor '/home/trungbao/cyberrunner_ws/install/cyberrunner_interfaces/share/cyberrunner_interfaces/hook/cmake_prefix_path.dsv'
[0.391s] INFO:colcon.colcon_core.shell:Creating environment hook '/home/trungbao/cyberrunner_ws/install/cyberrunner_interfaces/share/cyberrunner_interfaces/hook/cmake_prefix_path.sh'
[0.392s] Level 1:colcon.colcon_core.environment:checking '/home/trungbao/cyberrunner_ws/install/cyberrunner_interfaces/lib'
[0.392s] Level 1:colcon.colcon_core.shell:create_environment_hook('cyberrunner_interfaces', 'ld_library_path_lib')
[0.392s] INFO:colcon.colcon_core.shell:Creating environment hook '/home/trungbao/cyberrunner_ws/install/cyberrunner_interfaces/share/cyberrunner_interfaces/hook/ld_library_path_lib.ps1'
[0.392s] INFO:colcon.colcon_core.shell:Creating environment descriptor '/home/trungbao/cyberrunner_ws/install/cyberrunner_interfaces/share/cyberrunner_interfaces/hook/ld_library_path_lib.dsv'
[0.392s] INFO:colcon.colcon_core.shell:Creating environment hook '/home/trungbao/cyberrunner_ws/install/cyberrunner_interfaces/share/cyberrunner_interfaces/hook/ld_library_path_lib.sh'
[0.392s] Level 1:colcon.colcon_core.environment:checking '/home/trungbao/cyberrunner_ws/install/cyberrunner_interfaces/bin'
[0.392s] Level 1:colcon.colcon_core.environment:checking '/home/trungbao/cyberrunner_ws/install/cyberrunner_interfaces/lib/pkgconfig/cyberrunner_interfaces.pc'
[0.392s] Level 1:colcon.colcon_core.environment:checking '/home/trungbao/cyberrunner_ws/install/cyberrunner_interfaces/lib/python3.10/site-packages'
[0.392s] Level 1:colcon.colcon_core.environment:checking '/home/trungbao/cyberrunner_ws/install/cyberrunner_interfaces/bin'
[0.393s] INFO:colcon.colcon_core.shell:Creating package script '/home/trungbao/cyberrunner_ws/install/cyberrunner_interfaces/share/cyberrunner_interfaces/package.ps1'
[0.393s] INFO:colcon.colcon_core.shell:Creating package descriptor '/home/trungbao/cyberrunner_ws/install/cyberrunner_interfaces/share/cyberrunner_interfaces/package.dsv'
[0.393s] INFO:colcon.colcon_core.shell:Creating package script '/home/trungbao/cyberrunner_ws/install/cyberrunner_interfaces/share/cyberrunner_interfaces/package.sh'
[0.393s] INFO:colcon.colcon_core.shell:Creating package script '/home/trungbao/cyberrunner_ws/install/cyberrunner_interfaces/share/cyberrunner_interfaces/package.bash'
[0.393s] INFO:colcon.colcon_core.shell:Creating package script '/home/trungbao/cyberrunner_ws/install/cyberrunner_interfaces/share/cyberrunner_interfaces/package.zsh'
[0.393s] Level 1:colcon.colcon_core.environment:create_file_with_runtime_dependencies(/home/trungbao/cyberrunner_ws/install/cyberrunner_interfaces/share/colcon-core/packages/cyberrunner_interfaces)
[0.394s] INFO:colcon.colcon_ros.task.ament_python.build:Building ROS package in '/home/trungbao/cyberrunner_ws/src/cyberrunner/cyberrunner_dreamer' with build type 'ament_python'
[0.394s] Level 1:colcon.colcon_core.shell:create_environment_hook('cyberrunner_dreamer', 'ament_prefix_path')
[0.394s] INFO:colcon.colcon_core.shell:Creating environment hook '/home/trungbao/cyberrunner_ws/install/cyberrunner_dreamer/share/cyberrunner_dreamer/hook/ament_prefix_path.ps1'
[0.394s] INFO:colcon.colcon_core.shell:Creating environment descriptor '/home/trungbao/cyberrunner_ws/install/cyberrunner_dreamer/share/cyberrunner_dreamer/hook/ament_prefix_path.dsv'
[0.394s] INFO:colcon.colcon_core.shell:Creating environment hook '/home/trungbao/cyberrunner_ws/install/cyberrunner_dreamer/share/cyberrunner_dreamer/hook/ament_prefix_path.sh'
[0.395s] INFO:colcon.colcon_core.shell:Skip shell extension 'powershell' for command environment: Not usable outside of PowerShell
[0.395s] DEBUG:colcon.colcon_core.shell:Skip shell extension 'dsv' for command environment
[0.396s] INFO:colcon.colcon_ros.task.ament_python.build:Building ROS package in '/home/trungbao/cyberrunner_ws/src/cyberrunner_pid' with build type 'ament_python'
[0.396s] Level 1:colcon.colcon_core.shell:create_environment_hook('cyberrunner_pid', 'ament_prefix_path')
[0.396s] INFO:colcon.colcon_core.shell:Creating environment hook '/home/trungbao/cyberrunner_ws/install/cyberrunner_pid/share/cyberrunner_pid/hook/ament_prefix_path.ps1'
[0.396s] INFO:colcon.colcon_core.shell:Creating environment descriptor '/home/trungbao/cyberrunner_ws/install/cyberrunner_pid/share/cyberrunner_pid/hook/ament_prefix_path.dsv'
[0.396s] INFO:colcon.colcon_core.shell:Creating environment hook '/home/trungbao/cyberrunner_ws/install/cyberrunner_pid/share/cyberrunner_pid/hook/ament_prefix_path.sh'
[0.397s] INFO:colcon.colcon_core.shell:Skip shell extension 'powershell' for command environment: Not usable outside of PowerShell
[0.397s] DEBUG:colcon.colcon_core.shell:Skip shell extension 'dsv' for command environment
[0.398s] INFO:colcon.colcon_ros.task.ament_python.build:Building ROS package in '/home/trungbao/cyberrunner_ws/src/cyberrunner/cyberrunner_state_estimation' with build type 'ament_python'
[0.398s] Level 1:colcon.colcon_core.shell:create_environment_hook('cyberrunner_state_estimation', 'ament_prefix_path')
[0.398s] INFO:colcon.colcon_core.shell:Creating environment hook '/home/trungbao/cyberrunner_ws/install/cyberrunner_state_estimation/share/cyberrunner_state_estimation/hook/ament_prefix_path.ps1'
[0.398s] INFO:colcon.colcon_core.shell:Creating environment descriptor '/home/trungbao/cyberrunner_ws/install/cyberrunner_state_estimation/share/cyberrunner_state_estimation/hook/ament_prefix_path.dsv'
[0.398s] INFO:colcon.colcon_core.shell:Creating environment hook '/home/trungbao/cyberrunner_ws/install/cyberrunner_state_estimation/share/cyberrunner_state_estimation/hook/ament_prefix_path.sh'
[0.398s] INFO:colcon.colcon_core.shell:Skip shell extension 'powershell' for command environment: Not usable outside of PowerShell
[0.399s] DEBUG:colcon.colcon_core.shell:Skip shell extension 'dsv' for command environment
[0.515s] INFO:colcon.colcon_core.task.python.build:Building Python package in '/home/trungbao/cyberrunner_ws/src/cyberrunner/cyberrunner_dreamer'
[0.516s] INFO:colcon.colcon_core.shell:Skip shell extension 'powershell' for command environment: Not usable outside of PowerShell
[0.516s] DEBUG:colcon.colcon_core.shell:Skip shell extension 'dsv' for command environment
[0.621s] INFO:colcon.colcon_core.task.python.build:Building Python package in '/home/trungbao/cyberrunner_ws/src/cyberrunner_pid'
[0.621s] INFO:colcon.colcon_core.shell:Skip shell extension 'powershell' for command environment: Not usable outside of PowerShell
[0.621s] DEBUG:colcon.colcon_core.shell:Skip shell extension 'dsv' for command environment
[0.728s] INFO:colcon.colcon_core.task.python.build:Building Python package in '/home/trungbao/cyberrunner_ws/src/cyberrunner/cyberrunner_state_estimation'
[0.728s] INFO:colcon.colcon_core.shell:Skip shell extension 'powershell' for command environment: Not usable outside of PowerShell
[0.728s] DEBUG:colcon.colcon_core.shell:Skip shell extension 'dsv' for command environment
[0.731s] DEBUG:colcon.colcon_core.event_handler.log_command:Invoking command in '/home/trungbao/cyberrunner_ws/build/cyberrunner_hiwonder': PYTHONPATH=/home/trungbao/cyberrunner_ws/build/cyberrunner_hiwonder/prefix_override:/usr/lib/python3/dist-packages/colcon_core/task/python/colcon_distutils_commands:/home/trungbao/cyberrunner_ws/install/cyberrunner_hiwonder/lib/python3.10/site-packages:${PYTHONPATH} /usr/bin/python3 -W ignore:setup.py install is deprecated -W ignore:easy_install command is deprecated setup.py develop --editable --build-directory /home/trungbao/cyberrunner_ws/build/cyberrunner_hiwonder/build --no-deps symlink_data
[0.956s] DEBUG:colcon.colcon_core.event_handler.log_command:Invoking command in '/home/trungbao/cyberrunner_ws/build/cyberrunner_pid': AMENT_PREFIX_PATH=/home/trungbao/cyberrunner_ws/install/cyberrunner_interfaces:${AMENT_PREFIX_PATH} CMAKE_PREFIX_PATH=/home/trungbao/cyberrunner_ws/install/cyberrunner_interfaces LD_LIBRARY_PATH=/home/trungbao/cyberrunner_ws/install/cyberrunner_interfaces/lib:${LD_LIBRARY_PATH} PYTHONPATH=/home/trungbao/cyberrunner_ws/build/cyberrunner_pid/prefix_override:/usr/lib/python3/dist-packages/colcon_core/task/python/colcon_distutils_commands:/home/trungbao/cyberrunner_ws/install/cyberrunner_pid/lib/python3.10/site-packages:/home/trungbao/cyberrunner_ws/install/cyberrunner_interfaces/local/lib/python3.10/dist-packages:${PYTHONPATH} /usr/bin/python3 -W ignore:setup.py install is deprecated -W ignore:easy_install command is deprecated setup.py develop --editable --build-directory /home/trungbao/cyberrunner_ws/build/cyberrunner_pid/build --no-deps symlink_data
[0.959s] DEBUG:colcon.colcon_core.event_handler.log_command:Invoking command in '/home/trungbao/cyberrunner_ws/build/cyberrunner_state_estimation': AMENT_PREFIX_PATH=/home/trungbao/cyberrunner_ws/install/cyberrunner_interfaces:${AMENT_PREFIX_PATH} CMAKE_PREFIX_PATH=/home/trungbao/cyberrunner_ws/install/cyberrunner_interfaces LD_LIBRARY_PATH=/home/trungbao/cyberrunner_ws/install/cyberrunner_interfaces/lib:${LD_LIBRARY_PATH} PYTHONPATH=/home/trungbao/cyberrunner_ws/build/cyberrunner_state_estimation/prefix_override:/usr/lib/python3/dist-packages/colcon_core/task/python/colcon_distutils_commands:/home/trungbao/cyberrunner_ws/install/cyberrunner_state_estimation/lib/python3.10/site-packages:/home/trungbao/cyberrunner_ws/install/cyberrunner_interfaces/local/lib/python3.10/dist-packages:${PYTHONPATH} /usr/bin/python3 -W ignore:setup.py install is deprecated -W ignore:easy_install command is deprecated setup.py develop --editable --build-directory /home/trungbao/cyberrunner_ws/build/cyberrunner_state_estimation/build --no-deps symlink_data
[0.962s] DEBUG:colcon.colcon_core.event_handler.log_command:Invoking command in '/home/trungbao/cyberrunner_ws/build/cyberrunner_dreamer': AMENT_PREFIX_PATH=/home/trungbao/cyberrunner_ws/install/cyberrunner_interfaces:${AMENT_PREFIX_PATH} CMAKE_PREFIX_PATH=/home/trungbao/cyberrunner_ws/install/cyberrunner_interfaces LD_LIBRARY_PATH=/home/trungbao/cyberrunner_ws/install/cyberrunner_interfaces/lib:${LD_LIBRARY_PATH} PYTHONPATH=/home/trungbao/cyberrunner_ws/build/cyberrunner_dreamer/prefix_override:/usr/lib/python3/dist-packages/colcon_core/task/python/colcon_distutils_commands:/home/trungbao/cyberrunner_ws/install/cyberrunner_dreamer/lib/python3.10/site-packages:/home/trungbao/cyberrunner_ws/install/cyberrunner_interfaces/local/lib/python3.10/dist-packages:${PYTHONPATH} /usr/bin/python3 -W ignore:setup.py install is deprecated -W ignore:easy_install command is deprecated setup.py develop --editable --build-directory /home/trungbao/cyberrunner_ws/build/cyberrunner_dreamer/build --no-deps symlink_data
[1.016s] Level 1:colcon.colcon_core.shell:create_environment_hook('cyberrunner_hiwonder', 'pythonpath_develop')
[1.016s] INFO:colcon.colcon_core.shell:Creating environment hook '/home/trungbao/cyberrunner_ws/build/cyberrunner_hiwonder/share/cyberrunner_hiwonder/hook/pythonpath_develop.ps1'
[1.016s] DEBUG:colcon.colcon_core.event_handler.log_command:Invoked command in '/home/trungbao/cyberrunner_ws/build/cyberrunner_hiwonder' returned '0': PYTHONPATH=/home/trungbao/cyberrunner_ws/build/cyberrunner_hiwonder/prefix_override:/usr/lib/python3/dist-packages/colcon_core/task/python/colcon_distutils_commands:/home/trungbao/cyberrunner_ws/install/cyberrunner_hiwonder/lib/python3.10/site-packages:${PYTHONPATH} /usr/bin/python3 -W ignore:setup.py install is deprecated -W ignore:easy_install command is deprecated setup.py develop --editable --build-directory /home/trungbao/cyberrunner_ws/build/cyberrunner_hiwonder/build --no-deps symlink_data
[1.017s] INFO:colcon.colcon_core.shell:Creating environment descriptor '/home/trungbao/cyberrunner_ws/build/cyberrunner_hiwonder/share/cyberrunner_hiwonder/hook/pythonpath_develop.dsv'
[1.017s] INFO:colcon.colcon_core.shell:Creating environment hook '/home/trungbao/cyberrunner_ws/build/cyberrunner_hiwonder/share/cyberrunner_hiwonder/hook/pythonpath_develop.sh'
[1.017s] Level 1:colcon.colcon_core.environment:checking '/home/trungbao/cyberrunner_ws/install/cyberrunner_hiwonder' for CMake module files
[1.017s] Level 1:colcon.colcon_core.environment:checking '/home/trungbao/cyberrunner_ws/install/cyberrunner_hiwonder' for CMake config files
[1.017s] Level 1:colcon.colcon_core.environment:checking '/home/trungbao/cyberrunner_ws/install/cyberrunner_hiwonder/lib'
[1.017s] Level 1:colcon.colcon_core.environment:checking '/home/trungbao/cyberrunner_ws/install/cyberrunner_hiwonder/bin'
[1.017s] Level 1:colcon.colcon_core.environment:checking '/home/trungbao/cyberrunner_ws/install/cyberrunner_hiwonder/lib/pkgconfig/cyberrunner_hiwonder.pc'
[1.018s] Level 1:colcon.colcon_core.environment:checking '/home/trungbao/cyberrunner_ws/install/cyberrunner_hiwonder/lib/python3.10/site-packages'
[1.018s] Level 1:colcon.colcon_core.shell:create_environment_hook('cyberrunner_hiwonder', 'pythonpath')
[1.018s] INFO:colcon.colcon_core.shell:Creating environment hook '/home/trungbao/cyberrunner_ws/install/cyberrunner_hiwonder/share/cyberrunner_hiwonder/hook/pythonpath.ps1'
[1.018s] INFO:colcon.colcon_core.shell:Creating environment descriptor '/home/trungbao/cyberrunner_ws/install/cyberrunner_hiwonder/share/cyberrunner_hiwonder/hook/pythonpath.dsv'
[1.018s] INFO:colcon.colcon_core.shell:Creating environment hook '/home/trungbao/cyberrunner_ws/install/cyberrunner_hiwonder/share/cyberrunner_hiwonder/hook/pythonpath.sh'
[1.018s] Level 1:colcon.colcon_core.environment:checking '/home/trungbao/cyberrunner_ws/install/cyberrunner_hiwonder/bin'
[1.018s] Level 1:colcon.colcon_core.environment:create_environment_scripts_only(cyberrunner_hiwonder)
[1.019s] INFO:colcon.colcon_core.shell:Creating package script '/home/trungbao/cyberrunner_ws/install/cyberrunner_hiwonder/share/cyberrunner_hiwonder/package.ps1'
[1.019s] INFO:colcon.colcon_core.shell:Creating package descriptor '/home/trungbao/cyberrunner_ws/install/cyberrunner_hiwonder/share/cyberrunner_hiwonder/package.dsv'
[1.019s] INFO:colcon.colcon_core.shell:Creating package script '/home/trungbao/cyberrunner_ws/install/cyberrunner_hiwonder/share/cyberrunner_hiwonder/package.sh'
[1.019s] INFO:colcon.colcon_core.shell:Creating package script '/home/trungbao/cyberrunner_ws/install/cyberrunner_hiwonder/share/cyberrunner_hiwonder/package.bash'
[1.019s] INFO:colcon.colcon_core.shell:Creating package script '/home/trungbao/cyberrunner_ws/install/cyberrunner_hiwonder/share/cyberrunner_hiwonder/package.zsh'
[1.019s] Level 1:colcon.colcon_core.environment:create_file_with_runtime_dependencies(/home/trungbao/cyberrunner_ws/install/cyberrunner_hiwonder/share/colcon-core/packages/cyberrunner_hiwonder)
[1.243s] Level 1:colcon.colcon_core.shell:create_environment_hook('cyberrunner_pid', 'pythonpath_develop')
[1.243s] DEBUG:colcon.colcon_core.event_handler.log_command:Invoked command in '/home/trungbao/cyberrunner_ws/build/cyberrunner_pid' returned '0': AMENT_PREFIX_PATH=/home/trungbao/cyberrunner_ws/install/cyberrunner_interfaces:${AMENT_PREFIX_PATH} CMAKE_PREFIX_PATH=/home/trungbao/cyberrunner_ws/install/cyberrunner_interfaces LD_LIBRARY_PATH=/home/trungbao/cyberrunner_ws/install/cyberrunner_interfaces/lib:${LD_LIBRARY_PATH} PYTHONPATH=/home/trungbao/cyberrunner_ws/build/cyberrunner_pid/prefix_override:/usr/lib/python3/dist-packages/colcon_core/task/python/colcon_distutils_commands:/home/trungbao/cyberrunner_ws/install/cyberrunner_pid/lib/python3.10/site-packages:/home/trungbao/cyberrunner_ws/install/cyberrunner_interfaces/local/lib/python3.10/dist-packages:${PYTHONPATH} /usr/bin/python3 -W ignore:setup.py install is deprecated -W ignore:easy_install command is deprecated setup.py develop --editable --build-directory /home/trungbao/cyberrunner_ws/build/cyberrunner_pid/build --no-deps symlink_data
[1.243s] INFO:colcon.colcon_core.shell:Creating environment hook '/home/trungbao/cyberrunner_ws/build/cyberrunner_pid/share/cyberrunner_pid/hook/pythonpath_develop.ps1'
[1.244s] INFO:colcon.colcon_core.shell:Creating environment descriptor '/home/trungbao/cyberrunner_ws/build/cyberrunner_pid/share/cyberrunner_pid/hook/pythonpath_develop.dsv'
[1.244s] INFO:colcon.colcon_core.shell:Creating environment hook '/home/trungbao/cyberrunner_ws/build/cyberrunner_pid/share/cyberrunner_pid/hook/pythonpath_develop.sh'
[1.244s] Level 1:colcon.colcon_core.environment:checking '/home/trungbao/cyberrunner_ws/install/cyberrunner_pid' for CMake module files
[1.244s] Level 1:colcon.colcon_core.environment:checking '/home/trungbao/cyberrunner_ws/install/cyberrunner_pid' for CMake config files
[1.245s] Level 1:colcon.colcon_core.environment:checking '/home/trungbao/cyberrunner_ws/install/cyberrunner_pid/lib'
[1.245s] Level 1:colcon.colcon_core.environment:checking '/home/trungbao/cyberrunner_ws/install/cyberrunner_pid/bin'
[1.245s] Level 1:colcon.colcon_core.environment:checking '/home/trungbao/cyberrunner_ws/install/cyberrunner_pid/lib/pkgconfig/cyberrunner_pid.pc'
[1.245s] Level 1:colcon.colcon_core.environment:checking '/home/trungbao/cyberrunner_ws/install/cyberrunner_pid/lib/python3.10/site-packages'
[1.245s] Level 1:colcon.colcon_core.shell:create_environment_hook('cyberrunner_pid', 'pythonpath')
[1.245s] INFO:colcon.colcon_core.shell:Creating environment hook '/home/trungbao/cyberrunner_ws/install/cyberrunner_pid/share/cyberrunner_pid/hook/pythonpath.ps1'
[1.245s] INFO:colcon.colcon_core.shell:Creating environment descriptor '/home/trungbao/cyberrunner_ws/install/cyberrunner_pid/share/cyberrunner_pid/hook/pythonpath.dsv'
[1.245s] INFO:colcon.colcon_core.shell:Creating environment hook '/home/trungbao/cyberrunner_ws/install/cyberrunner_pid/share/cyberrunner_pid/hook/pythonpath.sh'
[1.246s] Level 1:colcon.colcon_core.environment:checking '/home/trungbao/cyberrunner_ws/install/cyberrunner_pid/bin'
[1.246s] Level 1:colcon.colcon_core.environment:create_environment_scripts_only(cyberrunner_pid)
[1.246s] INFO:colcon.colcon_core.shell:Creating package script '/home/trungbao/cyberrunner_ws/install/cyberrunner_pid/share/cyberrunner_pid/package.ps1'
[1.246s] INFO:colcon.colcon_core.shell:Creating package descriptor '/home/trungbao/cyberrunner_ws/install/cyberrunner_pid/share/cyberrunner_pid/package.dsv'
[1.246s] INFO:colcon.colcon_core.shell:Creating package script '/home/trungbao/cyberrunner_ws/install/cyberrunner_pid/share/cyberrunner_pid/package.sh'
[1.246s] INFO:colcon.colcon_core.shell:Creating package script '/home/trungbao/cyberrunner_ws/install/cyberrunner_pid/share/cyberrunner_pid/package.bash'
[1.247s] INFO:colcon.colcon_core.shell:Creating package script '/home/trungbao/cyberrunner_ws/install/cyberrunner_pid/share/cyberrunner_pid/package.zsh'
[1.247s] Level 1:colcon.colcon_core.environment:create_file_with_runtime_dependencies(/home/trungbao/cyberrunner_ws/install/cyberrunner_pid/share/colcon-core/packages/cyberrunner_pid)
[1.247s] Level 1:colcon.colcon_core.shell:create_environment_hook('cyberrunner_state_estimation', 'pythonpath_develop')
[1.247s] INFO:colcon.colcon_core.shell:Creating environment hook '/home/trungbao/cyberrunner_ws/build/cyberrunner_state_estimation/share/cyberrunner_state_estimation/hook/pythonpath_develop.ps1'
[1.248s] DEBUG:colcon.colcon_core.event_handler.log_command:Invoked command in '/home/trungbao/cyberrunner_ws/build/cyberrunner_state_estimation' returned '0': AMENT_PREFIX_PATH=/home/trungbao/cyberrunner_ws/install/cyberrunner_interfaces:${AMENT_PREFIX_PATH} CMAKE_PREFIX_PATH=/home/trungbao/cyberrunner_ws/install/cyberrunner_interfaces LD_LIBRARY_PATH=/home/trungbao/cyberrunner_ws/install/cyberrunner_interfaces/lib:${LD_LIBRARY_PATH} PYTHONPATH=/home/trungbao/cyberrunner_ws/build/cyberrunner_state_estimation/prefix_override:/usr/lib/python3/dist-packages/colcon_core/task/python/colcon_distutils_commands:/home/trungbao/cyberrunner_ws/install/cyberrunner_state_estimation/lib/python3.10/site-packages:/home/trungbao/cyberrunner_ws/install/cyberrunner_interfaces/local/lib/python3.10/dist-packages:${PYTHONPATH} /usr/bin/python3 -W ignore:setup.py install is deprecated -W ignore:easy_install command is deprecated setup.py develop --editable --build-directory /home/trungbao/cyberrunner_ws/build/cyberrunner_state_estimation/build --no-deps symlink_data
[1.248s] INFO:colcon.colcon_core.shell:Creating environment descriptor '/home/trungbao/cyberrunner_ws/build/cyberrunner_state_estimation/share/cyberrunner_state_estimation/hook/pythonpath_develop.dsv'
[1.248s] INFO:colcon.colcon_core.shell:Creating environment hook '/home/trungbao/cyberrunner_ws/build/cyberrunner_state_estimation/share/cyberrunner_state_estimation/hook/pythonpath_develop.sh'
[1.248s] Level 1:colcon.colcon_core.environment:checking '/home/trungbao/cyberrunner_ws/install/cyberrunner_state_estimation' for CMake module files
[1.248s] Level 1:colcon.colcon_core.environment:checking '/home/trungbao/cyberrunner_ws/install/cyberrunner_state_estimation' for CMake config files
[1.249s] Level 1:colcon.colcon_core.environment:checking '/home/trungbao/cyberrunner_ws/install/cyberrunner_state_estimation/lib'
[1.249s] Level 1:colcon.colcon_core.environment:checking '/home/trungbao/cyberrunner_ws/install/cyberrunner_state_estimation/bin'
[1.249s] Level 1:colcon.colcon_core.environment:checking '/home/trungbao/cyberrunner_ws/install/cyberrunner_state_estimation/lib/pkgconfig/cyberrunner_state_estimation.pc'
[1.249s] Level 1:colcon.colcon_core.environment:checking '/home/trungbao/cyberrunner_ws/install/cyberrunner_state_estimation/lib/python3.10/site-packages'
[1.249s] Level 1:colcon.colcon_core.shell:create_environment_hook('cyberrunner_state_estimation', 'pythonpath')
[1.249s] INFO:colcon.colcon_core.shell:Creating environment hook '/home/trungbao/cyberrunner_ws/install/cyberrunner_state_estimation/share/cyberrunner_state_estimation/hook/pythonpath.ps1'
[1.249s] INFO:colcon.colcon_core.shell:Creating environment descriptor '/home/trungbao/cyberrunner_ws/install/cyberrunner_state_estimation/share/cyberrunner_state_estimation/hook/pythonpath.dsv'
[1.249s] INFO:colcon.colcon_core.shell:Creating environment hook '/home/trungbao/cyberrunner_ws/install/cyberrunner_state_estimation/share/cyberrunner_state_estimation/hook/pythonpath.sh'
[1.249s] Level 1:colcon.colcon_core.environment:checking '/home/trungbao/cyberrunner_ws/install/cyberrunner_state_estimation/bin'
[1.249s] Level 1:colcon.colcon_core.environment:create_environment_scripts_only(cyberrunner_state_estimation)
[1.250s] INFO:colcon.colcon_core.shell:Creating package script '/home/trungbao/cyberrunner_ws/install/cyberrunner_state_estimation/share/cyberrunner_state_estimation/package.ps1'
[1.250s] INFO:colcon.colcon_core.shell:Creating package descriptor '/home/trungbao/cyberrunner_ws/install/cyberrunner_state_estimation/share/cyberrunner_state_estimation/package.dsv'
[1.250s] INFO:colcon.colcon_core.shell:Creating package script '/home/trungbao/cyberrunner_ws/install/cyberrunner_state_estimation/share/cyberrunner_state_estimation/package.sh'
[1.250s] INFO:colcon.colcon_core.shell:Creating package script '/home/trungbao/cyberrunner_ws/install/cyberrunner_state_estimation/share/cyberrunner_state_estimation/package.bash'
[1.250s] INFO:colcon.colcon_core.shell:Creating package script '/home/trungbao/cyberrunner_ws/install/cyberrunner_state_estimation/share/cyberrunner_state_estimation/package.zsh'
[1.250s] Level 1:colcon.colcon_core.environment:create_file_with_runtime_dependencies(/home/trungbao/cyberrunner_ws/install/cyberrunner_state_estimation/share/colcon-core/packages/cyberrunner_state_estimation)
[1.251s] Level 1:colcon.colcon_core.shell:create_environment_hook('cyberrunner_dreamer', 'pythonpath_develop')
[1.251s] INFO:colcon.colcon_core.shell:Creating environment hook '/home/trungbao/cyberrunner_ws/build/cyberrunner_dreamer/share/cyberrunner_dreamer/hook/pythonpath_develop.ps1'
[1.251s] DEBUG:colcon.colcon_core.event_handler.log_command:Invoked command in '/home/trungbao/cyberrunner_ws/build/cyberrunner_dreamer' returned '0': AMENT_PREFIX_PATH=/home/trungbao/cyberrunner_ws/install/cyberrunner_interfaces:${AMENT_PREFIX_PATH} CMAKE_PREFIX_PATH=/home/trungbao/cyberrunner_ws/install/cyberrunner_interfaces LD_LIBRARY_PATH=/home/trungbao/cyberrunner_ws/install/cyberrunner_interfaces/lib:${LD_LIBRARY_PATH} PYTHONPATH=/home/trungbao/cyberrunner_ws/build/cyberrunner_dreamer/prefix_override:/usr/lib/python3/dist-packages/colcon_core/task/python/colcon_distutils_commands:/home/trungbao/cyberrunner_ws/install/cyberrunner_dreamer/lib/python3.10/site-packages:/home/trungbao/cyberrunner_ws/install/cyberrunner_interfaces/local/lib/python3.10/dist-packages:${PYTHONPATH} /usr/bin/python3 -W ignore:setup.py install is deprecated -W ignore:easy_install command is deprecated setup.py develop --editable --build-directory /home/trungbao/cyberrunner_ws/build/cyberrunner_dreamer/build --no-deps symlink_data
[1.251s] INFO:colcon.colcon_core.shell:Creating environment descriptor '/home/trungbao/cyberrunner_ws/build/cyberrunner_dreamer/share/cyberrunner_dreamer/hook/pythonpath_develop.dsv'
[1.252s] INFO:colcon.colcon_core.shell:Creating environment hook '/home/trungbao/cyberrunner_ws/build/cyberrunner_dreamer/share/cyberrunner_dreamer/hook/pythonpath_develop.sh'
[1.252s] Level 1:colcon.colcon_core.environment:checking '/home/trungbao/cyberrunner_ws/install/cyberrunner_dreamer' for CMake module files
[1.252s] Level 1:colcon.colcon_core.environment:checking '/home/trungbao/cyberrunner_ws/install/cyberrunner_dreamer' for CMake config files
[1.252s] Level 1:colcon.colcon_core.environment:checking '/home/trungbao/cyberrunner_ws/install/cyberrunner_dreamer/lib'
[1.252s] Level 1:colcon.colcon_core.environment:checking '/home/trungbao/cyberrunner_ws/install/cyberrunner_dreamer/bin'
[1.252s] Level 1:colcon.colcon_core.environment:checking '/home/trungbao/cyberrunner_ws/install/cyberrunner_dreamer/lib/pkgconfig/cyberrunner_dreamer.pc'
[1.252s] Level 1:colcon.colcon_core.environment:checking '/home/trungbao/cyberrunner_ws/install/cyberrunner_dreamer/lib/python3.10/site-packages'
[1.252s] Level 1:colcon.colcon_core.shell:create_environment_hook('cyberrunner_dreamer', 'pythonpath')
[1.252s] INFO:colcon.colcon_core.shell:Creating environment hook '/home/trungbao/cyberrunner_ws/install/cyberrunner_dreamer/share/cyberrunner_dreamer/hook/pythonpath.ps1'
[1.253s] INFO:colcon.colcon_core.shell:Creating environment descriptor '/home/trungbao/cyberrunner_ws/install/cyberrunner_dreamer/share/cyberrunner_dreamer/hook/pythonpath.dsv'
[1.253s] INFO:colcon.colcon_core.shell:Creating environment hook '/home/trungbao/cyberrunner_ws/install/cyberrunner_dreamer/share/cyberrunner_dreamer/hook/pythonpath.sh'
[1.253s] Level 1:colcon.colcon_core.environment:checking '/home/trungbao/cyberrunner_ws/install/cyberrunner_dreamer/bin'
[1.253s] Level 1:colcon.colcon_core.environment:create_environment_scripts_only(cyberrunner_dreamer)
[1.253s] INFO:colcon.colcon_core.shell:Creating package script '/home/trungbao/cyberrunner_ws/install/cyberrunner_dreamer/share/cyberrunner_dreamer/package.ps1'
[1.253s] INFO:colcon.colcon_core.shell:Creating package descriptor '/home/trungbao/cyberrunner_ws/install/cyberrunner_dreamer/share/cyberrunner_dreamer/package.dsv'
[1.253s] INFO:colcon.colcon_core.shell:Creating package script '/home/trungbao/cyberrunner_ws/install/cyberrunner_dreamer/share/cyberrunner_dreamer/package.sh'
[1.254s] INFO:colcon.colcon_core.shell:Creating package script '/home/trungbao/cyberrunner_ws/install/cyberrunner_dreamer/share/cyberrunner_dreamer/package.bash'
[1.254s] INFO:colcon.colcon_core.shell:Creating package script '/home/trungbao/cyberrunner_ws/install/cyberrunner_dreamer/share/cyberrunner_dreamer/package.zsh'
[1.254s] Level 1:colcon.colcon_core.environment:create_file_with_runtime_dependencies(/home/trungbao/cyberrunner_ws/install/cyberrunner_dreamer/share/colcon-core/packages/cyberrunner_dreamer)
[1.254s] DEBUG:colcon.colcon_parallel_executor.executor.parallel:closing loop
[1.254s] DEBUG:colcon.colcon_parallel_executor.executor.parallel:loop closed
[1.254s] DEBUG:colcon.colcon_parallel_executor.executor.parallel:run_until_complete finished with '0'
[1.254s] DEBUG:colcon.colcon_core.event_reactor:joining thread
[1.260s] INFO:colcon.colcon_core.plugin_system:Skipping extension 'colcon_notification.desktop_notification.terminal_notifier': Not used on non-Darwin systems
[1.260s] INFO:colcon.colcon_core.plugin_system:Skipping extension 'colcon_notification.desktop_notification.win32': Not used on non-Windows systems
[1.260s] INFO:colcon.colcon_notification.desktop_notification:Sending desktop notification using 'notify2'
[1.267s] DEBUG:colcon.colcon_core.event_reactor:joined thread
[1.267s] INFO:colcon.colcon_core.shell:Creating prefix script '/home/trungbao/cyberrunner_ws/install/local_setup.ps1'
[1.268s] INFO:colcon.colcon_core.shell:Creating prefix util module '/home/trungbao/cyberrunner_ws/install/_local_setup_util_ps1.py'
[1.268s] INFO:colcon.colcon_core.shell:Creating prefix chain script '/home/trungbao/cyberrunner_ws/install/setup.ps1'
[1.269s] INFO:colcon.colcon_core.shell:Creating prefix script '/home/trungbao/cyberrunner_ws/install/local_setup.sh'
[1.269s] INFO:colcon.colcon_core.shell:Creating prefix util module '/home/trungbao/cyberrunner_ws/install/_local_setup_util_sh.py'
[1.269s] INFO:colcon.colcon_core.shell:Creating prefix chain script '/home/trungbao/cyberrunner_ws/install/setup.sh'
[1.270s] INFO:colcon.colcon_core.shell:Creating prefix script '/home/trungbao/cyberrunner_ws/install/local_setup.bash'
[1.270s] INFO:colcon.colcon_core.shell:Creating prefix chain script '/home/trungbao/cyberrunner_ws/install/setup.bash'
[1.270s] INFO:colcon.colcon_core.shell:Creating prefix script '/home/trungbao/cyberrunner_ws/install/local_setup.zsh'
[1.271s] INFO:colcon.colcon_core.shell:Creating prefix chain script '/home/trungbao/cyberrunner_ws/install/setup.zsh'
