[0.428s] Invoking command in '/home/trungbao/cyberrunner_ws/build/cyberrunner_dreamer': AMENT_PREFIX_PATH=/home/trungbao/cyberrunner_ws/install/cyberrunner_interfaces:${AMENT_PREFIX_PATH} CMAKE_PREFIX_PATH=/home/trungbao/cyberrunner_ws/install/cyberrunner_interfaces LD_LIBRARY_PATH=/home/trungbao/cyberrunner_ws/install/cyberrunner_interfaces/lib:${LD_LIBRARY_PATH} PS1=(dreamer_ros) \[\e]0;\u@\h: \w\a\]${debian_chroot:+($debian_chroot)}\[\033[01;32m\]\u@\h\[\033[00m\]:\[\033[01;34m\]\w\[\033[00m\]\$ PYTHONPATH=/home/trungbao/cyberrunner_ws/build/cyberrunner_dreamer/prefix_override:/home/trungbao/venvs/dreamer_ros/lib/python3.10/site-packages/colcon_core/task/python/colcon_distutils_commands:/home/trungbao/cyberrunner_ws/install/cyberrunner_dreamer/lib/python3.10/site-packages:/home/trungbao/cyberrunner_ws/install/cyberrunner_interfaces/lib/python3.12/site-packages:${PYTHONPATH} VIRTUAL_ENV_PROMPT=(dreamer_ros) /home/trungbao/venvs/dreamer_ros/bin/python -W ignore:setup.py install is deprecated -W ignore:easy_install command is deprecated setup.py develop --editable --build-directory /home/trungbao/cyberrunner_ws/build/cyberrunner_dreamer/build --no-deps symlink_data
[0.582s] running develop
[0.659s] running egg_info
[0.659s] creating cyberrunner_dreamer.egg-info
[0.664s] writing cyberrunner_dreamer.egg-info/PKG-INFO
[0.664s] writing dependency_links to cyberrunner_dreamer.egg-info/dependency_links.txt
[0.664s] writing entry points to cyberrunner_dreamer.egg-info/entry_points.txt
[0.664s] writing requirements to cyberrunner_dreamer.egg-info/requires.txt
[0.664s] writing top-level names to cyberrunner_dreamer.egg-info/top_level.txt
[0.664s] writing manifest file 'cyberrunner_dreamer.egg-info/SOURCES.txt'
[0.675s] reading manifest file 'cyberrunner_dreamer.egg-info/SOURCES.txt'
[0.675s] writing manifest file 'cyberrunner_dreamer.egg-info/SOURCES.txt'
[0.681s] running build_ext
[0.681s] Creating /home/trungbao/cyberrunner_ws/install/cyberrunner_dreamer/lib/python3.10/site-packages/cyberrunner-dreamer.egg-link (link to .)
[0.681s] Installing eval script to /home/trungbao/cyberrunner_ws/install/cyberrunner_dreamer/lib/cyberrunner_dreamer
[0.681s] Installing test script to /home/trungbao/cyberrunner_ws/install/cyberrunner_dreamer/lib/cyberrunner_dreamer
[0.681s] Installing train script to /home/trungbao/cyberrunner_ws/install/cyberrunner_dreamer/lib/cyberrunner_dreamer
[0.681s] Installing train_parallel script to /home/trungbao/cyberrunner_ws/install/cyberrunner_dreamer/lib/cyberrunner_dreamer
[0.681s] 
[0.681s] Installed /home/trungbao/cyberrunner_ws/build/cyberrunner_dreamer
[0.681s] running symlink_data
[0.682s] creating /home/trungbao/cyberrunner_ws/install/cyberrunner_dreamer/share/ament_index
[0.682s] creating /home/trungbao/cyberrunner_ws/install/cyberrunner_dreamer/share/ament_index/resource_index
[0.682s] creating /home/trungbao/cyberrunner_ws/install/cyberrunner_dreamer/share/ament_index/resource_index/packages
[0.682s] symbolically linking /home/trungbao/cyberrunner_ws/build/cyberrunner_dreamer/resource/cyberrunner_dreamer -> /home/trungbao/cyberrunner_ws/install/cyberrunner_dreamer/share/ament_index/resource_index/packages
[0.682s] symbolically linking /home/trungbao/cyberrunner_ws/build/cyberrunner_dreamer/package.xml -> /home/trungbao/cyberrunner_ws/install/cyberrunner_dreamer/share/cyberrunner_dreamer
[0.682s] symbolically linking /home/trungbao/cyberrunner_ws/build/cyberrunner_dreamer/data/path_0002_hard.pkl -> /home/trungbao/cyberrunner_ws/install/cyberrunner_dreamer/share/cyberrunner_dreamer
[0.706s] Invoked command in '/home/trungbao/cyberrunner_ws/build/cyberrunner_dreamer' returned '0': AMENT_PREFIX_PATH=/home/trungbao/cyberrunner_ws/install/cyberrunner_interfaces:${AMENT_PREFIX_PATH} CMAKE_PREFIX_PATH=/home/trungbao/cyberrunner_ws/install/cyberrunner_interfaces LD_LIBRARY_PATH=/home/trungbao/cyberrunner_ws/install/cyberrunner_interfaces/lib:${LD_LIBRARY_PATH} PS1=(dreamer_ros) \[\e]0;\u@\h: \w\a\]${debian_chroot:+($debian_chroot)}\[\033[01;32m\]\u@\h\[\033[00m\]:\[\033[01;34m\]\w\[\033[00m\]\$ PYTHONPATH=/home/trungbao/cyberrunner_ws/build/cyberrunner_dreamer/prefix_override:/home/trungbao/venvs/dreamer_ros/lib/python3.10/site-packages/colcon_core/task/python/colcon_distutils_commands:/home/trungbao/cyberrunner_ws/install/cyberrunner_dreamer/lib/python3.10/site-packages:/home/trungbao/cyberrunner_ws/install/cyberrunner_interfaces/lib/python3.12/site-packages:${PYTHONPATH} VIRTUAL_ENV_PROMPT=(dreamer_ros) /home/trungbao/venvs/dreamer_ros/bin/python -W ignore:setup.py install is deprecated -W ignore:easy_install command is deprecated setup.py develop --editable --build-directory /home/trungbao/cyberrunner_ws/build/cyberrunner_dreamer/build --no-deps symlink_data
