[0.588s] Invoking command in '/home/trungbao/cyberrunner_ws/build/cyberrunner_pid': PYTHONPATH=/home/trungbao/cyberrunner_ws/build/cyberrunner_pid/prefix_override:/usr/lib/python3/dist-packages/colcon_core/task/python/colcon_distutils_commands:/home/trungbao/cyberrunner_ws/install/cyberrunner_pid/lib/python3.10/site-packages:${PYTHONPATH} /usr/bin/python3 -W ignore:setup.py install is deprecated -W ignore:easy_install command is deprecated setup.py develop --editable --build-directory /home/trungbao/cyberrunner_ws/build/cyberrunner_pid/build --no-deps symlink_data
[0.752s] running develop
[0.854s] running egg_info
[0.861s] writing cyberrunner_pid.egg-info/PKG-INFO
[0.861s] writing dependency_links to cyberrunner_pid.egg-info/dependency_links.txt
[0.861s] writing entry points to cyberrunner_pid.egg-info/entry_points.txt
[0.862s] writing requirements to cyberrunner_pid.egg-info/requires.txt
[0.862s] writing top-level names to cyberrunner_pid.egg-info/top_level.txt
[0.886s] reading manifest file 'cyberrunner_pid.egg-info/SOURCES.txt'
[0.887s] writing manifest file 'cyberrunner_pid.egg-info/SOURCES.txt'
[0.904s] running build_ext
[0.904s] Creating /home/trungbao/cyberrunner_ws/install/cyberrunner_pid/lib/python3.10/site-packages/cyberrunner-pid.egg-link (link to .)
[0.904s] Installing click_target script to /home/trungbao/cyberrunner_ws/install/cyberrunner_pid/lib/cyberrunner_pid
[0.904s] Installing maze_planner script to /home/trungbao/cyberrunner_ws/install/cyberrunner_pid/lib/cyberrunner_pid
[0.904s] Installing orange_live_target_node script to /home/trungbao/cyberrunner_ws/install/cyberrunner_pid/lib/cyberrunner_pid
[0.904s] Installing orange_track_mapper_node script to /home/trungbao/cyberrunner_ws/install/cyberrunner_pid/lib/cyberrunner_pid
[0.904s] Installing path_follower_node script to /home/trungbao/cyberrunner_ws/install/cyberrunner_pid/lib/cyberrunner_pid
[0.904s] Installing pid_controller script to /home/trungbao/cyberrunner_ws/install/cyberrunner_pid/lib/cyberrunner_pid
[0.904s] Installing route_wfocus_follow script to /home/trungbao/cyberrunner_ws/install/cyberrunner_pid/lib/cyberrunner_pid
[0.904s] Installing solve script to /home/trungbao/cyberrunner_ws/install/cyberrunner_pid/lib/cyberrunner_pid
[0.905s] 
[0.905s] Installed /home/trungbao/cyberrunner_ws/build/cyberrunner_pid
[0.905s] running symlink_data
[0.934s] Invoked command in '/home/trungbao/cyberrunner_ws/build/cyberrunner_pid' returned '0': PYTHONPATH=/home/trungbao/cyberrunner_ws/build/cyberrunner_pid/prefix_override:/usr/lib/python3/dist-packages/colcon_core/task/python/colcon_distutils_commands:/home/trungbao/cyberrunner_ws/install/cyberrunner_pid/lib/python3.10/site-packages:${PYTHONPATH} /usr/bin/python3 -W ignore:setup.py install is deprecated -W ignore:easy_install command is deprecated setup.py develop --editable --build-directory /home/trungbao/cyberrunner_ws/build/cyberrunner_pid/build --no-deps symlink_data
